write intervals: 
$VAR1 = {
          '1' => 23255,
          '2' => 713
        };
retention times: 
$VAR1 = {
          '559' => 100,
          '127' => 1145,
          '32' => 134,
          '90' => 444,
          '206' => 1,
          '118' => 746,
          '71' => 1991,
          '620' => 254,
          '102' => 97,
          '520' => 100,
          '580' => 380137,
          '16' => 2199,
          '55' => 1980,
          '84' => 1,
          '512' => 200,
          '233' => 255,
          '463' => 1111,
          '259' => 1049,
          '57' => 16,
          '451' => 593,
          '89' => 994,
          '634' => 1,
          '175' => 1441,
          '584' => 21,
          '31' => 349,
          '35' => 130,
          '11' => 616,
          '347' => 18,
          '695' => 841,
          '511' => 1441,
          '665' => 80,
          '93' => 4443,
          '325' => 78,
          '29' => 776,
          '350' => 254,
          '675' => 4072,
          '374' => 1,
          '442' => 1,
          '199' => 255,
          '114' => 110,
          '429' => 4211,
          '226' => 1,
          '58' => 5,
          '211' => 1,
          '153' => 210,
          '15' => 196,
          '527' => 841,
          '431' => 1171,
          '689' => 4,
          '382' => 2140,
          '648' => 16,
          '642' => 30,
          '409' => 100,
          '101' => 792,
          '73' => 2108,
          '340' => 822,
          '76' => 382849,
          '311' => 786,
          '62' => 317,
          '571' => 1,
          '67' => 1177,
          '241' => 100,
          '139' => 752,
          '129' => 378,
          '320' => 3212,
          '662' => 1,
          '418' => 272,
          '273' => 1546,
          '471' => 3,
          '706' => 1,
          '361' => 5325,
          '202' => 1,
          '168' => 2314,
          '184' => 100,
          '135' => 4,
          '14' => 627,
          '145' => 48,
          '49' => 832,
          '178' => 1,
          '24' => 1165,
          '140' => 24,
          '124' => 633,
          '104' => 14,
          '131' => 72,
          '412' => 380137,
          '307' => 725,
          '715' => 1,
          '154' => 16,
          '0' => 54861,
          '23' => 1087,
          '96' => 223,
          '355' => 1,
          '479' => 786,
          '159' => 9,
          '486' => 254,
          '326' => 1,
          '160' => 276,
          '569' => 255,
          '47' => 1376,
          '367' => 255,
          '8' => 674,
          '98' => 27,
          '619' => 593,
          '335' => 1059,
          '37' => 22,
          '43' => 43,
          '686' => 254,
          '5' => 3738,
          '391' => 100,
          '538' => 1,
          '524' => 135,
          '21' => 2246,
          '680' => 200,
          '679' => 1441,
          '523' => 1,
          '552' => 255,
          '288' => 9,
          '193' => 5325,
          '119' => 4461,
          '586' => 272,
          '521' => 4,
          '598' => 95,
          '244' => 380137,
          '162' => 18,
          '637' => 255,
          '433' => 1642,
          '647' => 786,
          '595' => 1049,
          '246' => 10,
          '74' => 36,
          '488' => 3212,
          '61' => 100,
          '115' => 611,
          '430' => 95,
          '103' => 9,
          '379' => 1,
          '719' => 800,
          '113' => 131,
          '152' => 3215,
          '189' => 1634,
          '452' => 254,
          '579' => 1926,
          '295' => 1111,
          '91' => 1275,
          '480' => 16,
          '107' => 96,
          '535' => 255,
          '701' => 104,
          '87' => 2048,
          '474' => 30,
          '77' => 200,
          '683' => 18,
          '214' => 2140,
          '541' => 2,
          '508' => 822,
          '422' => 15,
          '39' => 2096,
          '64' => 2130,
          '97' => 2819,
          '12' => 132,
          '41' => 12,
          '668' => 725,
          '52' => 144,
          '688' => 100,
          '312' => 16,
          '45' => 136,
          '507' => 4072,
          '405' => 4,
          '573' => 4,
          '237' => 4,
          '693' => 1634,
          '503' => 1059,
          '370' => 1,
          '593' => 816,
          '188' => 135,
          '68' => 576,
          '315' => 5866,
          '1' => 4534,
          '116' => 378,
          '136' => 189,
          '416' => 21,
          '144' => 25,
          '100' => 155,
          '640' => 78,
          '25' => 7659,
          '661' => 78,
          '120' => 57,
          '83' => 203,
          '581' => 5,
          '254' => 15,
          '623' => 4272,
          '373' => 2,
          '239' => 1914,
          '122' => 84,
          '143' => 1601,
          '281' => 99,
          '205' => 2,
          '42' => 10104,
          '22' => 214,
          '158' => 1,
          '46' => 3877,
          '235' => 1,
          '301' => 255,
          '6' => 864,
          '562' => 1,
          '630' => 7,
          '36' => 8,
          '518' => 254,
          '497' => 80,
          '94' => 691,
          '51' => 1892,
          '472' => 78,
          '456' => 9,
          '568' => 1269,
          '265' => 1642,
          '411' => 1926,
          '132' => 8,
          '493' => 78,
          '171' => 4072,
          '384' => 255,
          '407' => 1914,
          '18' => 12997,
          '125' => 1025,
          '329' => 80,
          '599' => 1171,
          '525' => 1634,
          '44' => 822,
          '609' => 1546,
          '587' => 1,
          '27' => 116,
          '161' => 94,
          '582' => 10,
          '95' => 1482,
          '298' => 1,
          '400' => 1269,
          '601' => 1642,
          '20' => 5028,
          '243' => 1926,
          '109' => 888,
          '551' => 800,
          '529' => 5325,
          '151' => 220,
          '148' => 9,
          '504' => 492,
          '343' => 1441,
          '718' => 2140,
          '697' => 5325,
          '287' => 4272,
          '475' => 725,
          '441' => 1546,
          '78' => 43,
          '413' => 5,
          '294' => 7,
          '672' => 492,
          '707' => 100,
          '106' => 956,
          '157' => 94,
          '65' => 2485,
          '515' => 18,
          '197' => 104,
          '203' => 100,
          '261' => 4211,
          '138' => 167,
          '81' => 946,
          '60' => 24,
          '691' => 1,
          '624' => 9,
          '86' => 74,
          '284' => 254,
          '656' => 3212,
          '371' => 100,
          '165' => 4,
          '346' => 1,
          '2' => 723,
          '17' => 801,
          '435' => 254,
          '427' => 1049,
          '401' => 255,
          '82' => 612,
          '110' => 15,
          '147' => 6653,
          '339' => 4072,
          '710' => 1,
          '590' => 15,
          '69' => 184,
          '112' => 165,
          '172' => 822,
          '191' => 841,
          '187' => 1,
          '223' => 100,
          '588' => 1,
          '282' => 77,
          '420' => 1,
          '262' => 95,
          '617' => 99,
          '121' => 401,
          '79' => 30,
          '639' => 3,
          '344' => 200,
          '352' => 100,
          '494' => 1,
          '126' => 1163,
          '251' => 1,
          '542' => 1,
          '577' => 100,
          '253' => 2193,
          '651' => 5866,
          '176' => 200,
          '483' => 5866,
          '216' => 255,
          '357' => 1634,
          '117' => 163,
          '643' => 725,
          '33' => 92,
          '63' => 4,
          '455' => 4272,
          '7' => 2245,
          '26' => 884,
          '80' => 204,
          '336' => 492,
          '99' => 315,
          '72' => 492,
          '179' => 18,
          '696' => 1,
          '383' => 800,
          '500' => 725,
          '533' => 104,
          '359' => 841,
          '182' => 254,
          '676' => 822,
          '108' => 12,
          '92' => 467,
          '462' => 7,
          '414' => 10,
          '232' => 1269,
          '10' => 473,
          '550' => 2140,
          '671' => 1059,
          '142' => 10,
          '263' => 1171,
          '394' => 1,
          '167' => 1357,
          '48' => 1875,
          '360' => 1,
          '692' => 135,
          '610' => 1,
          '514' => 1,
          '419' => 1,
          '133' => 271,
          '149' => 813,
          '123' => 213,
          '50' => 344,
          '304' => 78,
          '631' => 1111,
          '547' => 1,
          '56' => 72,
          '66' => 2402,
          '449' => 99,
          '19' => 313,
          '658' => 1,
          '54' => 80,
          '365' => 104,
          '274' => 1,
          '306' => 30,
          '70' => 632,
          '322' => 1,
          '469' => 255,
          '682' => 1,
          '166' => 160,
          '353' => 4,
          '575' => 1914,
          '88' => 159,
          '141' => 13,
          '30' => 180,
          '654' => 254,
          '709' => 2,
          '403' => 1,
          '128' => 18,
          '466' => 1,
          '252' => 1,
          '28' => 292,
          '40' => 776,
          '75' => 2297,
          '134' => 343,
          '283' => 593,
          '618' => 77,
          '589' => 2193,
          '192' => 1,
          '250' => 272,
          '303' => 3,
          '421' => 2193,
          '59' => 1112,
          '215' => 800,
          '450' => 77,
          '490' => 1,
          '150' => 291,
          '130' => 8,
          '155' => 226,
          '53' => 24,
          '245' => 5,
          '703' => 255,
          '267' => 254,
          '318' => 254,
          '13' => 39,
          '105' => 1779,
          '257' => 816,
          '85' => 2677,
          '3' => 4630,
          '185' => 4,
          '597' => 4211,
          '248' => 21,
          '332' => 725,
          '9' => 1403,
          '146' => 101,
          '111' => 72,
          '425' => 816,
          '38' => 22,
          '356' => 135,
          '4' => 4361,
          '34' => 457,
          '528' => 1,
          '164' => 789,
          '539' => 100,
          '603' => 254
        };
