write intervals: 
$VAR1 = {
          '1' => 85808,
          '2' => 718
        };
retention times: 
$VAR1 = {
          '559' => 7916,
          '127' => 20568,
          '32' => 44297,
          '443' => 9069,
          '206' => 214259,
          '118' => 566713,
          '71' => 17868,
          '358' => 169081,
          '331' => 704873,
          '560' => 26327,
          '580' => 13322,
          '84' => 25560,
          '512' => 31650,
          '437' => 26519,
          '463' => 8936,
          '194' => 23563,
          '517' => 167306,
          '458' => 26399,
          '451' => 386678,
          '220' => 12528,
          '454' => 54436,
          '634' => 12284,
          '31' => 81970,
          '578' => 16528,
          '695' => 23563,
          '378' => 5419,
          '325' => 41873,
          '29' => 49920,
          '572' => 8,
          '350' => 167306,
          '675' => 22810,
          '540' => 214259,
          '226' => 26327,
          '58' => 37382,
          '684' => 167306,
          '211' => 5419,
          '153' => 26986,
          '15' => 271097,
          '527' => 94510,
          '431' => 43717,
          '382' => 61,
          '337' => 46857,
          '101' => 826354,
          '340' => 25289,
          '76' => 83930,
          '311' => 12462,
          '62' => 72432,
          '571' => 95,
          '139' => 470021,
          '389' => 14755,
          '129' => 26352,
          '548' => 325,
          '495' => 58218,
          '662' => 58218,
          '418' => 9954,
          '236' => 68,
          '706' => 73334,
          '218' => 19151,
          '168' => 351174,
          '135' => 252785,
          '14' => 355504,
          '348' => 73100,
          '145' => 23227,
          '49' => 22998,
          '178' => 31650,
          '285' => 545365,
          '124' => 34444,
          '627' => 27318,
          '234' => 5845,
          '594' => 466223,
          '715' => 325,
          '0' => 3077194,
          '23' => 1089594,
          '388' => 22492,
          '364' => 12142,
          '96' => 75199,
          '653' => 16515,
          '486' => 16515,
          '509' => 7075,
          '160' => 25740,
          '569' => 4674,
          '367' => 21637,
          '8' => 278894,
          '716' => 61,
          '98' => 88307,
          '43' => 45449,
          '686' => 445917,
          '485' => 29468,
          '391' => 6368,
          '685' => 317274,
          '21' => 185590,
          '523' => 14393,
          '288' => 143755,
          '193' => 94510,
          '460' => 27318,
          '119' => 137060,
          '586' => 23672,
          '453' => 115618,
          '324' => 43919,
          '180' => 11784,
          '244' => 16528,
          '637' => 93688,
          '351' => 317274,
          '410' => 14837,
          '595' => 160796,
          '246' => 13322,
          '690' => 14393,
          '488' => 14583,
          '61' => 25106,
          '430' => 46855,
          '447' => 406258,
          '536' => 6497,
          '379' => 25957,
          '415' => 12044,
          '113' => 438613,
          '152' => 31591,
          '189' => 14393,
          '452' => 545365,
          '342' => 7075,
          '579' => 15991,
          '295' => 11808,
          '480' => 36164,
          '341' => 22810,
          '438' => 26343,
          '107' => 25028,
          '535' => 13185,
          '87' => 24294,
          '77' => 27675,
          '683' => 37423,
          '444' => 55437,
          '541' => 20330,
          '508' => 22810,
          '221' => 22492,
          '39' => 237201,
          '64' => 283142,
          '558' => 6368,
          '417' => 29114,
          '12' => 689647,
          '312' => 12696,
          '45' => 52429,
          '507' => 25289,
          '405' => 8,
          '260' => 466223,
          '573' => 42899,
          '237' => 95,
          '370' => 19624,
          '309' => 137787,
          '638' => 39462,
          '567' => 9458,
          '1' => 1329575,
          '506' => 15746,
          '136' => 113249,
          '116' => 204275,
          '416' => 11452,
          '144' => 26743,
          '380' => 6117,
          '100' => 82620,
          '300' => 12284,
          '661' => 15681,
          '286' => 115618,
          '120' => 94280,
          '381' => 325,
          '581' => 20341,
          '308' => 327663,
          '392' => 7916,
          '254' => 16424,
          '177' => 26821,
          '678' => 26821,
          '496' => 153561,
          '605' => 26343,
          '373' => 214259,
          '607' => 11109,
          '205' => 73334,
          '42' => 43823,
          '22' => 153155,
          '644' => 23694,
          '399' => 31834,
          '235' => 4674,
          '301' => 54398,
          '694' => 94510,
          '436' => 6223941,
          '213' => 6117,
          '94' => 184068,
          '51' => 39205,
          '456' => 101912,
          '568' => 5845,
          '652' => 29468,
          '296' => 8936,
          '265' => 72895,
          '493' => 20414,
          '171' => 46765,
          '386' => 16445,
          '445' => 52779,
          '200' => 21637,
          '366' => 15365,
          '329' => 153561,
          '525' => 169081,
          '27' => 49390,
          '272' => 60724,
          '161' => 73718,
          '582' => 12044,
          '534' => 21637,
          '400' => 9458,
          '20' => 260603,
          '109' => 23473,
          '633' => 10129,
          '151' => 39118,
          '557' => 9969,
          '718' => 20578,
          '468' => 54398,
          '700' => 15365,
          '287' => 54436,
          '475' => 327663,
          '441' => 9447,
          '78' => 30964,
          '413' => 13322,
          '294' => 8681,
          '672' => 46765,
          '349' => 37423,
          '275' => 16832,
          '515' => 73100,
          '197' => 12142,
          '138' => 233408,
          '606' => 60724,
          '137' => 59784,
          '60' => 37330,
          '691' => 592151,
          '666' => 53568,
          '432' => 72895,
          '519' => 445917,
          '346' => 40032,
          '17' => 517091,
          '427' => 466223,
          '677' => 14621,
          '708' => 20330,
          '82' => 25653,
          '110' => 69584,
          '650' => 683422,
          '333' => 15733,
          '710' => 12548,
          '590' => 119648,
          '323' => 10799,
          '69' => 10429,
          '112' => 222011,
          '664' => 779714,
          '545' => 5419,
          '191' => 169081,
          '224' => 6368,
          '187' => 127521,
          '588' => 16424,
          '646' => 12696,
          '446' => 204155,
          '262' => 161364,
          '617' => 188785,
          '79' => 26524,
          '212' => 25957,
          '352' => 445917,
          '126' => 35196,
          '426' => 818268,
          '251' => 9954,
          '542' => 17646,
          '369' => 6497,
          '651' => 27808,
          '279' => 204155,
          '176' => 14621,
          '629' => 11808,
          '498' => 704873,
          '483' => 683422,
          '256' => 119648,
          '372' => 73334,
          '574' => 4741,
          '170' => 46857,
          '33' => 43457,
          '660' => 20414,
          '428' => 160796,
          '7' => 182871,
          '26' => 146695,
          '227' => 15724,
          '99' => 54397,
          '566' => 31834,
          '526' => 19512,
          '72' => 63468,
          '500' => 15733,
          '264' => 43717,
          '255' => 64480,
          '533' => 15365,
          '359' => 19512,
          '182' => 37423,
          '108' => 31388,
          '604' => 26519,
          '556' => 14755,
          '717' => 8,
          '462' => 11808,
          '414' => 20341,
          '232' => 31834,
          '477' => 23694,
          '671' => 46857,
          '225' => 7916,
          '330' => 779714,
          '142' => 153391,
          '207' => 20330,
          '632' => 41527,
          '263' => 46855,
          '394' => 15724,
          '167' => 1243835,
          '48' => 93043,
          '360' => 94510,
          '692' => 169081,
          '610' => 9069,
          '514' => 11784,
          '663' => 153561,
          '513' => 40032,
          '615' => 98076,
          '50' => 51939,
          '476' => 137787,
          '510' => 14621,
          '393' => 26327,
          '449' => 88972,
          '293' => 27318,
          '658' => 43919,
          '274' => 9447,
          '549' => 61,
          '659' => 41873,
          '645' => 12462,
          '322' => 12935,
          '469' => 235436,
          '682' => 73100,
          '635' => 54398,
          '353' => 22109,
          '575' => 43062,
          '375' => 17646,
          '709' => 17646,
          '128' => 19944,
          '28' => 154190,
          '310' => 23694,
          '40' => 43602,
          '589' => 64480,
          '303' => 93688,
          '192' => 19512,
          '250' => 29114,
          '614' => 406258,
          '699' => 46128,
          '501' => 175040,
          '215' => 61,
          '687' => 22109,
          '278' => 52779,
          '490' => 10799,
          '150' => 36876,
          '130' => 30734,
          '155' => 23274,
          '387' => 12528,
          '53' => 37717,
          '245' => 15991,
          '626' => 20584,
          '543' => 12548,
          '267' => 70377,
          '354' => 127521,
          '461' => 8681,
          '583' => 11452,
          '257' => 604259,
          '85' => 35816,
          '332' => 53568,
          '9' => 229556,
          '425' => 201382,
          '591' => 604259,
          '34' => 41809,
          '539' => 73334,
          '603' => 6223941,
          '90' => 623991,
          '276' => 9069,
          '620' => 115618,
          '565' => 209987,
          '102' => 6308464,
          '520' => 22109,
          '532' => 46128,
          '16' => 336166,
          '55' => 255994,
          '233' => 9458,
          '57' => 26112,
          '259' => 818268,
          '368' => 13185,
          '424' => 604259,
          '316' => 683422,
          '163' => 796614,
          '395' => 13528,
          '89' => 136486,
          '611' => 55437,
          '175' => 7075,
          '584' => 29114,
          '35' => 84562,
          '11' => 425555,
          '492' => 41873,
          '208' => 17646,
          '347' => 11784,
          '511' => 26821,
          '665' => 704873,
          '434' => 70377,
          '93' => 529341,
          '292' => 20584,
          '291' => 26399,
          '374' => 20330,
          '114' => 118689,
          '199' => 15365,
          '442' => 16832,
          '429' => 161364,
          '649' => 21772,
          '689' => 80132,
          '648' => 32022,
          '642' => 327663,
          '73' => 24809,
          '409' => 33125,
          '67' => 25223,
          '241' => 43062,
          '198' => 46128,
          '489' => 12935,
          '585' => 9954,
          '327' => 15681,
          '320' => 13554,
          '674' => 25289,
          '280' => 406258,
          '273' => 11109,
          '471' => 39462,
          '622' => 143755,
          '202' => 6497,
          '249' => 11452,
          '361' => 23563,
          '465' => 41527,
          '184' => 317274,
          '24' => 1633801,
          '140' => 199196,
          '104' => 39740,
          '131' => 57458,
          '181' => 73100,
          '412' => 15991,
          '385' => 19151,
          '502' => 351174,
          '307' => 183731,
          '314' => 32022,
          '154' => 27343,
          '355' => 80132,
          '553' => 16445,
          '159' => 32048,
          '479' => 12696,
          '704' => 19624,
          '326' => 20414,
          '555' => 22492,
          '681' => 11784,
          '47' => 54707,
          '619' => 545365,
          '37' => 56711,
          '335' => 351174,
          '270' => 26519,
          '698' => 12142,
          '5' => 314403,
          '195' => 26857,
          '621' => 54436,
          '538' => 38908,
          '524' => 592151,
          '554' => 12528,
          '680' => 40032,
          '679' => 31650,
          '552' => 19151,
          '521' => 127521,
          '598' => 43717,
          '162' => 169383,
          '433' => 41594,
          '647' => 36164,
          '74' => 62707,
          '240' => 4741,
          '334' => 175040,
          '440' => 11109,
          '230' => 18535,
          '115' => 110985,
          '299' => 10129,
          '377' => 12386,
          '103' => 84644,
          '602' => 814596,
          '201' => 13185,
          '423' => 119648,
          '719' => 19151,
          '612' => 52779,
          '91' => 245578,
          '266' => 41594,
          '701' => 21637,
          '467' => 12284,
          '174' => 22810,
          '474' => 183731,
          '481' => 32022,
          '214' => 325,
          '422' => 64480,
          '564' => 18535,
          '563' => 54143,
          '97' => 62525,
          '41' => 42275,
          '668' => 175040,
          '52' => 42063,
          '688' => 127521,
          '657' => 10799,
          '302' => 235436,
          '229' => 54143,
          '693' => 19512,
          '673' => 15746,
          '503' => 112385,
          '593' => 818268,
          '68' => 18187,
          '188' => 80132,
          '315' => 21772,
          '402' => 4674,
          '641' => 183731,
          '338' => 46765,
          '576' => 33125,
          '616' => 88972,
          '222' => 14755,
          '640' => 444958,
          '25' => 78729,
          '83' => 39126,
          '484' => 27808,
          '305' => 212960,
          '623' => 101912,
          '544' => 12386,
          '217' => 20578,
          '328' => 58218,
          '239' => 42899,
          '122' => 122469,
          '143' => 38643,
          '628' => 8681,
          '158' => 53510,
          '269' => 6223941,
          '281' => 98076,
          '464' => 14518,
          '363' => 19875,
          '46' => 175479,
          '6' => 218825,
          '562' => 13528,
          '630' => 8936,
          '36' => 36312,
          '518' => 317274,
          '183' => 167306,
          '497' => 779714,
          '472' => 212960,
          '362' => 26857,
          '439' => 60724,
          '317' => 27808,
          '608' => 9447,
          '711' => 12386,
          '132' => 20610,
          '169' => 112385,
          '411' => 16528,
          '705' => 38908,
          '478' => 12462,
          '384' => 20578,
          '398' => 209987,
          '546' => 25957,
          '537' => 19624,
          '407' => 4741,
          '18' => 586438,
          '376' => 12548,
          '522' => 80132,
          '125' => 29123,
          '599' => 72895,
          '44' => 30388,
          '609' => 16832,
          '587' => 54003,
          '667' => 15733,
          '190' => 592151,
          '95' => 176979,
          '298' => 41527,
          '714' => 6117,
          '601' => 70377,
          '313' => 36164,
          '243' => 14837,
          '231' => 209987,
          '551' => 20578,
          '529' => 26857,
          '148' => 38520,
          '343' => 14621,
          '504' => 46857,
          '697' => 19875,
          '397' => 18535,
          '707' => 214259,
          '106' => 29010,
          '157' => 138089,
          '65' => 67356,
          '203' => 19624,
          '261' => 160796,
          '81' => 28581,
          '321' => 14583,
          '459' => 20584,
          '624' => 34070,
          '86' => 70243,
          '284' => 386678,
          '247' => 20341,
          '656' => 12935,
          '371' => 38908,
          '204' => 38908,
          '165' => 64162,
          '289' => 101912,
          '2' => 648447,
          '435' => 814596,
          '401' => 5845,
          '186' => 22109,
          '147' => 42921,
          '339' => 15746,
          '228' => 13528,
          '531' => 12142,
          '268' => 814596,
          '345' => 31650,
          '596' => 161364,
          '172' => 15746,
          '319' => 16515,
          '223' => 9969,
          '404' => 95,
          '613' => 204155,
          '516' => 37423,
          '669' => 351174,
          '282' => 88972,
          '420' => 54003,
          '121' => 164263,
          '702' => 13185,
          '639' => 212960,
          '344' => 26821,
          '487' => 13554,
          '494' => 15681,
          '238' => 8,
          '636' => 235436,
          '577' => 14837,
          '253' => 54003,
          '561' => 15724,
          '448' => 98076,
          '209' => 12548,
          '216' => 8,
          '357' => 592151,
          '117' => 405709,
          '643' => 137787,
          '63' => 31738,
          '455' => 143755,
          '600' => 41594,
          '80' => 31879,
          '336' => 112385,
          '457' => 34070,
          '179' => 40032,
          '696' => 26857,
          '383' => 8,
          '297' => 14518,
          '713' => 25957,
          '676' => 7075,
          '277' => 55437,
          '92' => 865945,
          '10' => 283649,
          '550' => 8,
          '505' => 46765,
          '670' => 112385,
          '419' => 23672,
          '133' => 29201,
          '290' => 34070,
          '625' => 26399,
          '592' => 201382,
          '149' => 692354,
          '123' => 44043,
          '304' => 39462,
          '712' => 5419,
          '631' => 14518,
          '547' => 6117,
          '210' => 12386,
          '406' => 42899,
          '258' => 201382,
          '396' => 54143,
          '482' => 21772,
          '173' => 25289,
          '530' => 19875,
          '56' => 132176,
          '499' => 53568,
          '66' => 30509,
          '19' => 168246,
          '54' => 43900,
          '365' => 46128,
          '306' => 444958,
          '70' => 14570,
          '470' => 93688,
          '166' => 30747,
          '88' => 75541,
          '141' => 341505,
          '30' => 30361,
          '654' => 13554,
          '570' => 68,
          '403' => 68,
          '252' => 23672,
          '466' => 10129,
          '156' => 23366,
          '134' => 72737,
          '75' => 80882,
          '283' => 188785,
          '618' => 386678,
          '655' => 14583,
          '59' => 43602,
          '421' => 16424,
          '450' => 188785,
          '271' => 26343,
          '703' => 6497,
          '491' => 43919,
          '219' => 16445,
          '318' => 29468,
          '13' => 530103,
          '105' => 75134,
          '473' => 444958,
          '185' => 445917,
          '3' => 762753,
          '597' => 46855,
          '248' => 12044,
          '390' => 9969,
          '146' => 45578,
          '111' => 69838,
          '38' => 94241,
          '356' => 14393,
          '408' => 43062,
          '4' => 831794,
          '528' => 23563,
          '164' => 727010,
          '196' => 19875,
          '242' => 33125
        };
