write intervals: 
$VAR1 = {
          '11' => 2,
          '33' => 2,
          '7' => 3,
          '17' => 1,
          '2' => 236,
          '1' => 5838,
          '16' => 2,
          '6' => 1,
          '3' => 15,
          '9' => 2,
          '12' => 4,
          '41' => 1,
          '14' => 5,
          '20' => 1,
          '8' => 1,
          '4' => 7,
          '45' => 1,
          '24' => 1,
          '5' => 3
        };
retention times: 
$VAR1 = {
          '127' => 5,
          '32' => 57699,
          '90' => 16885,
          '118' => 374,
          '71' => 4848,
          '620' => 67982,
          '102' => 62,
          '520' => 3928,
          '358' => 297,
          '331' => 379,
          '16' => 240826,
          '55' => 780,
          '512' => 3565,
          '259' => 1388,
          '194' => 1772,
          '57' => 28,
          '517' => 649,
          '458' => 44,
          '424' => 10817,
          '451' => 9548,
          '454' => 15288,
          '163' => 7823,
          '89' => 3516,
          '175' => 113929,
          '31' => 15936,
          '35' => 16,
          '11' => 3697,
          '695' => 1772,
          '511' => 113255,
          '665' => 379,
          '434' => 101,
          '93' => 31836,
          '292' => 1,
          '29' => 80,
          '350' => 649,
          '675' => 2849,
          '291' => 44,
          '374' => 1,
          '199' => 57655,
          '114' => 45377,
          '429' => 61591,
          '684' => 649,
          '153' => 9,
          '15' => 5268,
          '527' => 114274,
          '431' => 12776,
          '689' => 780,
          '642' => 65,
          '101' => 199,
          '73' => 30196,
          '76' => 1466,
          '62' => 208,
          '67' => 2160,
          '241' => 13,
          '139' => 137985,
          '129' => 3,
          '327' => 279,
          '548' => 1,
          '495' => 1078,
          '662' => 1078,
          '280' => 7069,
          '471' => 25642,
          '622' => 244,
          '361' => 1772,
          '168' => 25,
          '184' => 2403,
          '135' => 20,
          '14' => 114498,
          '348' => 114174,
          '145' => 2446,
          '49' => 196,
          '178' => 3565,
          '24' => 9776,
          '285' => 157,
          '140' => 987,
          '124' => 107,
          '104' => 10,
          '627' => 2,
          '131' => 4,
          '181' => 114174,
          '594' => 23047,
          '502' => 25,
          '307' => 460,
          '715' => 1,
          '154' => 9,
          '0' => 526365,
          '23' => 16357,
          '96' => 11259,
          '653' => 4,
          '355' => 780,
          '159' => 372,
          '486' => 4,
          '326' => 260,
          '509' => 113929,
          '160' => 1593,
          '47' => 1673,
          '8' => 114182,
          '98' => 2753,
          '619' => 157,
          '335' => 25,
          '37' => 4,
          '43' => 1164,
          '686' => 117590,
          '195' => 11,
          '5' => 906832,
          '685' => 2403,
          '621' => 15288,
          '524' => 5910,
          '21' => 105252,
          '679' => 3565,
          '523' => 114935,
          '288' => 244,
          '193' => 114274,
          '460' => 2,
          '119' => 68224,
          '521' => 2163,
          '453' => 67982,
          '598' => 12776,
          '162' => 3126,
          '637' => 7,
          '433' => 92,
          '351' => 2403,
          '410' => 2,
          '595' => 91120,
          '74' => 1277,
          '334' => 74408,
          '690' => 114935,
          '61' => 76,
          '115' => 1973,
          '430' => 10451,
          '447' => 7069,
          '103' => 51,
          '602' => 3,
          '423' => 2004,
          '113' => 7198,
          '152' => 25,
          '189' => 114935,
          '612' => 293,
          '452' => 157,
          '342' => 113929,
          '266' => 92,
          '91' => 3975,
          '341' => 2849,
          '438' => 4,
          '87' => 496,
          '474' => 460,
          '174' => 2849,
          '77' => 632,
          '683' => 1576,
          '214' => 1,
          '541' => 1,
          '508' => 2849,
          '422' => 1144,
          '39' => 620,
          '64' => 2456,
          '97' => 13187,
          '12' => 411,
          '41' => 6696,
          '668' => 74408,
          '52' => 56,
          '688' => 2163,
          '657' => 1,
          '302' => 11,
          '45' => 736,
          '260' => 23047,
          '693' => 14288,
          '503' => 14,
          '309' => 959,
          '593' => 1388,
          '188' => 780,
          '68' => 3376,
          '638' => 25642,
          '1' => 1036778,
          '116' => 5277,
          '136' => 124,
          '641' => 460,
          '144' => 4912,
          '100' => 812,
          '616' => 1876,
          '640' => 136787,
          '25' => 23733,
          '661' => 279,
          '286' => 67982,
          '120' => 15929,
          '381' => 1,
          '305' => 246,
          '581' => 57641,
          '308' => 65,
          '254' => 220,
          '623' => 1860,
          '177' => 113255,
          '678' => 113255,
          '496' => 1503,
          '605' => 4,
          '328' => 1078,
          '122' => 2672,
          '143' => 1529,
          '628' => 5,
          '281' => 45129,
          '158' => 33,
          '22' => 122677,
          '42' => 873,
          '644' => 830,
          '46' => 1436,
          '301' => 3,
          '6' => 859970,
          '694' => 114274,
          '36' => 8,
          '518' => 2403,
          '497' => 363,
          '183' => 649,
          '94' => 95396,
          '51' => 696,
          '472' => 246,
          '456' => 1860,
          '362' => 11,
          '265' => 2598,
          '132' => 12,
          '169' => 14,
          '493' => 260,
          '445' => 293,
          '18' => 143265,
          '376' => 96,
          '366' => 57655,
          '522' => 780,
          '125' => 14,
          '329' => 1503,
          '599' => 2598,
          '525' => 297,
          '44' => 473388,
          '667' => 97,
          '27' => 2108,
          '161' => 1522,
          '190' => 5910,
          '95' => 62414,
          '601' => 101,
          '20' => 184352,
          '243' => 2,
          '109' => 3,
          '529' => 11,
          '151' => 96,
          '148' => 1921,
          '557' => 53710,
          '468' => 3,
          '700' => 57655,
          '287' => 15288,
          '475' => 65,
          '78' => 6008,
          '294' => 5,
          '349' => 1576,
          '157' => 3,
          '65' => 5680,
          '515' => 114174,
          '261' => 91120,
          '138' => 459,
          '137' => 26123,
          '81' => 4,
          '60' => 16,
          '691' => 5910,
          '666' => 1221,
          '459' => 1,
          '432' => 2598,
          '624' => 528,
          '86' => 46,
          '284' => 9548,
          '247' => 57641,
          '519' => 117590,
          '165' => 8733,
          '289' => 1860,
          '17' => 21710,
          '2' => 777091,
          '435' => 3,
          '427' => 23047,
          '186' => 3928,
          '708' => 1,
          '82' => 4,
          '147' => 2185,
          '333' => 97,
          '710' => 96,
          '590' => 2004,
          '323' => 1,
          '268' => 3,
          '69' => 1032,
          '112' => 4520,
          '345' => 3565,
          '664' => 363,
          '596' => 61591,
          '191' => 297,
          '319' => 4,
          '187' => 2163,
          '223' => 53710,
          '613' => 4410,
          '588' => 220,
          '516' => 1576,
          '446' => 4410,
          '669' => 25,
          '282' => 1876,
          '262' => 61591,
          '617' => 5140,
          '79' => 16036,
          '121' => 297,
          '639' => 246,
          '344' => 113255,
          '352' => 117590,
          '494' => 279,
          '126' => 8,
          '426' => 1388,
          '636' => 11,
          '577' => 2,
          '279' => 4410,
          '448' => 45129,
          '209' => 96,
          '498' => 379,
          '357' => 5910,
          '256' => 2004,
          '117' => 9631,
          '643' => 959,
          '33' => 84,
          '660' => 260,
          '63' => 524,
          '428' => 91120,
          '455' => 244,
          '7' => 4121,
          '600' => 92,
          '80' => 58082,
          '26' => 138288,
          '336' => 14,
          '457' => 528,
          '99' => 429,
          '526' => 14288,
          '72' => 4552,
          '696' => 11,
          '500' => 97,
          '255' => 1144,
          '264' => 12776,
          '533' => 57655,
          '359' => 14288,
          '182' => 1576,
          '676' => 113929,
          '92' => 6521,
          '414' => 57641,
          '477' => 830,
          '10' => 113432,
          '142' => 1206,
          '207' => 1,
          '330' => 363,
          '263' => 10451,
          '167' => 87903,
          '48' => 9896,
          '670' => 14,
          '360' => 114274,
          '692' => 297,
          '663' => 1503,
          '133' => 9,
          '290' => 528,
          '625' => 44,
          '615' => 45129,
          '592' => 2621,
          '123' => 567,
          '149' => 1721,
          '50' => 944,
          '304' => 25642,
          '476' => 959,
          '258' => 2621,
          '499' => 1221,
          '56' => 53723,
          '66' => 2936,
          '449' => 1876,
          '19' => 124635,
          '293' => 2,
          '54' => 80,
          '306' => 136787,
          '470' => 7,
          '70' => 11200,
          '469' => 11,
          '682' => 114174,
          '635' => 3,
          '166' => 3299,
          '353' => 3928,
          '575' => 13,
          '88' => 1719,
          '141' => 241,
          '30' => 227416,
          '128' => 3,
          '28' => 3913,
          '134' => 66,
          '75' => 2316,
          '40' => 235536,
          '156' => 4,
          '283' => 5140,
          '310' => 830,
          '618' => 9548,
          '589' => 1144,
          '192' => 14288,
          '303' => 7,
          '614' => 7069,
          '421' => 220,
          '59' => 32,
          '501' => 74408,
          '687' => 3928,
          '450' => 5140,
          '278' => 293,
          '490' => 1,
          '150' => 727,
          '271' => 4,
          '53' => 60,
          '626' => 1,
          '543' => 96,
          '267' => 101,
          '354' => 2163,
          '461' => 5,
          '13' => 723,
          '105' => 7,
          '257' => 10817,
          '473' => 136787,
          '85' => 4,
          '3' => 771349,
          '185' => 117590,
          '597' => 10451,
          '390' => 53710,
          '332' => 1221,
          '111' => 323,
          '9' => 214,
          '146' => 636,
          '425' => 2621,
          '408' => 13,
          '356' => 114935,
          '38' => 16,
          '591' => 10817,
          '4' => 564596,
          '34' => 24,
          '528' => 1772,
          '164' => 1621
        };
