write intervals: 
$VAR1 = {
          '1' => 267248,
          '2' => 718
        };
retention times: 
$VAR1 = {
          '559' => 3054,
          '127' => 862,
          '32' => 1097,
          '443' => 299,
          '206' => 1,
          '118' => 13956,
          '71' => 23734,
          '358' => 710,
          '580' => 948,
          '84' => 8789,
          '512' => 9273,
          '437' => 857,
          '463' => 400,
          '194' => 3,
          '517' => 12,
          '451' => 253,
          '220' => 432,
          '454' => 1,
          '634' => 283,
          '31' => 2256,
          '578' => 10163,
          '695' => 3,
          '378' => 1518,
          '325' => 1113,
          '29' => 10830,
          '572' => 15253,
          '350' => 12,
          '675' => 746,
          '540' => 1,
          '58' => 8598,
          '684' => 12,
          '211' => 1518,
          '153' => 9762,
          '15' => 3364,
          '431' => 15561,
          '382' => 9,
          '337' => 13392,
          '101' => 257,
          '340' => 198,
          '76' => 10734,
          '311' => 6163,
          '62' => 1925,
          '571' => 276,
          '139' => 334,
          '389' => 2381,
          '129' => 802,
          '548' => 13096,
          '495' => 12875,
          '662' => 12875,
          '418' => 8022,
          '236' => 647,
          '706' => 4038,
          '218' => 1157,
          '168' => 18855,
          '135' => 152,
          '14' => 3350,
          '348' => 1485,
          '145' => 3162,
          '49' => 816,
          '178' => 9273,
          '285' => 12991,
          '124' => 303,
          '627' => 701,
          '234' => 11,
          '594' => 308,
          '715' => 13096,
          '0' => 96088,
          '23' => 3278,
          '388' => 3446,
          '364' => 207,
          '96' => 113,
          '653' => 15471,
          '486' => 15471,
          '160' => 1035,
          '569' => 93,
          '367' => 10240,
          '8' => 5513,
          '716' => 9,
          '98' => 275,
          '43' => 421,
          '686' => 2,
          '485' => 892,
          '391' => 469,
          '685' => 858,
          '21' => 12435,
          '523' => 1607,
          '288' => 1978,
          '460' => 701,
          '119' => 9571,
          '586' => 402,
          '453' => 8350,
          '324' => 407,
          '180' => 319,
          '244' => 10163,
          '351' => 858,
          '410' => 8336,
          '595' => 257,
          '246' => 948,
          '690' => 1607,
          '488' => 2244,
          '61' => 531,
          '430' => 11,
          '447' => 7914,
          '536' => 208,
          '379' => 344,
          '415' => 2381,
          '113' => 8294,
          '152' => 16288,
          '189' => 1607,
          '452' => 12991,
          '579' => 3369,
          '295' => 10,
          '480' => 299,
          '341' => 746,
          '107' => 74,
          '535' => 8883,
          '87' => 1116,
          '77' => 11200,
          '683' => 68,
          '444' => 2561,
          '541' => 14,
          '508' => 746,
          '221' => 3446,
          '39' => 1904,
          '64' => 6269,
          '558' => 469,
          '417' => 1,
          '12' => 4801,
          '312' => 879,
          '45' => 9428,
          '507' => 198,
          '405' => 15253,
          '260' => 308,
          '573' => 150,
          '237' => 276,
          '370' => 106,
          '309' => 8928,
          '638' => 637,
          '567' => 11076,
          '1' => 64110,
          '506' => 1,
          '136' => 687,
          '116' => 69,
          '416' => 2456,
          '144' => 6272,
          '380' => 4113,
          '100' => 3945,
          '300' => 283,
          '661' => 997,
          '286' => 8350,
          '120' => 81,
          '381' => 13096,
          '581' => 296,
          '308' => 20,
          '392' => 3054,
          '254' => 14,
          '177' => 1211,
          '678' => 1211,
          '496' => 11,
          '373' => 1,
          '607' => 989,
          '205' => 4038,
          '42' => 5269,
          '22' => 11236,
          '644' => 14820,
          '399' => 789,
          '235' => 93,
          '301' => 1078,
          '436' => 174,
          '213' => 4113,
          '94' => 421,
          '51' => 1567,
          '456' => 3,
          '568' => 11,
          '652' => 892,
          '296' => 400,
          '265' => 14,
          '493' => 11,
          '386' => 152,
          '445' => 10,
          '200' => 10240,
          '329' => 11,
          '525' => 710,
          '27' => 558,
          '272' => 9085,
          '161' => 12946,
          '582' => 2381,
          '534' => 10240,
          '400' => 11076,
          '20' => 1990,
          '109' => 371,
          '633' => 2777,
          '151' => 1996,
          '557' => 2,
          '718' => 3971,
          '468' => 1078,
          '287' => 1,
          '475' => 20,
          '78' => 3429,
          '413' => 948,
          '294' => 782,
          '349' => 68,
          '515' => 1485,
          '197' => 207,
          '138' => 131,
          '606' => 9085,
          '137' => 789,
          '60' => 159,
          '666' => 840,
          '432' => 14,
          '519' => 2,
          '346' => 2,
          '17' => 14428,
          '427' => 308,
          '677' => 1886,
          '708' => 14,
          '82' => 2835,
          '110' => 3801,
          '650' => 207,
          '333' => 191,
          '710' => 4237,
          '590' => 791,
          '323' => 10,
          '69' => 3412,
          '112' => 221,
          '664' => 403,
          '545' => 1518,
          '191' => 710,
          '224' => 469,
          '588' => 14,
          '646' => 879,
          '262' => 22,
          '617' => 2,
          '79' => 1207,
          '212' => 344,
          '352' => 2,
          '126' => 748,
          '426' => 11609,
          '251' => 8022,
          '542' => 985,
          '369' => 208,
          '651' => 227,
          '176' => 1886,
          '629' => 10,
          '483' => 207,
          '256' => 791,
          '372' => 4038,
          '574' => 8766,
          '170' => 13392,
          '33' => 15391,
          '660' => 11,
          '428' => 257,
          '7' => 7717,
          '26' => 1285,
          '227' => 1,
          '99' => 2157,
          '566' => 789,
          '526' => 11117,
          '72' => 9973,
          '500' => 191,
          '255' => 1506,
          '264' => 15561,
          '359' => 11117,
          '182' => 68,
          '108' => 44,
          '604' => 857,
          '556' => 2381,
          '717' => 426,
          '462' => 10,
          '414' => 296,
          '232' => 789,
          '477' => 14820,
          '671' => 13392,
          '225' => 3054,
          '330' => 403,
          '142' => 9102,
          '207' => 14,
          '263' => 11,
          '394' => 1,
          '167' => 5911,
          '48' => 459,
          '692' => 710,
          '610' => 299,
          '514' => 319,
          '663' => 11,
          '513' => 2,
          '615' => 10,
          '50' => 8716,
          '476' => 8928,
          '510' => 1886,
          '449' => 27,
          '293' => 701,
          '658' => 407,
          '549' => 9,
          '659' => 1113,
          '645' => 6163,
          '469' => 10,
          '682' => 1485,
          '635' => 1078,
          '353' => 1,
          '575' => 6133,
          '375' => 985,
          '709' => 985,
          '128' => 1317,
          '28' => 3686,
          '310' => 14820,
          '40' => 1563,
          '589' => 1506,
          '192' => 11117,
          '250' => 1,
          '614' => 7914,
          '699' => 1047,
          '501' => 1029,
          '215' => 9,
          '687' => 1,
          '278' => 10,
          '490' => 10,
          '150' => 1346,
          '130' => 1365,
          '155' => 486,
          '387' => 432,
          '53' => 1497,
          '245' => 3369,
          '626' => 226,
          '543' => 4237,
          '461' => 782,
          '583' => 2456,
          '257' => 12,
          '85' => 494,
          '332' => 840,
          '9' => 11092,
          '425' => 1,
          '591' => 12,
          '34' => 9421,
          '539' => 4038,
          '603' => 174,
          '90' => 717,
          '276' => 299,
          '620' => 8350,
          '565' => 5671,
          '102' => 252,
          '520' => 1,
          '532' => 1047,
          '16' => 4481,
          '55' => 6421,
          '233' => 11076,
          '57' => 1331,
          '259' => 11609,
          '368' => 8883,
          '424' => 12,
          '316' => 207,
          '163' => 1126,
          '395' => 251,
          '89' => 899,
          '611' => 2561,
          '584' => 1,
          '35' => 3156,
          '11' => 23069,
          '492' => 1113,
          '208' => 985,
          '347' => 319,
          '511' => 1211,
          '93' => 397,
          '292' => 226,
          '374' => 14,
          '114' => 2923,
          '429' => 22,
          '689' => 9097,
          '648' => 16276,
          '642' => 20,
          '73' => 12063,
          '409' => 20929,
          '67' => 504,
          '241' => 6133,
          '198' => 1047,
          '585' => 8022,
          '327' => 997,
          '320' => 8327,
          '674' => 198,
          '280' => 7914,
          '273' => 989,
          '471' => 637,
          '622' => 1978,
          '202' => 208,
          '249' => 2456,
          '361' => 3,
          '184' => 858,
          '24' => 15049,
          '140' => 12,
          '104' => 46,
          '131' => 2464,
          '181' => 1485,
          '412' => 3369,
          '385' => 1157,
          '502' => 18855,
          '314' => 16276,
          '154' => 2399,
          '355' => 9097,
          '159' => 734,
          '479' => 879,
          '553' => 152,
          '704' => 106,
          '326' => 11,
          '555' => 3446,
          '681' => 319,
          '47' => 17069,
          '619' => 12991,
          '37' => 5080,
          '335' => 18855,
          '270' => 857,
          '698' => 207,
          '5' => 5066,
          '621' => 1,
          '538' => 444,
          '554' => 432,
          '680' => 2,
          '679' => 9273,
          '552' => 1157,
          '598' => 15561,
          '162' => 631,
          '433' => 1383,
          '647' => 299,
          '74' => 6321,
          '240' => 8766,
          '334' => 1029,
          '440' => 989,
          '115' => 910,
          '299' => 2777,
          '377' => 267,
          '103' => 1204,
          '602' => 31,
          '201' => 8883,
          '423' => 791,
          '719' => 1157,
          '612' => 10,
          '91' => 2382,
          '266' => 1383,
          '701' => 10240,
          '467' => 283,
          '174' => 746,
          '481' => 16276,
          '214' => 13096,
          '422' => 1506,
          '563' => 1162,
          '97' => 15981,
          '41' => 1392,
          '668' => 1029,
          '52' => 351,
          '657' => 10,
          '302' => 10,
          '229' => 1162,
          '693' => 11117,
          '673' => 1,
          '503' => 7,
          '593' => 11609,
          '68' => 1868,
          '188' => 9097,
          '402' => 93,
          '576' => 20929,
          '616' => 27,
          '222' => 2381,
          '640' => 1,
          '25' => 13655,
          '83' => 219,
          '484' => 227,
          '623' => 3,
          '544' => 267,
          '217' => 3971,
          '328' => 12875,
          '239' => 150,
          '122' => 43,
          '143' => 14977,
          '628' => 782,
          '158' => 2972,
          '269' => 174,
          '281' => 10,
          '464' => 1129,
          '363' => 6477,
          '46' => 5048,
          '6' => 3991,
          '562' => 251,
          '630' => 400,
          '36' => 513,
          '183' => 12,
          '497' => 403,
          '518' => 858,
          '439' => 9085,
          '317' => 227,
          '711' => 267,
          '132' => 2929,
          '169' => 7,
          '411' => 10163,
          '705' => 444,
          '478' => 6163,
          '384' => 3971,
          '398' => 5671,
          '546' => 344,
          '407' => 8766,
          '537' => 106,
          '18' => 1761,
          '376' => 4237,
          '125' => 562,
          '522' => 9097,
          '599' => 14,
          '44' => 2374,
          '587' => 1216,
          '667' => 191,
          '95' => 2632,
          '714' => 4113,
          '313' => 299,
          '243' => 8336,
          '231' => 5671,
          '551' => 3971,
          '148' => 167,
          '343' => 1886,
          '504' => 13392,
          '697' => 6477,
          '707' => 1,
          '106' => 1204,
          '157' => 1484,
          '65' => 8178,
          '203' => 106,
          '261' => 257,
          '81' => 2817,
          '321' => 2244,
          '459' => 226,
          '624' => 10562,
          '86' => 1345,
          '284' => 253,
          '247' => 296,
          '371' => 444,
          '204' => 444,
          '165' => 1058,
          '289' => 3,
          '2' => 13932,
          '435' => 31,
          '401' => 11,
          '186' => 1,
          '147' => 16525,
          '339' => 1,
          '228' => 251,
          '268' => 31,
          '531' => 207,
          '345' => 9273,
          '596' => 22,
          '172' => 1,
          '319' => 15471,
          '223' => 2,
          '404' => 276,
          '516' => 68,
          '669' => 18855,
          '282' => 27,
          '420' => 1216,
          '121' => 9246,
          '702' => 8883,
          '344' => 1211,
          '487' => 8327,
          '494' => 997,
          '238' => 15253,
          '636' => 10,
          '577' => 8336,
          '253' => 1216,
          '561' => 1,
          '448' => 10,
          '209' => 4237,
          '216' => 426,
          '117' => 394,
          '643' => 8928,
          '63' => 1848,
          '455' => 1978,
          '600' => 1383,
          '80' => 994,
          '336' => 7,
          '457' => 10562,
          '179' => 2,
          '383' => 426,
          '297' => 1129,
          '713' => 344,
          '277' => 2561,
          '92' => 11982,
          '10' => 6588,
          '550' => 426,
          '670' => 7,
          '419' => 402,
          '133' => 333,
          '290' => 10562,
          '592' => 1,
          '149' => 4394,
          '123' => 13621,
          '304' => 637,
          '712' => 1518,
          '631' => 1129,
          '210' => 267,
          '547' => 4113,
          '406' => 150,
          '258' => 1,
          '396' => 1162,
          '173' => 198,
          '56' => 715,
          '499' => 840,
          '530' => 6477,
          '66' => 13660,
          '19' => 10987,
          '54' => 7080,
          '365' => 1047,
          '306' => 1,
          '70' => 2600,
          '166' => 768,
          '88' => 2358,
          '141' => 3364,
          '30' => 709,
          '654' => 8327,
          '570' => 647,
          '403' => 647,
          '252' => 402,
          '466' => 2777,
          '156' => 718,
          '134' => 2294,
          '75' => 21473,
          '283' => 2,
          '618' => 253,
          '655' => 2244,
          '59' => 370,
          '421' => 14,
          '450' => 2,
          '703' => 208,
          '491' => 407,
          '219' => 152,
          '318' => 892,
          '13' => 2825,
          '105' => 13705,
          '473' => 1,
          '185' => 2,
          '3' => 32093,
          '597' => 11,
          '248' => 2381,
          '390' => 2,
          '146' => 374,
          '111' => 1265,
          '38' => 9029,
          '356' => 1607,
          '408' => 6133,
          '4' => 48518,
          '528' => 3,
          '164' => 1574,
          '196' => 6477,
          '242' => 20929
        };
