write intervals: 
$VAR1 = {
          '1' => 75932,
          '2' => 716
        };
retention times: 
$VAR1 = {
          '127' => 147800,
          '32' => 66672,
          '443' => 6,
          '206' => 4,
          '118' => 94801,
          '71' => 47755,
          '358' => 5013,
          '331' => 4573,
          '580' => 1,
          '84' => 28553,
          '512' => 7469,
          '437' => 223,
          '463' => 5010,
          '194' => 7160,
          '517' => 36156,
          '458' => 574933,
          '451' => 972,
          '454' => 491,
          '634' => 52506,
          '31' => 18092,
          '578' => 1102,
          '695' => 7160,
          '325' => 38,
          '29' => 52794,
          '350' => 36156,
          '675' => 5206255,
          '540' => 4,
          '58' => 4864,
          '684' => 36156,
          '153' => 3587,
          '15' => 380816,
          '527' => 95145,
          '431' => 50795,
          '337' => 485,
          '101' => 3880,
          '340' => 7238886,
          '76' => 186508,
          '311' => 1054,
          '62' => 294617,
          '139' => 96139,
          '129' => 7160,
          '548' => 4,
          '495' => 9445,
          '662' => 9445,
          '418' => 3648,
          '706' => 35,
          '168' => 191,
          '135' => 285669,
          '14' => 666937,
          '348' => 14252,
          '145' => 9758,
          '49' => 14680,
          '178' => 7469,
          '285' => 7829,
          '124' => 578691,
          '627' => 354623,
          '234' => 3,
          '594' => 5645,
          '715' => 4,
          '0' => 940156,
          '23' => 256862,
          '364' => 673,
          '96' => 44761,
          '653' => 5,
          '486' => 5,
          '509' => 12462592,
          '160' => 30587,
          '569' => 432,
          '367' => 34,
          '8' => 12965382,
          '98' => 158498,
          '43' => 11479,
          '686' => 13508,
          '485' => 10166206,
          '391' => 2,
          '685' => 25637,
          '21' => 461041,
          '523' => 1754,
          '288' => 17007,
          '193' => 95145,
          '460' => 354623,
          '119' => 64863,
          '586' => 1472,
          '453' => 19352,
          '324' => 1464,
          '180' => 4735,
          '244' => 1102,
          '637' => 33957,
          '351' => 25637,
          '410' => 181793,
          '595' => 6048,
          '246' => 1,
          '690' => 1754,
          '488' => 7029,
          '61' => 31078,
          '430' => 42239,
          '447' => 59109,
          '536' => 11,
          '415' => 2798,
          '113' => 299652,
          '152' => 1566,
          '189' => 1754,
          '452' => 7829,
          '342' => 12462592,
          '579' => 1,
          '295' => 106719,
          '480' => 8273787,
          '341' => 5206255,
          '438' => 21,
          '107' => 52622,
          '535' => 16,
          '87' => 264690,
          '77' => 8723,
          '683' => 6644,
          '444' => 202,
          '541' => 434,
          '508' => 5206255,
          '39' => 2476,
          '64' => 257499,
          '558' => 2,
          '417' => 7487,
          '12' => 406975,
          '312' => 180,
          '45' => 14488,
          '507' => 7238886,
          '260' => 5645,
          '573' => 207,
          '309' => 816,
          '638' => 63763,
          '567' => 541,
          '1' => 684969,
          '506' => 9729909,
          '136' => 278914,
          '116' => 104744,
          '416' => 7061,
          '144' => 2268,
          '100' => 196927,
          '300' => 52506,
          '661' => 30179,
          '286' => 19352,
          '120' => 2276,
          '381' => 4,
          '581' => 34,
          '308' => 654,
          '254' => 1387,
          '177' => 7045,
          '678' => 7045,
          '496' => 13049,
          '605' => 21,
          '373' => 4,
          '205' => 35,
          '42' => 6216,
          '22' => 451070,
          '644' => 1787,
          '235' => 432,
          '301' => 17698,
          '694' => 95145,
          '436' => 3,
          '94' => 95290,
          '51' => 3841,
          '456' => 966464,
          '568' => 3,
          '652' => 10166206,
          '296' => 5010,
          '265' => 146602,
          '493' => 1326,
          '171' => 10035790,
          '386' => 3,
          '445' => 4958,
          '200' => 34,
          '366' => 70,
          '329' => 13049,
          '525' => 5013,
          '27' => 161544,
          '161' => 9983,
          '582' => 2798,
          '534' => 34,
          '400' => 541,
          '20' => 564596,
          '109' => 29994,
          '633' => 13215,
          '151' => 10167056,
          '468' => 17698,
          '700' => 70,
          '287' => 491,
          '475' => 654,
          '78' => 728,
          '413' => 1,
          '294' => 145314,
          '672' => 10035790,
          '349' => 6644,
          '515' => 14252,
          '197' => 673,
          '138' => 238120,
          '137' => 288811,
          '60' => 24751,
          '691' => 1238,
          '666' => 7158,
          '432' => 146602,
          '519' => 13508,
          '346' => 7855,
          '17' => 319347,
          '427' => 5645,
          '677' => 830980,
          '708' => 434,
          '82' => 10200,
          '110' => 154056,
          '650' => 6098629,
          '333' => 26656,
          '710' => 511,
          '590' => 9385,
          '323' => 5101,
          '69' => 49804,
          '112' => 268904,
          '664' => 12860,
          '191' => 5013,
          '224' => 2,
          '187' => 50894,
          '588' => 1387,
          '646' => 180,
          '446' => 23881,
          '262' => 12496,
          '617' => 363,
          '79' => 3236,
          '352' => 13508,
          '126' => 355652,
          '426' => 18790,
          '251' => 3648,
          '369' => 11,
          '651' => 7403837,
          '279' => 23881,
          '176' => 830980,
          '629' => 106719,
          '498' => 4573,
          '483' => 6098629,
          '256' => 9385,
          '372' => 35,
          '170' => 485,
          '33' => 4139,
          '660' => 1326,
          '428' => 6048,
          '7' => 5922782,
          '26' => 616302,
          '227' => 11,
          '99' => 53335,
          '526' => 1602,
          '72' => 6094,
          '500' => 26656,
          '255' => 32350,
          '264' => 50795,
          '533' => 70,
          '359' => 1602,
          '182' => 6644,
          '108' => 24015,
          '604' => 223,
          '717' => 2,
          '462' => 106719,
          '414' => 34,
          '477' => 1787,
          '671' => 485,
          '330' => 12860,
          '142' => 85626,
          '207' => 434,
          '263' => 42239,
          '394' => 11,
          '167' => 74765,
          '48' => 880388,
          '360' => 95145,
          '692' => 5013,
          '610' => 6,
          '514' => 4735,
          '663' => 13049,
          '513' => 7855,
          '615' => 47714,
          '50' => 14492,
          '476' => 816,
          '510' => 830980,
          '449' => 8436,
          '293' => 354623,
          '658' => 1464,
          '659' => 38,
          '645' => 1054,
          '322' => 36420,
          '469' => 25146,
          '682' => 14252,
          '635' => 17698,
          '353' => 8803,
          '575' => 93446,
          '128' => 108029,
          '28' => 227995,
          '310' => 1787,
          '40' => 2334,
          '589' => 32350,
          '303' => 33957,
          '192' => 1602,
          '250' => 7487,
          '614' => 59109,
          '699' => 9243,
          '501' => 14634,
          '687' => 8803,
          '278' => 4958,
          '490' => 5101,
          '150' => 7404428,
          '130' => 2336,
          '155' => 67186,
          '53' => 33100,
          '245' => 1,
          '626' => 110746,
          '543' => 511,
          '267' => 192335,
          '354' => 50894,
          '461' => 145314,
          '583' => 7061,
          '257' => 16385,
          '85' => 31410,
          '332' => 7158,
          '9' => 1089411,
          '425' => 16187,
          '591' => 16385,
          '34' => 5902,
          '539' => 35,
          '603' => 3,
          '90' => 185464,
          '276' => 6,
          '620' => 19352,
          '102' => 921,
          '520' => 8803,
          '532' => 9243,
          '16' => 378116,
          '55' => 4156,
          '233' => 541,
          '57' => 4598,
          '259' => 18790,
          '368' => 16,
          '424' => 16385,
          '316' => 6098629,
          '163' => 59016,
          '395' => 2,
          '89' => 235281,
          '611' => 202,
          '175' => 12462592,
          '584' => 7487,
          '35' => 1384,
          '11' => 370257,
          '492' => 38,
          '347' => 4735,
          '511' => 7045,
          '665' => 4573,
          '434' => 192335,
          '93' => 61801,
          '292' => 110746,
          '291' => 574933,
          '374' => 434,
          '114' => 217697,
          '199' => 70,
          '429' => 12496,
          '649' => 7262815,
          '689' => 10675,
          '648' => 7121538,
          '642' => 654,
          '73' => 2835,
          '67' => 59133,
          '241' => 93446,
          '198' => 9243,
          '489' => 36420,
          '585' => 3648,
          '327' => 30179,
          '320' => 2847,
          '674' => 7238886,
          '280' => 59109,
          '471' => 63763,
          '622' => 17007,
          '202' => 11,
          '249' => 7061,
          '361' => 7160,
          '184' => 25637,
          '24' => 2525189,
          '140' => 102563,
          '104' => 1257,
          '131' => 52265,
          '181' => 14252,
          '412' => 1,
          '502' => 191,
          '307' => 4094,
          '314' => 7121538,
          '154' => 12092,
          '355' => 10675,
          '159' => 2146,
          '479' => 180,
          '553' => 3,
          '326' => 1326,
          '681' => 4735,
          '47' => 17605,
          '619' => 7829,
          '37' => 1300,
          '335' => 191,
          '270' => 223,
          '698' => 673,
          '5' => 11023464,
          '195' => 177431,
          '621' => 491,
          '524' => 1238,
          '680' => 7855,
          '679' => 7469,
          '521' => 50894,
          '598' => 50795,
          '162' => 19576,
          '433' => 51078,
          '647' => 8273787,
          '74' => 106523,
          '334' => 14634,
          '230' => 1,
          '115' => 59790,
          '299' => 13215,
          '377' => 373,
          '103' => 3006,
          '602' => 3202,
          '201' => 16,
          '423' => 9385,
          '612' => 4958,
          '91' => 66173,
          '266' => 51078,
          '701' => 34,
          '467' => 52506,
          '174' => 5206255,
          '474' => 4094,
          '481' => 7121538,
          '214' => 4,
          '422' => 32350,
          '564' => 1,
          '563' => 10,
          '97' => 59892,
          '41' => 1672,
          '668' => 14634,
          '52' => 3567,
          '688' => 50894,
          '657' => 5101,
          '302' => 25146,
          '229' => 10,
          '693' => 1602,
          '673' => 9729909,
          '503' => 93291,
          '593' => 18790,
          '68' => 102558,
          '188' => 10675,
          '315' => 7262815,
          '402' => 432,
          '641' => 4094,
          '338' => 10035790,
          '616' => 8436,
          '640' => 46594,
          '25' => 504183,
          '83' => 61600,
          '484' => 7403837,
          '305' => 69283,
          '623' => 966464,
          '544' => 373,
          '328' => 9445,
          '239' => 207,
          '122' => 982917,
          '143' => 48989,
          '628' => 145314,
          '158' => 1202,
          '269' => 3,
          '281' => 47714,
          '363' => 223,
          '46' => 31596,
          '6' => 7997270,
          '562' => 2,
          '630' => 5010,
          '36' => 2184,
          '183' => 36156,
          '497' => 12860,
          '518' => 25637,
          '472' => 69283,
          '362' => 177431,
          '317' => 7403837,
          '711' => 373,
          '132' => 37529,
          '169' => 93291,
          '411' => 1102,
          '478' => 1054,
          '18' => 347625,
          '376' => 511,
          '125' => 125774,
          '522' => 10675,
          '599' => 146602,
          '44' => 71708,
          '587' => 280,
          '667' => 26656,
          '190' => 1238,
          '95' => 58362,
          '601' => 192335,
          '313' => 8273787,
          '243' => 181793,
          '529' => 177431,
          '148' => 7265445,
          '343' => 830980,
          '504' => 485,
          '697' => 223,
          '397' => 1,
          '707' => 4,
          '106' => 2542,
          '157' => 2795,
          '65' => 231500,
          '261' => 6048,
          '81' => 6000,
          '321' => 7029,
          '459' => 110746,
          '624' => 1358160,
          '86' => 254212,
          '284' => 972,
          '247' => 34,
          '656' => 36420,
          '165' => 10494,
          '289' => 966464,
          '2' => 904943,
          '435' => 3202,
          '401' => 3,
          '186' => 8803,
          '147' => 7139384,
          '339' => 9729909,
          '228' => 2,
          '268' => 3202,
          '531' => 673,
          '345' => 7469,
          '596' => 12496,
          '172' => 9729909,
          '319' => 5,
          '613' => 23881,
          '516' => 6644,
          '669' => 191,
          '282' => 8436,
          '420' => 280,
          '121' => 26271,
          '702' => 16,
          '639' => 69283,
          '344' => 7045,
          '487' => 2847,
          '494' => 30179,
          '636' => 25146,
          '577' => 181793,
          '253' => 280,
          '561' => 11,
          '448' => 47714,
          '209' => 511,
          '216' => 2,
          '357' => 1238,
          '117' => 47699,
          '643' => 816,
          '63' => 265821,
          '455' => 17007,
          '600' => 51078,
          '80' => 2703,
          '336' => 93291,
          '457' => 1358160,
          '179' => 7855,
          '696' => 177431,
          '383' => 2,
          '676' => 12462592,
          '277' => 202,
          '92' => 119260,
          '10' => 414043,
          '550' => 2,
          '505' => 10035790,
          '670' => 93291,
          '419' => 1472,
          '133' => 82555,
          '290' => 1358160,
          '625' => 574933,
          '592' => 16187,
          '149' => 6099366,
          '123' => 1359453,
          '304' => 63763,
          '210' => 373,
          '406' => 207,
          '258' => 16187,
          '396' => 10,
          '482' => 7262815,
          '173' => 7238886,
          '56' => 18144,
          '499' => 7158,
          '530' => 223,
          '66' => 169463,
          '19' => 291413,
          '54' => 10004,
          '365' => 9243,
          '306' => 46594,
          '70' => 88609,
          '470' => 33957,
          '166' => 46407,
          '88' => 277718,
          '141' => 46088,
          '30' => 11690,
          '654' => 2847,
          '252' => 1472,
          '466' => 13215,
          '156' => 17112,
          '134' => 168645,
          '75' => 757,
          '283' => 363,
          '618' => 972,
          '655' => 7029,
          '59' => 53700,
          '421' => 1387,
          '450' => 363,
          '271' => 21,
          '703' => 11,
          '491' => 1464,
          '219' => 3,
          '318' => 10166206,
          '13' => 565182,
          '105' => 2315,
          '473' => 46594,
          '185' => 13508,
          '3' => 1264108,
          '597' => 42239,
          '248' => 2798,
          '146' => 8297192,
          '111' => 265567,
          '38' => 105103,
          '356' => 1754,
          '408' => 93446,
          '4' => 11043379,
          '528' => 7160,
          '164' => 6703,
          '196' => 223
        };
