write intervals: 
$VAR1 = {
          '1' => 2276310,
          '21' => 1,
          '2' => 696
        };
retention times: 
$VAR1 = {
          '559' => 9400,
          '127' => 7803,
          '32' => 39821,
          '443' => 160911,
          '206' => 133099,
          '118' => 75603,
          '71' => 48058,
          '358' => 9105,
          '331' => 56619,
          '560' => 9008,
          '580' => 48866,
          '84' => 344568,
          '512' => 12602,
          '437' => 178438,
          '463' => 163362,
          '194' => 422456,
          '517' => 44744,
          '458' => 168418,
          '451' => 23683,
          '220' => 140382,
          '454' => 473,
          '634' => 41066,
          '31' => 32392,
          '578' => 27293,
          '695' => 162855,
          '378' => 7429,
          '325' => 7367,
          '29' => 42663,
          '572' => 33445,
          '350' => 16155,
          '675' => 385460,
          '540' => 3262,
          '226' => 27404,
          '58' => 55663,
          '684' => 48776,
          '211' => 10625,
          '153' => 36244,
          '15' => 53613,
          '527' => 193204,
          '431' => 20872,
          '382' => 22229,
          '337' => 174982,
          '101' => 41670,
          '340' => 191942,
          '76' => 61943,
          '311' => 1954,
          '62' => 202231,
          '571' => 67278,
          '139' => 58182,
          '389' => 266725,
          '129' => 15256,
          '548' => 4590,
          '495' => 1286977,
          '662' => 74937,
          '418' => 75148,
          '236' => 1455,
          '706' => 12908,
          '218' => 309162,
          '168' => 290452,
          '135' => 128978,
          '14' => 66840,
          '348' => 69394,
          '145' => 344784,
          '49' => 278011,
          '178' => 28481,
          '285' => 192939,
          '124' => 335413,
          '627' => 283846,
          '234' => 2177,
          '594' => 75409,
          '715' => 9527,
          '0' => 1817406,
          '23' => 219146,
          '388' => 329947,
          '364' => 224910,
          '96' => 30739,
          '653' => 329415,
          '486' => 2379465,
          '509' => 137,
          '160' => 39874,
          '569' => 15714,
          '367' => 19670,
          '8' => 118627,
          '716' => 57137,
          '98' => 10214,
          '43' => 44558,
          '686' => 40066,
          '485' => 1934969,
          '391' => 137579,
          '685' => 29080,
          '21' => 32121,
          '523' => 65334,
          '720' => 1,
          '288' => 234366,
          '193' => 250012,
          '460' => 186743,
          '119' => 195794,
          '586' => 278010,
          '453' => 124691,
          '324' => 38190,
          '180' => 61518,
          '244' => 175276,
          '637' => 103167,
          '351' => 20674,
          '410' => 394782,
          '595' => 26241,
          '246' => 853,
          '690' => 10294,
          '488' => 95070,
          '61' => 131121,
          '430' => 6440,
          '447' => 88931,
          '536' => 22668,
          '379' => 3144,
          '415' => 336737,
          '113' => 42456,
          '152' => 12552,
          '189' => 137488,
          '452' => 92356,
          '342' => 71586,
          '579' => 1287,
          '295' => 10638,
          '480' => 21887,
          '341' => 268094,
          '438' => 203647,
          '107' => 96105,
          '535' => 24,
          '87' => 21161,
          '77' => 18319,
          '683' => 11616,
          '444' => 17715,
          '541' => 18988,
          '508' => 37845,
          '221' => 51202,
          '39' => 17785,
          '64' => 266983,
          '558' => 76,
          '417' => 53507,
          '12' => 122118,
          '312' => 148519,
          '45' => 101861,
          '507' => 243087,
          '405' => 244812,
          '260' => 5294,
          '573' => 181100,
          '237' => 751,
          '370' => 2617,
          '309' => 97000,
          '638' => 59366,
          '567' => 41501,
          '1' => 6346981,
          '506' => 330309,
          '136' => 32555,
          '116' => 50210,
          '416' => 202499,
          '144' => 281193,
          '380' => 62413,
          '100' => 59033,
          '300' => 78600,
          '661' => 31069,
          '286' => 49325,
          '120' => 406499,
          '381' => 168990,
          '581' => 387,
          '308' => 17900,
          '392' => 5770,
          '254' => 30932,
          '177' => 33633,
          '678' => 574,
          '496' => 1106754,
          '605' => 31205,
          '373' => 9115,
          '607' => 356,
          '205' => 39877,
          '42' => 42615,
          '22' => 134478,
          '644' => 13343,
          '399' => 74071,
          '235' => 6270,
          '301' => 55388,
          '694' => 735,
          '436' => 180653,
          '213' => 119468,
          '94' => 11004,
          '51' => 421663,
          '456' => 7500,
          '568' => 146205,
          '652' => 333832,
          '296' => 5232,
          '265' => 375625,
          '493' => 1347445,
          '171' => 405059,
          '386' => 294510,
          '445' => 26233,
          '200' => 86024,
          '366' => 401919,
          '329' => 26727,
          '525' => 2624,
          '27' => 413786,
          '272' => 7870,
          '161' => 23209,
          '582' => 12,
          '534' => 20,
          '400' => 77951,
          '20' => 190179,
          '109' => 58509,
          '633' => 116,
          '151' => 19021,
          '557' => 135393,
          '718' => 104,
          '468' => 83343,
          '700' => 334415,
          '287' => 9296,
          '475' => 24150,
          '441' => 30159,
          '78' => 3522,
          '413' => 267358,
          '294' => 190155,
          '672' => 270288,
          '349' => 28554,
          '275' => 180717,
          '515' => 24884,
          '197' => 121767,
          '138' => 75188,
          '606' => 55079,
          '137' => 135682,
          '60' => 301971,
          '691' => 1945,
          '666' => 9691,
          '432' => 99771,
          '519' => 17813,
          '346' => 2524,
          '17' => 120866,
          '427' => 13675,
          '677' => 234565,
          '708' => 49249,
          '82' => 468990,
          '110' => 80617,
          '650' => 314138,
          '333' => 158955,
          '710' => 120551,
          '590' => 58854,
          '323' => 45484,
          '69' => 194008,
          '112' => 33079,
          '664' => 30297,
          '545' => 21640,
          '191' => 173033,
          '224' => 6397,
          '187' => 6647,
          '588' => 227790,
          '646' => 27155,
          '446' => 65134,
          '262' => 29770,
          '617' => 34944,
          '79' => 197407,
          '212' => 59970,
          '352' => 2342,
          '126' => 15437,
          '426' => 4974,
          '251' => 51801,
          '542' => 21126,
          '369' => 7449,
          '651' => 338376,
          '279' => 107936,
          '176' => 40853,
          '629' => 153749,
          '498' => 831066,
          '483' => 4375165,
          '256' => 12500,
          '372' => 37233,
          '574' => 54923,
          '170' => 303644,
          '33' => 48356,
          '660' => 50753,
          '428' => 1936,
          '7' => 64453,
          '26' => 416689,
          '227' => 7186,
          '99' => 10986,
          '566' => 51828,
          '526' => 88967,
          '72' => 48957,
          '500' => 561152,
          '264' => 275169,
          '255' => 37021,
          '533' => 11471,
          '359' => 4271,
          '182' => 44760,
          '108' => 124969,
          '604' => 41856,
          '556' => 290436,
          '717' => 115884,
          '462' => 206579,
          '414' => 286193,
          '232' => 3128,
          '477' => 167450,
          '671' => 166153,
          '225' => 15764,
          '330' => 67229,
          '142' => 28999,
          '207' => 5664,
          '632' => 39272,
          '263' => 40996,
          '394' => 21809,
          '167' => 175614,
          '48' => 224131,
          '360' => 16708,
          '692' => 5723,
          '610' => 102316,
          '514' => 81044,
          '663' => 7219,
          '513' => 9258,
          '615' => 204645,
          '50' => 333150,
          '476' => 20320,
          '510' => 20,
          '393' => 57384,
          '449' => 68284,
          '293' => 266737,
          '658' => 138833,
          '274' => 71843,
          '549' => 49066,
          '659' => 87508,
          '645' => 128624,
          '322' => 42785,
          '469' => 106903,
          '682' => 750,
          '635' => 25541,
          '353' => 38898,
          '575' => 15493,
          '375' => 59323,
          '709' => 31859,
          '128' => 52943,
          '28' => 320412,
          '310' => 25662,
          '40' => 17796,
          '589' => 205388,
          '303' => 67165,
          '192' => 381929,
          '250' => 5488,
          '614' => 78202,
          '699' => 345170,
          '501' => 950633,
          '215' => 27285,
          '687' => 64,
          '278' => 111159,
          '490' => 471207,
          '150' => 78191,
          '130' => 51997,
          '155' => 105620,
          '387' => 380178,
          '53' => 191902,
          '245' => 30745,
          '626' => 320936,
          '543' => 2685,
          '267' => 370564,
          '354' => 1202,
          '461' => 300024,
          '583' => 161289,
          '257' => 37074,
          '85' => 212235,
          '332' => 13570,
          '9' => 172609,
          '425' => 5560,
          '591' => 12692,
          '34' => 69199,
          '539' => 21385,
          '603' => 1622,
          '90' => 195513,
          '276' => 188836,
          '620' => 45366,
          '565' => 45494,
          '102' => 68373,
          '520' => 41,
          '532' => 270940,
          '16' => 53347,
          '55' => 21927,
          '233' => 2367,
          '57' => 45872,
          '259' => 3332,
          '368' => 3824,
          '424' => 2607,
          '316' => 225207,
          '163' => 80905,
          '395' => 77516,
          '89' => 92398,
          '611' => 79309,
          '175' => 162201,
          '584' => 281311,
          '35' => 34975,
          '11' => 92582,
          '492' => 3197424,
          '208' => 4210,
          '347' => 701,
          '511' => 37270,
          '665' => 14463,
          '434' => 134085,
          '93' => 4635,
          '292' => 299088,
          '291' => 215095,
          '374' => 58550,
          '114' => 53276,
          '199' => 15239,
          '442' => 122981,
          '429' => 159712,
          '649' => 322584,
          '689' => 5794,
          '648' => 225588,
          '642' => 70324,
          '73' => 92031,
          '409' => 2414,
          '67' => 75098,
          '241' => 255710,
          '198' => 4505,
          '489' => 511710,
          '585' => 170675,
          '327' => 50303,
          '320' => 9425,
          '674' => 270649,
          '280' => 36261,
          '273' => 58311,
          '471' => 7699,
          '622' => 63608,
          '202' => 162925,
          '249' => 20453,
          '361' => 246069,
          '465' => 7057,
          '184' => 10946,
          '24' => 254257,
          '140' => 15069,
          '104' => 24351,
          '131' => 44163,
          '181' => 32552,
          '412' => 292249,
          '385' => 148681,
          '502' => 232924,
          '307' => 43066,
          '314' => 331584,
          '154' => 163273,
          '355' => 888,
          '553' => 249075,
          '159' => 10709,
          '479' => 16397,
          '704' => 73001,
          '326' => 32046,
          '555' => 324868,
          '681' => 12724,
          '47' => 163063,
          '619' => 195,
          '37' => 27239,
          '335' => 66278,
          '270' => 65931,
          '698' => 416481,
          '5' => 79815,
          '195' => 356377,
          '621' => 85434,
          '538' => 25134,
          '524' => 136352,
          '554' => 299960,
          '680' => 18811,
          '679' => 46,
          '552' => 197967,
          '521' => 20054,
          '598' => 47,
          '162' => 13713,
          '433' => 146780,
          '647' => 12773,
          '74' => 39454,
          '240' => 8202,
          '334' => 22774,
          '440' => 362,
          '230' => 7259,
          '115' => 3719,
          '299' => 65899,
          '377' => 5981,
          '103' => 9764,
          '602' => 1247,
          '201' => 317494,
          '423' => 76916,
          '719' => 24066,
          '612' => 116026,
          '91' => 32317,
          '266' => 352998,
          '701' => 117403,
          '467' => 75346,
          '174' => 4610,
          '474' => 43575,
          '481' => 556284,
          '214' => 597,
          '422' => 25657,
          '564' => 74960,
          '563' => 139850,
          '97' => 41769,
          '41' => 68576,
          '668' => 111,
          '52' => 329545,
          '688' => 3110,
          '657' => 12389,
          '302' => 22030,
          '229' => 10670,
          '693' => 127628,
          '673' => 269631,
          '503' => 1441814,
          '593' => 73177,
          '68' => 37229,
          '188' => 8065,
          '315' => 240976,
          '402' => 68132,
          '641' => 124757,
          '338' => 171146,
          '576' => 37978,
          '616' => 28461,
          '222' => 9956,
          '640' => 17214,
          '25' => 233319,
          '83' => 552613,
          '484' => 3504696,
          '305' => 21825,
          '623' => 190390,
          '544' => 53,
          '217' => 268662,
          '328' => 38525,
          '239' => 3495,
          '122' => 346573,
          '143' => 35668,
          '628' => 323334,
          '158' => 81772,
          '269' => 295535,
          '281' => 47480,
          '464' => 132803,
          '363' => 233777,
          '46' => 41660,
          '6' => 51775,
          '562' => 44039,
          '630' => 115,
          '36' => 33989,
          '518' => 15498,
          '183' => 5388,
          '497' => 1840371,
          '472' => 26703,
          '362' => 274983,
          '439' => 93185,
          '317' => 264875,
          '608' => 211,
          '711' => 163,
          '132' => 49275,
          '169' => 300025,
          '411' => 311231,
          '705' => 24891,
          '478' => 42636,
          '384' => 3705,
          '398' => 129563,
          '546' => 11200,
          '537' => 125,
          '407' => 50023,
          '18' => 35550,
          '376' => 36103,
          '522' => 2070,
          '125' => 172583,
          '599' => 86470,
          '44' => 12947,
          '609' => 4552,
          '587' => 288103,
          '667' => 74198,
          '190' => 7413,
          '95' => 173084,
          '298' => 83714,
          '714' => 342,
          '601' => 35687,
          '313' => 164513,
          '243' => 318180,
          '231' => 20474,
          '551' => 154612,
          '529' => 18648,
          '148' => 346853,
          '343' => 1909,
          '504' => 1698156,
          '697' => 230760,
          '397' => 65152,
          '707' => 55565,
          '106' => 119849,
          '157' => 34716,
          '65' => 20711,
          '203' => 60472,
          '261' => 195087,
          '81' => 204794,
          '321' => 32365,
          '459' => 220496,
          '624' => 381867,
          '86' => 80738,
          '284' => 36495,
          '247' => 5777,
          '656' => 113,
          '371' => 38776,
          '204' => 243151,
          '165' => 111998,
          '289' => 257930,
          '2' => 1337718,
          '435' => 235269,
          '401' => 93554,
          '186' => 28879,
          '147' => 359561,
          '339' => 246437,
          '228' => 6426,
          '531' => 365027,
          '268' => 376515,
          '345' => 2197,
          '596' => 3295,
          '172' => 519279,
          '319' => 2438,
          '223' => 8533,
          '404' => 148649,
          '613' => 46055,
          '516' => 66827,
          '669' => 92769,
          '282' => 37327,
          '420' => 57154,
          '121' => 378478,
          '702' => 127,
          '639' => 119831,
          '344' => 463,
          '487' => 3100936,
          '494' => 2070406,
          '238' => 103855,
          '636' => 35690,
          '577' => 72782,
          '253' => 35880,
          '561' => 26600,
          '448' => 51094,
          '209' => 63229,
          '216' => 281649,
          '357' => 99985,
          '117' => 91758,
          '643' => 54353,
          '63' => 50360,
          '455' => 1069,
          '600' => 23521,
          '80' => 324438,
          '336' => 219361,
          '457' => 2662,
          '179' => 25768,
          '696' => 370492,
          '383' => 2853,
          '297' => 24205,
          '713' => 58924,
          '676' => 333379,
          '277' => 69531,
          '92' => 19035,
          '10' => 170444,
          '550' => 21517,
          '505' => 285021,
          '670' => 18600,
          '419' => 51110,
          '133' => 112891,
          '290' => 210687,
          '625' => 361200,
          '592' => 58186,
          '149' => 340361,
          '123' => 400856,
          '304' => 27941,
          '712' => 68,
          '631' => 900,
          '547' => 30411,
          '210' => 7021,
          '406' => 408,
          '258' => 18216,
          '396' => 93750,
          '482' => 2141123,
          '173' => 241734,
          '530' => 337436,
          '56' => 44957,
          '499' => 562695,
          '66' => 146098,
          '19' => 89486,
          '54' => 40020,
          '365' => 355179,
          '306' => 12752,
          '70' => 61698,
          '470' => 140593,
          '166' => 20275,
          '88' => 81253,
          '141' => 137826,
          '30' => 15727,
          '654' => 72664,
          '570' => 140769,
          '403' => 13883,
          '252' => 84496,
          '466' => 46287,
          '156' => 75924,
          '134' => 80901,
          '75' => 11422,
          '283' => 30036,
          '618' => 47459,
          '655' => 1732,
          '59' => 154088,
          '421' => 58728,
          '450' => 82087,
          '271' => 10362,
          '703' => 79,
          '491' => 83027,
          '219' => 37598,
          '318' => 3028,
          '13' => 92179,
          '105' => 22640,
          '473' => 40396,
          '185' => 18678,
          '3' => 455628,
          '597' => 277,
          '248' => 2222,
          '390' => 339193,
          '146' => 353952,
          '111' => 210308,
          '38' => 48435,
          '356' => 2117,
          '408' => 34673,
          '4' => 244136,
          '528' => 27373,
          '164' => 3179,
          '196' => 342103,
          '242' => 465073,
          '-1' => 19
        };
