write intervals: 
$VAR1 = {
          '1' => 307422,
          '2' => 715
        };
retention times: 
$VAR1 = {
          '127' => 5060,
          '32' => 2473,
          '443' => 5157,
          '206' => 861,
          '118' => 2804,
          '71' => 9218,
          '358' => 1139,
          '331' => 135,
          '580' => 2464,
          '84' => 791,
          '512' => 1572,
          '437' => 8355,
          '463' => 4628,
          '194' => 2220,
          '517' => 2268,
          '458' => 102937,
          '451' => 1735,
          '220' => 263,
          '454' => 2224,
          '634' => 93,
          '31' => 3290,
          '578' => 100700,
          '695' => 10128,
          '378' => 19,
          '325' => 1007,
          '29' => 3986,
          '572' => 262,
          '350' => 1358,
          '675' => 7369,
          '540' => 119,
          '58' => 4034,
          '684' => 302,
          '211' => 114,
          '153' => 5986,
          '15' => 6178,
          '527' => 10128,
          '431' => 7415,
          '337' => 11706,
          '101' => 9392,
          '340' => 494,
          '76' => 3801,
          '311' => 22,
          '62' => 2240,
          '139' => 4387,
          '129' => 3074,
          '548' => 9,
          '495' => 38,
          '662' => 1483,
          '418' => 54,
          '236' => 262,
          '706' => 2,
          '168' => 3824,
          '135' => 7572,
          '14' => 7042,
          '348' => 302,
          '145' => 567,
          '49' => 3653,
          '178' => 1906,
          '285' => 1604,
          '124' => 4514,
          '627' => 3985,
          '234' => 2565,
          '594' => 4805,
          '715' => 114,
          '0' => 219502,
          '23' => 18157,
          '388' => 263,
          '364' => 6336,
          '96' => 4665,
          '653' => 5105,
          '486' => 281,
          '509' => 386,
          '160' => 491,
          '367' => 1,
          '8' => 15822,
          '716' => 9,
          '98' => 104140,
          '43' => 3114,
          '686' => 1358,
          '485' => 5105,
          '685' => 2268,
          '21' => 17816,
          '523' => 296,
          '288' => 1224,
          '193' => 783,
          '460' => 3964,
          '119' => 13809,
          '586' => 54,
          '453' => 1604,
          '324' => 111,
          '180' => 302,
          '244' => 2464,
          '637' => 11524,
          '351' => 1253,
          '410' => 100700,
          '595' => 4044,
          '246' => 320,
          '690' => 2,
          '488' => 9468,
          '61' => 1806,
          '430' => 9307,
          '447' => 1438,
          '536' => 3,
          '379' => 114,
          '415' => 25,
          '113' => 14468,
          '152' => 9695,
          '189' => 7542,
          '452' => 1545,
          '342' => 586,
          '579' => 6486,
          '295' => 4628,
          '480' => 1,
          '341' => 386,
          '438' => 2173,
          '107' => 5872,
          '535' => 1,
          '87' => 1688,
          '77' => 2552,
          '683' => 3305,
          '444' => 1365,
          '508' => 494,
          '39' => 3936,
          '64' => 11372,
          '417' => 1069,
          '12' => 9099,
          '312' => 1,
          '45' => 2544,
          '507' => 7369,
          '405' => 122,
          '260' => 3705,
          '573' => 122,
          '237' => 122,
          '370' => 2,
          '309' => 394,
          '638' => 8159,
          '1' => 172153,
          '506' => 107940,
          '136' => 8828,
          '116' => 2431,
          '416' => 953,
          '144' => 1090,
          '380' => 9,
          '100' => 4324,
          '300' => 4678,
          '661' => 1007,
          '286' => 2224,
          '120' => 1789,
          '581' => 1620,
          '308' => 7,
          '254' => 6260,
          '177' => 6439,
          '678' => 586,
          '496' => 168,
          '605' => 8355,
          '607' => 1468,
          '42' => 2227,
          '22' => 5060,
          '644' => 7,
          '301' => 11524,
          '694' => 1139,
          '436' => 3284,
          '94' => 10264,
          '51' => 4770,
          '456' => 1224,
          '568' => 4666,
          '652' => 1005,
          '296' => 9634,
          '265' => 10368,
          '493' => 1007,
          '171' => 7369,
          '445' => 1701,
          '200' => 3,
          '366' => 204753,
          '329' => 2868,
          '525' => 7542,
          '27' => 6021,
          '161' => 3106,
          '272' => 1549,
          '582' => 320,
          '534' => 204753,
          '400' => 4666,
          '20' => 4803,
          '109' => 1942,
          '633' => 2092,
          '151' => 2032,
          '468' => 4678,
          '700' => 6336,
          '287' => 12284,
          '475' => 4155,
          '441' => 1725,
          '78' => 1828,
          '413' => 1620,
          '294' => 3781,
          '672' => 2,
          '349' => 2268,
          '275' => 5157,
          '515' => 3305,
          '197' => 338,
          '138' => 14486,
          '606' => 2173,
          '137' => 13366,
          '60' => 1587,
          '691' => 296,
          '666' => 354,
          '432' => 3026,
          '519' => 1253,
          '346' => 1906,
          '17' => 8327,
          '427' => 4044,
          '677' => 386,
          '708' => 119,
          '82' => 890,
          '110' => 3707,
          '650' => 101914,
          '333' => 1183,
          '710' => 861,
          '590' => 6260,
          '323' => 324,
          '69' => 2302,
          '112' => 2807,
          '664' => 168,
          '545' => 6,
          '191' => 10128,
          '187' => 296,
          '588' => 71,
          '646' => 273,
          '446' => 2930,
          '262' => 9307,
          '617' => 13530,
          '79' => 1134,
          '212' => 9,
          '352' => 244,
          '126' => 6754,
          '426' => 4805,
          '251' => 30,
          '542' => 861,
          '651' => 9621,
          '279' => 1438,
          '176' => 1572,
          '629' => 2864,
          '498' => 354,
          '483' => 9621,
          '256' => 7979,
          '372' => 119,
          '170' => 107940,
          '33' => 2834,
          '660' => 111,
          '428' => 3705,
          '7' => 23870,
          '26' => 5530,
          '99' => 4761,
          '566' => 961,
          '526' => 1139,
          '72' => 1817,
          '500' => 342,
          '255' => 149,
          '264' => 3026,
          '533' => 338,
          '359' => 10128,
          '182' => 1358,
          '108' => 2277,
          '604' => 3284,
          '556' => 263,
          '462' => 3781,
          '414' => 320,
          '232' => 4666,
          '477' => 394,
          '671' => 4283,
          '225' => 96,
          '330' => 354,
          '142' => 606,
          '632' => 9634,
          '263' => 7415,
          '167' => 4640,
          '48' => 7954,
          '360' => 8,
          '692' => 852,
          '610' => 1449,
          '514' => 1906,
          '663' => 38,
          '513' => 6439,
          '615' => 1438,
          '50' => 2296,
          '476' => 7,
          '510' => 586,
          '393' => 96,
          '449' => 13530,
          '293' => 2864,
          '658' => 23,
          '274' => 1449,
          '659' => 324,
          '645' => 394,
          '322' => 23,
          '469' => 11524,
          '682' => 1906,
          '353' => 4170,
          '575' => 7866,
          '128' => 10437,
          '28' => 9934,
          '310' => 273,
          '40' => 8367,
          '589' => 1327,
          '303' => 6776,
          '192' => 8,
          '250' => 54,
          '614' => 2930,
          '699' => 2279,
          '501' => 1183,
          '215' => 117,
          '687' => 1253,
          '278' => 2930,
          '490' => 23,
          '150' => 1553,
          '130' => 368,
          '155' => 944,
          '387' => 1564,
          '53' => 3620,
          '245' => 1620,
          '626' => 102937,
          '267' => 3373,
          '354' => 2,
          '461' => 2864,
          '583' => 25,
          '257' => 5146,
          '85' => 2052,
          '332' => 342,
          '9' => 25684,
          '425' => 5146,
          '591' => 149,
          '34' => 8856,
          '539' => 284,
          '603' => 3373,
          '90' => 5318,
          '276' => 1365,
          '620' => 1545,
          '102' => 3768,
          '520' => 244,
          '532' => 6336,
          '16' => 8252,
          '55' => 3592,
          '57' => 1534,
          '259' => 4044,
          '368' => 3,
          '424' => 7979,
          '316' => 1005,
          '163' => 377,
          '89' => 5917,
          '611' => 5157,
          '175' => 1939,
          '584' => 953,
          '35' => 1718,
          '11' => 12832,
          '492' => 111,
          '208' => 4097,
          '347' => 3305,
          '511' => 1939,
          '665' => 2868,
          '434' => 103550,
          '93' => 3539,
          '292' => 3964,
          '291' => 3985,
          '374' => 861,
          '114' => 5143,
          '199' => 1,
          '442' => 1449,
          '429' => 2505,
          '649' => 356,
          '689' => 4170,
          '648' => 1,
          '642' => 14069,
          '73' => 2361,
          '67' => 935,
          '198' => 204753,
          '489' => 5866,
          '585' => 1069,
          '327' => 38,
          '320' => 9468,
          '674' => 107940,
          '280' => 1992,
          '273' => 1725,
          '471' => 6776,
          '622' => 2224,
          '202' => 2,
          '249' => 1069,
          '361' => 783,
          '465' => 2092,
          '184' => 244,
          '24' => 17415,
          '140' => 870,
          '104' => 2948,
          '131' => 426,
          '181' => 2268,
          '412' => 2464,
          '502' => 280,
          '307' => 4155,
          '314' => 101914,
          '154' => 406,
          '355' => 296,
          '159' => 974,
          '479' => 22,
          '704' => 3,
          '326' => 1483,
          '555' => 1564,
          '681' => 6439,
          '47' => 2302,
          '619' => 1735,
          '37' => 1833,
          '335' => 4283,
          '270' => 2173,
          '698' => 2220,
          '5' => 21886,
          '195' => 2279,
          '621' => 1604,
          '538' => 2,
          '524' => 852,
          '680' => 1572,
          '679' => 1939,
          '552' => 4343,
          '521' => 4170,
          '598' => 9307,
          '162' => 548,
          '433' => 10368,
          '647' => 22,
          '74' => 101723,
          '334' => 280,
          '440' => 1549,
          '230' => 961,
          '115' => 2482,
          '377' => 6,
          '103' => 2837,
          '602' => 103550,
          '423' => 149,
          '719' => 117,
          '612' => 1365,
          '91' => 4447,
          '266' => 103550,
          '701' => 338,
          '174' => 586,
          '474' => 14069,
          '481' => 356,
          '422' => 6260,
          '97' => 11452,
          '41' => 2619,
          '668' => 342,
          '52' => 5863,
          '688' => 244,
          '657' => 5866,
          '302' => 8159,
          '693' => 7542,
          '673' => 11706,
          '503' => 4283,
          '593' => 5146,
          '68' => 3008,
          '188' => 852,
          '315' => 9621,
          '402' => 2565,
          '641' => 12780,
          '338' => 107940,
          '616' => 1992,
          '640' => 8495,
          '25' => 2009,
          '83' => 527,
          '484' => 1005,
          '305' => 12780,
          '623' => 12284,
          '544' => 4097,
          '328' => 168,
          '239' => 7866,
          '122' => 105339,
          '143' => 1037,
          '628' => 3964,
          '158' => 1810,
          '269' => 8355,
          '281' => 13530,
          '464' => 9634,
          '363' => 2279,
          '46' => 17144,
          '6' => 14958,
          '630' => 3781,
          '36' => 2515,
          '183' => 1253,
          '497' => 2868,
          '518' => 1358,
          '472' => 8495,
          '362' => 2220,
          '439' => 1468,
          '317' => 5105,
          '608' => 1549,
          '132' => 4897,
          '169' => 11706,
          '411' => 6486,
          '478' => 273,
          '384' => 4343,
          '398' => 961,
          '546' => 19,
          '407' => 7866,
          '18' => 7194,
          '376' => 4097,
          '125' => 3057,
          '522' => 2,
          '599' => 7415,
          '44' => 6133,
          '609' => 1725,
          '587' => 30,
          '667' => 135,
          '190' => 1139,
          '95' => 8532,
          '298' => 93,
          '714' => 19,
          '601' => 10368,
          '313' => 356,
          '243' => 6486,
          '551' => 117,
          '529' => 783,
          '148' => 1818,
          '343' => 1939,
          '504' => 2,
          '697' => 783,
          '707' => 284,
          '106' => 3805,
          '157' => 1137,
          '65' => 1324,
          '203' => 284,
          '261' => 2505,
          '81' => 1865,
          '321' => 5866,
          '459' => 3985,
          '624' => 1224,
          '86' => 7755,
          '284' => 1545,
          '247' => 25,
          '656' => 9468,
          '371' => 284,
          '204' => 119,
          '165' => 1586,
          '289' => 649,
          '2' => 161488,
          '435' => 3373,
          '186' => 2,
          '147' => 11121,
          '339' => 7369,
          '268' => 3284,
          '531' => 2279,
          '345' => 6439,
          '596' => 3705,
          '172' => 494,
          '319' => 1446,
          '404' => 262,
          '613' => 1701,
          '516' => 302,
          '669' => 1183,
          '282' => 4916,
          '420' => 71,
          '121' => 2207,
          '702' => 204753,
          '639' => 6776,
          '344' => 1572,
          '487' => 1446,
          '494' => 1483,
          '636' => 4678,
          '253' => 1327,
          '561' => 96,
          '448' => 1992,
          '209' => 6,
          '216' => 4343,
          '357' => 7542,
          '117' => 2266,
          '643' => 4155,
          '63' => 6427,
          '455' => 12284,
          '600' => 3026,
          '80' => 2279,
          '336' => 2,
          '457' => 649,
          '179' => 3305,
          '696' => 8,
          '383' => 117,
          '297' => 2092,
          '713' => 6,
          '676' => 494,
          '277' => 1701,
          '92' => 5034,
          '10' => 14512,
          '505' => 11706,
          '670' => 280,
          '419' => 30,
          '133' => 11699,
          '290' => 102937,
          '625' => 649,
          '592' => 7979,
          '149' => 5271,
          '123' => 4777,
          '304' => 8495,
          '712' => 4097,
          '631' => 4628,
          '210' => 19,
          '547' => 114,
          '258' => 4805,
          '482' => 101914,
          '173' => 386,
          '56' => 808,
          '499' => 135,
          '530' => 2220,
          '66' => 4115,
          '19' => 9519,
          '54' => 4379,
          '365' => 338,
          '306' => 14069,
          '70' => 838,
          '470' => 8159,
          '166' => 460,
          '88' => 11030,
          '141' => 1435,
          '30' => 213098,
          '654' => 281,
          '570' => 2565,
          '252' => 71,
          '466' => 93,
          '156' => 294,
          '134' => 8797,
          '75' => 8612,
          '283' => 1735,
          '618' => 4916,
          '655' => 1446,
          '59' => 2879,
          '421' => 1327,
          '450' => 4916,
          '271' => 1468,
          '703' => 1,
          '491' => 324,
          '219' => 1564,
          '318' => 281,
          '13' => 12695,
          '105' => 2493,
          '473' => 12780,
          '185' => 4170,
          '3' => 42064,
          '597' => 2505,
          '248' => 953,
          '146' => 102063,
          '111' => 3730,
          '38' => 4180,
          '356' => 852,
          '4' => 47427,
          '528' => 8,
          '164' => 822,
          '196' => 6336,
          '242' => 100700
        };
