write intervals: 
$VAR1 = {
          '4' => 2,
          '1' => 59285,
          '12' => 1,
          '2' => 700
        };
retention times: 
$VAR1 = {
          '559' => 10,
          '127' => 414,
          '32' => 92,
          '443' => 260,
          '206' => 247,
          '118' => 2,
          '71' => 102,
          '331' => 236,
          '560' => 304,
          '580' => 39,
          '84' => 42971,
          '512' => 153,
          '437' => 24125,
          '463' => 566,
          '194' => 10,
          '517' => 1127,
          '458' => 15,
          '451' => 236,
          '220' => 349,
          '634' => 2,
          '31' => 170,
          '578' => 1241,
          '325' => 39,
          '29' => 34620,
          '572' => 3,
          '350' => 244,
          '675' => 16,
          '226' => 1,
          '58' => 54,
          '684' => 253,
          '211' => 6,
          '153' => 68,
          '15' => 14584,
          '527' => 1249,
          '382' => 4,
          '337' => 2,
          '101' => 24309,
          '340' => 358,
          '76' => 89,
          '311' => 514,
          '62' => 13,
          '571' => 238,
          '139' => 2,
          '389' => 25930,
          '129' => 6,
          '548' => 771,
          '495' => 148,
          '662' => 21,
          '418' => 30,
          '706' => 680,
          '218' => 6,
          '168' => 109,
          '135' => 205,
          '14' => 244,
          '348' => 159841,
          '145' => 9,
          '49' => 62,
          '178' => 2,
          '285' => 1290,
          '124' => 452,
          '627' => 7,
          '234' => 3,
          '715' => 351,
          '0' => 38304,
          '23' => 1277,
          '388' => 348,
          '364' => 346,
          '96' => 15,
          '653' => 354,
          '509' => 44746,
          '160' => 7,
          '569' => 3,
          '367' => 4417,
          '8' => 18670,
          '716' => 4,
          '98' => 8,
          '43' => 782,
          '686' => 12,
          '485' => 26195,
          '391' => 712,
          '685' => 30403,
          '21' => 327,
          '523' => 2,
          '288' => 20,
          '193' => 11,
          '460' => 348,
          '119' => 186,
          '586' => 5,
          '453' => 2,
          '324' => 127817,
          '180' => 30408,
          '244' => 346,
          '637' => 23122,
          '351' => 8,
          '410' => 14,
          '488' => 69,
          '61' => 477,
          '447' => 112,
          '536' => 132,
          '379' => 1,
          '415' => 331,
          '113' => 139,
          '152' => 11,
          '189' => 4,
          '452' => 2,
          '579' => 14,
          '295' => 641,
          '480' => 2,
          '341' => 26289,
          '438' => 4,
          '107' => 43,
          '535' => 15586,
          '87' => 47,
          '77' => 26283,
          '683' => 2,
          '444' => 147357,
          '541' => 141118,
          '508' => 380,
          '39' => 95,
          '64' => 41,
          '558' => 16029,
          '417' => 3,
          '12' => 1157,
          '45' => 47,
          '507' => 14,
          '405' => 4,
          '260' => 2,
          '573' => 3,
          '370' => 36,
          '309' => 13,
          '638' => 4,
          '567' => 13,
          '1' => 1729,
          '506' => 16,
          '116' => 2,
          '136' => 91,
          '416' => 78,
          '144' => 11,
          '380' => 1,
          '100' => 317,
          '300' => 129904,
          '661' => 134462,
          '120' => 40,
          '381' => 1243,
          '308' => 25,
          '392' => 534,
          '254' => 29,
          '177' => 6,
          '678' => 26368,
          '496' => 30,
          '605' => 229,
          '373' => 34,
          '607' => 9,
          '205' => 20,
          '42' => 50,
          '22' => 1275,
          '399' => 3,
          '235' => 5,
          '301' => 17,
          '694' => 3,
          '436' => 317,
          '213' => 3,
          '51' => 175,
          '568' => 5,
          '652' => 4,
          '265' => 8,
          '296' => 35,
          '493' => 448,
          '171' => 15,
          '386' => 14,
          '445' => 409,
          '200' => 5,
          '366' => 12287,
          '329' => 54,
          '525' => 20,
          '27' => 109,
          '161' => 243,
          '272' => 340,
          '582' => 26073,
          '534' => 34358,
          '400' => 4,
          '20' => 1244,
          '109' => 21,
          '633' => 87,
          '151' => 515,
          '557' => 406,
          '718' => 3,
          '468' => 154652,
          '700' => 33,
          '287' => 1,
          '475' => 23,
          '441' => 64,
          '78' => 183,
          '413' => 26255,
          '294' => 2,
          '349' => 471,
          '515' => 726,
          '197' => 32752,
          '138' => 7,
          '606' => 24145,
          '137' => 12,
          '60' => 146162,
          '666' => 242,
          '519' => 184,
          '346' => 257,
          '17' => 4641,
          '427' => 1,
          '677' => 346,
          '708' => 32,
          '82' => 5,
          '110' => 101,
          '333' => 1,
          '710' => 19,
          '590' => 4,
          '323' => 3,
          '69' => 20,
          '112' => 46,
          '664' => 12,
          '545' => 2,
          '191' => 95,
          '187' => 3,
          '588' => 4,
          '446' => 7,
          '262' => 1,
          '79' => 642,
          '212' => 3,
          '352' => 2,
          '126' => 45,
          '426' => 28,
          '251' => 254,
          '542' => 95,
          '369' => 2109,
          '651' => 47,
          '279' => 238,
          '176' => 313,
          '629' => 354,
          '498' => 147,
          '483' => 64,
          '256' => 6,
          '372' => 159305,
          '574' => 19,
          '170' => 21,
          '33' => 58,
          '660' => 5,
          '7' => 12976,
          '26' => 11,
          '99' => 85,
          '566' => 468,
          '526' => 8,
          '72' => 178,
          '255' => 34,
          '533' => 2763,
          '359' => 1,
          '108' => 26207,
          '604' => 9,
          '556' => 79,
          '717' => 2,
          '462' => 1,
          '232' => 5,
          '671' => 55,
          '225' => 1,
          '330' => 4,
          '142' => 38,
          '207' => 144,
          '632' => 403,
          '263' => 1,
          '394' => 5,
          '167' => 121,
          '48' => 7145,
          '360' => 71,
          '610' => 2,
          '514' => 25,
          '663' => 6,
          '513' => 78,
          '615' => 3,
          '50' => 19,
          '476' => 3,
          '510' => 129,
          '393' => 9,
          '449' => 4,
          '293' => 26066,
          '658' => 64,
          '274' => 2,
          '549' => 2,
          '659' => 2,
          '322' => 5,
          '469' => 485,
          '682' => 4,
          '635' => 2,
          '353' => 2,
          '375' => 18,
          '709' => 126848,
          '128' => 105,
          '28' => 2839,
          '310' => 2,
          '40' => 15,
          '589' => 42955,
          '192' => 2,
          '303' => 50,
          '250' => 3,
          '614' => 15,
          '699' => 8,
          '215' => 3,
          '278' => 1,
          '490' => 3007,
          '150' => 200,
          '130' => 2,
          '155' => 6,
          '387' => 62,
          '53' => 16235,
          '245' => 26241,
          '543' => 92,
          '267' => 36,
          '354' => 4,
          '461' => 26014,
          '583' => 134,
          '257' => 279,
          '85' => 5,
          '332' => 3,
          '9' => 1216,
          '425' => 12,
          '591' => 1,
          '34' => 24,
          '603' => 8,
          '90' => 8,
          '276' => 139146,
          '102' => 51,
          '565' => 146147,
          '520' => 67,
          '532' => 74,
          '16' => 175,
          '55' => 326,
          '233' => 41,
          '57' => 12,
          '259' => 4,
          '368' => 1543,
          '316' => 346,
          '163' => 47,
          '395' => 5,
          '89' => 1,
          '611' => 3,
          '175' => 87,
          '584' => 607,
          '35' => 6,
          '11' => 56158,
          '492' => 176965,
          '208' => 11,
          '347' => 3,
          '511' => 146,
          '665' => 4,
          '434' => 12,
          '93' => 3,
          '292' => 374,
          '291' => 69,
          '374' => 6,
          '114' => 267,
          '199' => 365,
          '442' => 5,
          '429' => 10,
          '642' => 10,
          '73' => 1253,
          '67' => 5,
          '241' => 9,
          '198' => 17449,
          '489' => 4,
          '585' => 97,
          '327' => 170,
          '320' => 63,
          '280' => 4,
          '273' => 199,
          '471' => 5,
          '622' => 288,
          '202' => 52,
          '249' => 4,
          '465' => 177,
          '24' => 149923,
          '140' => 4,
          '104' => 18,
          '131' => 2,
          '181' => 13,
          '412' => 346,
          '385' => 53,
          '307' => 33,
          '314' => 16,
          '154' => 2,
          '355' => 82,
          '159' => 12,
          '553' => 2,
          '704' => 355,
          '326' => 38,
          '555' => 17,
          '681' => 313,
          '47' => 366,
          '619' => 260,
          '37' => 136,
          '335' => 1,
          '270' => 35,
          '698' => 3,
          '5' => 969,
          '195' => 34,
          '538' => 3,
          '524' => 32364,
          '554' => 2,
          '680' => 86,
          '552' => 3,
          '521' => 88,
          '162' => 33,
          '433' => 1,
          '74' => 14,
          '240' => 164,
          '440' => 143,
          '230' => 1,
          '115' => 3,
          '299' => 253,
          '103' => 595,
          '201' => 681,
          '423' => 170,
          '719' => 3,
          '612' => 4,
          '91' => 1,
          '266' => 19,
          '701' => 347,
          '467' => 3,
          '474' => 3,
          '481' => 4,
          '214' => 3,
          '422' => 4,
          '564' => 438,
          '563' => 3,
          '97' => 13,
          '41' => 344,
          '668' => 43,
          '52' => 494,
          '688' => 10,
          '657' => 11,
          '302' => 241,
          '673' => 6,
          '503' => 236,
          '593' => 1,
          '68' => 4,
          '188' => 2,
          '315' => 13,
          '402' => 241,
          '641' => 49,
          '338' => 16,
          '576' => 5,
          '616' => 31,
          '640' => 204,
          '25' => 11798,
          '83' => 45,
          '484' => 336,
          '305' => 3,
          '544' => 6,
          '217' => 9,
          '328' => 3,
          '239' => 1,
          '122' => 9,
          '143' => 378,
          '628' => 3,
          '158' => 6,
          '269' => 26312,
          '464' => 79,
          '363' => 13,
          '46' => 3,
          '6' => 2705,
          '562' => 2,
          '630' => 13037,
          '36' => 141157,
          '183' => 10,
          '497' => 22,
          '518' => 20,
          '472' => 235,
          '362' => 16,
          '439' => 381,
          '317' => 26017,
          '608' => 582,
          '711' => 245,
          '132' => 23128,
          '169' => 13,
          '411' => 13,
          '384' => 3,
          '398' => 18,
          '546' => 3,
          '537' => 84,
          '18' => 2106,
          '376' => 360,
          '125' => 13199,
          '522' => 3,
          '44' => 50,
          '609' => 17,
          '587' => 5,
          '667' => 30,
          '298' => 6,
          '95' => 188,
          '714' => 31,
          '313' => 8,
          '243' => 23,
          '551' => 3,
          '148' => 442,
          '343' => 164,
          '397' => 44,
          '707' => 52,
          '106' => 3,
          '157' => 21,
          '65' => 67,
          '203' => 32,
          '261' => 3,
          '81' => 10,
          '321' => 255,
          '459' => 66,
          '284' => 11,
          '86' => 1,
          '247' => 180,
          '656' => 502,
          '371' => 109,
          '204' => 126854,
          '165' => 2,
          '289' => 8,
          '2' => 467,
          '435' => 8,
          '401' => 30,
          '186' => 1,
          '147' => 79,
          '339' => 28,
          '268' => 357,
          '531' => 9,
          '345' => 6,
          '172' => 346,
          '319' => 277,
          '223' => 3,
          '404' => 21,
          '613' => 26197,
          '516' => 47302,
          '669' => 3,
          '282' => 44,
          '420' => 38650,
          '121' => 13,
          '702' => 32750,
          '639' => 4,
          '344' => 65,
          '487' => 657,
          '494' => 13,
          '636' => 2,
          '253' => 390,
          '561' => 106,
          '448' => 10,
          '209' => 32,
          '216' => 33,
          '357' => 40,
          '117' => 291,
          '63' => 10,
          '455' => 19,
          '80' => 97,
          '336' => 1,
          '179' => 254,
          '383' => 237,
          '297' => 6,
          '713' => 11,
          '676' => 13,
          '277' => 28,
          '92' => 2,
          '10' => 783,
          '550' => 19,
          '505' => 4433,
          '670' => 2,
          '419' => 44,
          '133' => 4,
          '290' => 18,
          '625' => 28,
          '592' => 39,
          '123' => 78,
          '149' => 16131,
          '304' => 181,
          '712' => 144,
          '631' => 3,
          '210' => 352,
          '547' => 2,
          '258' => 5,
          '396' => 175989,
          '482' => 15,
          '173' => 26369,
          '499' => 1,
          '56' => 108,
          '66' => 243,
          '19' => 36769,
          '54' => 67,
          '365' => 35913,
          '306' => 45,
          '470' => 8,
          '166' => 55,
          '88' => 46,
          '30' => 15631,
          '141' => 1,
          '654' => 15966,
          '570' => 66,
          '403' => 7,
          '252' => 134460,
          '466' => 254,
          '283' => 3,
          '156' => 134469,
          '75' => 115,
          '134' => 4,
          '618' => 139,
          '655' => 61,
          '59' => 446,
          '421' => 91,
          '450' => 3,
          '271' => 159,
          '703' => 17432,
          '491' => 47,
          '318' => 4,
          '13' => 61,
          '105' => 6,
          '473' => 4,
          '3' => 1315,
          '185' => 1,
          '248' => 26,
          '111' => 48,
          '146' => 49,
          '38' => 139,
          '356' => 12,
          '4' => 49492,
          '528' => 313,
          '164' => 4,
          '196' => 347,
          '242' => 17
        };
