write intervals: 
$VAR1 = {
          '1' => 119831,
          '2' => 716
        };
retention times: 
$VAR1 = {
          '559' => 21018,
          '127' => 415,
          '32' => 621,
          '443' => 47,
          '206' => 3613,
          '118' => 740,
          '71' => 1738,
          '358' => 114,
          '331' => 21,
          '560' => 15048,
          '580' => 153,
          '84' => 1278,
          '512' => 15970,
          '437' => 13,
          '463' => 46,
          '194' => 181,
          '458' => 74,
          '517' => 11438,
          '451' => 114,
          '220' => 14,
          '454' => 92,
          '31' => 8835,
          '578' => 152,
          '695' => 6231,
          '378' => 45,
          '325' => 26,
          '29' => 436,
          '572' => 4928,
          '350' => 624,
          '675' => 1,
          '540' => 11,
          '226' => 7,
          '58' => 298503,
          '211' => 403,
          '153' => 30,
          '15' => 30067,
          '527' => 265,
          '431' => 356,
          '382' => 2091,
          '337' => 74,
          '101' => 47,
          '340' => 15,
          '76' => 158,
          '311' => 47,
          '62' => 25476,
          '139' => 394,
          '389' => 104,
          '129' => 692,
          '548' => 480,
          '495' => 14,
          '662' => 201,
          '418' => 11,
          '236' => 254,
          '706' => 1,
          '218' => 56,
          '168' => 1171,
          '135' => 435,
          '14' => 14432,
          '348' => 5,
          '145' => 92,
          '49' => 263,
          '178' => 22,
          '285' => 126,
          '124' => 80,
          '627' => 2,
          '234' => 71,
          '715' => 78,
          '0' => 64683,
          '23' => 65076,
          '364' => 32,
          '388' => 43,
          '96' => 1026,
          '653' => 73,
          '486' => 48,
          '509' => 1745,
          '160' => 1185,
          '569' => 47,
          '367' => 7040,
          '8' => 23710,
          '716' => 131,
          '98' => 3822,
          '43' => 1766,
          '686' => 16,
          '485' => 269,
          '391' => 409,
          '21' => 56679,
          '523' => 26339,
          '288' => 339,
          '193' => 758,
          '460' => 54,
          '119' => 708,
          '586' => 10176,
          '453' => 256,
          '324' => 166,
          '180' => 45,
          '244' => 46,
          '637' => 83,
          '351' => 44,
          '410' => 60,
          '246' => 23,
          '690' => 9,
          '488' => 45,
          '61' => 573,
          '430' => 102,
          '447' => 79,
          '536' => 35,
          '379' => 50,
          '415' => 45818,
          '113' => 79,
          '152' => 66,
          '189' => 692,
          '342' => 5,
          '452' => 71,
          '579' => 60,
          '295' => 69,
          '341' => 22,
          '480' => 40,
          '438' => 5,
          '107' => 51,
          '535' => 72,
          '87' => 341,
          '77' => 452,
          '444' => 245,
          '541' => 2919,
          '508' => 3302,
          '221' => 37,
          '39' => 483,
          '64' => 17753,
          '558' => 1608,
          '417' => 2,
          '12' => 8546,
          '312' => 499,
          '45' => 1515,
          '507' => 10369,
          '405' => 60,
          '260' => 469,
          '573' => 297,
          '237' => 555,
          '370' => 74,
          '309' => 96,
          '638' => 34,
          '567' => 16333,
          '1' => 33238,
          '506' => 35307,
          '136' => 3718,
          '116' => 719,
          '416' => 49,
          '144' => 335,
          '380' => 69,
          '100' => 27,
          '300' => 80,
          '661' => 123,
          '286' => 144,
          '120' => 937,
          '381' => 330,
          '581' => 1,
          '308' => 5228,
          '392' => 7,
          '254' => 1165,
          '177' => 12,
          '678' => 23623,
          '496' => 44,
          '373' => 2273,
          '205' => 72,
          '42' => 6693,
          '22' => 31391,
          '644' => 30,
          '399' => 2001,
          '235' => 300,
          '301' => 27,
          '436' => 8,
          '213' => 919,
          '94' => 525,
          '51' => 250,
          '456' => 57,
          '568' => 28,
          '296' => 98,
          '265' => 1071578,
          '493' => 30,
          '171' => 438,
          '386' => 23,
          '445' => 111,
          '200' => 147,
          '366' => 36,
          '329' => 8,
          '525' => 28038,
          '27' => 1132,
          '161' => 291,
          '272' => 60155,
          '582' => 379,
          '534' => 7354,
          '400' => 45,
          '20' => 27278,
          '109' => 270,
          '151' => 4765,
          '557' => 1,
          '468' => 54,
          '700' => 44130,
          '287' => 474,
          '475' => 102,
          '441' => 233,
          '78' => 47,
          '413' => 14,
          '294' => 84,
          '672' => 1,
          '349' => 38,
          '275' => 235,
          '515' => 6891,
          '197' => 44305,
          '138' => 554,
          '606' => 60416,
          '137' => 360,
          '60' => 4421,
          '666' => 6,
          '432' => 35,
          '519' => 29109,
          '346' => 465,
          '17' => 6591,
          '427' => 133,
          '708' => 39,
          '82' => 75,
          '110' => 251,
          '333' => 680,
          '710' => 404,
          '590' => 79,
          '323' => 14,
          '69' => 6091,
          '112' => 219,
          '664' => 2,
          '545' => 4748,
          '191' => 2056,
          '224' => 26,
          '187' => 87,
          '588' => 1,
          '446' => 25,
          '262' => 582,
          '617' => 1,
          '79' => 509,
          '212' => 105,
          '352' => 556,
          '126' => 73,
          '426' => 4374,
          '251' => 199,
          '542' => 146,
          '369' => 33,
          '279' => 4650,
          '176' => 53,
          '498' => 93,
          '483' => 36,
          '256' => 675,
          '372' => 215,
          '574' => 160,
          '170' => 1295,
          '33' => 834,
          '660' => 15,
          '428' => 232,
          '7' => 57951,
          '26' => 1084,
          '227' => 1692,
          '99' => 71,
          '566' => 562,
          '526' => 51842,
          '72' => 2922,
          '500' => 201,
          '255' => 141451,
          '264' => 359196,
          '533' => 20,
          '359' => 47,
          '182' => 41,
          '108' => 205,
          '717' => 1,
          '462' => 48,
          '414' => 4,
          '232' => 1579,
          '477' => 192,
          '671' => 61,
          '225' => 117,
          '330' => 13,
          '142' => 401,
          '207' => 486,
          '263' => 2533,
          '394' => 15412,
          '167' => 656,
          '48' => 1621,
          '360' => 628,
          '692' => 482,
          '610' => 13,
          '514' => 10947,
          '663' => 989,
          '513' => 69217,
          '615' => 28,
          '50' => 532,
          '476' => 52,
          '510' => 46826,
          '393' => 9779,
          '449' => 107,
          '293' => 113,
          '274' => 651,
          '659' => 64,
          '645' => 42,
          '322' => 5,
          '469' => 44,
          '635' => 121,
          '353' => 6,
          '575' => 1268,
          '375' => 490,
          '709' => 3562,
          '128' => 296,
          '28' => 768,
          '310' => 86,
          '40' => 165064,
          '589' => 62,
          '303' => 84,
          '192' => 6412,
          '250' => 70,
          '614' => 1,
          '699' => 69,
          '501' => 267,
          '215' => 242,
          '687' => 17938,
          '278' => 90,
          '490' => 29,
          '150' => 228,
          '130' => 73,
          '155' => 50,
          '387' => 26,
          '53' => 184,
          '245' => 716,
          '626' => 202,
          '543' => 150281,
          '267' => 33588,
          '354' => 7,
          '461' => 21,
          '583' => 2,
          '257' => 464,
          '85' => 1637,
          '332' => 17,
          '9' => 26970,
          '425' => 124,
          '591' => 201,
          '34' => 892,
          '539' => 393,
          '603' => 5,
          '90' => 69,
          '276' => 153,
          '620' => 29,
          '565' => 24128,
          '102' => 39,
          '520' => 3890,
          '532' => 11,
          '16' => 50186,
          '55' => 1767,
          '233' => 102,
          '57' => 18172,
          '259' => 674,
          '424' => 276,
          '368' => 42,
          '316' => 331,
          '163' => 234,
          '395' => 506672,
          '89' => 180,
          '611' => 17,
          '175' => 24748,
          '584' => 131,
          '35' => 421,
          '11' => 13221,
          '492' => 81,
          '347' => 2,
          '208' => 8042,
          '511' => 20991,
          '665' => 632,
          '434' => 20,
          '93' => 3986,
          '292' => 80,
          '291' => 142,
          '374' => 33,
          '114' => 123,
          '199' => 37841,
          '442' => 315,
          '429' => 72,
          '649' => 283,
          '689' => 7381,
          '642' => 18,
          '73' => 413,
          '409' => 21,
          '67' => 359,
          '241' => 905,
          '198' => 127,
          '489' => 79,
          '585' => 5,
          '327' => 12,
          '320' => 217,
          '280' => 1195,
          '273' => 2907,
          '471' => 33,
          '622' => 1,
          '361' => 33,
          '202' => 53,
          '249' => 1767,
          '465' => 15,
          '184' => 18144,
          '24' => 42156,
          '140' => 340,
          '104' => 48,
          '131' => 126,
          '181' => 1455,
          '412' => 49,
          '385' => 14,
          '502' => 257,
          '314' => 28,
          '307' => 22645,
          '154' => 47,
          '355' => 4664,
          '553' => 103,
          '159' => 571,
          '479' => 59,
          '704' => 1,
          '326' => 127,
          '555' => 4,
          '47' => 6141,
          '619' => 366,
          '37' => 166,
          '335' => 448,
          '270' => 58,
          '698' => 106,
          '5' => 3813,
          '195' => 179,
          '524' => 55070,
          '554' => 1,
          '552' => 26,
          '521' => 39033,
          '598' => 21,
          '162' => 1125,
          '433' => 66,
          '647' => 1,
          '74' => 93,
          '240' => 710,
          '334' => 150,
          '440' => 27,
          '230' => 799,
          '115' => 1339,
          '299' => 20,
          '377' => 54,
          '103' => 65911,
          '201' => 15,
          '423' => 288,
          '91' => 501,
          '266' => 138,
          '467' => 75,
          '174' => 38,
          '474' => 1614,
          '481' => 1186,
          '214' => 111,
          '422' => 287,
          '564' => 43,
          '563' => 3876,
          '97' => 3972,
          '41' => 40453,
          '668' => 9,
          '52' => 413,
          '688' => 3158,
          '302' => 73,
          '229' => 3167,
          '693' => 2894,
          '503' => 67262,
          '593' => 4,
          '68' => 315,
          '188' => 86,
          '315' => 20,
          '402' => 34,
          '641' => 254,
          '338' => 62,
          '576' => 146,
          '616' => 8,
          '222' => 25,
          '640' => 19,
          '25' => 566,
          '83' => 10292,
          '484' => 47,
          '305' => 405,
          '623' => 23,
          '544' => 12533,
          '217' => 145,
          '328' => 6,
          '239' => 489,
          '122' => 691,
          '143' => 277,
          '628' => 264,
          '158' => 235,
          '269' => 52,
          '281' => 32,
          '464' => 40,
          '363' => 38,
          '46' => 10354,
          '6' => 2127,
          '562' => 1186,
          '630' => 6,
          '36' => 5257,
          '183' => 259,
          '497' => 26,
          '518' => 6915,
          '472' => 318,
          '362' => 41,
          '439' => 82,
          '317' => 11,
          '608' => 14012,
          '711' => 7880,
          '132' => 313,
          '169' => 149,
          '411' => 4,
          '478' => 324,
          '398' => 92,
          '384' => 57,
          '546' => 373,
          '537' => 1,
          '407' => 74,
          '18' => 182449,
          '376' => 301,
          '522' => 29019,
          '125' => 391,
          '599' => 564,
          '44' => 2704,
          '609' => 85,
          '587' => 1032,
          '667' => 4,
          '190' => 3149,
          '95' => 1473,
          '298' => 10,
          '714' => 286,
          '601' => 3736,
          '313' => 56,
          '231' => 410,
          '243' => 97,
          '551' => 4,
          '529' => 193,
          '148' => 74,
          '343' => 352,
          '504' => 18804,
          '697' => 39,
          '397' => 884,
          '707' => 1,
          '106' => 143,
          '157' => 1519,
          '65' => 623,
          '203' => 56,
          '261' => 356,
          '81' => 716,
          '459' => 160,
          '321' => 4,
          '86' => 158,
          '284' => 159,
          '247' => 19,
          '371' => 256,
          '204' => 65,
          '165' => 500,
          '289' => 172,
          '2' => 24193,
          '435' => 21,
          '401' => 68,
          '186' => 8157,
          '147' => 267,
          '339' => 14,
          '228' => 53,
          '531' => 14,
          '268' => 999,
          '345' => 291,
          '596' => 1123,
          '172' => 340,
          '319' => 22333,
          '223' => 916,
          '404' => 43,
          '516' => 8880,
          '669' => 40,
          '282' => 69,
          '420' => 401,
          '121' => 118,
          '702' => 37665,
          '639' => 3405,
          '344' => 10,
          '487' => 35,
          '494' => 72,
          '238' => 1625,
          '636' => 3221,
          '577' => 21,
          '253' => 161,
          '561' => 270151,
          '448' => 163,
          '209' => 1738,
          '216' => 150,
          '357' => 74,
          '117' => 390,
          '63' => 1643,
          '455' => 557,
          '600' => 3255,
          '80' => 62,
          '336' => 121,
          '457' => 5651,
          '179' => 26,
          '696' => 692,
          '383' => 94,
          '297' => 20,
          '713' => 818,
          '277' => 33,
          '92' => 164,
          '10' => 85535,
          '550' => 43,
          '505' => 20762,
          '670' => 1,
          '419' => 176,
          '133' => 3753,
          '290' => 21231,
          '625' => 565,
          '592' => 38,
          '149' => 85,
          '123' => 308,
          '304' => 483,
          '712' => 1600,
          '631' => 52,
          '547' => 627,
          '210' => 905,
          '406' => 43,
          '258' => 544,
          '396' => 162,
          '482' => 389,
          '173' => 177,
          '56' => 26888,
          '499' => 2973,
          '66' => 803,
          '19' => 31939,
          '54' => 122,
          '365' => 46,
          '306' => 151,
          '70' => 934,
          '470' => 332,
          '166' => 1413,
          '88' => 343,
          '141' => 558,
          '30' => 751,
          '654' => 4687,
          '570' => 13,
          '403' => 154,
          '252' => 217,
          '466' => 24,
          '156' => 208,
          '134' => 183,
          '75' => 300,
          '283' => 464,
          '618' => 1200,
          '59' => 2211,
          '421' => 68,
          '450' => 37,
          '271' => 767,
          '703' => 104,
          '491' => 73,
          '219' => 44,
          '318' => 16,
          '13' => 10579,
          '105' => 14869,
          '473' => 8317,
          '185' => 3395,
          '3' => 36456,
          '597' => 219,
          '248' => 116,
          '390' => 16,
          '146' => 365,
          '111' => 73,
          '38' => 3244,
          '408' => 17,
          '356' => 42,
          '4' => 11059,
          '528' => 10,
          '164' => 256,
          '196' => 97,
          '242' => 102
        };
