write intervals: 
$VAR1 = {
          '1' => 1851519,
          '2' => 719
        };
retention times: 
$VAR1 = {
          '559' => 419535,
          '127' => 485466,
          '32' => 513839,
          '443' => 421674,
          '206' => 422586,
          '118' => 562917,
          '71' => 499603,
          '358' => 421846,
          '331' => 447324,
          '560' => 420861,
          '580' => 417602,
          '84' => 508034,
          '512' => 425478,
          '437' => 408900,
          '463' => 463230,
          '194' => 424083,
          '517' => 429484,
          '458' => 468755,
          '451' => 414463,
          '220' => 418721,
          '454' => 474188,
          '634' => 464412,
          '31' => 509093,
          '578' => 418229,
          '695' => 424083,
          '378' => 413405,
          '325' => 439542,
          '29' => 514063,
          '572' => 416732,
          '350' => 429484,
          '675' => 434119,
          '540' => 422586,
          '226' => 420861,
          '58' => 494851,
          '684' => 429484,
          '211' => 413405,
          '153' => 464479,
          '15' => 513497,
          '527' => 431438,
          '431' => 422293,
          '382' => 414413,
          '337' => 429992,
          '101' => 489999,
          '340' => 423314,
          '76' => 508920,
          '311' => 463426,
          '62' => 483640,
          '571' => 413732,
          '139' => 479243,
          '389' => 395288,
          '129' => 497312,
          '548' => 415283,
          '495' => 454565,
          '662' => 454565,
          '418' => 419361,
          '236' => 421985,
          '706' => 422808,
          '218' => 414652,
          '168' => 429418,
          '135' => 489382,
          '14' => 513592,
          '348' => 425301,
          '145' => 472990,
          '49' => 512399,
          '178' => 425478,
          '285' => 487233,
          '124' => 505082,
          '627' => 466553,
          '234' => 415763,
          '594' => 417979,
          '715' => 415283,
          '0' => 504747669,
          '23' => 525939,
          '388' => 414389,
          '364' => 428088,
          '96' => 489847,
          '653' => 453699,
          '486' => 453699,
          '509' => 429453,
          '160' => 456717,
          '569' => 413063,
          '367' => 429579,
          '8' => 502804,
          '716' => 414413,
          '98' => 488156,
          '43' => 507615,
          '686' => 432317,
          '485' => 465841,
          '391' => 415670,
          '685' => 425486,
          '21' => 581255,
          '523' => 429062,
          '288' => 473632,
          '193' => 431438,
          '460' => 466553,
          '119' => 606521,
          '586' => 416356,
          '453' => 559121,
          '324' => 456363,
          '180' => 424031,
          '244' => 418229,
          '637' => 461727,
          '351' => 425486,
          '410' => 419563,
          '595' => 419324,
          '246' => 417602,
          '690' => 429062,
          '488' => 452879,
          '61' => 491310,
          '430' => 413051,
          '447' => 417885,
          '536' => 424982,
          '379' => 415997,
          '415' => 415856,
          '113' => 491168,
          '152' => 463099,
          '189' => 429062,
          '452' => 487233,
          '342' => 429453,
          '579' => 414837,
          '295' => 451772,
          '480' => 453664,
          '341' => 434119,
          '438' => 426485,
          '107' => 469376,
          '535' => 424589,
          '87' => 493911,
          '77' => 508934,
          '683' => 430892,
          '444' => 416144,
          '541' => 419175,
          '508' => 434119,
          '221' => 414389,
          '39' => 497450,
          '64' => 492496,
          '558' => 415670,
          '417' => 417518,
          '12' => 513466,
          '312' => 454779,
          '45' => 501218,
          '507' => 423314,
          '405' => 416732,
          '260' => 417979,
          '573' => 411270,
          '237' => 413732,
          '370' => 423427,
          '309' => 452399,
          '638' => 464770,
          '567' => 413430,
          '1' => 8857610,
          '506' => 424839,
          '136' => 487997,
          '116' => 489357,
          '416' => 418019,
          '144' => 477499,
          '380' => 415542,
          '100' => 488117,
          '300' => 464412,
          '661' => 449597,
          '286' => 559121,
          '120' => 518586,
          '381' => 415283,
          '581' => 417941,
          '308' => 461196,
          '392' => 419535,
          '254' => 407094,
          '177' => 429651,
          '678' => 429651,
          '496' => 451573,
          '605' => 426485,
          '373' => 422586,
          '607' => 425052,
          '205' => 422808,
          '42' => 503771,
          '22' => 524989,
          '644' => 459301,
          '399' => 415849,
          '235' => 413063,
          '301' => 450895,
          '694' => 431438,
          '436' => 419573,
          '213' => 415542,
          '94' => 499142,
          '51' => 498524,
          '456' => 472753,
          '568' => 415763,
          '652' => 465841,
          '296' => 463230,
          '265' => 412176,
          '493' => 440010,
          '171' => 427948,
          '386' => 413728,
          '445' => 415255,
          '200' => 429579,
          '366' => 431807,
          '329' => 451573,
          '525' => 421846,
          '27' => 507771,
          '272' => 418783,
          '161' => 458005,
          '582' => 415856,
          '534' => 429579,
          '400' => 413430,
          '20' => 516416,
          '109' => 470385,
          '633' => 452679,
          '151' => 474049,
          '557' => 420540,
          '718' => 417375,
          '468' => 450895,
          '700' => 431807,
          '287' => 474188,
          '475' => 461196,
          '441' => 419859,
          '78' => 505646,
          '413' => 417602,
          '294' => 451208,
          '672' => 427948,
          '349' => 430892,
          '275' => 420540,
          '515' => 425301,
          '197' => 428088,
          '138' => 481907,
          '606' => 418783,
          '137' => 487439,
          '60' => 490554,
          '691' => 422741,
          '666' => 444746,
          '432' => 412176,
          '519' => 432317,
          '346' => 431070,
          '17' => 512357,
          '427' => 417979,
          '677' => 431862,
          '708' => 419175,
          '82' => 501900,
          '110' => 465180,
          '650' => 453081,
          '333' => 434092,
          '710' => 418859,
          '590' => 420495,
          '323' => 457112,
          '69' => 504694,
          '112' => 487055,
          '664' => 444451,
          '545' => 413405,
          '191' => 421846,
          '224' => 415670,
          '187' => 427275,
          '588' => 407094,
          '646' => 454779,
          '446' => 420101,
          '262' => 417337,
          '617' => 420319,
          '79' => 511609,
          '212' => 415997,
          '352' => 432317,
          '126' => 500608,
          '426' => 420665,
          '251' => 419361,
          '542' => 422675,
          '369' => 424982,
          '651' => 458993,
          '279' => 420101,
          '176' => 431862,
          '629' => 451772,
          '498' => 447324,
          '483' => 453081,
          '256' => 420495,
          '372' => 422808,
          '574' => 415283,
          '170' => 429992,
          '33' => 504978,
          '660' => 440010,
          '428' => 419324,
          '7' => 506326,
          '26' => 516915,
          '227' => 418727,
          '99' => 493181,
          '566' => 415849,
          '526' => 431930,
          '72' => 497196,
          '500' => 434092,
          '264' => 422293,
          '255' => 414661,
          '533' => 431807,
          '359' => 431930,
          '182' => 430892,
          '108' => 469362,
          '604' => 408900,
          '556' => 395288,
          '717' => 418310,
          '462' => 451772,
          '414' => 417941,
          '232' => 415849,
          '477' => 459301,
          '671' => 429992,
          '225' => 419535,
          '330' => 444451,
          '142' => 471258,
          '207' => 419175,
          '632' => 468437,
          '263' => 413051,
          '394' => 418727,
          '167' => 653690,
          '48' => 509484,
          '360' => 431438,
          '692' => 421846,
          '610' => 421674,
          '514' => 424031,
          '663' => 451573,
          '513' => 431070,
          '615' => 419405,
          '50' => 500444,
          '476' => 452399,
          '510' => 431862,
          '393' => 420861,
          '449' => 418598,
          '293' => 466553,
          '658' => 456363,
          '274' => 419859,
          '549' => 414413,
          '659' => 439542,
          '645' => 463426,
          '322' => 458135,
          '469' => 465306,
          '682' => 425301,
          '635' => 450895,
          '353' => 432323,
          '575' => 413777,
          '375' => 422675,
          '709' => 422675,
          '128' => 485754,
          '28' => 512053,
          '310' => 459301,
          '40' => 500436,
          '589' => 414661,
          '303' => 461727,
          '192' => 431930,
          '250' => 417518,
          '614' => 417885,
          '699' => 426466,
          '501' => 653404,
          '215' => 414413,
          '687' => 432323,
          '278' => 415255,
          '490' => 457112,
          '150' => 465833,
          '130' => 493121,
          '155' => 464530,
          '387' => 418721,
          '53' => 501611,
          '245' => 414837,
          '626' => 468658,
          '543' => 418859,
          '267' => 418649,
          '354' => 427275,
          '461' => 451208,
          '583' => 418019,
          '257' => 416167,
          '85' => 503728,
          '332' => 444746,
          '9' => 508606,
          '425' => 414988,
          '591' => 416167,
          '34' => 495158,
          '539' => 422808,
          '603' => 419573,
          '90' => 497468,
          '276' => 421674,
          '620' => 559121,
          '565' => 419377,
          '102' => 483715,
          '520' => 432323,
          '532' => 426466,
          '16' => 511969,
          '55' => 469034,
          '233' => 413430,
          '57' => 490404,
          '259' => 420665,
          '368' => 424589,
          '424' => 416167,
          '316' => 453081,
          '163' => 445525,
          '395' => 419310,
          '89' => 507499,
          '611' => 416144,
          '175' => 429453,
          '584' => 417518,
          '35' => 496098,
          '11' => 508424,
          '492' => 439542,
          '208' => 422675,
          '347' => 424031,
          '511' => 429651,
          '665' => 447324,
          '434' => 418649,
          '93' => 496880,
          '292' => 468658,
          '291' => 468755,
          '374' => 419175,
          '114' => 488727,
          '199' => 431807,
          '442' => 420540,
          '429' => 417337,
          '649' => 451725,
          '689' => 493626,
          '648' => 457876,
          '642' => 461196,
          '73' => 500760,
          '409' => 418770,
          '67' => 488252,
          '241' => 413777,
          '198' => 426466,
          '489' => 458135,
          '585' => 419361,
          '327' => 449597,
          '320' => 456294,
          '674' => 423314,
          '280' => 417885,
          '273' => 425052,
          '471' => 464770,
          '622' => 473632,
          '202' => 424982,
          '249' => 418019,
          '361' => 424083,
          '465' => 468437,
          '184' => 425486,
          '24' => 526238,
          '140' => 481490,
          '104' => 482485,
          '131' => 502457,
          '181' => 425301,
          '412' => 414837,
          '385' => 414652,
          '502' => 429418,
          '307' => 462275,
          '314' => 457876,
          '154' => 459388,
          '355' => 493626,
          '553' => 413728,
          '159' => 446269,
          '479' => 454779,
          '704' => 423427,
          '326' => 440010,
          '555' => 414389,
          '681' => 424031,
          '47' => 506421,
          '619' => 487233,
          '37' => 500659,
          '335' => 429418,
          '270' => 408900,
          '698' => 428088,
          '5' => 502979,
          '195' => 426178,
          '621' => 474188,
          '538' => 428842,
          '524' => 422741,
          '554' => 418721,
          '680' => 431070,
          '679' => 425478,
          '552' => 414652,
          '521' => 427275,
          '598' => 422293,
          '162' => 452910,
          '433' => 420803,
          '647' => 453664,
          '74' => 497246,
          '240' => 415283,
          '334' => 653404,
          '440' => 425052,
          '230' => 408542,
          '115' => 487778,
          '299' => 452679,
          '377' => 422079,
          '103' => 468116,
          '602' => 419913,
          '201' => 424589,
          '423' => 420495,
          '719' => 414652,
          '612' => 415255,
          '91' => 493283,
          '266' => 420803,
          '701' => 429579,
          '467' => 464412,
          '174' => 434119,
          '474' => 462275,
          '481' => 457876,
          '214' => 415283,
          '422' => 414661,
          '564' => 408542,
          '563' => 418527,
          '97' => 499185,
          '41' => 506866,
          '668' => 653404,
          '52' => 499588,
          '688' => 427275,
          '657' => 457112,
          '302' => 465306,
          '229' => 418527,
          '693' => 431930,
          '673' => 424839,
          '503' => 422460,
          '593' => 420665,
          '68' => 490115,
          '188' => 493626,
          '315' => 451725,
          '402' => 413063,
          '641' => 462275,
          '338' => 427948,
          '576' => 418770,
          '616' => 418598,
          '222' => 395288,
          '640' => 460446,
          '25' => 521629,
          '83' => 503767,
          '484' => 458993,
          '305' => 461539,
          '623' => 472753,
          '544' => 422079,
          '217' => 417375,
          '328' => 454565,
          '239' => 411270,
          '122' => 514011,
          '143' => 473100,
          '628' => 451208,
          '158' => 445805,
          '269' => 419573,
          '281' => 419405,
          '464' => 458980,
          '363' => 428677,
          '46' => 504809,
          '6' => 507489,
          '562' => 419310,
          '630' => 463230,
          '36' => 493903,
          '518' => 425486,
          '183' => 429484,
          '497' => 444451,
          '472' => 461539,
          '362' => 426178,
          '439' => 418783,
          '317' => 458993,
          '608' => 419859,
          '711' => 422079,
          '132' => 486310,
          '169' => 422460,
          '411' => 418229,
          '705' => 428842,
          '478' => 463426,
          '384' => 417375,
          '398' => 419377,
          '546' => 415997,
          '537' => 423427,
          '407' => 415283,
          '18' => 520893,
          '376' => 418859,
          '522' => 493626,
          '125' => 502895,
          '599' => 412176,
          '44' => 498837,
          '609' => 420540,
          '587' => 407080,
          '667' => 434092,
          '190' => 422741,
          '95' => 495311,
          '298' => 468437,
          '714' => 415542,
          '601' => 418649,
          '313' => 453664,
          '243' => 419563,
          '231' => 419377,
          '551' => 417375,
          '529' => 426178,
          '148' => 458411,
          '343' => 431862,
          '504' => 429992,
          '697' => 428677,
          '397' => 408542,
          '707' => 422586,
          '106' => 477057,
          '157' => 462653,
          '65' => 489862,
          '203' => 423427,
          '261' => 419324,
          '81' => 501141,
          '321' => 452879,
          '459' => 468658,
          '624' => 476008,
          '86' => 494146,
          '284' => 414463,
          '247' => 417941,
          '656' => 458135,
          '371' => 428842,
          '204' => 428842,
          '165' => 446325,
          '289' => 472753,
          '2' => 504643,
          '435' => 419913,
          '401' => 415763,
          '186' => 432323,
          '147' => 464617,
          '339' => 424839,
          '228' => 419310,
          '531' => 428088,
          '268' => 419913,
          '345' => 425478,
          '596' => 417337,
          '172' => 424839,
          '319' => 453699,
          '223' => 420540,
          '404' => 413732,
          '613' => 420101,
          '516' => 430892,
          '669' => 429418,
          '282' => 418598,
          '420' => 407080,
          '121' => 516035,
          '702' => 424589,
          '639' => 461539,
          '344' => 429651,
          '487' => 456294,
          '494' => 449597,
          '238' => 416732,
          '636' => 465306,
          '577' => 419563,
          '253' => 407080,
          '561' => 418727,
          '448' => 419405,
          '209' => 418859,
          '216' => 418310,
          '357' => 422741,
          '117' => 483545,
          '643' => 452399,
          '63' => 476204,
          '455' => 473632,
          '600' => 420803,
          '80' => 503106,
          '336' => 422460,
          '457' => 476008,
          '179' => 431070,
          '696' => 426178,
          '383' => 418310,
          '297' => 458980,
          '713' => 415997,
          '676' => 429453,
          '277' => 416144,
          '92' => 498060,
          '10' => 510377,
          '550' => 418310,
          '505' => 427948,
          '670' => 422460,
          '419' => 416356,
          '133' => 492182,
          '290' => 476008,
          '625' => 468755,
          '592' => 414988,
          '149' => 459772,
          '123' => 514290,
          '304' => 464770,
          '712' => 413405,
          '631' => 458980,
          '547' => 415542,
          '210' => 422079,
          '406' => 411270,
          '258' => 414988,
          '396' => 418527,
          '482' => 451725,
          '173' => 423314,
          '530' => 428677,
          '56' => 496646,
          '499' => 444746,
          '66' => 484401,
          '19' => 519081,
          '54' => 496222,
          '365' => 426466,
          '306' => 460446,
          '70' => 495892,
          '470' => 461727,
          '166' => 435214,
          '88' => 503259,
          '141' => 479301,
          '30' => 512458,
          '654' => 456294,
          '570' => 421985,
          '403' => 421985,
          '252' => 416356,
          '466' => 452679,
          '156' => 463628,
          '134' => 477431,
          '75' => 505899,
          '283' => 420319,
          '618' => 414463,
          '655' => 452879,
          '59' => 493025,
          '421' => 407094,
          '450' => 420319,
          '271' => 426485,
          '703' => 424982,
          '491' => 456363,
          '219' => 413728,
          '318' => 465841,
          '13' => 504636,
          '105' => 474193,
          '473' => 460446,
          '185' => 432317,
          '3' => 507220,
          '597' => 413051,
          '248' => 415856,
          '390' => 420540,
          '146' => 460724,
          '111' => 466762,
          '38' => 495015,
          '356' => 429062,
          '408' => 413777,
          '4' => 510678,
          '528' => 424083,
          '164' => 448524,
          '196' => 428677,
          '242' => 418770
        };
