write intervals: 
$VAR1 = {
          '6' => 5,
          '1' => 11485,
          '23' => 5,
          '2' => 583
        };
retention times: 
$VAR1 = {
          '559' => 9808,
          '127' => 2208,
          '32' => 29511,
          '443' => 31,
          '206' => 4522,
          '118' => 13538,
          '71' => 17851,
          '358' => 2955,
          '331' => 1347,
          '560' => 6746,
          '580' => 546,
          '84' => 24118,
          '512' => 3939,
          '437' => 1142,
          '463' => 3406,
          '194' => 1403,
          '517' => 1052,
          '458' => 118,
          '451' => 3007,
          '220' => 1640,
          '454' => 2955,
          '634' => 4020,
          '31' => 15838,
          '578' => 85,
          '695' => 9808,
          '378' => 1098,
          '325' => 32,
          '29' => 20316,
          '572' => 3167,
          '350' => 472,
          '226' => 4020,
          '58' => 32961,
          '684' => 7024,
          '211' => 3280,
          '153' => 5894,
          '15' => 26561,
          '527' => 2,
          '431' => 9235,
          '337' => 1566,
          '101' => 27458,
          '340' => 2010,
          '76' => 23877,
          '311' => 662,
          '62' => 60121,
          '571' => 6352,
          '139' => 10477,
          '129' => 2198,
          '548' => 7024,
          '495' => 2429,
          '662' => 1,
          '418' => 6352,
          '236' => 1547,
          '706' => 6858,
          '218' => 1093,
          '168' => 5373,
          '135' => 18,
          '14' => 35540,
          '348' => 1341,
          '145' => 5464,
          '49' => 25463,
          '178' => 1239,
          '285' => 7767,
          '124' => 574,
          '627' => 2748,
          '234' => 3595,
          '594' => 118,
          '715' => 31,
          '0' => 820689,
          '23' => 29175,
          '388' => 3,
          '364' => 2772,
          '96' => 13252,
          '653' => 1052,
          '486' => 472,
          '509' => 3645,
          '160' => 5470,
          '569' => 5525,
          '367' => 3270,
          '8' => 35796,
          '716' => 546,
          '98' => 16439,
          '43' => 20630,
          '686' => 7717,
          '485' => 1869,
          '391' => 2,
          '685' => 11220,
          '21' => 29473,
          '523' => 43,
          '288' => 6746,
          '193' => 5265,
          '460' => 9,
          '119' => 5681,
          '586' => 1239,
          '453' => 5,
          '324' => 9,
          '244' => 3937,
          '637' => 1128,
          '351' => 1570,
          '410' => 10851,
          '690' => 6352,
          '488' => 2071,
          '61' => 22457,
          '430' => 5630,
          '447' => 662,
          '379' => 1121,
          '415' => 6545,
          '113' => 14422,
          '152' => 6746,
          '189' => 32,
          '342' => 4522,
          '579' => 31,
          '295' => 9235,
          '480' => 2310,
          '341' => 4533,
          '438' => 3352,
          '107' => 16263,
          '87' => 29055,
          '77' => 25300,
          '683' => 10477,
          '444' => 546,
          '508' => 1547,
          '221' => 3100,
          '39' => 7682,
          '64' => 35688,
          '558' => 6553,
          '417' => 5464,
          '12' => 35303,
          '312' => 310,
          '45' => 16300,
          '507' => 1578,
          '573' => 1142,
          '237' => 3645,
          '370' => 3595,
          '309' => 173,
          '638' => 1902,
          '567' => 9235,
          '1' => 20011,
          '506' => 3595,
          '116' => 29316,
          '136' => 404941,
          '416' => 9310,
          '144' => 9310,
          '380' => 3937,
          '100' => 13519,
          '300' => 3167,
          '286' => 6553,
          '120' => 1073,
          '381' => 1052,
          '581' => 173,
          '308' => 546,
          '254' => 1,
          '177' => 1325,
          '496' => 1967,
          '605' => 2700,
          '373' => 3645,
          '607' => 2305,
          '205' => 4533,
          '42' => 29685,
          '22' => 33184,
          '644' => 1547,
          '235' => 1578,
          '301' => 1142,
          '694' => 6553,
          '436' => 3167,
          '213' => 1869,
          '94' => 21817,
          '51' => 22185,
          '456' => 27,
          '568' => 5470,
          '652' => 3937,
          '296' => 5470,
          '493' => 3100,
          '171' => 31,
          '386' => 1,
          '445' => 173,
          '200' => 2553,
          '366' => 1902,
          '329' => 5265,
          '27' => 24823,
          '161' => 5525,
          '272' => 3285,
          '582' => 1232,
          '20' => 27748,
          '109' => 20433,
          '633' => 1950,
          '151' => 9808,
          '557' => 7767,
          '718' => 1232,
          '468' => 3596,
          '700' => 9355,
          '287' => 9808,
          '475' => 4272,
          '441' => 2965,
          '78' => 33810,
          '413' => 11220,
          '294' => 5630,
          '349' => 1869,
          '275' => 10477,
          '515' => 1121,
          '197' => 2700,
          '138' => 10851,
          '606' => 3007,
          '137' => 10932,
          '60' => 47797,
          '691' => 9916,
          '432' => 5470,
          '519' => 50,
          '346' => 1693,
          '17' => 32295,
          '427' => 4888,
          '708' => 3167,
          '82' => 48091,
          '110' => 21274,
          '650' => 1098,
          '333' => 2700,
          '710' => 3352,
          '590' => 2955,
          '69' => 46510,
          '112' => 20964,
          '545' => 10932,
          '191' => 3406,
          '224' => 1967,
          '646' => 3515,
          '446' => 1232,
          '617' => 2584,
          '79' => 29787,
          '212' => 1341,
          '352' => 2071,
          '126' => 23,
          '426' => 7375,
          '251' => 43,
          '369' => 1736,
          '651' => 1121,
          '279' => 6545,
          '176' => 310,
          '629' => 3100,
          '498' => 4020,
          '483' => 3280,
          '372' => 1547,
          '574' => 3352,
          '170' => 85,
          '33' => 26699,
          '660' => 3,
          '428' => 9355,
          '7' => 32410,
          '26' => 28150,
          '227' => 4361,
          '99' => 10544,
          '566' => 5630,
          '526' => 1,
          '72' => 29174,
          '500' => 2772,
          '255' => 2,
          '359' => 2429,
          '182' => 2955,
          '108' => 19230,
          '604' => 3596,
          '556' => 7177,
          '717' => 173,
          '462' => 477,
          '414' => 7717,
          '232' => 2991,
          '477' => 4533,
          '225' => 1950,
          '330' => 1403,
          '142' => 7717,
          '207' => 3251,
          '632' => 1967,
          '167' => 1637,
          '48' => 7762,
          '360' => 1967,
          '692' => 7177,
          '610' => 5104,
          '514' => 1098,
          '663' => 2,
          '513' => 2899,
          '615' => 3251,
          '50' => 27168,
          '476' => 2010,
          '510' => 3515,
          '449' => 1325,
          '293' => 6395,
          '658' => 1,
          '274' => 10851,
          '549' => 11220,
          '659' => 43,
          '645' => 3645,
          '322' => 118,
          '469' => 2700,
          '682' => 10851,
          '635' => 4361,
          '353' => 1675,
          '575' => 1637,
          '375' => 2818,
          '709' => 1142,
          '128' => 2566,
          '28' => 17368,
          '310' => 1232,
          '40' => 13419,
          '589' => 5,
          '303' => 1637,
          '192' => 60,
          '250' => 1,
          '614' => 4522,
          '699' => 4888,
          '501' => 1128,
          '215' => 1570,
          '687' => 6545,
          '278' => 7717,
          '490' => 1093,
          '150' => 6553,
          '130' => 1761,
          '155' => 4888,
          '387' => 43,
          '53' => 25332,
          '245' => 1052,
          '626' => 1093,
          '354' => 1093,
          '461' => 32,
          '583' => 662,
          '85' => 22051,
          '332' => 3596,
          '9' => 33107,
          '425' => 5894,
          '591' => 311,
          '34' => 24708,
          '603' => 1347,
          '90' => 26868,
          '276' => 7024,
          '620' => 1341,
          '102' => 21064,
          '565' => 6395,
          '520' => 89,
          '16' => 44514,
          '55' => 29528,
          '233' => 1736,
          '57' => 35175,
          '368' => 2991,
          '424' => 6746,
          '163' => 6352,
          '89' => 16838,
          '611' => 4272,
          '175' => 662,
          '584' => 310,
          '35' => 10016,
          '11' => 33135,
          '492' => 1640,
          '208' => 2310,
          '347' => 3280,
          '511' => 2818,
          '434' => 6858,
          '93' => 18243,
          '292' => 9355,
          '291' => 4888,
          '374' => 3515,
          '114' => 13784,
          '199' => 2305,
          '442' => 85,
          '429' => 6395,
          '649' => 2899,
          '689' => 5464,
          '648' => 3939,
          '642' => 3595,
          '73' => 26815,
          '409' => 10932,
          '67' => 49475,
          '241' => 2899,
          '198' => 3007,
          '489' => 1675,
          '585' => 1325,
          '327' => 3406,
          '320' => 27,
          '280' => 9310,
          '273' => 10932,
          '471' => 2305,
          '622' => 472,
          '202' => 5104,
          '361' => 1950,
          '465' => 5265,
          '184' => 27,
          '24' => 27234,
          '140' => 7024,
          '104' => 26099,
          '131' => 1269,
          '181' => 5,
          '412' => 7024,
          '502' => 1902,
          '307' => 31,
          '314' => 1239,
          '154' => 7375,
          '355' => 2748,
          '159' => 9235,
          '479' => 3251,
          '553' => 5464,
          '704' => 5470,
          '326' => 477,
          '555' => 9916,
          '681' => 10932,
          '47' => 17428,
          '619' => 3280,
          '37' => 21112,
          '335' => 2305,
          '698' => 7375,
          '5' => 37312,
          '195' => 1347,
          '621' => 1869,
          '524' => 3,
          '554' => 6352,
          '680' => 3285,
          '552' => 9310,
          '598' => 477,
          '162' => 6858,
          '433' => 5525,
          '647' => 2818,
          '74' => 24267,
          '240' => 3939,
          '334' => 3007,
          '440' => 5373,
          '230' => 1902,
          '115' => 26037,
          '299' => 6352,
          '377' => 2899,
          '103' => 37460,
          '602' => 1403,
          '201' => 1566,
          '423' => 9808,
          '719' => 662,
          '612' => 2010,
          '91' => 16478,
          '701' => 6395,
          '467' => 1347,
          '174' => 1232,
          '474' => 5104,
          '481' => 2584,
          '214' => 472,
          '422' => 6553,
          '564' => 9355,
          '563' => 4888,
          '97' => 17939,
          '41' => 15183,
          '52' => 24574,
          '688' => 9310,
          '302' => 3352,
          '229' => 1128,
          '693' => 7767,
          '503' => 3270,
          '593' => 31,
          '68' => 29882,
          '188' => 9,
          '315' => 3007,
          '641' => 1736,
          '338' => 5104,
          '576' => 5373,
          '616' => 2310,
          '222' => 2955,
          '640' => 2991,
          '25' => 30960,
          '83' => 24345,
          '484' => 1341,
          '305' => 2965,
          '623' => 1570,
          '544' => 3285,
          '217' => 1675,
          '328' => 60,
          '239' => 2818,
          '122' => 2353,
          '143' => 6545,
          '628' => 1640,
          '158' => 5630,
          '281' => 5464,
          '464' => 60,
          '363' => 4361,
          '46' => 31273,
          '6' => 32232,
          '562' => 7375,
          '630' => 2955,
          '36' => 9311,
          '183' => 311,
          '497' => 1950,
          '472' => 2553,
          '362' => 4020,
          '439' => 1637,
          '317' => 5,
          '608' => 2553,
          '711' => 1637,
          '132' => 484,
          '169' => 2965,
          '411' => 10477,
          '705' => 5525,
          '478' => 4522,
          '384' => 89,
          '546' => 10851,
          '18' => 26270,
          '376' => 3939,
          '125' => 5659,
          '522' => 1,
          '599' => 3406,
          '44' => 24045,
          '609' => 1566,
          '587' => 3007,
          '190' => 477,
          '95' => 23038,
          '298' => 6858,
          '714' => 85,
          '601' => 5265,
          '313' => 1325,
          '243' => 1121,
          '231' => 3270,
          '551' => 6545,
          '148' => 7177,
          '343' => 3251,
          '504' => 2991,
          '697' => 5894,
          '707' => 6352,
          '106' => 13528,
          '157' => 6395,
          '65' => 61663,
          '203' => 4272,
          '81' => 22832,
          '321' => 31,
          '624' => 2071,
          '86' => 30970,
          '284' => 7177,
          '247' => 50,
          '656' => 89,
          '371' => 1578,
          '204' => 2010,
          '165' => 1142,
          '289' => 5894,
          '2' => 26294,
          '435' => 6352,
          '186' => 118,
          '147' => 9916,
          '339' => 4272,
          '228' => 2772,
          '345' => 2584,
          '596' => 9,
          '172' => 546,
          '319' => 311,
          '223' => 2429,
          '613' => 4533,
          '516' => 3937,
          '282' => 6352,
          '420' => 7177,
          '121' => 1431,
          '702' => 5630,
          '639' => 3270,
          '344' => 2310,
          '487' => 1570,
          '494' => 2955,
          '238' => 3515,
          '636' => 2772,
          '577' => 2965,
          '561' => 5894,
          '448' => 310,
          '209' => 2584,
          '216' => 2071,
          '357' => 3100,
          '117' => 38635,
          '643' => 1578,
          '63' => 38056,
          '455' => 311,
          '600' => 60,
          '80' => 26914,
          '336' => 2553,
          '457' => 31,
          '179' => 3007,
          '696' => 6746,
          '383' => 50,
          '297' => 5525,
          '713' => 2965,
          '277' => 11220,
          '92' => 21091,
          '10' => 28610,
          '550' => 7717,
          '505' => 1736,
          '419' => 9916,
          '133' => 20,
          '290' => 7375,
          '625' => 1675,
          '592' => 27,
          '149' => 7767,
          '123' => 465,
          '304' => 5373,
          '712' => 5373,
          '631' => 2429,
          '210' => 1693,
          '547' => 10477,
          '482' => 1693,
          '173' => 173,
          '56' => 18844,
          '499' => 4361,
          '66' => 48843,
          '19' => 24516,
          '54' => 21143,
          '365' => 1128,
          '306' => 85,
          '70' => 52292,
          '470' => 3007,
          '166' => 3352,
          '88' => 16339,
          '141' => 11220,
          '30' => 19233,
          '570' => 6858,
          '252' => 3,
          '466' => 1403,
          '134' => 62,
          '156' => 9355,
          '75' => 38838,
          '283' => 9916,
          '618' => 1693,
          '655' => 50,
          '59' => 44087,
          '421' => 7767,
          '450' => 1239,
          '703' => 9235,
          '491' => 2748,
          '219' => 2748,
          '318' => 2955,
          '13' => 28680,
          '105' => 18425,
          '473' => 1566,
          '185' => 31,
          '3' => 26373,
          '597' => 32,
          '248' => 89,
          '390' => 1,
          '146' => 6352,
          '111' => 12526,
          '38' => 19679,
          '356' => 1640,
          '408' => 3285,
          '4' => 25915,
          '164' => 3167,
          '196' => 3596,
          '242' => 1098
        };
