write intervals: 
$VAR1 = {
          '11' => 4,
          '7' => 3,
          '2' => 108,
          '22' => 1,
          '1' => 2599,
          '18' => 10,
          '16' => 3,
          '6' => 3,
          '3' => 24,
          '9' => 1,
          '15' => 9,
          '20' => 1,
          '14' => 1,
          '8' => 1,
          '4' => 5,
          '10' => 1,
          '19' => 1,
          '5' => 8
        };
retention times: 
$VAR1 = {
          '127' => 25429,
          '32' => 1576,
          '90' => 80,
          '118' => 33,
          '71' => 104,
          '620' => 4,
          '102' => 51,
          '358' => 2,
          '331' => 22,
          '532' => 4,
          '16' => 7086,
          '55' => 72,
          '463' => 3,
          '259' => 16175,
          '57' => 24,
          '517' => 24,
          '458' => 9033552,
          '454' => 2,
          '163' => 75,
          '89' => 84,
          '634' => 3764,
          '31' => 365,
          '578' => 6,
          '35' => 28,
          '11' => 164,
          '665' => 22,
          '93' => 204,
          '292' => 7913596,
          '29' => 76,
          '350' => 24,
          '291' => 9033552,
          '374' => 2,
          '114' => 9,
          '429' => 606,
          '58' => 8,
          '684' => 24,
          '649' => 8,
          '153' => 24,
          '15' => 4392,
          '527' => 27219,
          '431' => 5,
          '101' => 56,
          '73' => 8,
          '76' => 50,
          '62' => 4,
          '67' => 20,
          '241' => 27223,
          '198' => 4,
          '139' => 1298,
          '129' => 49,
          '548' => 5,
          '495' => 7,
          '662' => 7,
          '280' => 4,
          '471' => 2669,
          '622' => 20830,
          '168' => 4,
          '184' => 7,
          '135' => 3398,
          '14' => 2875,
          '145' => 3,
          '49' => 152,
          '24' => 59370,
          '140' => 447,
          '104' => 3,
          '124' => 9034315,
          '627' => 1923950,
          '131' => 12,
          '502' => 4,
          '715' => 5,
          '154' => 6,
          '0' => 32533,
          '23' => 42846,
          '364' => 3,
          '96' => 139,
          '479' => 3,
          '47' => 108,
          '8' => 2560,
          '98' => 27836,
          '335' => 4,
          '37' => 108,
          '43' => 20,
          '698' => 3,
          '5' => 1965,
          '685' => 7,
          '621' => 2,
          '524' => 7,
          '21' => 26885,
          '288' => 20830,
          '193' => 27219,
          '460' => 1923950,
          '119' => 74,
          '453' => 4,
          '598' => 5,
          '244' => 6,
          '162' => 10720,
          '637' => 10434,
          '351' => 7,
          '647' => 27216,
          '410' => 3,
          '595' => 7,
          '74' => 27838,
          '334' => 22,
          '61' => 20,
          '299' => 89743,
          '115' => 19,
          '430' => 10,
          '447' => 4,
          '103' => 267,
          '602' => 4,
          '423' => 7,
          '113' => 25,
          '152' => 36,
          '295' => 18782,
          '91' => 11264,
          '480' => 27216,
          '107' => 24,
          '467' => 3764,
          '77' => 74,
          '214' => 5,
          '541' => 2,
          '422' => 9,
          '39' => 4,
          '64' => 9,
          '97' => 221,
          '12' => 896,
          '41' => 32,
          '668' => 22,
          '52' => 12,
          '312' => 3,
          '302' => 3374,
          '45' => 1020,
          '503' => 27222,
          '309' => 5,
          '593' => 16175,
          '68' => 744,
          '638' => 2669,
          '315' => 8,
          '1' => 8027,
          '116' => 508,
          '136' => 10476,
          '144' => 148,
          '100' => 30,
          '616' => 7,
          '300' => 3764,
          '640' => 1283,
          '25' => 53,
          '286' => 4,
          '120' => 539,
          '381' => 5,
          '305' => 93667,
          '623' => 218147,
          '496' => 10473,
          '328' => 7,
          '122' => 218732,
          '143' => 132,
          '628' => 25372,
          '22' => 25551,
          '42' => 36,
          '46' => 76,
          '301' => 1694,
          '6' => 26925,
          '694' => 27219,
          '630' => 3,
          '36' => 4,
          '518' => 7,
          '183' => 24,
          '94' => 17,
          '51' => 4,
          '472' => 93667,
          '456' => 218147,
          '296' => 3,
          '265' => 27220,
          '411' => 6,
          '169' => 27222,
          '132' => 89749,
          '18' => 12912,
          '125' => 7914096,
          '329' => 10473,
          '599' => 27220,
          '525' => 2,
          '44' => 832,
          '27' => 17997,
          '161' => 97,
          '190' => 7,
          '95' => 672,
          '20' => 2179,
          '313' => 27216,
          '109' => 21,
          '243' => 3,
          '633' => 89743,
          '151' => 300,
          '148' => 17,
          '468' => 1694,
          '287' => 2,
          '78' => 21,
          '294' => 25372,
          '106' => 7,
          '157' => 42,
          '65' => 75,
          '197' => 3,
          '261' => 7,
          '138' => 93697,
          '81' => 12,
          '137' => 2729,
          '60' => 12,
          '691' => 7,
          '666' => 110,
          '432' => 27220,
          '459' => 7913596,
          '624' => 1375206,
          '165' => 1079,
          '289' => 218147,
          '17' => 23527,
          '2' => 54142,
          '435' => 4,
          '708' => 2,
          '82' => 4,
          '110' => 33,
          '147' => 56,
          '590' => 7,
          '531' => 3,
          '268' => 4,
          '69' => 712,
          '112' => 6,
          '596' => 606,
          '191' => 2,
          '613' => 6,
          '646' => 3,
          '446' => 6,
          '669' => 4,
          '282' => 7,
          '262' => 606,
          '617' => 4,
          '121' => 20900,
          '79' => 232,
          '639' => 93667,
          '126' => 1924013,
          '426' => 16175,
          '636' => 3374,
          '577' => 3,
          '279' => 6,
          '629' => 18782,
          '498' => 22,
          '256' => 7,
          '357' => 7,
          '117' => 628,
          '643' => 5,
          '33' => 148,
          '428' => 7,
          '7' => 20212,
          '455' => 20830,
          '26' => 56693,
          '336' => 27222,
          '99' => 180,
          '457' => 1375206,
          '72' => 1812,
          '255' => 9,
          '264' => 5,
          '108' => 7,
          '92' => 16547,
          '462' => 18782,
          '10' => 268,
          '142' => 23,
          '207' => 2,
          '263' => 10,
          '167' => 3385,
          '48' => 45784,
          '670' => 27222,
          '360' => 27219,
          '692' => 2,
          '663' => 10473,
          '133' => 3812,
          '290' => 1375206,
          '625' => 9033552,
          '592' => 11036,
          '149' => 43,
          '123' => 1375299,
          '50' => 108,
          '304' => 2669,
          '476' => 5,
          '258' => 11036,
          '482' => 8,
          '499' => 110,
          '56' => 12,
          '66' => 104,
          '19' => 728,
          '449' => 7,
          '293' => 1923950,
          '54' => 16,
          '365' => 4,
          '306' => 1283,
          '470' => 10434,
          '70' => 48,
          '469' => 3374,
          '635' => 1694,
          '166' => 137,
          '575' => 27223,
          '88' => 17,
          '30' => 638,
          '141' => 504,
          '128' => 18821,
          '466' => 89743,
          '28' => 1875,
          '134' => 2633,
          '40' => 2,
          '75' => 70,
          '283' => 4,
          '156' => 9,
          '589' => 9,
          '303' => 10434,
          '614' => 4,
          '59' => 20,
          '699' => 4,
          '501' => 22,
          '450' => 4,
          '150' => 55,
          '130' => 255,
          '155' => 6,
          '53' => 4,
          '626' => 7913596,
          '461' => 25372,
          '13' => 635,
          '105' => 30,
          '473' => 1283,
          '3' => 12007,
          '597' => 10,
          '332' => 110,
          '146' => 27368,
          '9' => 642,
          '111' => 93,
          '425' => 11036,
          '38' => 8,
          '408' => 27223,
          '4' => 2131,
          '34' => 20,
          '164' => 236
        };
