write intervals: 
$VAR1 = {
          '1' => 150202,
          '2' => 718
        };
retention times: 
$VAR1 = {
          '559' => 2287,
          '127' => 374,
          '32' => 2471,
          '443' => 401,
          '206' => 289,
          '118' => 5111,
          '71' => 2907,
          '358' => 5413,
          '331' => 9226,
          '580' => 313,
          '84' => 495,
          '512' => 1,
          '437' => 886,
          '463' => 156,
          '194' => 4178,
          '517' => 7222,
          '458' => 2905,
          '451' => 14826,
          '220' => 308,
          '454' => 638,
          '634' => 115,
          '31' => 4901,
          '578' => 359,
          '695' => 4178,
          '378' => 8,
          '325' => 1662,
          '29' => 7221,
          '572' => 1995,
          '350' => 7222,
          '675' => 556,
          '540' => 289,
          '58' => 5103,
          '684' => 7222,
          '211' => 8,
          '153' => 1490,
          '15' => 6948,
          '527' => 139083,
          '431' => 1579,
          '382' => 9,
          '337' => 3289,
          '101' => 10040,
          '340' => 159,
          '76' => 3215,
          '311' => 1107,
          '62' => 2644,
          '571' => 210,
          '139' => 18207,
          '389' => 284,
          '129' => 753,
          '548' => 56,
          '495' => 5335,
          '662' => 5335,
          '236' => 8246,
          '706' => 1324,
          '218' => 316,
          '168' => 2840,
          '135' => 4036,
          '14' => 11106,
          '348' => 4694,
          '145' => 2138,
          '49' => 2156,
          '178' => 1,
          '285' => 2394,
          '124' => 3156,
          '627' => 1658,
          '234' => 473,
          '594' => 22562,
          '715' => 56,
          '0' => 871571,
          '23' => 10792,
          '388' => 60,
          '364' => 554,
          '96' => 3933,
          '653' => 473,
          '486' => 473,
          '509' => 333,
          '160' => 504,
          '569' => 32,
          '367' => 258,
          '8' => 12833,
          '716' => 9,
          '98' => 500,
          '43' => 1766,
          '686' => 6244,
          '485' => 11800,
          '391' => 144,
          '685' => 8279,
          '21' => 33968,
          '523' => 1496,
          '288' => 2238,
          '193' => 139083,
          '460' => 1658,
          '119' => 4974,
          '586' => 206,
          '453' => 4412,
          '324' => 69475,
          '180' => 183,
          '244' => 359,
          '637' => 3791,
          '351' => 8279,
          '410' => 2574,
          '595' => 705,
          '246' => 313,
          '690' => 1496,
          '488' => 1435,
          '61' => 683,
          '430' => 3030,
          '447' => 12454,
          '379' => 8391,
          '415' => 202,
          '113' => 13721,
          '152' => 1075,
          '189' => 1496,
          '452' => 2394,
          '342' => 333,
          '579' => 163,
          '295' => 31,
          '480' => 127440,
          '341' => 556,
          '438' => 1608,
          '107' => 1622,
          '535' => 2970,
          '87' => 2275,
          '77' => 1651,
          '683' => 2320,
          '444' => 5471,
          '541' => 623,
          '508' => 556,
          '221' => 60,
          '39' => 3273,
          '64' => 1458,
          '558' => 144,
          '417' => 16,
          '12' => 11758,
          '312' => 1646,
          '45' => 9368,
          '507' => 159,
          '405' => 1995,
          '260' => 22562,
          '573' => 13,
          '237' => 210,
          '370' => 2,
          '309' => 2098,
          '638' => 8755,
          '567' => 6,
          '1' => 266566,
          '506' => 2884,
          '136' => 4209,
          '116' => 1369,
          '416' => 3400,
          '144' => 1472,
          '380' => 205,
          '100' => 3208,
          '300' => 115,
          '661' => 327,
          '286' => 4412,
          '120' => 6421,
          '381' => 56,
          '308' => 17212,
          '392' => 2287,
          '254' => 1993,
          '177' => 2022,
          '678' => 2022,
          '496' => 5731,
          '605' => 1608,
          '373' => 289,
          '607' => 2596,
          '205' => 1324,
          '42' => 3930,
          '22' => 6890,
          '644' => 1864,
          '399' => 2391,
          '235' => 32,
          '301' => 1658,
          '694' => 139083,
          '436' => 309801,
          '213' => 205,
          '94' => 2699,
          '51' => 1592,
          '456' => 129826,
          '568' => 473,
          '652' => 11800,
          '296' => 156,
          '265' => 80,
          '493' => 1524,
          '171' => 4546,
          '386' => 2282,
          '445' => 482,
          '200' => 258,
          '366' => 202,
          '329' => 5731,
          '525' => 5413,
          '27' => 11079,
          '272' => 1958,
          '161' => 5620,
          '582' => 202,
          '534' => 258,
          '400' => 6,
          '20' => 12304,
          '109' => 800,
          '151' => 12267,
          '557' => 27,
          '718' => 258,
          '468' => 1658,
          '700' => 202,
          '287' => 638,
          '475' => 17212,
          '441' => 548,
          '78' => 713,
          '413' => 313,
          '294' => 155,
          '672' => 4546,
          '349' => 2320,
          '275' => 639,
          '515' => 4694,
          '197' => 554,
          '138' => 3790,
          '606' => 1958,
          '137' => 9276,
          '60' => 1027,
          '691' => 2858,
          '666' => 16785,
          '432' => 80,
          '519' => 6244,
          '346' => 8,
          '17' => 16085,
          '427' => 22562,
          '677' => 266,
          '708' => 623,
          '82' => 3856,
          '110' => 5955,
          '650' => 4250,
          '333' => 12533,
          '710' => 178,
          '590' => 4804,
          '323' => 25,
          '69' => 8889,
          '112' => 2613,
          '664' => 2234,
          '545' => 8,
          '191' => 5413,
          '224' => 144,
          '187' => 495,
          '588' => 1993,
          '646' => 1646,
          '446' => 2160,
          '262' => 130,
          '617' => 1078,
          '79' => 1022,
          '212' => 8391,
          '352' => 6244,
          '126' => 2008,
          '426' => 5337,
          '542' => 2800,
          '651' => 320,
          '279' => 2160,
          '176' => 266,
          '629' => 31,
          '498' => 9226,
          '483' => 4250,
          '256' => 4804,
          '372' => 1324,
          '574' => 204,
          '170' => 3289,
          '33' => 3523,
          '660' => 1524,
          '428' => 705,
          '7' => 9906,
          '26' => 147203,
          '227' => 198,
          '99' => 4716,
          '566' => 2391,
          '526' => 3188,
          '72' => 2227,
          '500' => 12533,
          '264' => 1579,
          '255' => 149,
          '533' => 202,
          '359' => 3188,
          '182' => 2320,
          '108' => 1448,
          '604' => 886,
          '556' => 284,
          '717' => 1477,
          '462' => 31,
          '232' => 2391,
          '477' => 1864,
          '671' => 3289,
          '225' => 2287,
          '330' => 2234,
          '142' => 2416,
          '207' => 623,
          '632' => 2,
          '263' => 3030,
          '394' => 198,
          '167' => 6874,
          '48' => 1479,
          '360' => 139083,
          '692' => 5413,
          '610' => 401,
          '514' => 183,
          '663' => 5731,
          '513' => 8,
          '615' => 5286,
          '50' => 1567,
          '476' => 2098,
          '510' => 266,
          '449' => 2482,
          '293' => 1658,
          '658' => 69475,
          '274' => 548,
          '549' => 9,
          '659' => 1662,
          '645' => 1107,
          '322' => 6,
          '469' => 2288,
          '682' => 4694,
          '635' => 1658,
          '353' => 5701,
          '575' => 139025,
          '375' => 2800,
          '709' => 2800,
          '128' => 172,
          '28' => 6739,
          '310' => 1864,
          '40' => 2877,
          '589' => 149,
          '303' => 3791,
          '192' => 3188,
          '250' => 16,
          '614' => 12454,
          '699' => 3378,
          '501' => 2655,
          '215' => 9,
          '687' => 5701,
          '278' => 482,
          '490' => 25,
          '150' => 1134,
          '130' => 4834,
          '155' => 381,
          '387' => 308,
          '53' => 2791,
          '245' => 163,
          '626' => 659,
          '543' => 178,
          '267' => 2822,
          '354' => 495,
          '461' => 155,
          '583' => 3400,
          '257' => 3349,
          '85' => 1352,
          '332' => 16785,
          '9' => 9946,
          '425' => 5667,
          '591' => 3349,
          '34' => 4455,
          '539' => 1324,
          '603' => 309801,
          '90' => 5304,
          '276' => 401,
          '620' => 4412,
          '565' => 755,
          '102' => 316338,
          '520' => 5701,
          '532' => 3378,
          '16' => 14081,
          '55' => 2357,
          '233' => 6,
          '57' => 861,
          '259' => 5337,
          '368' => 2970,
          '424' => 3349,
          '316' => 4250,
          '163' => 3369,
          '395' => 125,
          '89' => 5089,
          '611' => 5471,
          '175' => 333,
          '584' => 16,
          '35' => 1509,
          '11' => 9796,
          '492' => 1662,
          '208' => 2800,
          '347' => 183,
          '511' => 2022,
          '665' => 9226,
          '434' => 2822,
          '93' => 26165,
          '292' => 659,
          '291' => 2905,
          '374' => 623,
          '114' => 6418,
          '199' => 202,
          '442' => 639,
          '429' => 130,
          '649' => 3654,
          '689' => 17573,
          '648' => 2907,
          '642' => 17212,
          '73' => 778,
          '409' => 692,
          '67' => 2031,
          '241' => 139025,
          '198' => 3378,
          '489' => 6,
          '327' => 327,
          '320' => 1086,
          '674' => 159,
          '280' => 12454,
          '273' => 2596,
          '471' => 8755,
          '622' => 2238,
          '249' => 3400,
          '361' => 4178,
          '465' => 2,
          '184' => 8279,
          '24' => 32207,
          '140' => 2927,
          '104' => 2427,
          '131' => 315,
          '181' => 4694,
          '412' => 163,
          '385' => 316,
          '502' => 2840,
          '307' => 2462,
          '314' => 2907,
          '154' => 1664,
          '355' => 17573,
          '553' => 2282,
          '159' => 1996,
          '479' => 1646,
          '704' => 2,
          '326' => 1524,
          '555' => 60,
          '681' => 183,
          '47' => 1270,
          '619' => 2394,
          '37' => 931,
          '335' => 2840,
          '270' => 886,
          '698' => 554,
          '5' => 21233,
          '195' => 3365,
          '621' => 638,
          '538' => 79,
          '524' => 2858,
          '554' => 308,
          '680' => 8,
          '679' => 1,
          '552' => 316,
          '521' => 495,
          '598' => 1579,
          '162' => 5974,
          '433' => 4190,
          '647' => 127440,
          '74' => 144014,
          '240' => 204,
          '334' => 2655,
          '440' => 2596,
          '230' => 1472,
          '115' => 3143,
          '377' => 257,
          '103' => 3686,
          '602' => 9006,
          '201' => 2970,
          '423' => 4804,
          '719' => 316,
          '612' => 482,
          '91' => 7610,
          '266' => 4190,
          '701' => 258,
          '467' => 115,
          '174' => 556,
          '474' => 2462,
          '481' => 2907,
          '214' => 56,
          '422' => 149,
          '564' => 1472,
          '563' => 1297,
          '97' => 2401,
          '41' => 3694,
          '668' => 2655,
          '52' => 4435,
          '688' => 495,
          '657' => 25,
          '302' => 2288,
          '229' => 1297,
          '693' => 3188,
          '673' => 2884,
          '503' => 141319,
          '593' => 5337,
          '68' => 1093,
          '188' => 17573,
          '315' => 3654,
          '402' => 32,
          '641' => 2462,
          '338' => 4546,
          '576' => 692,
          '616' => 2482,
          '222' => 284,
          '640' => 15971,
          '25' => 7191,
          '83' => 562,
          '484' => 320,
          '305' => 3284,
          '623' => 129826,
          '544' => 257,
          '217' => 258,
          '328' => 5335,
          '239' => 13,
          '122' => 130686,
          '143' => 2259,
          '628' => 155,
          '158' => 1869,
          '269' => 309801,
          '281' => 5286,
          '464' => 2355,
          '363' => 1822,
          '46' => 1972,
          '6' => 9188,
          '562' => 125,
          '630' => 156,
          '36' => 2851,
          '183' => 7222,
          '497' => 2234,
          '518' => 8279,
          '472' => 3284,
          '362' => 3365,
          '439' => 1958,
          '317' => 320,
          '608' => 548,
          '711' => 257,
          '132' => 701,
          '169' => 141319,
          '411' => 359,
          '705' => 79,
          '478' => 1107,
          '384' => 258,
          '398' => 755,
          '546' => 8391,
          '537' => 2,
          '407' => 204,
          '18' => 14182,
          '376' => 178,
          '522' => 17573,
          '125' => 982,
          '599' => 80,
          '44' => 1328,
          '609' => 639,
          '587' => 1553,
          '667' => 12533,
          '190' => 2858,
          '95' => 518,
          '298' => 2,
          '714' => 205,
          '601' => 2822,
          '313' => 127440,
          '243' => 2574,
          '231' => 755,
          '551' => 258,
          '529' => 3365,
          '148' => 3980,
          '343' => 266,
          '504' => 3289,
          '697' => 1822,
          '397' => 1472,
          '707' => 289,
          '106' => 3778,
          '157' => 69959,
          '65' => 5060,
          '203' => 2,
          '261' => 705,
          '81' => 1524,
          '321' => 1435,
          '459' => 659,
          '624' => 2852,
          '86' => 4080,
          '284' => 14826,
          '656' => 6,
          '371' => 79,
          '204' => 79,
          '165' => 17247,
          '289' => 129826,
          '2' => 218650,
          '435' => 9006,
          '401' => 473,
          '186' => 5701,
          '147' => 4197,
          '339' => 2884,
          '228' => 125,
          '531' => 554,
          '268' => 9006,
          '345' => 1,
          '596' => 130,
          '172' => 2884,
          '319' => 473,
          '223' => 27,
          '404' => 210,
          '613' => 2160,
          '516' => 2320,
          '669' => 2840,
          '282' => 2482,
          '420' => 1553,
          '121' => 2879,
          '702' => 2970,
          '639' => 3284,
          '344' => 2022,
          '487' => 1086,
          '494' => 327,
          '238' => 1995,
          '636' => 2288,
          '577' => 2574,
          '253' => 1553,
          '561' => 198,
          '448' => 5286,
          '209' => 178,
          '216' => 1477,
          '357' => 2858,
          '117' => 15428,
          '643' => 2098,
          '63' => 3465,
          '455' => 2238,
          '600' => 4190,
          '80' => 555,
          '336' => 141319,
          '457' => 2852,
          '179' => 8,
          '696' => 3365,
          '383' => 1477,
          '297' => 2355,
          '713' => 8391,
          '676' => 333,
          '277' => 5471,
          '92' => 6408,
          '10' => 11292,
          '550' => 1477,
          '505' => 4546,
          '670' => 141319,
          '419' => 206,
          '133' => 318,
          '290' => 2852,
          '625' => 2905,
          '592' => 5667,
          '149' => 4484,
          '123' => 4283,
          '304' => 8755,
          '712' => 8,
          '631' => 2355,
          '547' => 205,
          '210' => 257,
          '406' => 13,
          '258' => 5667,
          '396' => 1297,
          '482' => 3654,
          '173' => 159,
          '530' => 1822,
          '56' => 467,
          '499' => 16785,
          '66' => 1011,
          '19' => 12539,
          '54' => 4386,
          '365' => 3378,
          '306' => 15971,
          '70' => 921,
          '470' => 3791,
          '166' => 14226,
          '88' => 804,
          '141' => 18194,
          '30' => 3149,
          '654' => 1086,
          '570' => 8246,
          '403' => 8246,
          '252' => 206,
          '156' => 352,
          '134' => 2284,
          '75' => 3285,
          '283' => 1078,
          '618' => 14826,
          '655' => 1435,
          '59' => 1232,
          '421' => 1993,
          '450' => 1078,
          '271' => 1608,
          '491' => 69475,
          '219' => 2282,
          '318' => 11800,
          '13' => 4908,
          '105' => 2403,
          '473' => 15971,
          '185' => 6244,
          '3' => 63637,
          '597' => 3030,
          '248' => 202,
          '390' => 27,
          '146' => 128893,
          '111' => 1115,
          '38' => 2437,
          '356' => 1496,
          '408' => 139025,
          '4' => 104146,
          '528' => 4178,
          '164' => 9324,
          '196' => 1822,
          '242' => 692
        };
