write intervals: 
$VAR1 = {
          '6' => 3,
          '3' => 20,
          '7' => 4,
          '2' => 423,
          '8' => 8,
          '1' => 353802,
          '4' => 8,
          '23' => 1,
          '16' => 4,
          '5' => 16
        };
retention times: 
$VAR1 = {
          '127' => 42615,
          '32' => 10975,
          '276' => 226300,
          '90' => 363368,
          '443' => 226300,
          '118' => 692080,
          '71' => 66922,
          '620' => 246225,
          '102' => 311055,
          '358' => 50565,
          '331' => 215,
          '16' => 246992,
          '55' => 936,
          '84' => 982628,
          '512' => 12222454,
          '437' => 196826,
          '259' => 77397,
          '194' => 34,
          '57' => 21312,
          '458' => 81932,
          '424' => 326640,
          '451' => 187340,
          '454' => 38446,
          '316' => 72704,
          '163' => 430259,
          '89' => 394261,
          '611' => 280726,
          '175' => 2,
          '31' => 2249146,
          '578' => 42209,
          '35' => 1053716,
          '11' => 20051423,
          '492' => 5,
          '695' => 34,
          '511' => 1649664,
          '665' => 215,
          '434' => 292669,
          '93' => 314295,
          '292' => 2,
          '325' => 5,
          '29' => 7493271,
          '291' => 81932,
          '374' => 352,
          '442' => 280229,
          '114' => 2668188,
          '429' => 225065,
          '58' => 1589368,
          '649' => 283,
          '153' => 3492078,
          '15' => 263103,
          '527' => 198,
          '431' => 1553,
          '642' => 5804,
          '101' => 351918,
          '73' => 4652,
          '76' => 133000,
          '311' => 11,
          '62' => 537868,
          '67' => 23141,
          '241' => 5,
          '139' => 305844,
          '489' => 49,
          '129' => 68467,
          '327' => 3844,
          '548' => 1,
          '495' => 557,
          '662' => 557,
          '280' => 396154,
          '273' => 273133,
          '471' => 1908868,
          '622' => 3181,
          '361' => 34,
          '184' => 2966,
          '135' => 13651,
          '14' => 6051583,
          '145' => 2959308,
          '49' => 41640,
          '178' => 12222454,
          '24' => 1835892,
          '285' => 175703,
          '140' => 46850,
          '124' => 113641,
          '104' => 402492,
          '627' => 1459,
          '131' => 19359,
          '234' => 1262,
          '594' => 999,
          '307' => 9592,
          '715' => 1,
          '154' => 2717379,
          '0' => 9173386,
          '23' => 1078999,
          '96' => 2338202,
          '479' => 11556,
          '159' => 103316,
          '326' => 16,
          '509' => 2,
          '160' => 804514,
          '47' => 7830,
          '8' => 54013,
          '98' => 3240773,
          '619' => 175703,
          '37' => 9860212,
          '43' => 57996,
          '686' => 981,
          '270' => 196826,
          '485' => 265,
          '195' => 544,
          '5' => 1955655,
          '685' => 2966,
          '621' => 38446,
          '524' => 1704,
          '21' => 22168,
          '680' => 8271658,
          '679' => 12222454,
          '523' => 2005,
          '288' => 3181,
          '193' => 198,
          '460' => 1459,
          '119' => 946746,
          '586' => 12,
          '453' => 246225,
          '324' => 12,
          '598' => 1553,
          '244' => 42209,
          '162' => 1643010,
          '637' => 540776,
          '433' => 312100,
          '351' => 2966,
          '647' => 2652,
          '410' => 524,
          '595' => 680,
          '74' => 23414,
          '334' => 183072,
          '440' => 273133,
          '690' => 2005,
          '61' => 9648,
          '299' => 681,
          '115' => 539895,
          '430' => 7975,
          '447' => 396154,
          '103' => 241641,
          '602' => 304388,
          '423' => 266457,
          '415' => 1,
          '113' => 3229003,
          '152' => 1960999,
          '189' => 2005,
          '612' => 424084,
          '452' => 175703,
          '342' => 2,
          '295' => 691,
          '266' => 312100,
          '91' => 861867,
          '480' => 2652,
          '438' => 322286,
          '107' => 313493,
          '87' => 25541,
          '474' => 9592,
          '77' => 2579827,
          '444' => 280726,
          '214' => 1,
          '541' => 352,
          '422' => 399,
          '39' => 1962020,
          '64' => 9850664,
          '97' => 3215568,
          '12' => 19550055,
          '41' => 5567624,
          '668' => 183072,
          '52' => 6028916,
          '657' => 2,
          '312' => 11556,
          '302' => 1,
          '45' => 7804,
          '260' => 999,
          '693' => 34,
          '309' => 4,
          '593' => 77397,
          '68' => 44656,
          '638' => 1908868,
          '315' => 283,
          '1' => 12585617,
          '136' => 595953,
          '116' => 267986,
          '641' => 9592,
          '144' => 7318325,
          '100' => 318334,
          '616' => 232771,
          '640' => 284403,
          '25' => 686847,
          '661' => 3844,
          '286' => 246225,
          '120' => 91689,
          '83' => 28122,
          '484' => 573,
          '381' => 1,
          '305' => 1443158,
          '308' => 5804,
          '254' => 1,
          '623' => 452882,
          '177' => 1649664,
          '678' => 1649664,
          '496' => 9554,
          '605' => 322286,
          '328' => 557,
          '607' => 273133,
          '122' => 479533,
          '143' => 4558788,
          '628' => 5453,
          '281' => 224946,
          '269' => 239766,
          '158' => 102335,
          '42' => 197692,
          '22' => 106435,
          '363' => 5,
          '644' => 813,
          '46' => 23948,
          '301' => 4,
          '6' => 1130363,
          '694' => 198,
          '436' => 239766,
          '36' => 15093760,
          '518' => 2966,
          '497' => 8,
          '94' => 382322,
          '51' => 9624170,
          '472' => 1443158,
          '456' => 452882,
          '568' => 1262,
          '439' => 237971,
          '362' => 544,
          '652' => 265,
          '317' => 573,
          '265' => 486379,
          '608' => 283667,
          '411' => 42209,
          '132' => 17391,
          '493' => 16,
          '478' => 11,
          '445' => 424084,
          '18' => 166255,
          '125' => 64608,
          '329' => 9554,
          '599' => 486379,
          '525' => 50565,
          '44' => 5060,
          '609' => 280229,
          '587' => 3158,
          '667' => 19702,
          '27' => 9627985,
          '161' => 1967513,
          '190' => 1704,
          '272' => 237971,
          '582' => 1,
          '95' => 575561,
          '601' => 292669,
          '20' => 44285,
          '313' => 2652,
          '109' => 1205137,
          '243' => 524,
          '633' => 681,
          '529' => 544,
          '151' => 8360272,
          '148' => 596816,
          '343' => 11326353,
          '697' => 5,
          '468' => 4,
          '287' => 38446,
          '475' => 5804,
          '441' => 283667,
          '78' => 8805618,
          '294' => 5453,
          '106' => 324484,
          '157' => 101851,
          '275' => 280229,
          '65' => 1556684,
          '261' => 680,
          '138' => 1466114,
          '606' => 237971,
          '81' => 4167234,
          '137' => 1938264,
          '60' => 21764,
          '691' => 1704,
          '666' => 7942,
          '459' => 2,
          '432' => 486379,
          '624' => 134349,
          '86' => 25346,
          '284' => 187340,
          '656' => 49,
          '519' => 981,
          '165' => 2913308,
          '289' => 452882,
          '346' => 8271658,
          '17' => 340701,
          '2' => 5453531,
          '435' => 304388,
          '427' => 999,
          '401' => 1262,
          '677' => 11326353,
          '708' => 352,
          '82' => 993730,
          '110' => 307871,
          '650' => 72704,
          '147' => 193080,
          '333' => 19702,
          '590' => 266457,
          '323' => 2,
          '268' => 304388,
          '345' => 12222454,
          '69' => 26074,
          '112' => 1520249,
          '664' => 8,
          '596' => 225065,
          '191' => 50565,
          '613' => 243369,
          '588' => 1,
          '646' => 11556,
          '446' => 243369,
          '282' => 232771,
          '420' => 3158,
          '262' => 225065,
          '617' => 262496,
          '79' => 6437337,
          '121' => 15056,
          '639' => 1443158,
          '352' => 981,
          '344' => 1649664,
          '494' => 3844,
          '126' => 96940,
          '426' => 77397,
          '636' => 1,
          '577' => 524,
          '253' => 3158,
          '651' => 573,
          '279' => 243369,
          '176' => 11326353,
          '448' => 224946,
          '629' => 691,
          '498' => 215,
          '483' => 72704,
          '357' => 1704,
          '256' => 266457,
          '117' => 233068,
          '643' => 4,
          '33' => 89028,
          '660' => 16,
          '63' => 13079792,
          '428' => 680,
          '455' => 3181,
          '7' => 48946,
          '600' => 312100,
          '80' => 9956402,
          '26' => 9473016,
          '457' => 134349,
          '99' => 2969613,
          '526' => 34,
          '72' => 17602,
          '179' => 8271658,
          '696' => 544,
          '500' => 19702,
          '255' => 399,
          '264' => 1553,
          '359' => 34,
          '676' => 2,
          '108' => 306417,
          '604' => 196826,
          '277' => 280726,
          '92' => 747811,
          '462' => 691,
          '477' => 813,
          '10' => 15443901,
          '330' => 8,
          '142' => 465957,
          '207' => 352,
          '263' => 7975,
          '167' => 3971736,
          '48' => 9692,
          '360' => 198,
          '692' => 50565,
          '610' => 226300,
          '419' => 12,
          '663' => 9554,
          '133' => 3535,
          '513' => 8271658,
          '290' => 134349,
          '625' => 81932,
          '615' => 224946,
          '592' => 205940,
          '123' => 153853,
          '149' => 1821198,
          '50' => 9208868,
          '304' => 1908868,
          '476' => 4,
          '258' => 205940,
          '482' => 283,
          '510' => 11326353,
          '530' => 5,
          '499' => 7942,
          '56' => 3428,
          '66' => 96820,
          '449' => 232771,
          '19' => 114149,
          '293' => 1459,
          '658' => 12,
          '54' => 137272,
          '274' => 283667,
          '306' => 284403,
          '659' => 5,
          '470' => 540776,
          '70' => 21900,
          '645' => 11,
          '322' => 49,
          '469' => 1,
          '635' => 4,
          '166' => 9943559,
          '575' => 5,
          '88' => 142699,
          '30' => 5025955,
          '141' => 97556,
          '128' => 48567,
          '466' => 681,
          '252' => 12,
          '28' => 7523801,
          '40' => 12297145,
          '75' => 23424,
          '134' => 959413,
          '156' => 42516,
          '283' => 262496,
          '310' => 813,
          '618' => 187340,
          '589' => 399,
          '192' => 34,
          '303' => 540776,
          '614' => 396154,
          '421' => 1,
          '59' => 1831652,
          '501' => 183072,
          '450' => 262496,
          '278' => 424084,
          '490' => 2,
          '150' => 1785733,
          '271' => 322286,
          '155' => 56180,
          '130' => 6177,
          '53' => 8734456,
          '626' => 2,
          '267' => 292669,
          '491' => 12,
          '461' => 5453,
          '318' => 265,
          '13' => 11670583,
          '105' => 271726,
          '257' => 326640,
          '473' => 284403,
          '85' => 18620,
          '3' => 12785290,
          '185' => 981,
          '597' => 7975,
          '332' => 7942,
          '248' => 1,
          '111' => 481355,
          '9' => 15808549,
          '146' => 979729,
          '425' => 205940,
          '408' => 5,
          '356' => 2005,
          '38' => 4765384,
          '591' => 326640,
          '4' => 11159411,
          '34' => 113748,
          '528' => 34,
          '164' => 2675243,
          '196' => 5,
          '603' => 239766
        };
