write intervals: 
$VAR1 = {
          '6' => 18,
          '3' => 43,
          '7' => 13,
          '9' => 11,
          '2' => 118,
          '1' => 930,
          '4' => 37,
          '10' => 5,
          '5' => 24
        };
retention times: 
$VAR1 = {
          '559' => 1332,
          '127' => 892,
          '32' => 2964,
          '443' => 631,
          '206' => 99,
          '118' => 8224,
          '71' => 3710,
          '331' => 7055,
          '560' => 1498,
          '580' => 58,
          '84' => 2574,
          '512' => 80,
          '437' => 1634,
          '463' => 9966,
          '517' => 129,
          '458' => 546,
          '451' => 467,
          '220' => 497,
          '454' => 90,
          '634' => 213,
          '31' => 4320,
          '695' => 1587,
          '378' => 497,
          '325' => 84695,
          '29' => 2536,
          '675' => 468,
          '540' => 2248,
          '226' => 3369,
          '58' => 9371,
          '684' => 81,
          '211' => 6929,
          '153' => 368,
          '15' => 86288,
          '431' => 14766,
          '337' => 48,
          '101' => 20550,
          '340' => 4,
          '76' => 1560,
          '311' => 863,
          '62' => 11363,
          '571' => 9,
          '139' => 1060,
          '389' => 9,
          '129' => 3591,
          '495' => 901,
          '662' => 1192,
          '418' => 747,
          '236' => 1726,
          '706' => 2248,
          '135' => 2467,
          '14' => 33525,
          '145' => 1019,
          '49' => 1599,
          '178' => 2268,
          '285' => 467,
          '124' => 294,
          '627' => 3465,
          '234' => 408,
          '594' => 1416,
          '0' => 237742,
          '23' => 16217,
          '388' => 26,
          '96' => 1802,
          '653' => 9550,
          '486' => 23555,
          '509' => 468,
          '160' => 953,
          '569' => 399,
          '8' => 60545,
          '98' => 827,
          '43' => 3154,
          '686' => 49,
          '485' => 269,
          '391' => 289,
          '685' => 1025,
          '21' => 18382,
          '523' => 423,
          '288' => 90,
          '193' => 31,
          '460' => 183,
          '119' => 1059,
          '586' => 176,
          '453' => 235,
          '324' => 80451,
          '180' => 80,
          '244' => 623,
          '637' => 255,
          '351' => 129,
          '410' => 623,
          '595' => 1105,
          '488' => 16874,
          '61' => 5904,
          '430' => 240,
          '447' => 3425,
          '536' => 8,
          '379' => 402,
          '113' => 5490,
          '152' => 1088,
          '342' => 602,
          '579' => 9,
          '295' => 3465,
          '480' => 438,
          '341' => 1364,
          '438' => 4504,
          '107' => 10928,
          '535' => 22,
          '87' => 1696,
          '77' => 736,
          '683' => 129,
          '541' => 1072,
          '508' => 602,
          '221' => 419,
          '39' => 7573,
          '64' => 10789,
          '558' => 3369,
          '417' => 2329,
          '12' => 41455,
          '312' => 2260,
          '45' => 10314,
          '507' => 1364,
          '405' => 9,
          '260' => 6301,
          '237' => 399,
          '370' => 8,
          '309' => 252,
          '638' => 19,
          '567' => 10768,
          '1' => 128121,
          '506' => 4,
          '136' => 1101,
          '116' => 832,
          '416' => 970,
          '144' => 261,
          '100' => 28117,
          '300' => 55,
          '661' => 901,
          '120' => 140,
          '381' => 11,
          '308' => 47,
          '392' => 3369,
          '254' => 176,
          '177' => 468,
          '678' => 80,
          '496' => 1192,
          '605' => 10393,
          '373' => 4587,
          '607' => 3216,
          '205' => 833,
          '42' => 5110,
          '22' => 24068,
          '644' => 2260,
          '399' => 886,
          '235' => 10768,
          '301' => 951,
          '694' => 751,
          '436' => 1012,
          '213' => 402,
          '94' => 7538,
          '51' => 1052,
          '456' => 212,
          '568' => 1726,
          '652' => 23555,
          '296' => 8716,
          '265' => 14766,
          '493' => 116,
          '171' => 48,
          '386' => 497,
          '445' => 5007,
          '329' => 901,
          '525' => 31,
          '27' => 1522,
          '161' => 434,
          '272' => 4504,
          '582' => 970,
          '534' => 137,
          '400' => 408,
          '20' => 5423,
          '109' => 3672,
          '633' => 951,
          '151' => 86827,
          '557' => 289,
          '718' => 497,
          '468' => 213,
          '700' => 137,
          '287' => 235,
          '475' => 252,
          '441' => 3216,
          '78' => 1739,
          '413' => 9,
          '294' => 183,
          '672' => 4,
          '349' => 5,
          '275' => 3216,
          '515' => 5,
          '197' => 1587,
          '138' => 1086,
          '606' => 979,
          '137' => 7278,
          '60' => 6609,
          '691' => 31,
          '432' => 27667,
          '519' => 1025,
          '346' => 80,
          '17' => 10685,
          '427' => 940,
          '677' => 478,
          '708' => 253,
          '82' => 1703,
          '110' => 1958,
          '650' => 875,
          '710' => 497,
          '590' => 5663,
          '323' => 81638,
          '69' => 15838,
          '112' => 437,
          '664' => 1737,
          '545' => 402,
          '191' => 423,
          '187' => 1025,
          '588' => 4813,
          '646' => 438,
          '446' => 1124,
          '262' => 1416,
          '617' => 467,
          '79' => 2740,
          '212' => 497,
          '352' => 81,
          '126' => 894,
          '426' => 6301,
          '251' => 2329,
          '542' => 253,
          '369' => 22,
          '651' => 269,
          '279' => 5007,
          '176' => 602,
          '629' => 9966,
          '498' => 1737,
          '483' => 86451,
          '256' => 4813,
          '372' => 99,
          '33' => 3131,
          '660' => 1239,
          '428' => 1416,
          '7' => 74182,
          '26' => 3752,
          '227' => 1332,
          '99' => 16253,
          '566' => 408,
          '72' => 13246,
          '255' => 3254,
          '264' => 240,
          '359' => 31,
          '108' => 2143,
          '604' => 4504,
          '717' => 3,
          '462' => 8716,
          '414' => 58,
          '232' => 1171,
          '477' => 863,
          '671' => 413,
          '225' => 289,
          '330' => 1192,
          '142' => 4160,
          '207' => 4587,
          '632' => 55,
          '263' => 1105,
          '394' => 1498,
          '48' => 4570,
          '663' => 7055,
          '513' => 2,
          '615' => 4053,
          '50' => 1334,
          '476' => 47,
          '510' => 2268,
          '393' => 1332,
          '449' => 4053,
          '293' => 425,
          '658' => 644,
          '274' => 979,
          '659' => 116,
          '645' => 1155,
          '322' => 16874,
          '469' => 6217,
          '635' => 6217,
          '353' => 1025,
          '375' => 1072,
          '709' => 6929,
          '128' => 371,
          '28' => 3317,
          '310' => 47,
          '40' => 3153,
          '589' => 1774,
          '303' => 6217,
          '250' => 970,
          '614' => 87,
          '215' => 11,
          '490' => 80451,
          '150' => 41401,
          '130' => 8912,
          '155' => 9708,
          '387' => 419,
          '53' => 3543,
          '245' => 427,
          '626' => 183,
          '543' => 6929,
          '267' => 20030,
          '354' => 49,
          '461' => 3465,
          '583' => 2329,
          '257' => 1774,
          '85' => 6911,
          '332' => 1737,
          '9' => 45260,
          '425' => 6672,
          '591' => 6672,
          '34' => 1203,
          '539' => 4587,
          '603' => 1634,
          '90' => 6805,
          '276' => 1414,
          '620' => 90,
          '102' => 1852,
          '565' => 886,
          '520' => 49,
          '16' => 29048,
          '55' => 3436,
          '233' => 886,
          '57' => 11931,
          '259' => 6672,
          '368' => 137,
          '424' => 5663,
          '316' => 41238,
          '163' => 4710,
          '395' => 1302,
          '89' => 4357,
          '611' => 5007,
          '175' => 1364,
          '584' => 747,
          '35' => 2295,
          '11' => 30677,
          '492' => 644,
          '208' => 2248,
          '347' => 2,
          '511' => 478,
          '434' => 1405,
          '93' => 7558,
          '292' => 546,
          '291' => 5038,
          '374' => 2248,
          '114' => 2951,
          '199' => 20,
          '442' => 1414,
          '429' => 1105,
          '649' => 86451,
          '689' => 423,
          '648' => 41238,
          '642' => 47,
          '73' => 3644,
          '67' => 1959,
          '489' => 81638,
          '585' => 636,
          '327' => 116,
          '320' => 23555,
          '674' => 602,
          '280' => 1124,
          '273' => 10393,
          '471' => 255,
          '622' => 212,
          '202' => 137,
          '465' => 412,
          '24' => 57389,
          '140' => 351,
          '104' => 1747,
          '131' => 10146,
          '181' => 2,
          '385' => 3,
          '307' => 2142,
          '314' => 438,
          '154' => 23682,
          '159' => 85520,
          '479' => 1155,
          '553' => 419,
          '704' => 99,
          '326' => 644,
          '555' => 9,
          '681' => 5,
          '47' => 2211,
          '619' => 235,
          '37' => 16620,
          '270' => 1012,
          '5' => 74331,
          '621' => 447,
          '538' => 99,
          '554' => 26,
          '679' => 2,
          '552' => 497,
          '598' => 27667,
          '162' => 3546,
          '433' => 20030,
          '647' => 7182,
          '74' => 240,
          '440' => 979,
          '230' => 932,
          '115' => 5607,
          '299' => 412,
          '377' => 6929,
          '103' => 1784,
          '602' => 1012,
          '423' => 1774,
          '719' => 419,
          '612' => 1124,
          '91' => 2784,
          '266' => 27667,
          '701' => 22,
          '467' => 951,
          '174' => 4,
          '474' => 47,
          '481' => 7182,
          '422' => 4813,
          '564' => 1171,
          '563' => 3468,
          '97' => 1322,
          '41' => 7438,
          '52' => 2172,
          '688' => 35,
          '657' => 84695,
          '302' => 213,
          '229' => 1302,
          '673' => 1364,
          '503' => 48,
          '593' => 940,
          '68' => 1279,
          '188' => 49,
          '315' => 7182,
          '402' => 1726,
          '641' => 252,
          '338' => 714,
          '576' => 623,
          '616' => 5445,
          '222' => 26,
          '640' => 47,
          '25' => 10553,
          '83' => 1672,
          '484' => 875,
          '305' => 255,
          '623' => 5038,
          '544' => 497,
          '328' => 1239,
          '239' => 9,
          '122' => 160,
          '143' => 1730,
          '628' => 8716,
          '158' => 82151,
          '269' => 774,
          '281' => 3425,
          '464' => 1669,
          '363' => 1587,
          '46' => 6013,
          '6' => 94993,
          '562' => 932,
          '630' => 1669,
          '36' => 8396,
          '183' => 5,
          '497' => 7055,
          '518' => 81,
          '472' => 19,
          '362' => 751,
          '439' => 10393,
          '317' => 86451,
          '608' => 1414,
          '711' => 402,
          '132' => 2302,
          '411' => 427,
          '705' => 4587,
          '478' => 2260,
          '398' => 1171,
          '537' => 833,
          '18' => 9438,
          '376' => 253,
          '125' => 5173,
          '522' => 35,
          '599' => 20030,
          '44' => 3960,
          '609' => 631,
          '587' => 3254,
          '190' => 35,
          '95' => 1461,
          '298' => 1669,
          '601' => 774,
          '313' => 1155,
          '231' => 3468,
          '551' => 3,
          '529' => 1587,
          '148' => 462,
          '343' => 468,
          '504' => 714,
          '697' => 20,
          '397' => 3468,
          '707' => 1072,
          '106' => 5000,
          '157' => 82755,
          '65' => 14370,
          '203' => 22,
          '261' => 940,
          '81' => 780,
          '321' => 9550,
          '459' => 425,
          '624' => 546,
          '86' => 3077,
          '284' => 5445,
          '247' => 9,
          '656' => 80451,
          '371' => 833,
          '204' => 8,
          '165' => 11036,
          '289' => 447,
          '2' => 53690,
          '435' => 774,
          '401' => 10768,
          '186' => 81,
          '147' => 1186,
          '339' => 413,
          '228' => 1498,
          '268' => 1405,
          '531' => 20,
          '345' => 478,
          '596' => 240,
          '172' => 714,
          '319' => 269,
          '223' => 9,
          '613' => 3425,
          '669' => 48,
          '282' => 87,
          '420' => 176,
          '121' => 353,
          '702' => 8,
          '639' => 2142,
          '344' => 2268,
          '487' => 9550,
          '494' => 1239,
          '636' => 46,
          '577' => 427,
          '253' => 636,
          '561' => 1302,
          '448' => 87,
          '209' => 1072,
          '357' => 423,
          '117' => 4880,
          '643' => 863,
          '63' => 16869,
          '455' => 447,
          '600' => 1405,
          '80' => 1133,
          '457' => 5038,
          '179' => 478,
          '297' => 9966,
          '713' => 11,
          '676' => 2268,
          '277' => 631,
          '92' => 8006,
          '10' => 21348,
          '505' => 413,
          '670' => 714,
          '419' => 636,
          '133' => 2868,
          '290' => 212,
          '625' => 425,
          '592' => 6301,
          '149' => 7298,
          '123' => 529,
          '304' => 46,
          '631' => 412,
          '210' => 253,
          '547' => 11,
          '258' => 5663,
          '396' => 932,
          '482' => 41238,
          '173' => 413,
          '56' => 6257,
          '66' => 7582,
          '19' => 5140,
          '54' => 2954,
          '365' => 20,
          '306' => 19,
          '70' => 5154,
          '470' => 46,
          '166' => 6284,
          '88' => 792,
          '141' => 3118,
          '30' => 3866,
          '654' => 16874,
          '403' => 399,
          '252' => 747,
          '466' => 55,
          '156' => 17259,
          '134' => 910,
          '75' => 578,
          '283' => 4053,
          '655' => 81638,
          '59' => 2790,
          '421' => 3254,
          '450' => 5445,
          '271' => 1634,
          '703' => 833,
          '491' => 84695,
          '219' => 3,
          '318' => 875,
          '13' => 19420,
          '105' => 2182,
          '473' => 2142,
          '185' => 129,
          '3' => 48104,
          '597' => 14766,
          '248' => 58,
          '146' => 2338,
          '111' => 1057,
          '38' => 11653,
          '356' => 35,
          '4' => 54007,
          '528' => 751,
          '164' => 2881,
          '196' => 751
        };
