write intervals: 
$VAR1 = {
          '1' => 1,
          '70' => 3,
          '71' => 5,
          '3' => 10,
          '9' => 3,
          '10' => 5,
          '2' => 69
        };
retention times: 
$VAR1 = {
          '127' => 263,
          '90' => 2214868,
          '443' => 2188265,
          '620' => 1966175,
          '537' => 1273703,
          '520' => 281,
          '358' => 1564388,
          '445' => 1537278,
          '580' => 192,
          '532' => 1901931,
          '609' => 1133,
          '272' => 1321092,
          '95' => 1429632,
          '534' => 1549863,
          '714' => 1181944,
          '451' => 1024543,
          '316' => 192,
          '529' => 2272708,
          '89' => 2250335,
          '697' => 1133,
          '11' => 420452,
          '492' => 192,
          '441' => 2293879,
          '93' => 1564639,
          '707' => 2208733,
          '275' => 836440,
          '540' => 199337,
          '442' => 2264692,
          '432' => 819,
          '624' => 1401386,
          '2' => 2215246,
          '186' => 1076312,
          '708' => 2052614,
          '82' => 12,
          '710' => 1550579,
          '228' => 192,
          '273' => 1251906,
          '706' => 2264125,
          '622' => 1531481,
          '531' => 2198320,
          '361' => 1241327,
          '168' => 819,
          '268' => 1741859,
          '184' => 1318485,
          '345' => 314,
          '178' => 2212016,
          '140' => 192,
          '187' => 701245,
          '404' => 192,
          '627' => 1051933,
          '181' => 1542319,
          '446' => 1555539,
          '669' => 192,
          '617' => 2256893,
          '715' => 1063187,
          '352' => 1107673,
          '0' => 2253412,
          '344' => 819,
          '96' => 1313280,
          '355' => 2190669,
          '479' => 263,
          '176' => 1707519,
          '448' => 1372536,
          '8' => 1295786,
          '716' => 450216,
          '98' => 1065066,
          '619' => 2210643,
          '357' => 1540462,
          '256' => 819,
          '270' => 1539280,
          '5' => 1544897,
          '391' => 263,
          '743' => 1,
          '538' => 1162037,
          '621' => 1603276,
          '7' => 1424741,
          '80' => 1133,
          '99' => 560546,
          '180' => 1691678,
          '521' => 852,
          '179' => 2144658,
          '433' => 314,
          '264' => 1407829,
          '713' => 1299523,
          '359' => 1475159,
          '533' => 1563993,
          '182' => 1515258,
          '440' => 796045,
          '92' => 1638749,
          '447' => 1489458,
          '536' => 1386060,
          '10' => 1062960,
          '452' => 77390,
          '91' => 2086413,
          '266' => 2209010,
          '535' => 1494913,
          '360' => 1354505,
          '87' => 2,
          '444' => 1841441,
          '625' => 1283337,
          '712' => 1428072,
          '97' => 1194484,
          '52' => 192,
          '530' => 2288860,
          '449' => 1239845,
          '274' => 1080226,
          '1' => 2279225,
          '353' => 2271201,
          '567' => 263,
          '88' => 1991820,
          '616' => 229011,
          '709' => 1622723,
          '83' => 4,
          '303' => 263,
          '618' => 2284326,
          '655' => 263,
          '215' => 263,
          '450' => 1145704,
          '623' => 1513006,
          '177' => 2239563,
          '271' => 1470995,
          '267' => 2173150,
          '626' => 1180209,
          '269' => 1542725,
          '628' => 314939,
          '363' => 966346,
          '354' => 2222387,
          '257' => 314,
          '6' => 1503073,
          '185' => 1211295,
          '3' => 2030487,
          '183' => 1466267,
          '94' => 1516789,
          '9' => 1178534,
          '38' => 263,
          '356' => 1779226,
          '4' => 1619083,
          '362' => 1113272,
          '265' => 2252103,
          '528' => 509994,
          '711' => 1503276,
          '169' => 314,
          '539' => 1024896,
          '705' => 2201623
        };
