write intervals: 
$VAR1 = {};
retention times: 
$VAR1 = {
          '559' => 19479,
          '127' => 8964,
          '32' => 19624,
          '443' => 27395,
          '206' => 16772,
          '118' => 24458,
          '71' => 9990,
          '358' => 18439,
          '331' => 9990,
          '560' => 17614,
          '580' => 8274,
          '84' => 15978,
          '512' => 10950,
          '437' => 27842,
          '463' => 30096,
          '194' => 5464,
          '517' => 14210,
          '458' => 30215,
          '451' => 8074,
          '220' => 19333,
          '454' => 5464,
          '634' => 18309,
          '31' => 17453,
          '578' => 19013,
          '695' => 26790,
          '378' => 24458,
          '325' => 26250,
          '29' => 13288,
          '572' => 22532,
          '350' => 24294,
          '675' => 26052,
          '540' => 9513,
          '226' => 26124,
          '58' => 19013,
          '684' => 18214,
          '211' => 30208,
          '153' => 16034,
          '15' => 11319,
          '527' => 8931,
          '431' => 16805,
          '382' => 26639,
          '337' => 8364,
          '101' => 19338,
          '340' => 17633,
          '76' => 9958,
          '311' => 19177,
          '62' => 23428,
          '571' => 19177,
          '139' => 18472,
          '389' => 7238,
          '129' => 7238,
          '548' => 13419,
          '495' => 12871,
          '662' => 12167,
          '418' => 21192,
          '236' => 12161,
          '706' => 29728,
          '218' => 21766,
          '168' => 15332,
          '135' => 12616,
          '14' => 3785,
          '348' => 26019,
          '145' => 24419,
          '49' => 15881,
          '178' => 23587,
          '285' => 18091,
          '124' => 9569,
          '627' => 27541,
          '234' => 9284,
          '594' => 15174,
          '715' => 10168,
          '0' => 274,
          '23' => 16175,
          '388' => 13059,
          '364' => 6955,
          '96' => 16390,
          '653' => 13284,
          '486' => 26124,
          '509' => 12641,
          '160' => 22985,
          '569' => 15881,
          '367' => 27541,
          '8' => 9744,
          '716' => 6366,
          '98' => 18439,
          '43' => 11391,
          '686' => 24416,
          '485' => 31232,
          '391' => 13088,
          '685' => 25095,
          '21' => 15474,
          '523' => 3672,
          '720' => 512,
          '288' => 13419,
          '193' => 9888,
          '460' => 28163,
          '119' => 15051,
          '586' => 22412,
          '453' => 9888,
          '324' => 13676,
          '180' => 28769,
          '244' => 12066,
          '637' => 23552,
          '351' => 23845,
          '410' => 22374,
          '595' => 9252,
          '246' => 12865,
          '690' => 23362,
          '488' => 16770,
          '61' => 22933,
          '430' => 23362,
          '447' => 27026,
          '536' => 12939,
          '379' => 15051,
          '415' => 26052,
          '113' => 8451,
          '152' => 22112,
          '189' => 31553,
          '452' => 7466,
          '342' => 17864,
          '579' => 18538,
          '295' => 20588,
          '480' => 19333,
          '341' => 23974,
          '438' => 23587,
          '107' => 27541,
          '535' => 11319,
          '87' => 16970,
          '77' => 8364,
          '683' => 25056,
          '444' => 16256,
          '541' => 15474,
          '508' => 14499,
          '221' => 15201,
          '39' => 19479,
          '64' => 13676,
          '558' => 22920,
          '417' => 16707,
          '12' => 13082,
          '312' => 22532,
          '45' => 9010,
          '507' => 29382,
          '405' => 24419,
          '260' => 11731,
          '573' => 22029,
          '237' => 12650,
          '370' => 26760,
          '309' => 15881,
          '638' => 24458,
          '567' => 17285,
          '1' => 1234,
          '506' => 12865,
          '136' => 9732,
          '116' => 20998,
          '416' => 17378,
          '144' => 8385,
          '380' => 16542,
          '100' => 23076,
          '300' => 17614,
          '661' => 15331,
          '286' => 16360,
          '120' => 16542,
          '381' => 18723,
          '581' => 22933,
          '308' => 13708,
          '392' => 19779,
          '254' => 13480,
          '177' => 27842,
          '678' => 21192,
          '496' => 12161,
          '605' => 23073,
          '373' => 8451,
          '607' => 16970,
          '205' => 30208,
          '42' => 13103,
          '22' => 17972,
          '644' => 9569,
          '399' => 18472,
          '235' => 12871,
          '301' => 19303,
          '694' => 23813,
          '436' => 19684,
          '213' => 28297,
          '94' => 19364,
          '51' => 19177,
          '456' => 6366,
          '568' => 13708,
          '652' => 19779,
          '296' => 17549,
          '265' => 6257,
          '493' => 7815,
          '171' => 16805,
          '386' => 12998,
          '445' => 15590,
          '200' => 28163,
          '366' => 8310,
          '329' => 19016,
          '525' => 6257,
          '27' => 13482,
          '272' => 13082,
          '161' => 20617,
          '582' => 23428,
          '534' => 3785,
          '400' => 20588,
          '20' => 9513,
          '109' => 17163,
          '633' => 8451,
          '151' => 18766,
          '557' => 12644,
          '718' => 30215,
          '468' => 14944,
          '700' => 28769,
          '287' => 13482,
          '475' => 11911,
          '441' => 24003,
          '78' => 18547,
          '413' => 16034,
          '294' => 21260,
          '672' => 22112,
          '349' => 21506,
          '275' => 11319,
          '515' => 12074,
          '197' => 24474,
          '138' => 8292,
          '606' => 20102,
          '137' => 12581,
          '60' => 8274,
          '691' => 16805,
          '666' => 21351,
          '432' => 23716,
          '519' => 22987,
          '346' => 20102,
          '17' => 11457,
          '427' => 24709,
          '677' => 16707,
          '708' => 33918,
          '82' => 17864,
          '110' => 26760,
          '650' => 12588,
          '333' => 10924,
          '710' => 1660,
          '590' => 9092,
          '323' => 18859,
          '69' => 19016,
          '112' => 12643,
          '664' => 8385,
          '545' => 18091,
          '191' => 8074,
          '224' => 29321,
          '187' => 27026,
          '588' => 19597,
          '646' => 12998,
          '446' => 29728,
          '262' => 1975,
          '617' => 27109,
          '79' => 11876,
          '212' => 27530,
          '352' => 20392,
          '126' => 12998,
          '426' => 24416,
          '251' => 11274,
          '542' => 17972,
          '369' => 17163,
          '651' => 13088,
          '279' => 14580,
          '176' => 19684,
          '629' => 17163,
          '498' => 11267,
          '483' => 9669,
          '256' => 11387,
          '372' => 12643,
          '574' => 22505,
          '170' => 23362,
          '33' => 19021,
          '660' => 20588,
          '428' => 15332,
          '7' => 8931,
          '26' => 16360,
          '227' => 26626,
          '99' => 19713,
          '566' => 15880,
          '526' => 7844,
          '72' => 11400,
          '500' => 7075,
          '264' => 4984,
          '255' => 12074,
          '533' => 15099,
          '359' => 19713,
          '182' => 24740,
          '108' => 26883,
          '604' => 15978,
          '556' => 17549,
          '717' => 24474,
          '462' => 27266,
          '414' => 16967,
          '232' => 9508,
          '477' => 29704,
          '671' => 18766,
          '225' => 31232,
          '330' => 9092,
          '142' => 12167,
          '207' => 11877,
          '632' => 12643,
          '263' => 3672,
          '394' => 12675,
          '167' => 24709,
          '48' => 13708,
          '360' => 23076,
          '692' => 23716,
          '610' => 24294,
          '514' => 13480,
          '663' => 15778,
          '513' => 12262,
          '615' => 24646,
          '50' => 20902,
          '476' => 23048,
          '510' => 13253,
          '393' => 13284,
          '449' => 31553,
          '293' => 19021,
          '658' => 8292,
          '274' => 3785,
          '549' => 13288,
          '659' => 18472,
          '645' => 12966,
          '322' => 23428,
          '469' => 15568,
          '682' => 17857,
          '635' => 25098,
          '353' => 19398,
          '575' => 20393,
          '375' => 25098,
          '709' => 31553,
          '128' => 13059,
          '28' => 13419,
          '310' => 20902,
          '40' => 17614,
          '589' => 19016,
          '303' => 11391,
          '192' => 7466,
          '250' => 13253,
          '614' => 19364,
          '699' => 16359,
          '501' => 10052,
          '215' => 11911,
          '687' => 24709,
          '278' => 15136,
          '490' => 10308,
          '150' => 22374,
          '130' => 12588,
          '155' => 26052,
          '387' => 8964,
          '53' => 22029,
          '245' => 8960,
          '626' => 8310,
          '543' => 16175,
          '267' => 8931,
          '354' => 19364,
          '461' => 15239,
          '583' => 18859,
          '257' => 14210,
          '85' => 23073,
          '332' => 11400,
          '9' => 8499,
          '425' => 25095,
          '591' => 9990,
          '34' => 21260,
          '539' => 14580,
          '603' => 19243,
          '90' => 24294,
          '276' => 12939,
          '620' => 23076,
          '565' => 9010,
          '102' => 25107,
          '520' => 11731,
          '532' => 13082,
          '16' => 12939,
          '55' => 20393,
          '233' => 7815,
          '57' => 21637,
          '259' => 22987,
          '368' => 26883,
          '424' => 18214,
          '316' => 24360,
          '163' => 25056,
          '395' => 12616,
          '89' => 21506,
          '611' => 23845,
          '175' => 26790,
          '584' => 13676,
          '35' => 20588,
          '11' => 13183,
          '492' => 9508,
          '208' => 14944,
          '347' => 16970,
          '511' => 11274,
          '665' => 24419,
          '434' => 23813,
          '93' => 19398,
          '292' => 19624,
          '291' => 17453,
          '374' => 18309,
          '114' => 18309,
          '199' => 25737,
          '442' => 24740,
          '429' => 26503,
          '649' => 7238,
          '689' => 26503,
          '648' => 13059,
          '642' => 26639,
          '73' => 10924,
          '409' => 7780,
          '67' => 20931,
          '241' => 10052,
          '198' => 30215,
          '489' => 13603,
          '585' => 26250,
          '327' => 20931,
          '320' => 8274,
          '674' => 16967,
          '280' => 9513,
          '273' => 15099,
          '471' => 30208,
          '622' => 25107,
          '202' => 27266,
          '249' => 12641,
          '361' => 19338,
          '465' => 30208,
          '184' => 16256,
          '24' => 14027,
          '140' => 20588,
          '104' => 6955,
          '131' => 13088,
          '181' => 24003,
          '412' => 22112,
          '385' => 12966,
          '502' => 10880,
          '307' => 17285,
          '314' => 22505,
          '154' => 16967,
          '355' => 24646,
          '553' => 19021,
          '159' => 15300,
          '479' => 30212,
          '704' => 16256,
          '326' => 22412,
          '555' => 20588,
          '681' => 20617,
          '47' => 17285,
          '619' => 19713,
          '37' => 12644,
          '335' => 9252,
          '270' => 9865,
          '698' => 23587,
          '5' => 6257,
          '195' => 10168,
          '621' => 19338,
          '538' => 15136,
          '524' => 4984,
          '554' => 21260,
          '680' => 22985,
          '679' => 15300,
          '552' => 19624,
          '521' => 1234,
          '598' => 18547,
          '162' => 17857,
          '433' => 26977,
          '647' => 8964,
          '74' => 15174,
          '240' => 7075,
          '334' => 15174,
          '440' => 28769,
          '230' => 10308,
          '115' => 25098,
          '299' => 19479,
          '377' => 23552,
          '103' => 25602,
          '602' => 17864,
          '201' => 15239,
          '423' => 25056,
          '719' => 25737,
          '612' => 20392,
          '91' => 23845,
          '266' => 7844,
          '701' => 24003,
          '467' => 11877,
          '174' => 23813,
          '474' => 30592,
          '481' => 15201,
          '214' => 30592,
          '422' => 17857,
          '564' => 12644,
          '563' => 11391,
          '97' => 27109,
          '41' => 19303,
          '668' => 18018,
          '52' => 22532,
          '688' => 15332,
          '657' => 12581,
          '302' => 13103,
          '229' => 13603,
          '693' => 26977,
          '673' => 16034,
          '503' => 12487,
          '593' => 10924,
          '68' => 19597,
          '188' => 33918,
          '315' => 20393,
          '402' => 12167,
          '641' => 18723,
          '338' => 18547,
          '576' => 24360,
          '616' => 16390,
          '222' => 20386,
          '640' => 16542,
          '25' => 18091,
          '83' => 19243,
          '484' => 29321,
          '305' => 9010,
          '623' => 25602,
          '544' => 14027,
          '217' => 29704,
          '328' => 19597,
          '239' => 11393,
          '122' => 26639,
          '143' => 15778,
          '628' => 26883,
          '158' => 21192,
          '269' => 8499,
          '281' => 15474,
          '464' => 26253,
          '363' => 25602,
          '46' => 15880,
          '6' => 7844,
          '562' => 13103,
          '630' => 26760,
          '36' => 17549,
          '518' => 6950,
          '183' => 27395,
          '497' => 12650,
          '472' => 27530,
          '362' => 25107,
          '439' => 16359,
          '317' => 21637,
          '608' => 26019,
          '711' => 8074,
          '132' => 19779,
          '169' => 26503,
          '411' => 18766,
          '705' => 15590,
          '478' => 21766,
          '384' => 9569,
          '398' => 8292,
          '546' => 16360,
          '537' => 11457,
          '407' => 18226,
          '18' => 15136,
          '376' => 20998,
          '522' => 1975,
          '125' => 12966,
          '599' => 11876,
          '44' => 12644,
          '609' => 21506,
          '587' => 20931,
          '667' => 18226,
          '190' => 1660,
          '95' => 24646,
          '298' => 22920,
          '714' => 5464,
          '601' => 23974,
          '313' => 22029,
          '243' => 12487,
          '231' => 12036,
          '551' => 17453,
          '529' => 8499,
          '148' => 18018,
          '343' => 19243,
          '504' => 12066,
          '697' => 27842,
          '397' => 12581,
          '707' => 27026,
          '106' => 8310,
          '157' => 16707,
          '65' => 26250,
          '203' => 30096,
          '261' => 1234,
          '81' => 23974,
          '321' => 22933,
          '459' => 25737,
          '624' => 6955,
          '86' => 20102,
          '284' => 14027,
          '247' => 29382,
          '656' => 9732,
          '371' => 25991,
          '204' => 26253,
          '165' => 25095,
          '289' => 13288,
          '2' => 1975,
          '435' => 26790,
          '401' => 15331,
          '186' => 29728,
          '147' => 18226,
          '339' => 11876,
          '228' => 16770,
          '531' => 13183,
          '268' => 9744,
          '345' => 23073,
          '596' => 9958,
          '172' => 23716,
          '319' => 18538,
          '223' => 9669,
          '404' => 8385,
          '613' => 19398,
          '516' => 11387,
          '669' => 7780,
          '282' => 17972,
          '420' => 22985,
          '121' => 18723,
          '702' => 24740,
          '639' => 15051,
          '344' => 15978,
          '487' => 26626,
          '494' => 9284,
          '238' => 11267,
          '636' => 20998,
          '577' => 21637,
          '253' => 12262,
          '561' => 19303,
          '448' => 33918,
          '209' => 15568,
          '216' => 23048,
          '357' => 27109,
          '117' => 23552,
          '643' => 19331,
          '63' => 18859,
          '455' => 10168,
          '600' => 17633,
          '80' => 17633,
          '336' => 9958,
          '457' => 24474,
          '179' => 16359,
          '696' => 19684,
          '383' => 19331,
          '297' => 12644,
          '713' => 9888,
          '676' => 17378,
          '277' => 11457,
          '92' => 20392,
          '10' => 9865,
          '550' => 14953,
          '505' => 8960,
          '670' => 22374,
          '419' => 15300,
          '133' => 13284,
          '290' => 14953,
          '625' => 10277,
          '592' => 11400,
          '149' => 7780,
          '123' => 19331,
          '304' => 12644,
          '712' => 7466,
          '631' => 25991,
          '547' => 13482,
          '210' => 8511,
          '406' => 21351,
          '258' => 6950,
          '396' => 9732,
          '482' => 20386,
          '173' => 26977,
          '530' => 9865,
          '56' => 24360,
          '499' => 11393,
          '66' => 22412,
          '19' => 14580,
          '54' => 22505,
          '365' => 10277,
          '306' => 15880,
          '70' => 9092,
          '470' => 8511,
          '166' => 24416,
          '88' => 26019,
          '141' => 15331,
          '30' => 14953,
          '654' => 12675,
          '570' => 20902,
          '403' => 15778,
          '252' => 10950,
          '466' => 16772,
          '156' => 17378,
          '134' => 12675,
          '75' => 9252,
          '283' => 16175,
          '618' => 18439,
          '655' => 12616,
          '59' => 18538,
          '421' => 20617,
          '450' => 1660,
          '271' => 13183,
          '703' => 27395,
          '491' => 12036,
          '219' => 30212,
          '318' => 19013,
          '13' => 15099,
          '105' => 10277,
          '473' => 28297,
          '185' => 15590,
          '3' => 3672,
          '597' => 8364,
          '248' => 14499,
          '390' => 12588,
          '146' => 21351,
          '111' => 25991,
          '38' => 22920,
          '356' => 16390,
          '408' => 18018,
          '4' => 4984,
          '528' => 9744,
          '164' => 18214,
          '196' => 6366,
          '242' => 10880
        };
