write intervals: 
$VAR1 = {
          '1' => 65973,
          '2' => 718
        };
retention times: 
$VAR1 = {
          '559' => 2308,
          '127' => 3087,
          '32' => 15699,
          '443' => 4059,
          '206' => 3203,
          '118' => 2126,
          '71' => 11946,
          '358' => 1185,
          '331' => 1962,
          '560' => 6647,
          '580' => 1900,
          '84' => 2848,
          '512' => 6554,
          '437' => 45321,
          '463' => 2054,
          '194' => 27109,
          '517' => 358,
          '458' => 107,
          '451' => 1922,
          '220' => 43,
          '454' => 1200,
          '634' => 11418,
          '31' => 10363,
          '695' => 2625,
          '378' => 2328,
          '325' => 1083,
          '29' => 12072,
          '572' => 231,
          '350' => 5346,
          '675' => 26271,
          '540' => 11,
          '226' => 6403,
          '58' => 15418,
          '684' => 285,
          '211' => 1541,
          '153' => 3936,
          '15' => 23981,
          '527' => 2625,
          '431' => 36048,
          '382' => 24,
          '337' => 910,
          '101' => 52186,
          '340' => 53,
          '76' => 5006,
          '311' => 26909,
          '62' => 11773,
          '571' => 229,
          '139' => 1928,
          '389' => 421,
          '129' => 2709,
          '548' => 152,
          '495' => 917,
          '662' => 3147,
          '418' => 8979,
          '236' => 231,
          '706' => 8825,
          '218' => 38,
          '168' => 36359,
          '135' => 2828,
          '14' => 48406,
          '348' => 285,
          '145' => 3322,
          '49' => 6375,
          '178' => 7405,
          '285' => 1022,
          '124' => 1132,
          '627' => 29150,
          '234' => 15,
          '594' => 124,
          '715' => 1541,
          '0' => 2063950,
          '23' => 14371,
          '388' => 43,
          '364' => 2473,
          '96' => 30765,
          '653' => 31,
          '486' => 16,
          '509' => 233,
          '160' => 3194,
          '569' => 1927,
          '367' => 2786,
          '8' => 55102,
          '716' => 152,
          '98' => 5375,
          '43' => 6655,
          '686' => 5346,
          '485' => 31,
          '391' => 2308,
          '685' => 358,
          '21' => 50576,
          '523' => 472,
          '288' => 33921,
          '193' => 324,
          '460' => 36,
          '119' => 4394,
          '586' => 8979,
          '453' => 1022,
          '324' => 136,
          '180' => 285,
          '244' => 1900,
          '637' => 861,
          '351' => 2424,
          '595' => 485,
          '246' => 7,
          '690' => 80,
          '488' => 7561,
          '61' => 30780,
          '430' => 115125,
          '447' => 3645,
          '536' => 9189,
          '379' => 1541,
          '415' => 2282,
          '113' => 19736,
          '152' => 10514,
          '189' => 36408,
          '452' => 402,
          '342' => 1498,
          '579' => 24333,
          '295' => 2054,
          '480' => 1309,
          '341' => 233,
          '438' => 24874,
          '107' => 6200,
          '535' => 2786,
          '87' => 10306,
          '77' => 2950,
          '683' => 5275,
          '444' => 244,
          '541' => 559,
          '508' => 53,
          '221' => 421,
          '39' => 8870,
          '64' => 9002,
          '558' => 1265,
          '417' => 22796,
          '12' => 12780,
          '312' => 1309,
          '45' => 11913,
          '507' => 26271,
          '405' => 666,
          '260' => 438,
          '573' => 666,
          '237' => 666,
          '370' => 8825,
          '309' => 402,
          '638' => 7128,
          '567' => 445,
          '1' => 391222,
          '506' => 510,
          '136' => 1167,
          '116' => 2115,
          '416' => 6113,
          '144' => 2383,
          '380' => 152,
          '100' => 9677,
          '300' => 834,
          '661' => 1083,
          '286' => 1200,
          '120' => 37565,
          '381' => 942,
          '581' => 324,
          '308' => 1359,
          '392' => 6647,
          '254' => 1647,
          '177' => 1960,
          '678' => 1498,
          '496' => 781,
          '605' => 45321,
          '373' => 559,
          '607' => 5468,
          '205' => 559,
          '42' => 11173,
          '22' => 15800,
          '644' => 1359,
          '399' => 445,
          '235' => 229,
          '301' => 861,
          '694' => 1185,
          '436' => 5355,
          '213' => 942,
          '94' => 131034,
          '51' => 10337,
          '456' => 33921,
          '568' => 1185,
          '652' => 70,
          '296' => 6783,
          '265' => 37859,
          '493' => 1083,
          '171' => 26271,
          '386' => 38,
          '445' => 2816,
          '200' => 9189,
          '366' => 1851,
          '329' => 25733,
          '525' => 36408,
          '27' => 12309,
          '272' => 8916,
          '161' => 29813,
          '582' => 7,
          '534' => 1851,
          '400' => 1185,
          '20' => 11787,
          '109' => 5831,
          '633' => 551,
          '151' => 26959,
          '557' => 421,
          '718' => 24,
          '468' => 834,
          '700' => 2473,
          '287' => 2312,
          '475' => 1158,
          '441' => 554,
          '78' => 2556,
          '413' => 324,
          '294' => 1021,
          '672' => 27055,
          '349' => 358,
          '275' => 4059,
          '515' => 5275,
          '197' => 465,
          '138' => 1212,
          '606' => 24874,
          '137' => 1706,
          '60' => 6720,
          '691' => 472,
          '666' => 4969,
          '432' => 19462,
          '519' => 2424,
          '346' => 7405,
          '17' => 11163,
          '427' => 485,
          '677' => 233,
          '708' => 11,
          '82' => 22740,
          '110' => 21465,
          '650' => 75,
          '333' => 472,
          '710' => 3203,
          '590' => 1647,
          '323' => 4017,
          '69' => 10673,
          '112' => 2187,
          '664' => 781,
          '545' => 33070,
          '191' => 2625,
          '224' => 6647,
          '187' => 472,
          '588' => 561,
          '646' => 2924,
          '446' => 18236,
          '262' => 115125,
          '617' => 18291,
          '79' => 7059,
          '212' => 152,
          '352' => 100,
          '126' => 3046,
          '426' => 124,
          '251' => 4124,
          '542' => 3203,
          '369' => 1015,
          '651' => 27894,
          '279' => 3645,
          '176' => 6554,
          '629' => 16,
          '498' => 4969,
          '483' => 27894,
          '256' => 107,
          '372' => 11,
          '574' => 40,
          '170' => 510,
          '33' => 10188,
          '660' => 136,
          '428' => 438,
          '7' => 73579,
          '26' => 49537,
          '227' => 3415,
          '99' => 3184,
          '566' => 3482,
          '526' => 1185,
          '72' => 35032,
          '500' => 1491,
          '264' => 19462,
          '255' => 5220,
          '533' => 465,
          '359' => 2625,
          '182' => 5346,
          '108' => 5363,
          '604' => 5355,
          '556' => 43,
          '717' => 942,
          '462' => 1021,
          '414' => 7,
          '232' => 1185,
          '477' => 402,
          '671' => 3331,
          '225' => 414,
          '330' => 4969,
          '142' => 6074,
          '207' => 422,
          '632' => 6783,
          '263' => 36048,
          '394' => 6403,
          '167' => 9571,
          '48' => 18134,
          '360' => 776,
          '692' => 1581,
          '610' => 14349,
          '514' => 7405,
          '663' => 917,
          '513' => 1960,
          '615' => 3645,
          '50' => 4928,
          '476' => 1359,
          '510' => 1498,
          '393' => 414,
          '449' => 18291,
          '293' => 16,
          '658' => 13172,
          '274' => 14349,
          '549' => 942,
          '659' => 4017,
          '645' => 402,
          '322' => 13172,
          '469' => 861,
          '682' => 7405,
          '635' => 9230,
          '353' => 34,
          '575' => 2324,
          '375' => 422,
          '709' => 559,
          '128' => 8782,
          '28' => 14610,
          '310' => 2924,
          '40' => 5634,
          '589' => 442,
          '303' => 1159,
          '192' => 776,
          '250' => 8979,
          '614' => 18236,
          '699' => 155,
          '501' => 472,
          '215' => 4524,
          '687' => 2424,
          '278' => 18236,
          '490' => 13172,
          '150' => 1061,
          '130' => 14186,
          '155' => 4857,
          '387' => 357,
          '53' => 8816,
          '245' => 324,
          '626' => 107,
          '543' => 422,
          '267' => 1049,
          '354' => 80,
          '461' => 16,
          '583' => 2282,
          '257' => 531,
          '85' => 1986,
          '332' => 1491,
          '9' => 42209,
          '425' => 531,
          '591' => 5220,
          '34' => 24187,
          '539' => 4999,
          '603' => 1049,
          '90' => 3444,
          '276' => 244,
          '620' => 402,
          '565' => 20618,
          '102' => 27729,
          '520' => 100,
          '532' => 2473,
          '16' => 13302,
          '55' => 5322,
          '233' => 1927,
          '57' => 6475,
          '259' => 485,
          '368' => 9189,
          '424' => 107,
          '316' => 70,
          '163' => 2655,
          '395' => 3415,
          '89' => 4256,
          '611' => 4059,
          '175' => 1898,
          '584' => 6113,
          '35' => 11550,
          '11' => 49887,
          '492' => 136,
          '208' => 16,
          '347' => 5275,
          '511' => 1898,
          '665' => 25733,
          '434' => 3256,
          '93' => 15756,
          '292' => 36,
          '291' => 29150,
          '374' => 3203,
          '114' => 2918,
          '199' => 2786,
          '442' => 14349,
          '429' => 10732,
          '649' => 675,
          '689' => 34,
          '648' => 1309,
          '642' => 11,
          '73' => 6268,
          '409' => 1590,
          '67' => 8783,
          '241' => 1590,
          '198' => 1851,
          '489' => 1691,
          '585' => 22796,
          '327' => 917,
          '320' => 7561,
          '674' => 510,
          '280' => 1110,
          '273' => 554,
          '471' => 1159,
          '622' => 1200,
          '202' => 8825,
          '249' => 22796,
          '361' => 324,
          '465' => 551,
          '184' => 100,
          '24' => 252720,
          '140' => 2474,
          '104' => 12628,
          '131' => 10420,
          '181' => 358,
          '412' => 1900,
          '385' => 295,
          '502' => 194,
          '307' => 1158,
          '314' => 75,
          '154' => 15699,
          '355' => 472,
          '553' => 295,
          '159' => 2443,
          '479' => 26909,
          '704' => 9189,
          '326' => 3147,
          '555' => 357,
          '681' => 1960,
          '47' => 8584,
          '619' => 1922,
          '37' => 7314,
          '335' => 3331,
          '270' => 24874,
          '698' => 27109,
          '5' => 73253,
          '195' => 155,
          '621' => 1022,
          '538' => 8825,
          '524' => 1581,
          '554' => 38,
          '680' => 6554,
          '679' => 1898,
          '552' => 1655,
          '521' => 34,
          '598' => 115125,
          '162' => 8266,
          '433' => 37859,
          '647' => 26909,
          '74' => 3797,
          '240' => 22402,
          '334' => 194,
          '440' => 8916,
          '230' => 3482,
          '115' => 4270,
          '299' => 9230,
          '377' => 33070,
          '103' => 7104,
          '602' => 3256,
          '201' => 1015,
          '423' => 5220,
          '719' => 4524,
          '612' => 244,
          '91' => 1794,
          '266' => 3256,
          '701' => 465,
          '467' => 9230,
          '174' => 1498,
          '474' => 11,
          '481' => 675,
          '214' => 24,
          '422' => 1647,
          '564' => 32,
          '563' => 3415,
          '97' => 40723,
          '41' => 43606,
          '668' => 1491,
          '52' => 4387,
          '688' => 100,
          '657' => 1691,
          '302' => 7128,
          '229' => 20618,
          '693' => 36408,
          '673' => 910,
          '503' => 3331,
          '593' => 531,
          '68' => 11962,
          '188' => 1581,
          '315' => 27894,
          '402' => 15,
          '641' => 654,
          '338' => 510,
          '576' => 22402,
          '616' => 1110,
          '222' => 1265,
          '640' => 145,
          '25' => 10926,
          '83' => 8472,
          '484' => 70,
          '305' => 654,
          '623' => 2312,
          '544' => 16,
          '217' => 295,
          '328' => 781,
          '239' => 2324,
          '122' => 1477,
          '143' => 27961,
          '628' => 36,
          '158' => 4519,
          '269' => 45321,
          '281' => 18291,
          '464' => 6783,
          '363' => 155,
          '46' => 9142,
          '6' => 61933,
          '562' => 6403,
          '630' => 1021,
          '36' => 5972,
          '518' => 5346,
          '183' => 2424,
          '497' => 25733,
          '472' => 145,
          '362' => 27109,
          '439' => 5468,
          '317' => 31,
          '608' => 8916,
          '711' => 422,
          '132' => 2196,
          '169' => 910,
          '411' => 24333,
          '705' => 1015,
          '478' => 2924,
          '384' => 1655,
          '398' => 3482,
          '546' => 2328,
          '537' => 1015,
          '407' => 2324,
          '18' => 14091,
          '376' => 16,
          '522' => 80,
          '125' => 584,
          '599' => 36048,
          '44' => 4154,
          '609' => 554,
          '587' => 4124,
          '667' => 1962,
          '190' => 1185,
          '95' => 40458,
          '298' => 11418,
          '714' => 2328,
          '601' => 37859,
          '313' => 675,
          '243' => 24333,
          '231' => 445,
          '551' => 4524,
          '529' => 324,
          '148' => 1469,
          '343' => 1898,
          '504' => 27055,
          '697' => 324,
          '397' => 20618,
          '707' => 4999,
          '106' => 19327,
          '157' => 1628,
          '65' => 8968,
          '203' => 4999,
          '261' => 10732,
          '81' => 30412,
          '321' => 1691,
          '459' => 29150,
          '624' => 33921,
          '86' => 5863,
          '284' => 402,
          '247' => 2282,
          '656' => 7561,
          '371' => 4999,
          '204' => 11,
          '165' => 2339,
          '289' => 1975,
          '2' => 139246,
          '435' => 1049,
          '401' => 1927,
          '186' => 80,
          '147' => 28797,
          '339' => 26271,
          '228' => 32,
          '531' => 155,
          '268' => 5355,
          '345' => 1960,
          '596' => 438,
          '172' => 53,
          '319' => 25927,
          '223' => 2308,
          '404' => 231,
          '613' => 2816,
          '516' => 285,
          '669' => 472,
          '282' => 493,
          '420' => 561,
          '121' => 3923,
          '702' => 1851,
          '639' => 1159,
          '344' => 6554,
          '487' => 25927,
          '494' => 3147,
          '238' => 40,
          '636' => 834,
          '577' => 1590,
          '253' => 442,
          '561' => 414,
          '448' => 1110,
          '209' => 33070,
          '216' => 1655,
          '357' => 36408,
          '117' => 4844,
          '643' => 1158,
          '63' => 13031,
          '455' => 2312,
          '600' => 19462,
          '80' => 15270,
          '336' => 27055,
          '457' => 1975,
          '179' => 5275,
          '696' => 776,
          '383' => 4524,
          '297' => 551,
          '713' => 33070,
          '676' => 53,
          '277' => 2816,
          '92' => 6916,
          '10' => 30106,
          '550' => 24,
          '505' => 910,
          '670' => 194,
          '419' => 4124,
          '133' => 1668,
          '290' => 107,
          '625' => 1975,
          '592' => 107,
          '149' => 1551,
          '123' => 30788,
          '304' => 145,
          '712' => 16,
          '631' => 2054,
          '547' => 1541,
          '210' => 2328,
          '406' => 40,
          '258' => 124,
          '396' => 32,
          '482' => 75,
          '173' => 233,
          '530' => 27109,
          '56' => 14833,
          '499' => 1962,
          '66' => 15500,
          '19' => 24619,
          '54' => 8796,
          '365' => 465,
          '306' => 11,
          '70' => 4639,
          '470' => 7128,
          '166' => 1403,
          '88' => 2034,
          '141' => 1771,
          '30' => 7171,
          '654' => 16,
          '570' => 15,
          '403' => 229,
          '252' => 561,
          '466' => 11418,
          '156' => 2292,
          '134' => 9573,
          '75' => 28179,
          '283' => 1922,
          '618' => 493,
          '655' => 25927,
          '59' => 8076,
          '421' => 442,
          '450' => 493,
          '271' => 5468,
          '703' => 2786,
          '491' => 4017,
          '219' => 357,
          '318' => 16,
          '13' => 15381,
          '105' => 4229,
          '473' => 654,
          '185' => 34,
          '3' => 121959,
          '597' => 10732,
          '248' => 6113,
          '390' => 1265,
          '146' => 1564,
          '111' => 5994,
          '38' => 10266,
          '356' => 1581,
          '408' => 22402,
          '4' => 54546,
          '528' => 776,
          '164' => 1996,
          '196' => 2473
        };
