write intervals: 
$VAR1 = {
          '6' => 9,
          '3' => 19,
          '7' => 10,
          '2' => 184,
          '15' => 3,
          '20' => 2,
          '14' => 2,
          '8' => 1,
          '1' => 3891,
          '4' => 14,
          '18' => 7,
          '16' => 1,
          '23' => 2,
          '10' => 2,
          '5' => 9
        };
retention times: 
$VAR1 = {
          '90' => 6,
          '620' => 1494,
          '358' => 18160,
          '18' => 20,
          '522' => 8058,
          '16' => 2892,
          '525' => 18160,
          '55' => 88524,
          '667' => 34,
          '233' => 87968,
          '190' => 21,
          '161' => 4,
          '95' => 66,
          '424' => 2,
          '400' => 87968,
          '451' => 322,
          '454' => 22,
          '20' => 2,
          '243' => 10929224,
          '163' => 20,
          '89' => 30,
          '175' => 12,
          '504' => 13594,
          '578' => 23,
          '11' => 8,
          '468' => 22,
          '287' => 22,
          '511' => 7545,
          '672' => 12650,
          '29' => 8,
          '65' => 28,
          '197' => 22,
          '138' => 158120,
          '429' => 2,
          '15' => 11996,
          '137' => 18,
          '60' => 4,
          '689' => 8058,
          '337' => 13594,
          '691' => 21,
          '284' => 322,
          '76' => 10929239,
          '67' => 35455,
          '2' => 8863,
          '17' => 29121,
          '401' => 35455,
          '333' => 34,
          '590' => 26,
          '471' => 17,
          '531' => 22,
          '168' => 9219,
          '184' => 26893,
          '14' => 2632,
          '112' => 27858,
          '596' => 2,
          '191' => 18160,
          '24' => 18160,
          '187' => 2,
          '613' => 27857,
          '446' => 27857,
          '234' => 35455,
          '669' => 9219,
          '502' => 9219,
          '262' => 2,
          '639' => 158120,
          '344' => 7545,
          '0' => 39016,
          '23' => 1829,
          '364' => 22,
          '96' => 3,
          '355' => 8058,
          '159' => 28,
          '577' => 10929224,
          '509' => 12,
          '279' => 27857,
          '47' => 1,
          '8' => 13,
          '357' => 21,
          '335' => 9219,
          '256' => 26,
          '117' => 40830,
          '698' => 22,
          '5' => 8,
          '170' => 13594,
          '685' => 26893,
          '621' => 22,
          '524' => 21,
          '21' => 8078,
          '523' => 1,
          '7' => 13,
          '336' => 8382,
          '119' => 1494,
          '453' => 1494,
          '521' => 2,
          '244' => 23,
          '351' => 26893,
          '500' => 34,
          '410' => 10929224,
          '334' => 17455,
          '690' => 1,
          '676' => 12,
          '10' => 8776,
          '423' => 26,
          '671' => 13594,
          '189' => 1,
          '342' => 12,
          '91' => 93097,
          '167' => 17499,
          '505' => 12650,
          '670' => 8382,
          '87' => 32,
          '692' => 18160,
          '77' => 23,
          '304' => 17,
          '12' => 48,
          '668' => 17455,
          '52' => 84,
          '688' => 2,
          '56' => 8,
          '66' => 88020,
          '19' => 32,
          '54' => 8,
          '503' => 8382,
          '188' => 8058,
          '638' => 17,
          '635' => 22,
          '567' => 87968,
          '166' => 34,
          '1' => 111700,
          '88' => 8,
          '30' => 22,
          '338' => 12650,
          '120' => 22,
          '28' => 4,
          '286' => 1494,
          '134' => 22,
          '618' => 322,
          '305' => 158120,
          '59' => 8,
          '501' => 17455,
          '177' => 7545,
          '678' => 7545,
          '53' => 8,
          '22' => 3013,
          '354' => 2,
          '46' => 8,
          '105' => 3,
          '257' => 2,
          '301' => 22,
          '6' => 14,
          '3' => 178230,
          '36' => 8,
          '518' => 26893,
          '9' => 4,
          '356' => 1,
          '472' => 158120,
          '591' => 2,
          '568' => 35455,
          '4' => 13228,
          '169' => 8382,
          '411' => 23,
          '171' => 12650
        };
