write intervals: 
$VAR1 = {
          '6' => 3,
          '3' => 9,
          '7' => 3,
          '9' => 2,
          '2' => 27,
          '1' => 220,
          '4' => 11,
          '10' => 1,
          '5' => 6
        };
retention times: 
$VAR1 = {
          '260008' => 2,
          '930000' => 5396,
          '1230011' => 1,
          '1090001' => 310,
          '1610006' => 12,
          '1480000' => 71,
          '1360000' => 15,
          '890004' => 30,
          '300012' => 1,
          '500002' => 58,
          '90008' => 259,
          '1340002' => 55,
          '60005' => 84,
          '170006' => 1,
          '1650004' => 1,
          '370008' => 1,
          '1470004' => 2,
          '590031' => 1,
          '650002' => 391,
          '240015' => 4,
          '1250000' => 4426,
          '210011' => 2,
          '870002' => 416,
          '300005' => 41,
          '1090006' => 1,
          '280003' => 82,
          '120003' => 143,
          '330006' => 6,
          '960000' => 587,
          '830000' => 199,
          '1270002' => 367,
          '940009' => 1,
          '240004' => 9,
          '320024' => 2,
          '520013' => 3,
          '1170009' => 45,
          '1130002' => 475,
          '500009' => 1,
          '1460003' => 1,
          '360002' => 19,
          '560003' => 24,
          '200004' => 26,
          '450011' => 2,
          '1080004' => 7,
          '1320001' => 249,
          '120008' => 42,
          '1020024' => 22,
          '320000' => 475,
          '690007' => 1,
          '970004' => 1,
          '720007' => 1,
          '30001' => 1319,
          '530008' => 4,
          '390002' => 49,
          '510000' => 64,
          '1350004' => 20,
          '1660006' => 2,
          '70004' => 208,
          '540015' => 3,
          '680004' => 5,
          '750001' => 12,
          '580003' => 9,
          '540010' => 8,
          '670000' => 297,
          '220012' => 3,
          '1530009' => 1,
          '340007' => 2,
          '1260003' => 5,
          '1390001' => 2,
          '130004' => 117,
          '1110003' => 22,
          '1370022' => 1,
          '270002' => 10,
          '1640001' => 310,
          '540000' => 372,
          '680007' => 4,
          '1260020' => 5,
          '220007' => 20,
          '790000' => 140,
          '600004' => 7,
          '880088' => 8,
          '840003' => 17,
          '840006' => 368,
          '870063' => 7,
          '420009' => 2,
          '430004' => 68,
          '210009' => 311,
          '80003' => 103,
          '520028' => 4,
          '480006' => 4,
          '400003' => 12,
          '140003' => 61,
          '1170000' => 3305,
          '330017' => 4,
          '140000' => 6846,
          '200011' => 5,
          '880000' => 94,
          '630039' => 14,
          '230001' => 345,
          '270006' => 47,
          '1160001' => 93,
          '330001' => 155,
          '1210001' => 1,
          '810000' => 56,
          '620002' => 35,
          '1590001' => 565,
          '410005' => 7,
          '1610004' => 1,
          '1190004' => 7,
          '820001' => 12,
          '550006' => 6,
          '530029' => 4,
          '630000' => 4302,
          '290002' => 16,
          '150002' => 296,
          '250003' => 5,
          '1650018' => 13,
          '990006' => 14,
          '620032' => 6,
          '420000' => 3064,
          '630002' => 439,
          '910001' => 558,
          '40000' => 10734,
          '1410004' => 572,
          '300015' => 1,
          '770001' => 15,
          '1620007' => 6,
          '1600001' => 487,
          '230018' => 1,
          '1500001' => 848,
          '630006' => 3,
          '800080' => 19,
          '1490000' => 6315,
          '990003' => 63,
          '980005' => 3,
          '290006' => 4,
          '1550000' => 8740,
          '230003' => 13,
          '300000' => 1046,
          '1100000' => 1185,
          '440031' => 1,
          '720024' => 1,
          '470008' => 8,
          '530020' => 2,
          '630004' => 31,
          '190005' => 92,
          '720001' => 115,
          '1580000' => 79886,
          '1260001' => 249,
          '220010' => 2,
          '850004' => 2,
          '300007' => 1,
          '1350002' => 350,
          '520016' => 1,
          '350011' => 13,
          '250007' => 2,
          '50001' => 1290,
          '180002' => 56,
          '390039' => 56,
          '870007' => 19,
          '170007' => 3,
          '1650005' => 13,
          '1410002' => 255,
          '620000' => 3804,
          '890002' => 621,
          '1370020' => 7,
          '650004' => 22,
          '360000' => 1697,
          '180013' => 2,
          '40002' => 301,
          '1060001' => 798,
          '930024' => 25,
          '920014' => 12,
          '1070000' => 9740,
          '90002' => 353,
          '240006' => 46,
          '320001' => 101,
          '1250007' => 15,
          '730008' => 12,
          '120012' => 54,
          '250000' => 2151,
          '230008' => 94,
          '1080002' => 60,
          '950002' => 61,
          '390001' => 208,
          '660003' => 36,
          '160001' => 690,
          '340001' => 78,
          '70002' => 151,
          '20000' => 10928,
          '300003' => 47,
          '1370004' => 64,
          '1530004' => 7,
          '360036' => 7,
          '250001' => 197,
          '340000' => 132,
          '410031' => 1,
          '180018' => 7,
          '530001' => 168,
          '1090004' => 1,
          '330004' => 15,
          '1310000' => 9325,
          '1110012' => 2,
          '220022' => 1096,
          '1660000' => 1595,
          '1290002' => 401,
          '850085' => 155,
          '350003' => 16,
          '170000' => 2140,
          '930002' => 24,
          '600011' => 2,
          '360015' => 50,
          '870004' => 11,
          '920004' => 17,
          '200006' => 38,
          '1630001' => 227,
          '1130000' => 4356,
          '640006' => 2,
          '920087' => 5,
          '490007' => 1,
          '360024' => 6,
          '310001' => 494,
          '1140000' => 806,
          '240024' => 7159,
          '560001' => 180,
          '420004' => 15,
          '320020' => 1,
          '1110080' => 43,
          '310031' => 218,
          '1190002' => 404,
          '270000' => 195,
          '140006' => 35,
          '620004' => 2,
          '260004' => 7,
          '1450016' => 5,
          '920002' => 9,
          '560032' => 1,
          '210001' => 438,
          '510006' => 1,
          '120001' => 988,
          '390009' => 20,
          '1410001' => 16,
          '80001' => 1274,
          '230005' => 47,
          '160007' => 3,
          '590001' => 122,
          '450021' => 16,
          '270027' => 7,
          '420018' => 7,
          '880002' => 101,
          '1030001' => 496,
          '560008' => 5,
          '1490002' => 467,
          '200001' => 234,
          '150009' => 189,
          '980000' => 36,
          '1410015' => 28,
          '600002' => 38,
          '1460005' => 5,
          '580004' => 12,
          '590004' => 21,
          '100001' => 958,
          '510004' => 12,
          '910003' => 32,
          '690003' => 93,
          '1570000' => 81071,
          '540048' => 13,
          '1440024' => 1,
          '380007' => 15,
          '1230001' => 1,
          '280024' => 1,
          '1460001' => 791,
          '970000' => 333,
          '380008' => 3,
          '810003' => 18,
          '440000' => 421,
          '550003' => 9,
          '420002' => 127,
          '700000' => 2138,
          '1390016' => 1,
          '940000' => 5024,
          '1180009' => 2,
          '470002' => 391,
          '400002' => 21,
          '290008' => 7,
          '920003' => 10,
          '1600004' => 10,
          '120005' => 2,
          '150006' => 101,
          '460046' => 1,
          '990001' => 254,
          '1240002' => 96,
          '550004' => 1,
          '200009' => 1,
          '690048' => 6,
          '540005' => 25,
          '1110000' => 33,
          '380038' => 16,
          '380001' => 217,
          '520000' => 167,
          '1110072' => 48,
          '920010' => 7,
          '1550003' => 10,
          '1520000' => 6,
          '950049' => 1,
          '210002' => 242,
          '850003' => 9,
          '660005' => 1,
          '1470001' => 816,
          '1410000' => 1238,
          '210007' => 34,
          '1240001' => 3,
          '560013' => 2,
          '1290000' => 2675,
          '1140001' => 306,
          '700001' => 591,
          '730000' => 761,
          '1660002' => 2,
          '1650001' => 252,
          '340003' => 20,
          '1520002' => 284,
          '260010' => 1,
          '720048' => 7,
          '960003' => 11,
          '70001' => 1526,
          '80008' => 136,
          '1650000' => 6354,
          '140008' => 64,
          '470006' => 1,
          '300002' => 15,
          '230006' => 2,
          '200000' => 799,
          '570001' => 208,
          '310003' => 47,
          '930006' => 7,
          '300009' => 371,
          '1540002' => 575,
          '730009' => 3,
          '1490001' => 367,
          '90005' => 53,
          '540030' => 9,
          '210003' => 67,
          '40001' => 1468,
          '940003' => 8,
          '950000' => 220,
          '920007' => 46,
          '800001' => 38,
          '980002' => 45,
          '980001' => 203,
          '460002' => 38,
          '1430000' => 1,
          '510009' => 2,
          '840001' => 22,
          '110005' => 33,
          '40004' => 530,
          '1560024' => 1,
          '740002' => 2,
          '510003' => 16,
          '830003' => 2,
          '790002' => 2,
          '60000' => 20345,
          '1370002' => 431,
          '440004' => 11,
          '860002' => 17,
          '240017' => 3,
          '1260024' => 20,
          '300008' => 63,
          '650003' => 4,
          '1000003' => 199,
          '860001' => 523,
          '970001' => 802,
          '130013' => 3,
          '370013' => 7,
          '270008' => 8,
          '1080008' => 14,
          '180004' => 46,
          '1320032' => 6,
          '790015' => 4,
          '850016' => 8,
          '330033' => 62,
          '150005' => 12,
          '320009' => 2,
          '290004' => 18,
          '360005' => 47,
          '1320015' => 1,
          '120004' => 16,
          '490008' => 13,
          '330024' => 3,
          '810002' => 1,
          '110004' => 447,
          '1410009' => 21,
          '220003' => 64,
          '350000' => 346,
          '120006' => 56,
          '1030003' => 4,
          '1320006' => 7,
          '200008' => 99,
          '780008' => 470,
          '850015' => 11,
          '1260009' => 8,
          '1610001' => 1,
          '690069' => 1,
          '260026' => 9,
          '480003' => 10,
          '430008' => 3,
          '900003' => 51,
          '1570002' => 2,
          '1230003' => 2,
          '1360004' => 84,
          '420021' => 8,
          '330009' => 21,
          '250006' => 13,
          '540003' => 10,
          '1490003' => 27,
          '260002' => 35,
          '380002' => 11,
          '100006' => 26,
          '410010' => 3,
          '160010' => 1,
          '570006' => 4,
          '780003' => 2,
          '350009' => 1,
          '240002' => 126,
          '1080001' => 293,
          '1110016' => 1,
          '130006' => 30,
          '530005' => 24,
          '630009' => 9,
          '500004' => 2,
          '690009' => 51,
          '1520011' => 5,
          '370004' => 22,
          '430001' => 502,
          '280001' => 45,
          '1620003' => 106,
          '190009' => 5,
          '160009' => 5,
          '920000' => 6210,
          '1300000' => 8431,
          '1650024' => 30,
          '140004' => 98,
          '1180002' => 82,
          '1560001' => 598,
          '410009' => 1,
          '350004' => 18,
          '880004' => 3,
          '530031' => 9,
          '280018' => 3,
          '360009' => 12,
          '890001' => 118,
          '1600005' => 85,
          '910004' => 45,
          '590007' => 1,
          '320003' => 18,
          '590006' => 4,
          '380036' => 1,
          '1110002' => 439,
          '620024' => 1,
          '840000' => 1010,
          '240020' => 1,
          '400037' => 2,
          '700003' => 32,
          '590035' => 5,
          '1090003' => 32,
          '790006' => 6,
          '930001' => 905,
          '900001' => 458,
          '610007' => 8,
          '580006' => 1,
          '930004' => 417,
          '130009' => 12,
          '670005' => 11,
          '450008' => 2,
          '1200001' => 3,
          '1020001' => 846,
          '390008' => 639,
          '100003' => 92,
          '980004' => 7,
          '1130004' => 20,
          '480009' => 15,
          '370002' => 14,
          '310000' => 1303,
          '1310006' => 1,
          '180008' => 20,
          '1310002' => 376,
          '110002' => 517,
          '1030000' => 281,
          '860086' => 1,
          '290029' => 61,
          '120010' => 2,
          '680003' => 20,
          '1210013' => 1,
          '1080006' => 56,
          '760004' => 3,
          '80006' => 14,
          '600007' => 6,
          '440002' => 58,
          '800003' => 2,
          '100004' => 284,
          '540001' => 175,
          '1100002' => 7,
          '220001' => 470,
          '420008' => 1,
          '390004' => 10,
          '940001' => 1199,
          '90009' => 525,
          '990000' => 4487,
          '480014' => 6,
          '1000100' => 9,
          '920092' => 357,
          '850001' => 519,
          '600000' => 4439,
          '470001' => 61,
          '610002' => 81,
          '650000' => 5669,
          '1300002' => 1,
          '730004' => 9,
          '640001' => 549,
          '240000' => 4023,
          '280008' => 3,
          '1200024' => 1,
          '240009' => 1292,
          '450024' => 33,
          '370011' => 1,
          '1150020' => 2,
          '1510001' => 566,
          '170004' => 41,
          '330000' => 394,
          '1050000' => 843,
          '200002' => 78,
          '110007' => 2,
          '480000' => 787,
          '1000007' => 6,
          '990007' => 30,
          '410000' => 5117,
          '310005' => 2,
          '540024' => 40,
          '1370005' => 48,
          '680000' => 157,
          '1650011' => 5,
          '330015' => 8,
          '740000' => 13,
          '650005' => 6,
          '1580001' => 565,
          '710001' => 136,
          '1050002' => 6,
          '1370000' => 5420,
          '210005' => 57,
          '280005' => 8,
          '560023' => 3,
          '70000' => 16138,
          '380004' => 3,
          '450001' => 400,
          '1150000' => 2670,
          '170001' => 262,
          '660000' => 2483,
          '770004' => 3,
          '580000' => 2054,
          '70006' => 41,
          '840015' => 15,
          '450003' => 16,
          '1620001' => 108,
          '510013' => 3,
          '220009' => 5,
          '1430002' => 246,
          '1430003' => 7,
          '320008' => 4,
          '1220000' => 4,
          '1000000' => 26742,
          '970003' => 6,
          '1290011' => 40,
          '150000' => 17086,
          '940094' => 79,
          '860004' => 6,
          '1400001' => 4,
          '1450002' => 249,
          '500006' => 2,
          '1500003' => 19,
          '1550001' => 796,
          '370006' => 25,
          '300006' => 78,
          '570002' => 9,
          '1540007' => 6,
          '130010' => 6,
          '1450003' => 1,
          '460003' => 5,
          '1570004' => 1,
          '490001' => 54,
          '600009' => 1,
          '330002' => 51,
          '1180000' => 5055,
          '1420001' => 3,
          '400016' => 11,
          '280013' => 4,
          '190003' => 97,
          '1250001' => 125,
          '780006' => 20,
          '370031' => 3,
          '1460004' => 46,
          '1320004' => 2,
          '990060' => 1,
          '1600008' => 20,
          '1610008' => 7,
          '320006' => 4,
          '1150007' => 30,
          '1440001' => 3,
          '920056' => 6,
          '1560056' => 1,
          '390006' => 26,
          '140002' => 232,
          '90004' => 623,
          '550008' => 396,
          '520001' => 73,
          '1180010' => 6,
          '110011' => 1063,
          '540008' => 426,
          '190007' => 29,
          '20002' => 701,
          '520004' => 66,
          '50003' => 131,
          '590000' => 376,
          '1270000' => 1,
          '670003' => 10,
          '1010000' => 19237,
          '670001' => 408,
          '510030' => 1,
          '870000' => 132,
          '720003' => 1,
          '510027' => 4,
          '500000' => 171,
          '640003' => 3,
          '1540004' => 8,
          '1280000' => 22,
          '1590003' => 26,
          '320017' => 2,
          '760001' => 11,
          '150015' => 1127,
          '780001' => 14,
          '1120000' => 10,
          '790008' => 396,
          '460022' => 12,
          '390018' => 5,
          '840005' => 43,
          '1320024' => 7,
          '160002' => 39,
          '1620000' => 994,
          '680006' => 3,
          '210006' => 23,
          '330018' => 3,
          '550010' => 1,
          '400004' => 8,
          '720009' => 11,
          '1380001' => 48,
          '260000' => 699,
          '1010004' => 3,
          '1640000' => 856,
          '690024' => 40,
          '150008' => 49,
          '1280002' => 137,
          '310007' => 8,
          '560010' => 7,
          '1450004' => 513,
          '950095' => 15,
          '690004' => 9,
          '80004' => 236,
          '250009' => 16,
          '1500048' => 1,
          '180006' => 12,
          '600005' => 14,
          '660002' => 3,
          '240008' => 233,
          '1330002' => 369,
          '270005' => 7,
          '310019' => 7,
          '480007' => 4,
          '130001' => 990,
          '1590002' => 1,
          '290001' => 73,
          '1090007' => 10,
          '150010' => 2,
          '290000' => 366,
          '230002' => 71,
          '360018' => 1,
          '1100001' => 247,
          '480004' => 81,
          '250002' => 43,
          '820000' => 3,
          '430019' => 33,
          '430005' => 2,
          '540006' => 30,
          '1270004' => 31,
          '100005' => 22,
          '330007' => 9,
          '90000' => 9040,
          '910006' => 13,
          '770000' => 64,
          '110009' => 6,
          '110000' => 4602,
          '0' => 58280,
          '1230000' => 4,
          '550005' => 2,
          '1520003' => 12,
          '530010' => 3,
          '310009' => 7,
          '60003' => 176,
          '450004' => 25,
          '410002' => 686,
          '1020006' => 1,
          '1050004' => 5,
          '1020009' => 4,
          '990005' => 97,
          '190000' => 472,
          '1480001' => 367,
          '390003' => 75,
          '960001' => 775,
          '260007' => 2,
          '370000' => 3723,
          '710003' => 11,
          '190013' => 4,
          '1130003' => 179,
          '120002' => 538,
          '470000' => 195,
          '850007' => 65,
          '1260002' => 94,
          '920046' => 1,
          '550001' => 213,
          '1090000' => 2515,
          '230009' => 23,
          '440008' => 9,
          '580002' => 22,
          '1350003' => 131,
          '1390000' => 2,
          '490004' => 40,
          '1500009' => 18,
          '60006' => 3202,
          '930093' => 235,
          '170003' => 14,
          '1560004' => 3,
          '600060' => 1,
          '320002' => 21,
          '180001' => 275,
          '360003' => 107,
          '470003' => 5,
          '580009' => 3,
          '440003' => 9,
          '340017' => 3,
          '660009' => 1,
          '240005' => 90,
          '210012' => 9,
          '620001' => 550,
          '630048' => 3,
          '1140003' => 18,
          '1150002' => 369,
          '1330001' => 4,
          '1500024' => 3,
          '410035' => 4,
          '560004' => 2,
          '280004' => 12,
          '1130001' => 2,
          '230011' => 3,
          '1010002' => 7,
          '1170008' => 11,
          '240001' => 354,
          '1320002' => 19,
          '70003' => 123,
          '690006' => 23,
          '300004' => 6,
          '1360003' => 1,
          '1060000' => 3644,
          '140010' => 11,
          '390015' => 86,
          '1120003' => 1,
          '490003' => 5,
          '1600023' => 1,
          '540018' => 7,
          '530002' => 22,
          '1370031' => 104,
          '710071' => 1,
          '1030002' => 1,
          '180010' => 16,
          '640009' => 1,
          '1190007' => 2,
          '430011' => 1,
          '310002' => 46,
          '10000' => 27147,
          '1000006' => 72,
          '1630000' => 190,
          '750002' => 2,
          '690000' => 12884,
          '340006' => 2,
          '1390002' => 257,
          '80002' => 122,
          '430002' => 384,
          '130003' => 53,
          '420001' => 377,
          '400006' => 3,
          '800056' => 1,
          '120000' => 10723,
          '160004' => 68,
          '860007' => 26,
          '1550008' => 3,
          '350008' => 5,
          '270001' => 50,
          '720008' => 32,
          '340010' => 6,
          '1040001' => 495,
          '690002' => 398,
          '880003' => 102,
          '450002' => 486,
          '140007' => 1,
          '390031' => 1,
          '1440003' => 48,
          '510001' => 53,
          '1370001' => 216,
          '350001' => 75,
          '1230002' => 43,
          '210000' => 2779,
          '750020' => 4,
          '590002' => 106,
          '600003' => 14,
          '400001' => 131,
          '1170001' => 11,
          '920001' => 1015,
          '50004' => 141,
          '250008' => 2,
          '140001' => 771,
          '1330004' => 35,
          '230004' => 86,
          '580005' => 7,
          '1350000' => 411,
          '780014' => 1,
          '910000' => 1203,
          '1590000' => 83983,
          '450009' => 123,
          '1520005' => 2,
          '830001' => 11,
          '100008' => 12,
          '720002' => 2,
          '410004' => 20,
          '810001' => 34,
          '630001' => 544,
          '300001' => 50,
          '820003' => 3,
          '780005' => 16,
          '550002' => 15,
          '100010' => 31,
          '440001' => 440,
          '460000' => 476,
          '630012' => 4,
          '1540000' => 22706,
          '380037' => 6,
          '1450000' => 38,
          '260011' => 4,
          '1590005' => 4,
          '60002' => 430,
          '540004' => 2,
          '1170011' => 8,
          '1640005' => 10,
          '380000' => 2576,
          '620003' => 16,
          '1500000' => 40350,
          '450006' => 13,
          '1240003' => 122,
          '480002' => 37,
          '200020' => 60,
          '150007' => 6,
          '90007' => 4,
          '30002' => 372,
          '1370011' => 4,
          '630003' => 73,
          '1080015' => 7,
          '750003' => 9,
          '320032' => 7,
          '900005' => 5,
          '1150004' => 36,
          '1660001' => 138,
          '170005' => 10,
          '1650006' => 9,
          '1080003' => 4,
          '660018' => 3,
          '210015' => 3,
          '60004' => 105,
          '670008' => 2,
          '400009' => 104,
          '390000' => 1392,
          '190019' => 13,
          '170011' => 1,
          '920053' => 1,
          '570004' => 3,
          '220018' => 6,
          '240007' => 11,
          '90001' => 1258,
          '220004' => 32,
          '650001' => 498,
          '170008' => 41,
          '1360001' => 122,
          '1070001' => 659,
          '950001' => 698,
          '1350001' => 52,
          '1560006' => 2,
          '490015' => 2,
          '1020003' => 10,
          '760000' => 156,
          '1260000' => 138,
          '360001' => 127,
          '890003' => 84,
          '820002' => 6,
          '580007' => 1,
          '680005' => 28,
          '640007' => 1,
          '160000' => 6278,
          '330005' => 7,
          '370003' => 31,
          '480024' => 39,
          '960024' => 1,
          '1250008' => 8,
          '880001' => 17,
          '430003' => 19,
          '530000' => 588,
          '610008' => 3,
          '310004' => 11,
          '840014' => 16,
          '310010' => 10,
          '710004' => 34,
          '860000' => 792,
          '620023' => 5,
          '350002' => 53,
          '110003' => 86,
          '750000' => 63,
          '610000' => 1446,
          '560002' => 60,
          '830008' => 7,
          '340009' => 5,
          '660004' => 27,
          '730018' => 3,
          '1320000' => 1326,
          '340008' => 9,
          '720072' => 4,
          '290013' => 2,
          '200007' => 4,
          '490006' => 2,
          '1290003' => 197,
          '110006' => 22,
          '180003' => 108,
          '420003' => 63,
          '730056' => 1,
          '1080000' => 569,
          '620005' => 1,
          '1610002' => 95,
          '120007' => 11,
          '910002' => 390,
          '990009' => 1,
          '1400000' => 4,
          '450000' => 7538,
          '10001' => 4560,
          '1450001' => 48,
          '910091' => 6,
          '280002' => 25,
          '730003' => 4,
          '640004' => 4,
          '530006' => 1,
          '1120001' => 4,
          '790005' => 4,
          '100009' => 19,
          '1000001' => 766,
          '350005' => 1,
          '410017' => 4,
          '490000' => 190,
          '1250004' => 57,
          '160006' => 10,
          '150001' => 851,
          '250005' => 2,
          '130005' => 4,
          '1210000' => 13,
          '520002' => 51,
          '1260008' => 34,
          '1490004' => 8,
          '410011' => 1,
          '700005' => 2,
          '100000' => 4165,
          '570034' => 4,
          '260003' => 14,
          '320031' => 4,
          '80000' => 13123,
          '160011' => 1,
          '430000' => 677,
          '890000' => 2981,
          '410006' => 5,
          '320018' => 1,
          '260001' => 89,
          '500001' => 44,
          '630063' => 2,
          '300018' => 6,
          '600008' => 2,
          '190004' => 189,
          '1020002' => 91,
          '1180003' => 12,
          '320004' => 31,
          '300011' => 3,
          '470023' => 25,
          '640002' => 7,
          '730010' => 1,
          '1510000' => 85885,
          '600001' => 447,
          '1090002' => 367,
          '460008' => 7,
          '1220004' => 30,
          '90003' => 498,
          '50000' => 15755,
          '610006' => 401,
          '1040000' => 160,
          '560016' => 1,
          '1420004' => 46,
          '300030' => 9,
          '650009' => 2,
          '480008' => 35,
          '1640002' => 16,
          '190008' => 59,
          '590003' => 30,
          '1070002' => 3,
          '820012' => 25,
          '1220003' => 67,
          '670006' => 5,
          '1450008' => 8,
          '600015' => 40,
          '990068' => 47,
          '1560000' => 16268,
          '540002' => 16,
          '700002' => 46,
          '780009' => 63,
          '1530003' => 1,
          '720000' => 3068,
          '540009' => 99,
          '340002' => 22,
          '350010' => 1,
          '320007' => 23,
          '510008' => 2,
          '470004' => 62,
          '740003' => 3,
          '300024' => 49,
          '990002' => 404,
          '1470002' => 29,
          '390011' => 3,
          '170009' => 6,
          '150004' => 1302,
          '560000' => 1269,
          '770002' => 1,
          '140009' => 35,
          '900000' => 5966,
          '80007' => 69,
          '1400003' => 19,
          '50005' => 1079,
          '30000' => 8774,
          '1170002' => 648,
          '710006' => 1,
          '530014' => 2,
          '180005' => 8,
          '400000' => 524,
          '850002' => 5,
          '1100003' => 2,
          '830002' => 20,
          '1330007' => 7,
          '380014' => 18,
          '610001' => 529,
          '710000' => 553,
          '590021' => 1,
          '270009' => 1,
          '1060002' => 62,
          '1150006' => 1,
          '680008' => 49,
          '450039' => 1,
          '580001' => 122,
          '510002' => 27,
          '1290001' => 161,
          '380017' => 6,
          '1020000' => 452,
          '890011' => 7,
          '230023' => 399,
          '860003' => 2,
          '1590004' => 105,
          '360006' => 90,
          '1280001' => 27,
          '380005' => 4,
          '790001' => 75,
          '210008' => 466,
          '390038' => 11,
          '730001' => 73,
          '200003' => 82,
          '170017' => 59,
          '110008' => 8,
          '850080' => 6,
          '1360005' => 6,
          '1650002' => 368,
          '1190001' => 62,
          '1000002' => 4,
          '70007' => 468,
          '450015' => 1,
          '310006' => 400,
          '180009' => 756,
          '820004' => 64,
          '240018' => 10,
          '800000' => 75,
          '1310001' => 275,
          '210004' => 55,
          '970002' => 1,
          '570003' => 29,
          '1150001' => 324,
          '40003' => 217,
          '110001' => 770,
          '400007' => 6,
          '780000' => 313,
          '130000' => 3154,
          '890089' => 417,
          '330003' => 32,
          '410001' => 68,
          '1650015' => 3,
          '660006' => 2,
          '370001' => 205,
          '220002' => 93,
          '280007' => 14,
          '60001' => 1490,
          '370005' => 3,
          '1430001' => 2,
          '550000' => 439,
          '190001' => 197,
          '330008' => 21,
          '380003' => 10,
          '220008' => 36,
          '100007' => 16,
          '1470010' => 4,
          '700007' => 6,
          '930088' => 15,
          '450005' => 14,
          '1220001' => 1,
          '1470006' => 35,
          '1180001' => 300,
          '960009' => 4,
          '190006' => 102,
          '1620002' => 25,
          '550016' => 3,
          '590005' => 287,
          '460001' => 488,
          '190002' => 73,
          '610004' => 3,
          '340020' => 1,
          '460029' => 1,
          '460004' => 5,
          '600036' => 4,
          '90006' => 17,
          '490002' => 23,
          '230007' => 8,
          '410008' => 6,
          '950003' => 4,
          '100002' => 142,
          '250004' => 440,
          '520003' => 10,
          '50002' => 271,
          '1450013' => 6,
          '800007' => 1,
          '1170024' => 25,
          '790079' => 24,
          '1540001' => 260,
          '540007' => 13,
          '1650009' => 5,
          '440011' => 1,
          '1040002' => 370,
          '1360002' => 3,
          '130007' => 15,
          '1270001' => 30,
          '30003' => 828,
          '20001' => 1578,
          '1440000' => 5,
          '230015' => 1,
          '140005' => 26,
          '470009' => 2,
          '670002' => 384,
          '1530001' => 261,
          '670004' => 44,
          '1570001' => 564,
          '790007' => 3,
          '160016' => 6,
          '290015' => 1,
          '1600006' => 41,
          '1110001' => 77,
          '1470000' => 273,
          '960002' => 124,
          '1320003' => 64,
          '720016' => 2,
          '1630003' => 484,
          '500003' => 5,
          '590008' => 3,
          '910052' => 1,
          '360004' => 7,
          '870001' => 333,
          '700004' => 5,
          '1130005' => 4,
          '600006' => 185,
          '1560002' => 1,
          '690001' => 472,
          '1260004' => 1,
          '1170004' => 5,
          '380024' => 1,
          '140014' => 14,
          '1460000' => 1423,
          '1650010' => 2,
          '570009' => 4,
          '610003' => 9,
          '110010' => 10,
          '910007' => 5,
          '480015' => 2,
          '1310005' => 1,
          '1210003' => 221,
          '320010' => 13,
          '620008' => 4,
          '740001' => 13,
          '800002' => 1,
          '930003' => 1,
          '760002' => 1,
          '440005' => 18,
          '680002' => 38,
          '1010001' => 848,
          '340005' => 2,
          '1520001' => 566,
          '850000' => 2113,
          '640000' => 3038,
          '1300001' => 293,
          '180007' => 1,
          '570000' => 2625,
          '80005' => 18,
          '480033' => 7,
          '160003' => 21,
          '840002' => 79,
          '220000' => 3081,
          '920008' => 12,
          '320005' => 1,
          '390005' => 1,
          '250010' => 1,
          '780007' => 5,
          '1370006' => 9,
          '900002' => 58,
          '130002' => 514,
          '850006' => 403,
          '1060004' => 11,
          '410003' => 16,
          '530003' => 4,
          '230000' => 2714,
          '70005' => 11,
          '360011' => 2,
          '1250002' => 412,
          '280028' => 9,
          '120009' => 41,
          '280000' => 555,
          '180000' => 981,
          '530004' => 22,
          '1410024' => 25,
          '200005' => 11,
          '1370008' => 26,
          '270004' => 4,
          '940002' => 156,
          '660001' => 482,
          '780024' => 42,
          '1030004' => 1,
          '420031' => 1,
          '710002' => 370,
          '580010' => 2,
          '1550002' => 1,
          '290003' => 34,
          '340004' => 2,
          '480001' => 77,
          '150003' => 52,
          '1050001' => 795,
          '170002' => 138,
          '270003' => 36,
          '1260018' => 9,
          '240003' => 73,
          '650006' => 3,
          '490009' => 5,
          '990014' => 25,
          '680001' => 391,
          '210021' => 898,
          '990099' => 10668,
          '180017' => 1,
          '820007' => 3,
          '1590009' => 11,
          '1230004' => 405
        };
27310665728
