write intervals: 
$VAR1 = {
          '1' => 535664,
          '2' => 167
        };
retention times: 
$VAR1 = {
          '127' => 1164,
          '32' => 28104,
          '90' => 75630,
          '118' => 68097,
          '71' => 17856,
          '102' => 55636,
          '18' => 14621,
          '125' => 171048,
          '16' => 6017,
          '44' => 7279,
          '55' => 11813,
          '84' => 239016,
          '27' => 389315,
          '161' => 15195,
          '95' => 88368,
          '57' => 28201,
          '20' => 151949,
          '163' => 76116,
          '109' => 46452,
          '151' => 1779,
          '89' => 74873,
          '148' => 344504,
          '31' => 11416,
          '35' => 26147,
          '11' => 30995,
          '78' => 641,
          '93' => 1091,
          '106' => 106886,
          '157' => 31327,
          '65' => 16633,
          '29' => 21873,
          '138' => 70966,
          '114' => 48466,
          '58' => 46710,
          '153' => 12416,
          '15' => 29954,
          '137' => 126979,
          '81' => 196380,
          '60' => 75777,
          '101' => 31983,
          '73' => 83194,
          '86' => 65067,
          '76' => 50471,
          '62' => 88912,
          '67' => 67726,
          '165' => 108341,
          '139' => 54421,
          '129' => 137,
          '2' => 440482,
          '17' => 63067,
          '110' => 78328,
          '82' => 293726,
          '147' => 353303,
          '135' => 123290,
          '14' => 18036,
          '112' => 28959,
          '69' => 183135,
          '145' => 333375,
          '49' => 270039,
          '24' => 52273,
          '140' => 13403,
          '124' => 325118,
          '104' => 464,
          '131' => 26686,
          '121' => 367410,
          '79' => 177660,
          '154' => 146617,
          '0' => 452894,
          '23' => 198019,
          '96' => 24084,
          '126' => 5696,
          '159' => 7252,
          '160' => 30395,
          '47' => 156558,
          '8' => 51229,
          '98' => 1691,
          '37' => 21082,
          '117' => 87391,
          '43' => 32818,
          '5' => 27279,
          '33' => 1075,
          '21' => 5111,
          '63' => 43067,
          '7' => 45768,
          '26' => 397611,
          '80' => 299282,
          '119' => 190671,
          '99' => 3515,
          '162' => 10162,
          '72' => 40171,
          '74' => 28374,
          '61' => 52399,
          '108' => 116761,
          '115' => 328,
          '92' => 9001,
          '103' => 913,
          '10' => 100901,
          '113' => 36431,
          '152' => 117,
          '142' => 27225,
          '91' => 26620,
          '167' => 174164,
          '48' => 210326,
          '107' => 87576,
          '87' => 15240,
          '77' => 1176,
          '133' => 109327,
          '149' => 338044,
          '123' => 396765,
          '50' => 311520,
          '39' => 5813,
          '64' => 149410,
          '97' => 36599,
          '12' => 87904,
          '41' => 22812,
          '52' => 321871,
          '56' => 12369,
          '45' => 50570,
          '66' => 143000,
          '19' => 74625,
          '54' => 4444,
          '70' => 57026,
          '68' => 33897,
          '166' => 18626,
          '1' => 1053618,
          '136' => 17488,
          '88' => 58446,
          '116' => 45452,
          '144' => 251545,
          '141' => 132108,
          '30' => 3671,
          '100' => 45600,
          '128' => 39291,
          '25' => 44840,
          '28' => 285905,
          '120' => 390168,
          '156' => 50809,
          '134' => 59589,
          '40' => 1578,
          '75' => 2133,
          '83' => 308967,
          '59' => 143131,
          '150' => 73267,
          '155' => 87536,
          '130' => 41256,
          '53' => 166310,
          '122' => 329980,
          '143' => 20259,
          '158' => 78997,
          '42' => 12073,
          '22' => 104498,
          '46' => 26280,
          '13' => 61245,
          '105' => 4647,
          '6' => 20754,
          '85' => 208238,
          '36' => 6693,
          '3' => 289458,
          '94' => 1117,
          '146' => 344104,
          '51' => 401631,
          '9' => 54816,
          '111' => 204739,
          '38' => 22954,
          '4' => 122900,
          '34' => 27523,
          '164' => 129,
          '132' => 35765
        };
