write intervals: 
$VAR1 = {
          '3' => 5,
          '7' => 1,
          '2' => 102,
          '8' => 2,
          '1' => 87965,
          '4' => 4,
          '16' => 1,
          '5' => 2
        };
retention times: 
$VAR1 = {
          '380011' => 174,
          '380012' => 822,
          '1060010' => 2,
          '1090001' => 29,
          '960007' => 9,
          '730023' => 31,
          '160015' => 44,
          '1610006' => 11,
          '570005' => 9,
          '1500013' => 43,
          '500002' => 6,
          '1120008' => 3,
          '1340002' => 7,
          '830009' => 1,
          '60005' => 518,
          '1140002' => 95,
          '1150005' => 2,
          '430014' => 81,
          '430018' => 1,
          '240015' => 45,
          '1200016' => 2,
          '300005' => 5,
          '870002' => 6,
          '280003' => 91444,
          '1250021' => 1,
          '120003' => 1460,
          '350025' => 46227,
          '750007' => 12,
          '830000' => 1,
          '960000' => 501503,
          '1080017' => 5,
          '500036' => 3,
          '1190006' => 22,
          '1510007' => 1,
          '360002' => 10,
          '1170007' => 410,
          '1140019' => 33014,
          '1360029' => 1,
          '200004' => 103,
          '1670156' => 1652,
          '780015' => 42,
          '430027' => 10,
          '460014' => 37,
          '120008' => 147,
          '320000' => 531,
          '950083' => 139,
          '390023' => 13,
          '1080096' => 258644,
          '1260030' => 10,
          '720007' => 1,
          '1000088' => 16,
          '920016' => 3,
          '1200022' => 2,
          '420023' => 6,
          '1270025' => 8,
          '1370032' => 4,
          '890079' => 405,
          '1640065' => 138,
          '510000' => 7574,
          '1370034' => 4,
          '1670030' => 3,
          '540015' => 24,
          '750001' => 95,
          '1110023' => 5,
          '480011' => 7,
          '340007' => 1,
          '1260003' => 573,
          '910068' => 1143,
          '1660067' => 2801,
          '1660004' => 3078,
          '1490025' => 338,
          '520036' => 2,
          '1370039' => 177751,
          '1110003' => 28,
          '1150013' => 5,
          '690015' => 10,
          '1370022' => 1,
          '590048' => 238961,
          '250022' => 105328,
          '1240004' => 4,
          '1660144' => 20,
          '1220016' => 1,
          '1260020' => 18,
          '1460025' => 2,
          '690005' => 2,
          '470012' => 3,
          '170016' => 105,
          '200017' => 466,
          '470015' => 454,
          '1380000' => 881773,
          '420013' => 2,
          '150011' => 54,
          '1650065' => 20,
          '1110010' => 3999,
          '840003' => 10,
          '880088' => 59,
          '390014' => 23,
          '1360012' => 7254,
          '210009' => 13,
          '1600020' => 2660,
          '420042' => 3,
          '480006' => 1,
          '630013' => 6,
          '400003' => 5,
          '1170000' => 5803,
          '1370024' => 70,
          '1180006' => 20,
          '1670006' => 11,
          '140000' => 11262,
          '1100007' => 14,
          '940010' => 63,
          '370022' => 2,
          '400028' => 1,
          '980086' => 160,
          '230001' => 145,
          '1600063' => 11,
          '590024' => 199,
          '1260010' => 4,
          '290016' => 8,
          '640048' => 17,
          '1260016' => 22,
          '480023' => 3,
          '1070007' => 7,
          '320022' => 16,
          '410005' => 6,
          '1040019' => 1,
          '740012' => 39,
          '450023' => 2,
          '1010015' => 4,
          '970006' => 217646,
          '790020' => 3,
          '630000' => 57,
          '290002' => 1387,
          '910008' => 1,
          '260012' => 339,
          '1160016' => 2,
          '1380127' => 152188,
          '1010090' => 283283,
          '40000' => 11204,
          '300015' => 1,
          '1180017' => 369,
          '1100014' => 22,
          '1480009' => 4,
          '1110082' => 5,
          '650016' => 1,
          '1620007' => 10,
          '280021' => 5,
          '240023' => 223,
          '190018' => 460,
          '1010012' => 3,
          '800080' => 11,
          '1070020' => 1,
          '970022' => 1,
          '1090020' => 11,
          '300023' => 100,
          '860006' => 2,
          '290006' => 729,
          '1340033' => 1,
          '300000' => 649960,
          '230003' => 23,
          '1290025' => 296,
          '880006' => 20,
          '1180018' => 1,
          '1100000' => 16973,
          '1050005' => 3,
          '870009' => 7,
          '470008' => 1,
          '500014' => 31,
          '1360038' => 14714,
          '190005' => 48,
          '220010' => 10610,
          '590059' => 1,
          '1020005' => 1,
          '520016' => 3,
          '1370045' => 3,
          '1290014' => 10026,
          '930009' => 104,
          '250007' => 23,
          '1420048' => 1,
          '50001' => 1086,
          '1170019' => 1,
          '740044' => 1,
          '390039' => 441,
          '1020004' => 99,
          '780078' => 77,
          '290019' => 7,
          '1410002' => 18,
          '190014' => 63,
          '620000' => 9,
          '1170027' => 2,
          '650004' => 1,
          '1450050' => 5,
          '270011' => 36,
          '180013' => 23216,
          '1230013' => 1,
          '1040094' => 1,
          '650036' => 385,
          '1140023' => 12,
          '1070000' => 18276,
          '1170105' => 180791,
          '220005' => 522,
          '570016' => 1,
          '90002' => 93,
          '240006' => 23457,
          '320001' => 196,
          '120012' => 10892429,
          '250000' => 14366,
          '1670000' => 10688,
          '530024' => 1866021,
          '230008' => 39,
          '1080002' => 5,
          '1220112' => 142477,
          '930010' => 1,
          '950002' => 109,
          '660003' => 2,
          '1110013' => 24,
          '160001' => 101,
          '900081' => 315989,
          '1360047' => 1,
          '70002' => 187,
          '1040005' => 10,
          '250001' => 5188,
          '360036' => 14584,
          '210017' => 17,
          '340000' => 554,
          '530001' => 21,
          '180018' => 5431,
          '330004' => 110,
          '1010003' => 144,
          '850085' => 591,
          '170000' => 4008,
          '930002' => 529,
          '1670075' => 11,
          '520043' => 2,
          '1130000' => 656571,
          '490007' => 5,
          '1060008' => 2,
          '1670056' => 19,
          '310001' => 166561,
          '360007' => 16,
          '1660021' => 1516,
          '1110100' => 21,
          '660044' => 3,
          '280011' => 58,
          '420004' => 7,
          '320020' => 2,
          '1190108' => 35,
          '900090' => 2,
          '560011' => 102,
          '1240007' => 1,
          '1120012' => 153,
          '1190002' => 228,
          '270000' => 8309,
          '1620151' => 940,
          '140006' => 508,
          '260004' => 613,
          '920002' => 1580,
          '210001' => 73,
          '510006' => 6,
          '570024' => 81,
          '1220033' => 55,
          '440024' => 350,
          '760076' => 1,
          '500024' => 2281692,
          '1210009' => 11,
          '1410001' => 2,
          '160007' => 267,
          '1280025' => 7194,
          '880009' => 7,
          '320013' => 4,
          '900068' => 5,
          '890013' => 22,
          '1100021' => 20,
          '650013' => 4,
          '1370128' => 3380,
          '1380049' => 3,
          '1040020' => 2,
          '1660055' => 1,
          '270027' => 285,
          '420018' => 2,
          '880002' => 46,
          '430010' => 15,
          '690018' => 19,
          '560008' => 110,
          '200001' => 114,
          '150009' => 26,
          '1450034' => 1,
          '1010005' => 35,
          '1380031' => 13,
          '960084' => 1726,
          '520010' => 99,
          '1460005' => 14,
          '270017' => 13,
          '590004' => 1,
          '1020013' => 5,
          '990073' => 5,
          '100001' => 2491,
          '1340013' => 13,
          '210014' => 272,
          '510004' => 1,
          '550018' => 1,
          '910003' => 2760,
          '1120103' => 301651,
          '1190019' => 10,
          '1120004' => 4,
          '230012' => 219537,
          '500045' => 32,
          '540048' => 31726,
          '770007' => 2,
          '1190009' => 22,
          '440000' => 225,
          '420002' => 19,
          '1140011' => 1417,
          '1670028' => 2,
          '410007' => 1,
          '1220005' => 3,
          '350012' => 8,
          '450007' => 6,
          '300026' => 1,
          '1160011' => 2,
          '440015' => 15,
          '1180023' => 1310,
          '520025' => 3,
          '900064' => 7,
          '1220026' => 57,
          '650065' => 9,
          '140011' => 177,
          '990001' => 10299,
          '1500016' => 21,
          '470022' => 1,
          '1110020' => 22,
          '1670061' => 2104,
          '630044' => 1,
          '900012' => 2,
          '200009' => 14,
          '540005' => 4,
          '1160003' => 6,
          '1110000' => 34115,
          '480005' => 4,
          '380038' => 95,
          '380001' => 166076,
          '840010' => 2,
          '520000' => 42,
          '640018' => 1,
          '770003' => 2,
          '1060003' => 283,
          '850003' => 266,
          '1370038' => 396,
          '320014' => 8,
          '760053' => 2,
          '1130006' => 72,
          '1000090' => 14,
          '1140001' => 1093,
          '700001' => 6,
          '720006' => 1,
          '400031' => 2,
          '1660002' => 1,
          '340003' => 466,
          '840025' => 238836,
          '700017' => 7,
          '1430007' => 5,
          '260016' => 6,
          '1510003' => 10,
          '620012' => 6,
          '890008' => 5,
          '480016' => 107,
          '960003' => 800,
          '70001' => 153,
          '570008' => 36,
          '80008' => 8401,
          '1650000' => 480,
          '560022' => 2,
          '1480010' => 27,
          '210018' => 34,
          '970088' => 634851,
          '1020102' => 1,
          '1510008' => 13,
          '200019' => 608,
          '200000' => 3849,
          '570001' => 2,
          '1440010' => 4639,
          '1240013' => 8,
          '910015' => 49,
          '1050021' => 831,
          '1100004' => 12,
          '300009' => 46,
          '930006' => 1,
          '470046' => 1,
          '530015' => 145,
          '390010' => 15,
          '90005' => 444,
          '40001' => 379,
          '940003' => 56,
          '1360022' => 1,
          '980002' => 10989,
          '330014' => 4,
          '460002' => 12,
          '1360024' => 5,
          '340014' => 4,
          '390017' => 10,
          '40004' => 2747917,
          '770077' => 3,
          '740002' => 54,
          '1380040' => 15544,
          '1160004' => 106,
          '830003' => 4,
          '790002' => 1179,
          '380006' => 5,
          '60000' => 6240,
          '850008' => 12,
          '1100098' => 265152,
          '240017' => 5,
          '1260024' => 15850,
          '1390049' => 43,
          '380016' => 4,
          '130013' => 2879433,
          '1450041' => 1,
          '370013' => 2,
          '670011' => 2,
          '180004' => 154,
          '920006' => 1,
          '1670012' => 22,
          '150005' => 1838,
          '780020' => 1,
          '670013' => 64,
          '120004' => 269,
          '330019' => 2,
          '810002' => 294,
          '1190000' => 13417,
          '1000009' => 9,
          '290005' => 4,
          '350000' => 25860,
          '770055' => 12,
          '1660045' => 3,
          '1380028' => 25,
          '1260009' => 11,
          '1610001' => 257,
          '1190028' => 19,
          '730002' => 1,
          '1140015' => 20,
          '950073' => 1,
          '1360004' => 20,
          '510011' => 64,
          '1130014' => 49,
          '330009' => 5,
          '410019' => 29,
          '1100010' => 3,
          '660028' => 1,
          '1150019' => 40082,
          '1110009' => 14,
          '380002' => 382,
          '750005' => 3,
          '1590019' => 8,
          '410010' => 1,
          '100006' => 2512,
          '1650076' => 7,
          '510051' => 3,
          '350009' => 149,
          '400018' => 24,
          '780003' => 10,
          '240002' => 149,
          '1080001' => 36,
          '530005' => 6,
          '130006' => 30,
          '500004' => 1,
          '1200014' => 2,
          '400040' => 3047,
          '300019' => 1,
          '1120015' => 217182,
          '430001' => 1887,
          '280001' => 513,
          '1130024' => 13,
          '190009' => 41,
          '490022' => 11,
          '470020' => 2,
          '530048' => 8639,
          '610010' => 7,
          '1040012' => 2,
          '890049' => 1,
          '140004' => 192,
          '1240033' => 4,
          '1180002' => 32,
          '280020' => 37,
          '400029' => 1,
          '320019' => 1,
          '1670001' => 6,
          '280018' => 82,
          '360009' => 87,
          '1010023' => 1,
          '1260026' => 1,
          '890001' => 55408,
          '910004' => 1,
          '1130007' => 2,
          '760012' => 1197,
          '1200030' => 3,
          '430023' => 1,
          '260017' => 9,
          '760006' => 1,
          '400030' => 1,
          '540019' => 4,
          '1200006' => 1,
          '790006' => 24,
          '1110006' => 939,
          '610007' => 1,
          '460007' => 6,
          '440017' => 237,
          '1070003' => 10,
          '1040015' => 635,
          '560009' => 1,
          '1270029' => 107,
          '450008' => 2,
          '1220021' => 92,
          '1020001' => 1599,
          '640005' => 32,
          '670005' => 7,
          '1480005' => 1,
          '1620064' => 235,
          '1620073' => 1,
          '1500078' => 4,
          '1380010' => 1782,
          '1120018' => 14,
          '1010009' => 21258,
          '770018' => 222,
          '480009' => 9,
          '370002' => 9,
          '310000' => 231029,
          '1450019' => 15838,
          '1200109' => 17,
          '1230025' => 28673,
          '530019' => 2,
          '180008' => 20,
          '740021' => 10,
          '110002' => 3176,
          '700014' => 37,
          '290029' => 258,
          '1240115' => 54,
          '1080006' => 1,
          '570011' => 2,
          '670046' => 2,
          '700011' => 2,
          '880083' => 1,
          '540001' => 7,
          '800003' => 1,
          '550007' => 3,
          '220001' => 224,
          '420008' => 1,
          '1270116' => 2556,
          '620036' => 36,
          '390004' => 342,
          '450016' => 2,
          '950094' => 2,
          '1100101' => 51,
          '510036' => 1,
          '360023' => 70,
          '920092' => 5,
          '260024' => 441,
          '1120022' => 13319,
          '360010' => 5293,
          '300010' => 71,
          '650000' => 116,
          '610002' => 4,
          '520012' => 166434,
          '1220009' => 45,
          '200013' => 27,
          '970085' => 62,
          '390035' => 1,
          '360012' => 368399,
          '1010091' => 28,
          '680016' => 57,
          '870008' => 1,
          '1150020' => 21,
          '170004' => 22,
          '260021' => 21,
          '910065' => 21,
          '1150026' => 1,
          '330000' => 68,
          '1050000' => 12782,
          '1030012' => 5,
          '180014' => 72,
          '760029' => 1,
          '1200019' => 336,
          '110007' => 110,
          '480000' => 488,
          '380015' => 3,
          '310005' => 1,
          '540024' => 9,
          '1090008' => 610,
          '680000' => 30,
          '580011' => 2,
          '420039' => 1,
          '1050002' => 12,
          '1370000' => 193878,
          '210005' => 28,
          '70000' => 3820,
          '1150000' => 35491,
          '1370041' => 9,
          '660000' => 31,
          '1650063' => 3,
          '580000' => 298,
          '1440004' => 10,
          '70006' => 420,
          '450003' => 1,
          '490011' => 18,
          '1120036' => 2,
          '490012' => 8,
          '1240026' => 33,
          '220009' => 6,
          '1430003' => 2,
          '1220000' => 182465,
          '230016' => 4,
          '700006' => 1,
          '150000' => 4918,
          '1180109' => 899,
          '860004' => 25,
          '940094' => 25,
          '390019' => 40,
          '1400001' => 5,
          '1620016' => 15,
          '980007' => 517,
          '650017' => 14,
          '1130101' => 205518,
          '310020' => 532,
          '950017' => 4420,
          '300006' => 2,
          '330010' => 1,
          '290024' => 548,
          '1150018' => 3,
          '130010' => 193,
          '830004' => 3,
          '1670066' => 1,
          '250017' => 3,
          '1650153' => 249,
          '950006' => 36,
          '1160015' => 116,
          '1190030' => 2,
          '220021' => 17,
          '1310016' => 1,
          '880012' => 55487,
          '750022' => 1,
          '790078' => 1,
          '630036' => 12,
          '840011' => 44,
          '1370015' => 58656,
          '1380036' => 27,
          '1650068' => 8,
          '440010' => 44,
          '1090025' => 237689,
          '1670017' => 3,
          '1360035' => 3,
          '1610013' => 2,
          '220017' => 3,
          '210010' => 31,
          '1670045' => 5,
          '560015' => 3,
          '640044' => 2,
          '1180027' => 6,
          '310025' => 162086,
          '1220111' => 94193,
          '540008' => 7,
          '1640024' => 33,
          '20002' => 757392,
          '400011' => 157,
          '370033' => 1,
          '780011' => 59,
          '590000' => 309,
          '1390025' => 3,
          '820010' => 1,
          '1100020' => 79,
          '520008' => 4,
          '1650026' => 1,
          '1670054' => 1,
          '1090019' => 3,
          '1270007' => 7,
          '720015' => 44,
          '1110004' => 28,
          '150015' => 3559,
          '1660015' => 15,
          '1560005' => 2,
          '1360040' => 2,
          '1190011' => 2,
          '1120000' => 76447,
          '1240005' => 24,
          '270019' => 26,
          '1620000' => 2475,
          '210006' => 214,
          '400004' => 18,
          '610017' => 9,
          '1450011' => 2,
          '1380001' => 35236,
          '510015' => 47,
          '470013' => 14,
          '910082' => 435133,
          '710012' => 64,
          '150008' => 12,
          '300020' => 311,
          '1370016' => 1,
          '1370023' => 27,
          '250023' => 30,
          '1670072' => 3,
          '690004' => 4,
          '1020090' => 219,
          '80004' => 112,
          '250009' => 4,
          '180006' => 2771,
          '630014' => 40,
          '890063' => 35,
          '740023' => 384,
          '240008' => 9,
          '1380019' => 24,
          '1650064' => 1,
          '400027' => 64,
          '480007' => 9,
          '450022' => 1,
          '130001' => 163,
          '1180007' => 4,
          '250025' => 3963,
          '200012' => 62,
          '520014' => 2,
          '1250025' => 1,
          '480048' => 224,
          '1670007' => 22,
          '400015' => 51,
          '1210002' => 150,
          '1180019' => 7,
          '1120011' => 494,
          '650025' => 1,
          '1090007' => 127,
          '150010' => 93,
          '1390015' => 1,
          '290000' => 1297,
          '510024' => 2390270,
          '230002' => 44,
          '1060013' => 21,
          '1100001' => 69,
          '250002' => 652,
          '1270004' => 95,
          '520015' => 5,
          '100005' => 831,
          '90000' => 25714,
          '770000' => 2916,
          '890077' => 61,
          '1130017' => 207,
          '1480008' => 28,
          '410012' => 5,
          '1430026' => 10,
          '280022' => 2,
          '1230000' => 35473,
          '200016' => 11,
          '720014' => 7,
          '1620022' => 2325,
          '550005' => 2,
          '1400128' => 63,
          '530010' => 488,
          '290007' => 14,
          '310009' => 85,
          '460006' => 1,
          '890012' => 1,
          '1200010' => 15,
          '340022' => 2,
          '1460007' => 2165,
          '190000' => 11385,
          '730005' => 10,
          '960001' => 49261,
          '1420000' => 2,
          '490021' => 4,
          '660016' => 4,
          '120002' => 1688,
          '1090021' => 2,
          '470000' => 269,
          '1630026' => 4,
          '550017' => 10,
          '1260002' => 26,
          '240012' => 47385,
          '550001' => 1,
          '1030014' => 67,
          '440008' => 4,
          '1150103' => 217492,
          '1050093' => 1865,
          '1390000' => 66533,
          '1270014' => 47,
          '1100008' => 37,
          '1360037' => 2126,
          '60006' => 262182,
          '930093' => 55,
          '1620063' => 10,
          '1660075' => 2,
          '1250020' => 2,
          '320021' => 129,
          '300013' => 1,
          '380009' => 1,
          '180001' => 1603,
          '580009' => 3,
          '370009' => 78,
          '970050' => 1,
          '460013' => 2,
          '380010' => 3272,
          '1140003' => 829,
          '1260017' => 1,
          '970080' => 35,
          '410041' => 697,
          '1500024' => 450,
          '350024' => 40896,
          '1140008' => 1,
          '950084' => 294,
          '1170006' => 49,
          '280004' => 43,
          '260013' => 4,
          '430013' => 1,
          '700012' => 1,
          '1130009' => 5,
          '280019' => 1222,
          '640014' => 490,
          '1360046' => 22,
          '1110011' => 5,
          '300004' => 20,
          '1060000' => 14463,
          '140010' => 103,
          '390015' => 9,
          '1190024' => 852,
          '280014' => 3032,
          '540018' => 1,
          '1370031' => 1,
          '1120009' => 12,
          '710071' => 8,
          '1030002' => 604,
          '270024' => 2117319,
          '730015' => 192,
          '640009' => 1,
          '1190010' => 2,
          '1190007' => 5,
          '1000012' => 2,
          '1390010' => 321,
          '400010' => 1,
          '1660005' => 8,
          '480012' => 14,
          '980087' => 411360,
          '1100019' => 46,
          '190010' => 56,
          '1370033' => 2,
          '10000' => 363276,
          '1670155' => 5,
          '960085' => 389432,
          '1190003' => 5,
          '420024' => 1220,
          '1070095' => 148296,
          '690000' => 7,
          '1240029' => 22,
          '340006' => 33,
          '590013' => 4,
          '1120005' => 74,
          '1010006' => 68,
          '80002' => 405,
          '680023' => 10,
          '880078' => 1,
          '1050006' => 22,
          '900014' => 9,
          '1230021' => 1,
          '420001' => 46,
          '1240006' => 16,
          '1450035' => 6,
          '250015' => 4,
          '160004' => 253,
          '1130011' => 120,
          '860007' => 2,
          '470005' => 7,
          '1030007' => 8612,
          '720008' => 1,
          '1020012' => 86,
          '1380039' => 25,
          '330011' => 1,
          '1410017' => 1,
          '650012' => 24,
          '1040001' => 29,
          '1380006' => 573,
          '140007' => 49,
          '1610020' => 265,
          '1370001' => 27671,
          '350001' => 1,
          '1340008' => 1,
          '1450033' => 1,
          '260025' => 2278775,
          '1380048' => 78,
          '270016' => 55,
          '400001' => 166216,
          '920001' => 98328,
          '1340012' => 1,
          '50004' => 4959,
          '250008' => 7,
          '770010' => 1,
          '1280019' => 1,
          '1460006' => 26,
          '600047' => 1,
          '1240022' => 5,
          '430016' => 2,
          '1430019' => 7,
          '1200015' => 2,
          '350035' => 21,
          '520022' => 2486,
          '1210112' => 2368,
          '450045' => 10,
          '910000' => 211304,
          '710029' => 1,
          '290025' => 1864064,
          '300014' => 2,
          '1230112' => 44277,
          '380019' => 74,
          '100008' => 582,
          '660013' => 2,
          '310024' => 124,
          '1490013' => 2,
          '750048' => 6,
          '810001' => 478,
          '630001' => 7,
          '560012' => 7,
          '300027' => 1,
          '300001' => 616,
          '1110085' => 61,
          '820003' => 1,
          '570010' => 80,
          '1650017' => 1,
          '350013' => 9,
          '550002' => 21,
          '840009' => 52,
          '440001' => 2,
          '1220027' => 15,
          '390020' => 3,
          '440016' => 13,
          '270007' => 505,
          '1070016' => 22,
          '540004' => 2,
          '60002' => 498,
          '1480004' => 10,
          '670015' => 3,
          '380000' => 176945,
          '620003' => 1,
          '1500000' => 1,
          '480002' => 9,
          '200020' => 4071,
          '590023' => 2,
          '460038' => 1,
          '150007' => 6,
          '90007' => 41,
          '840007' => 1,
          '1390130' => 196,
          '630003' => 1,
          '270010' => 7,
          '400020' => 4,
          '1000005' => 8,
          '530039' => 1,
          '760025' => 1926,
          '750003' => 2,
          '1660157' => 1,
          '320032' => 1,
          '1490018' => 1,
          '1150004' => 5,
          '170005' => 1659,
          '750008' => 12,
          '290022' => 6,
          '1250015' => 1,
          '210015' => 21,
          '630043' => 3,
          '1150008' => 3,
          '1190018' => 773,
          '550012' => 1,
          '390000' => 3724,
          '670036' => 101,
          '190019' => 10602,
          '170011' => 7,
          '160012' => 5031,
          '970008' => 284,
          '1490012' => 81,
          '370016' => 2,
          '240007' => 1111,
          '900080' => 260,
          '1170028' => 4,
          '220004' => 1262,
          '650001' => 3,
          '990004' => 119,
          '430017' => 13,
          '1360001' => 1,
          '400014' => 336,
          '950001' => 614,
          '680018' => 1,
          '1450056' => 7456,
          '180012' => 46,
          '490015' => 5,
          '1060007' => 7,
          '760000' => 22515,
          '1020003' => 15,
          '1450136' => 3914,
          '1140022' => 1,
          '1370046' => 37,
          '1170026' => 1,
          '1430005' => 458,
          '490016' => 34,
          '890003' => 2,
          '820002' => 4,
          '970074' => 5,
          '670023' => 5,
          '650046' => 1,
          '1140018' => 22758,
          '450012' => 69,
          '160000' => 5618,
          '330005' => 21,
          '1110014' => 2,
          '1260028' => 13,
          '1230014' => 1,
          '530000' => 803,
          '1390008' => 1,
          '400025' => 3333,
          '510048' => 2333,
          '310004' => 54,
          '1040021' => 3,
          '310010' => 36,
          '860000' => 1223,
          '770015' => 43,
          '890064' => 1,
          '350002' => 7,
          '680068' => 13,
          '580024' => 453,
          '110003' => 58,
          '1070096' => 119416,
          '1510012' => 2,
          '610000' => 6,
          '220013' => 1284,
          '1020093' => 48,
          '340009' => 2,
          '660004' => 6,
          '730018' => 10,
          '1320000' => 87,
          '720072' => 5,
          '490006' => 1,
          '1670078' => 54301,
          '110006' => 150,
          '420003' => 19,
          '1080000' => 28771,
          '500007' => 13,
          '510010' => 503,
          '1660044' => 2,
          '120007' => 38,
          '1400000' => 2808,
          '780002' => 14,
          '280002' => 48700,
          '640004' => 1,
          '1140007' => 40,
          '480026' => 1,
          '1140014' => 3,
          '350006' => 4,
          '1120001' => 2234,
          '660066' => 2,
          '890065' => 383,
          '100009' => 3181,
          '1000001' => 3233,
          '1240019' => 1,
          '1320005' => 593,
          '250005' => 31,
          '130005' => 186,
          '230013' => 559,
          '520002' => 9,
          '1110015' => 3186,
          '370025' => 377556,
          '1150017' => 23,
          '350021' => 4,
          '1030091' => 29,
          '1400044' => 43,
          '360013' => 216374,
          '410011' => 11,
          '1060017' => 127,
          '1040104' => 535,
          '500013' => 12,
          '1120014' => 99775,
          '260003' => 75,
          '1220032' => 113,
          '310014' => 1,
          '1270005' => 1,
          '950005' => 43,
          '430000' => 1475,
          '890000' => 38402,
          '1020092' => 88,
          '500001' => 12,
          '790012' => 102,
          '1200013' => 18,
          '500027' => 4,
          '1220008' => 14,
          '1140010' => 1,
          '910005' => 1,
          '1440016' => 5,
          '600008' => 1,
          '190004' => 117,
          '1610025' => 3,
          '430024' => 1545,
          '1370017' => 20,
          '260018' => 3,
          '1180003' => 22,
          '320004' => 144,
          '460026' => 1,
          '150014' => 56,
          '1260027' => 29,
          '640002' => 4,
          '1090002' => 29,
          '1260115' => 80,
          '90003' => 110,
          '520011' => 3,
          '1190109' => 658828,
          '50000' => 7547,
          '560016' => 3,
          '1420004' => 1,
          '280017' => 72,
          '1630015' => 4,
          '460010' => 353,
          '1200007' => 1,
          '410038' => 1,
          '390027' => 19,
          '890007' => 4,
          '1640002' => 16,
          '1360011' => 5,
          '190008' => 3,
          '1110005' => 910,
          '670006' => 1,
          '400036' => 1,
          '1410030' => 30,
          '1060097' => 1,
          '280023' => 23,
          '1180004' => 871,
          '780009' => 3,
          '720000' => 9,
          '960004' => 57269,
          '340002' => 29,
          '350010' => 1075,
          '320007' => 5,
          '320015' => 3,
          '980003' => 18331,
          '530018' => 1,
          '300024' => 48404,
          '740003' => 1,
          '370014' => 3,
          '390011' => 12,
          '930005' => 2,
          '150004' => 35,
          '170009' => 7,
          '560000' => 131,
          '1320010' => 2,
          '910079' => 830,
          '900000' => 24124,
          '340011' => 4,
          '80007' => 366,
          '30000' => 11407,
          '580025' => 1,
          '1240000' => 1695,
          '1140114' => 1,
          '1620013' => 1,
          '1170002' => 19,
          '710006' => 2,
          '1660064' => 1,
          '1220113' => 7697,
          '640012' => 10,
          '1370037' => 13,
          '180005' => 22,
          '420025' => 602,
          '1180014' => 2,
          '700018' => 1,
          '470019' => 1,
          '610013' => 3,
          '1670057' => 23,
          '830002' => 3,
          '380014' => 10,
          '1240012' => 7,
          '710000' => 18,
          '940004' => 25,
          '1670002' => 3,
          '270009' => 3,
          '260022' => 33601,
          '1380023' => 2,
          '1060002' => 27,
          '1310025' => 1,
          '1090015' => 28,
          '1190031' => 18,
          '420019' => 1,
          '1210006' => 2,
          '1360021' => 3,
          '510002' => 32,
          '460019' => 3,
          '1020000' => 16642,
          '610047' => 5,
          '890011' => 1,
          '220016' => 12,
          '1280001' => 665,
          '340013' => 1,
          '380005' => 4,
          '1380014' => 72465,
          '790001' => 310,
          '990074' => 1,
          '670014' => 7,
          '730001' => 8,
          '760003' => 9,
          '330023' => 3,
          '1190001' => 224,
          '1100015' => 35,
          '740018' => 10,
          '450015' => 13,
          '180009' => 21,
          '240018' => 19,
          '990087' => 155,
          '970002' => 73066,
          '570003' => 1,
          '40003' => 982,
          '640017' => 2,
          '400007' => 3,
          '890089' => 9,
          '1120100' => 225326,
          '500011' => 39,
          '470016' => 24,
          '690046' => 1,
          '410001' => 31,
          '1370027' => 65,
          '970097' => 32,
          '1050094' => 225754,
          '1160005' => 534,
          '280007' => 29,
          '60001' => 217,
          '370005' => 1,
          '1160014' => 1,
          '1340007' => 8,
          '940016' => 8603,
          '1040006' => 5,
          '420014' => 34202,
          '490010' => 14,
          '170015' => 344,
          '750011' => 19,
          '720013' => 10,
          '1190095' => 54,
          '220008' => 38,
          '590012' => 2,
          '1110071' => 5,
          '980008' => 65,
          '1160104' => 249200,
          '530036' => 22,
          '1220001' => 2,
          '610061' => 2,
          '490045' => 1,
          '1670060' => 6,
          '490019' => 7,
          '1210029' => 1,
          '550016' => 4,
          '590005' => 324,
          '600012' => 7,
          '240013' => 372223,
          '270023' => 1353,
          '1180011' => 19,
          '250019' => 55,
          '910012' => 1,
          '410025' => 992,
          '960012' => 13,
          '160008' => 2,
          '410024' => 4,
          '830007' => 2,
          '990089' => 1237766,
          '900009' => 212,
          '250018' => 3,
          '1670029' => 12,
          '990010' => 151,
          '90006' => 115,
          '1480011' => 27,
          '490002' => 10,
          '770047' => 5,
          '230007' => 3009,
          '1210040' => 1,
          '420020' => 12,
          '1120002' => 70,
          '100002' => 282,
          '1500011' => 2,
          '1480022' => 21,
          '430033' => 1,
          '940083' => 287,
          '1180026' => 1,
          '790079' => 2,
          '1070008' => 26,
          '540007' => 1,
          '1400020' => 9,
          '1650009' => 2,
          '440011' => 2,
          '1040002' => 855,
          '1270001' => 628,
          '20001' => 47929,
          '470009' => 7,
          '1040016' => 5,
          '1380020' => 192,
          '1640054' => 1,
          '1320023' => 4,
          '940093' => 2,
          '900023' => 1435,
          '1380034' => 1,
          '160016' => 5213,
          '990008' => 125780,
          '1650027' => 1,
          '400021' => 1,
          '290015' => 3,
          '880007' => 122,
          '1360015' => 1,
          '1110102' => 9,
          '1110001' => 75,
          '780013' => 1,
          '1360034' => 1,
          '740020' => 1,
          '590008' => 1,
          '390007' => 4,
          '1660016' => 6,
          '990090' => 740817,
          '1130010' => 1,
          '1540015' => 1,
          '1040024' => 3,
          '700004' => 6,
          '1200002' => 1,
          '1200108' => 36204,
          '690001' => 5,
          '1400027' => 963,
          '380024' => 787040,
          '140014' => 902150,
          '570009' => 1,
          '1100100' => 16,
          '610003' => 3,
          '1360018' => 6,
          '1650046' => 128,
          '1430046' => 9,
          '320010' => 9,
          '1500012' => 36,
          '800002' => 382,
          '1620072' => 1,
          '1510011' => 24,
          '1090009' => 12,
          '440005' => 1,
          '850000' => 692,
          '340005' => 6,
          '1080005' => 8,
          '1450047' => 1,
          '1160000' => 12941,
          '700015' => 23,
          '290010' => 5,
          '230017' => 11,
          '1080011' => 1,
          '900078' => 293,
          '1430027' => 28,
          '1270018' => 1,
          '840002' => 4,
          '220000' => 24902,
          '390005' => 1,
          '730012' => 1,
          '1640025' => 1,
          '970005' => 191980,
          '870010' => 9,
          '1150003' => 20,
          '920019' => 1,
          '150013' => 540,
          '670045' => 1438,
          '430007' => 4,
          '900002' => 4,
          '1510006' => 12,
          '250011' => 570,
          '130002' => 262,
          '1150025' => 1,
          '530011' => 10193,
          '530003' => 2,
          '660012' => 9,
          '230000' => 18541,
          '70005' => 244,
          '570014' => 2,
          '680017' => 63,
          '360011' => 37476,
          '1380043' => 4,
          '1260025' => 63,
          '970019' => 1,
          '1230022' => 1,
          '520048' => 17,
          '180000' => 7693,
          '530004' => 4,
          '200005' => 433,
          '670027' => 1,
          '1080009' => 2,
          '660001' => 24,
          '780024' => 15786,
          '1040092' => 521,
          '540036' => 11,
          '580010' => 6,
          '1390037' => 1,
          '1050003' => 128,
          '290003' => 59,
          '1130018' => 25382,
          '480001' => 25,
          '1380011' => 2243,
          '150003' => 68,
          '1030011' => 2,
          '1050001' => 58,
          '920080' => 4,
          '270003' => 95,
          '1370042' => 23,
          '1260018' => 1,
          '930014' => 1,
          '820006' => 7,
          '240003' => 15,
          '490009' => 63,
          '210021' => 1373,
          '680001' => 1,
          '500016' => 439,
          '320025' => 600,
          '1180106' => 167472,
          '990099' => 197,
          '490036' => 4,
          '180017' => 34,
          '1660155' => 10616,
          '170010' => 24,
          '1590009' => 3,
          '740046' => 6,
          '1230004' => 91,
          '980098' => 5,
          '1000008' => 3076,
          '1130021' => 5,
          '1110018' => 1,
          '910064' => 16,
          '930000' => 15186,
          '260008' => 16,
          '470036' => 1,
          '790009' => 7,
          '670007' => 1,
          '520046' => 1,
          '1480000' => 13,
          '730073' => 10,
          '1360000' => 31308,
          '300012' => 377,
          '320011' => 234,
          '90008' => 256,
          '860005' => 2,
          '1670167' => 1,
          '1060106' => 307,
          '760015' => 3,
          '350014' => 5,
          '1430004' => 16,
          '170006' => 1066,
          '950009' => 430,
          '1050014' => 17,
          '370008' => 1,
          '1270003' => 106,
          '1170015' => 2,
          '1170025' => 1,
          '650002' => 3,
          '490005' => 1,
          '1190042' => 1109,
          '1600022' => 11,
          '1510014' => 1,
          '210011' => 17,
          '670029' => 1,
          '790025' => 15838,
          '330006' => 9,
          '520006' => 1,
          '290023' => 2,
          '1180013' => 1,
          '1670064' => 8,
          '240004' => 41,
          '1220031' => 34,
          '320024' => 272,
          '1110022' => 19,
          '520013' => 16,
          '1130002' => 2293,
          '500009' => 498,
          '1620049' => 749,
          '1360036' => 1,
          '1040022' => 1,
          '990024' => 20,
          '1080004' => 2,
          '1190097' => 23,
          '890062' => 6,
          '1020024' => 11428,
          '1220022' => 23,
          '1280004' => 1,
          '750018' => 43,
          '160005' => 9,
          '1190027' => 3,
          '1370043' => 1,
          '30001' => 1682,
          '910010' => 1,
          '390002' => 49,
          '1000091' => 5,
          '1070097' => 32,
          '1410035' => 1666,
          '1490023' => 1,
          '1240014' => 8,
          '750021' => 9,
          '1040013' => 8,
          '70004' => 56,
          '670016' => 184,
          '680004' => 6,
          '260006' => 2798,
          '540010' => 2,
          '670000' => 1515,
          '770012' => 398,
          '220012' => 24320,
          '180016' => 47,
          '1020011' => 11,
          '1240028' => 1,
          '860010' => 5,
          '1310023' => 1,
          '130004' => 244,
          '1130022' => 36,
          '1390001' => 4545,
          '270002' => 224,
          '1230034' => 94,
          '840012' => 10,
          '550024' => 30,
          '540000' => 739,
          '710013' => 1,
          '680007' => 12,
          '1150016' => 3,
          '780025' => 8598,
          '220007' => 5,
          '1610021' => 10,
          '440022' => 1,
          '1620014' => 22,
          '1670016' => 16,
          '790000' => 523,
          '630016' => 2,
          '840006' => 5,
          '420009' => 5,
          '810005' => 5,
          '80003' => 206,
          '880010' => 5,
          '1050105' => 442,
          '1380038' => 1,
          '690016' => 5,
          '140003' => 80,
          '330017' => 1,
          '1060006' => 1,
          '1120017' => 39032,
          '230010' => 42,
          '530017' => 7,
          '200011' => 16,
          '880000' => 23481,
          '960019' => 1,
          '270006' => 717,
          '1500002' => 14,
          '950004' => 87,
          '1160001' => 64,
          '490049' => 4,
          '760022' => 3,
          '310018' => 2,
          '1360014' => 48010,
          '330001' => 3,
          '1210001' => 17,
          '810000' => 843,
          '770053' => 39687,
          '960086' => 323780,
          '620002' => 3,
          '1400029' => 4850,
          '820001' => 314,
          '1190004' => 12,
          '310023' => 115,
          '820082' => 4,
          '1030013' => 18,
          '1450022' => 1,
          '150002' => 46,
          '250003' => 29,
          '1620153' => 1,
          '990006' => 941,
          '420000' => 6306,
          '630002' => 3,
          '1220024' => 4258,
          '1220007' => 5535,
          '910001' => 4874,
          '1220018' => 2,
          '890014' => 1,
          '1380047' => 3364,
          '770005' => 1,
          '1070012' => 50,
          '1640073' => 1,
          '770001' => 1206,
          '780047' => 22,
          '1600001' => 1,
          '230018' => 469,
          '650015' => 1,
          '780004' => 11,
          '1130016' => 3,
          '1160025' => 3,
          '990003' => 38172,
          '1100011' => 46,
          '530013' => 41,
          '980005' => 249823,
          '1450038' => 2,
          '1000013' => 2,
          '460018' => 3,
          '720001' => 67,
          '180011' => 17,
          '850004' => 13,
          '300007' => 31,
          '350011' => 13,
          '180002' => 1523,
          '920018' => 5,
          '1340000' => 161,
          '490024' => 5731,
          '960005' => 2096,
          '940011' => 2,
          '870007' => 1,
          '1000004' => 123,
          '1090013' => 4,
          '400008' => 340,
          '170007' => 67,
          '720067' => 1,
          '1370030' => 35,
          '1010025' => 2390,
          '890002' => 2,
          '1120006' => 56,
          '1370020' => 1,
          '360000' => 411402,
          '160013' => 51,
          '940005' => 5,
          '40002' => 28867,
          '1020010' => 4,
          '1060015' => 3053,
          '280009' => 2,
          '1060001' => 40,
          '1110087' => 214,
          '300017' => 1,
          '610012' => 4,
          '920014' => 1,
          '750009' => 5,
          '1190013' => 4,
          '390001' => 166077,
          '500010' => 64,
          '1400026' => 2,
          '170014' => 15,
          '340001' => 3,
          '480018' => 15,
          '250024' => 344,
          '460024' => 458,
          '20000' => 557485,
          '1110099' => 404601,
          '500005' => 2,
          '1130104' => 104313,
          '300003' => 38,
          '1660078' => 1,
          '540013' => 2,
          '400013' => 34,
          '900006' => 3,
          '400019' => 10,
          '1380016' => 384,
          '1090004' => 936,
          '750004' => 1,
          '940007' => 5,
          '220022' => 1607,
          '920070' => 2,
          '1110012' => 21,
          '1660000' => 1451,
          '1480007' => 1,
          '610009' => 2,
          '1380024' => 10,
          '350003' => 138,
          '480042' => 9,
          '460016' => 7,
          '600011' => 1,
          '480025' => 1,
          '640013' => 56,
          '920004' => 3,
          '200006' => 416,
          '980088' => 1800840,
          '440036' => 5,
          '1380015' => 1,
          '1000025' => 4,
          '480017' => 3,
          '1340025' => 233210,
          '190011' => 12,
          '1370019' => 448,
          '950085' => 451770,
          '1370013' => 145,
          '360024' => 2216046,
          '240024' => 8440,
          '1140000' => 241495,
          '1130012' => 308,
          '610016' => 3,
          '310031' => 382,
          '200018' => 34,
          '1450016' => 5,
          '1650028' => 5,
          '120001' => 8827,
          '390016' => 1,
          '1410130' => 1557,
          '1050007' => 4,
          '590036' => 61,
          '1510002' => 2,
          '500023' => 127,
          '80001' => 97,
          '630011' => 1,
          '230005' => 412,
          '400005' => 146,
          '310008' => 244,
          '300021' => 21,
          '590001' => 3,
          '1110007' => 416,
          '1220010' => 35,
          '1650074' => 1,
          '1550007' => 1,
          '250016' => 4,
          '1030001' => 94,
          '510023' => 102,
          '1510005' => 2,
          '1240025' => 7,
          '1030005' => 4,
          '980000' => 352998,
          '340023' => 2,
          '530007' => 3950,
          '860008' => 1,
          '270018' => 102,
          '1260014' => 8,
          '1590013' => 5,
          '540025' => 1267,
          '450018' => 4,
          '1100005' => 417,
          '380007' => 1,
          '210020' => 37,
          '1650016' => 2,
          '1230001' => 16593,
          '280024' => 756439,
          '1650043' => 3,
          '710018' => 15,
          '970000' => 342249,
          '380008' => 1,
          '700000' => 10,
          '890067' => 128,
          '940000' => 16061,
          '290014' => 167,
          '470002' => 66,
          '400002' => 495,
          '1250024' => 2310,
          '290008' => 17,
          '660015' => 2,
          '920003' => 19,
          '710017' => 5,
          '500012' => 13868,
          '410013' => 43,
          '1200009' => 28,
          '120005' => 156,
          '1200008' => 1,
          '150006' => 1952,
          '460046' => 7,
          '1200020' => 8,
          '1650055' => 1,
          '370024' => 1773594,
          '1110084' => 5,
          '1240002' => 73,
          '550004' => 5,
          '1420016' => 1,
          '910044' => 1,
          '1080010' => 1,
          '1380129' => 26324,
          '210002' => 121,
          '1620047' => 6,
          '1490011' => 72232,
          '1410000' => 2358,
          '210007' => 10,
          '900079' => 2350,
          '1240001' => 7236,
          '230020' => 37,
          '1290000' => 34,
          '1640014' => 9,
          '730000' => 84,
          '1230114' => 300,
          '1370009' => 570,
          '210016' => 22,
          '190016' => 17,
          '260010' => 15,
          '740030' => 1,
          '1110101' => 2,
          '950008' => 1,
          '140008' => 269,
          '310022' => 6,
          '300002' => 168495,
          '1220122' => 1,
          '1140025' => 1,
          '230006' => 70,
          '1230027' => 1,
          '1230111' => 584,
          '310003' => 63,
          '300025' => 386817,
          '730009' => 1,
          '1490001' => 5,
          '560029' => 1,
          '210003' => 37,
          '1510010' => 1,
          '1200029' => 1,
          '380025' => 222,
          '1030019' => 1,
          '940084' => 266161,
          '800001' => 1296,
          '950000' => 40508,
          '620062' => 2,
          '420006' => 12,
          '1070018' => 8,
          '270013' => 20,
          '670067' => 2,
          '970075' => 171,
          '880061' => 2,
          '950011' => 4,
          '980001' => 432,
          '1430000' => 267,
          '290020' => 122,
          '510009' => 1295,
          '110005' => 855,
          '840001' => 4,
          '230022' => 4,
          '690047' => 1,
          '1450055' => 1,
          '1190023' => 4,
          '250012' => 34,
          '770023' => 2,
          '860002' => 3,
          '300008' => 52,
          '570013' => 1,
          '860001' => 1,
          '1000003' => 19,
          '970001' => 1035,
          '1190008' => 7,
          '970013' => 1,
          '270008' => 22,
          '770016' => 1,
          '790015' => 1,
          '970018' => 76,
          '330033' => 2,
          '1370026' => 15,
          '830083' => 2,
          '290004' => 83,
          '360005' => 18699,
          '450014' => 8,
          '760044' => 1,
          '490008' => 9,
          '330024' => 2,
          '1180107' => 4,
          '110004' => 182,
          '220003' => 264,
          '1240021' => 1,
          '120006' => 149,
          '1670052' => 2,
          '1340006' => 1,
          '780008' => 1,
          '200008' => 4,
          '1050018' => 1,
          '1020007' => 4448,
          '380033' => 1,
          '1120021' => 19310,
          '1360127' => 3966,
          '1340011' => 1,
          '210019' => 496,
          '1120035' => 1,
          '1040008' => 1,
          '260026' => 440,
          '480003' => 2,
          '990088' => 281217,
          '900003' => 1,
          '1230016' => 1,
          '1640058' => 1,
          '1230005' => 32,
          '250006' => 4779,
          '370035' => 1,
          '1190017' => 12,
          '260002' => 703,
          '530025' => 292849,
          '410023' => 2,
          '160010' => 14,
          '1110016' => 15,
          '1370018' => 79,
          '1140103' => 116,
          '1240113' => 144,
          '1110035' => 5,
          '710045' => 4,
          '470024' => 602,
          '160009' => 7,
          '300016' => 2,
          '920000' => 71143,
          '1260117' => 18,
          '810081' => 212,
          '310027' => 3,
          '430015' => 6,
          '1210010' => 17,
          '410009' => 2,
          '360014' => 362,
          '1090097' => 216451,
          '350004' => 148182,
          '880004' => 5,
          '490014' => 7,
          '1260019' => 3,
          '710022' => 1,
          '1600005' => 1,
          '630041' => 1,
          '220019' => 70,
          '1450134' => 1,
          '440012' => 14,
          '320003' => 46,
          '1660017' => 1,
          '230014' => 671,
          '840000' => 197,
          '1110002' => 1,
          '1130103' => 1750900,
          '240020' => 43,
          '1670019' => 13,
          '1500010' => 21,
          '660045' => 2,
          '1450046' => 2,
          '420015' => 1240,
          '1000024' => 54,
          '540014' => 1,
          '520023' => 6,
          '700003' => 5,
          '130012' => 17954,
          '420010' => 11,
          '930001' => 1876,
          '900010' => 3,
          '900001' => 4401,
          '970073' => 39,
          '1220002' => 2,
          '930004' => 27,
          '440013' => 2,
          '790011' => 8,
          '1140013' => 238,
          '130009' => 31,
          '1020091' => 225845,
          '1200001' => 45,
          '100003' => 115,
          '230019' => 21505,
          '280027' => 1,
          '440030' => 1,
          '980004' => 271211,
          '1070098' => 50,
          '580008' => 452,
          '430012' => 3,
          '640016' => 2,
          '890006' => 4,
          '1260005' => 57,
          '1010089' => 78,
          '1100009' => 1052,
          '860086' => 4900,
          '1030000' => 12930,
          '680003' => 1,
          '120010' => 460,
          '1260114' => 3,
          '1370036' => 202,
          '770013' => 2,
          '1210004' => 4,
          '320016' => 3,
          '80006' => 72,
          '760004' => 2,
          '950071' => 9,
          '440002' => 9,
          '100004' => 52,
          '1100002' => 23,
          '1670158' => 103131,
          '540021' => 1,
          '1380042' => 2,
          '1260007' => 11,
          '1360136' => 1,
          '90009' => 15584784,
          '940001' => 4891,
          '990000' => 320589,
          '1170005' => 34,
          '480014' => 7,
          '850001' => 5,
          '200014' => 381,
          '930084' => 409,
          '600000' => 41,
          '220015' => 50,
          '570043' => 1,
          '470001' => 5,
          '370021' => 1,
          '390012' => 190,
          '710007' => 1,
          '1060005' => 319,
          '640001' => 5,
          '1660063' => 1,
          '240000' => 38915,
          '1110019' => 6,
          '710014' => 82,
          '280008' => 6,
          '1370126' => 1445076,
          '1650003' => 10,
          '1140004' => 32,
          '920081' => 566,
          '1210005' => 10,
          '240009' => 23,
          '450024' => 207,
          '1260022' => 5,
          '750036' => 4,
          '1120010' => 88,
          '270025' => 273106,
          '440009' => 3,
          '1120101' => 22565,
          '370011' => 23,
          '1510001' => 1,
          '1080019' => 1,
          '480013' => 10,
          '730021' => 8,
          '1380026' => 14,
          '1360125' => 432728,
          '200002' => 149,
          '1240011' => 72685,
          '1090014' => 1,
          '540017' => 2,
          '350023' => 280,
          '410000' => 1466,
          '990007' => 172365,
          '1000007' => 19,
          '1190102' => 70,
          '270020' => 35,
          '1240035' => 1,
          '1610003' => 5,
          '730014' => 47,
          '1670010' => 12,
          '740000' => 74,
          '650005' => 305,
          '1200018' => 4,
          '710001' => 2,
          '1410046' => 7,
          '280005' => 822,
          '790004' => 12,
          '1030092' => 187283,
          '450001' => 12,
          '170001' => 117,
          '1370048' => 7,
          '770004' => 9,
          '660048' => 11,
          '1190021' => 38,
          '1000010' => 11,
          '470017' => 1,
          '520034' => 1,
          '1620001' => 25,
          '510013' => 164,
          '1380002' => 248103,
          '320008' => 3,
          '1000000' => 25724,
          '1290007' => 5534,
          '460009' => 2,
          '870011' => 2,
          '1450002' => 8,
          '1190026' => 1,
          '500006' => 2,
          '1660043' => 1,
          '350015' => 2,
          '370007' => 1,
          '1020018' => 255,
          '260009' => 14,
          '460003' => 21,
          '550015' => 7,
          '490001' => 15,
          '910081' => 124448,
          '600009' => 306,
          '280016' => 2321,
          '330002' => 80,
          '310013' => 2,
          '150012' => 478,
          '1040007' => 53,
          '1180000' => 7814,
          '1060014' => 112,
          '830021' => 1,
          '280013' => 15,
          '190003' => 287,
          '510014' => 18,
          '1250001' => 1,
          '270015' => 85,
          '260014' => 4036,
          '900067' => 15,
          '1030103' => 114,
          '1200012' => 52,
          '1480003' => 37,
          '340034' => 26,
          '1640027' => 2,
          '680014' => 10,
          '1220054' => 1,
          '1480012' => 1,
          '610005' => 1,
          '400024' => 24,
          '320006' => 14,
          '380022' => 37575,
          '130008' => 21,
          '1010010' => 50,
          '140002' => 419,
          '1220023' => 21086,
          '1420019' => 21,
          '90004' => 351,
          '550008' => 21,
          '520001' => 137,
          '200015' => 13,
          '760008' => 3,
          '1360010' => 2,
          '1400016' => 3,
          '110011' => 15786824,
          '240010' => 342,
          '190007' => 15,
          '50003' => 166,
          '670001' => 11,
          '1010000' => 34689,
          '1270000' => 1913,
          '440027' => 73,
          '870000' => 21,
          '750012' => 25,
          '290018' => 46,
          '500000' => 5188,
          '980009' => 16,
          '760014' => 3,
          '640003' => 3,
          '580048' => 2,
          '1170100' => 28,
          '1280000' => 35,
          '320017' => 343,
          '970087' => 1731829,
          '1070009' => 48,
          '410014' => 484,
          '760001' => 21,
          '590009' => 35,
          '780001' => 430,
          '530022' => 25,
          '790008' => 1,
          '1150014' => 206,
          '670062' => 16,
          '390018' => 2,
          '840005' => 6,
          '880080' => 1,
          '1620043' => 1,
          '940085' => 1,
          '520024' => 1337416,
          '160002' => 37537,
          '1000016' => 2,
          '680006' => 19,
          '550010' => 4,
          '1040014' => 5,
          '1600000' => 1155,
          '1150015' => 2,
          '720009' => 1,
          '690017' => 2,
          '510022' => 6,
          '260000' => 29044,
          '540029' => 1,
          '740074' => 3,
          '1010004' => 18,
          '1640000' => 5,
          '370023' => 414,
          '390024' => 25,
          '630010' => 1,
          '780012' => 303,
          '310007' => 4,
          '560010' => 38,
          '420017' => 4,
          '1200031' => 8,
          '1380037' => 109,
          '470014' => 41,
          '950095' => 3275,
          '660036' => 294,
          '1340014' => 5694,
          '300029' => 1,
          '1660056' => 1,
          '370010' => 371,
          '560025' => 1,
          '660002' => 3,
          '880011' => 23,
          '1330002' => 1,
          '650014' => 166,
          '270005' => 451,
          '590010' => 1,
          '1550006' => 5,
          '1040093' => 304485,
          '1040004' => 13,
          '1190005' => 3,
          '1220030' => 4,
          '1120013' => 352,
          '290001' => 1423,
          '1390026' => 2,
          '1110083' => 5,
          '1580018' => 5,
          '480010' => 2,
          '1060016' => 772,
          '870087' => 11,
          '1070011' => 23,
          '240014' => 36,
          '1380126' => 62,
          '530044' => 1,
          '590025' => 1,
          '820000' => 35,
          '480004' => 19,
          '430005' => 1,
          '1070006' => 1634,
          '1380046' => 23,
          '530023' => 17,
          '960087' => 940336,
          '1210019' => 8,
          '370018' => 2,
          '1650054' => 1,
          '1190110' => 27,
          '310017' => 4,
          '800021' => 33,
          '330007' => 3,
          '1410003' => 165,
          '110009' => 300,
          '110000' => 82170,
          '1220019' => 2,
          '0' => 2285177,
          '1450021' => 2,
          '1030094' => 1,
          '770051' => 33,
          '410027' => 36,
          '980006' => 97536,
          '380013' => 295,
          '60003' => 764,
          '1020006' => 39,
          '410002' => 44,
          '1050004' => 312,
          '240022' => 10,
          '990005' => 414,
          '1120016' => 240185,
          '940028' => 1,
          '190015' => 9,
          '390003' => 66,
          '260007' => 236,
          '580022' => 2,
          '370000' => 146943,
          '1480020' => 1,
          '1640042' => 1,
          '710003' => 1,
          '190013' => 405,
          '1130003' => 31,
          '760018' => 250,
          '1480014' => 1,
          '1170014' => 1,
          '770009' => 1,
          '1670076' => 15,
          '1570009' => 12,
          '1090000' => 11764,
          '1600009' => 5,
          '650048' => 30,
          '230009' => 28,
          '890005' => 20,
          '580002' => 2,
          '570012' => 7,
          '1430017' => 30,
          '760048' => 1012,
          '160014' => 44,
          '170003' => 6,
          '1050015' => 4,
          '640036' => 1178,
          '250021' => 31,
          '1110021' => 534,
          '320002' => 161,
          '890038' => 1,
          '1050016' => 181,
          '440003' => 1,
          '240005' => 21,
          '620001' => 11,
          '210012' => 602,
          '630048' => 96,
          '490042' => 5,
          '170013' => 72978,
          '1150002' => 1321,
          '530009' => 44,
          '1240024' => 45,
          '1130001' => 117689,
          '230011' => 1507,
          '210013' => 131,
          '1260023' => 7,
          '410015' => 487,
          '1010002' => 124,
          '240001' => 2585,
          '280010' => 13,
          '500008' => 27,
          '70003' => 379,
          '1360017' => 12,
          '550025' => 6,
          '530002' => 46,
          '910069' => 3,
          '1490015' => 1,
          '490018' => 1,
          '1490024' => 1,
          '180010' => 21,
          '1200021' => 35,
          '1020023' => 2,
          '850084' => 1,
          '1170016' => 13,
          '1260031' => 231,
          '1400014' => 35,
          '440035' => 1,
          '310002' => 84,
          '460023' => 7,
          '1000006' => 2,
          '690014' => 5,
          '450010' => 468,
          '1460024' => 1,
          '1400025' => 17,
          '1390002' => 213090,
          '1620012' => 1,
          '220006' => 550,
          '440023' => 1,
          '470039' => 1,
          '430002' => 13,
          '130003' => 33,
          '1670005' => 15,
          '400006' => 3,
          '120000' => 84108,
          '1610000' => 3,
          '350008' => 8,
          '270001' => 655,
          '480036' => 5,
          '500015' => 3,
          '870012' => 4,
          '340010' => 6,
          '1650154' => 6022,
          '520052' => 2,
          '1200000' => 5947,
          '550029' => 1,
          '470011' => 3,
          '690002' => 6,
          '710024' => 1,
          '200010' => 37,
          '500022' => 2,
          '760009' => 8,
          '510001' => 171,
          '1320011' => 1,
          '1110008' => 11,
          '210000' => 1611,
          '250014' => 35004,
          '260005' => 195,
          '1240114' => 4,
          '590002' => 3,
          '1650066' => 1024,
          '620014' => 2,
          '310012' => 338,
          '1170001' => 34,
          '510007' => 233,
          '430043' => 6,
          '140001' => 346,
          '1400021' => 2,
          '230004' => 54,
          '1090023' => 2,
          '580005' => 41,
          '980014' => 1,
          '1440050' => 1,
          '1180016' => 2,
          '1190012' => 11,
          '1390041' => 2,
          '1550015' => 10,
          '1180008' => 5,
          '830001' => 3,
          '1160002' => 13,
          '720002' => 2,
          '440006' => 1,
          '1500014' => 1,
          '1210109' => 316,
          '240019' => 73,
          '320012' => 1,
          '1220011' => 4,
          '1360044' => 45,
          '1180020' => 10,
          '360008' => 990,
          '140013' => 134497,
          '100010' => 14831982,
          '470018' => 4,
          '1650014' => 1,
          '630012' => 5581,
          '1260015' => 17,
          '460000' => 305,
          '620010' => 1,
          '1450000' => 1488,
          '260011' => 43,
          '800004' => 4,
          '1100012' => 51,
          '370037' => 5,
          '1100006' => 51,
          '1660049' => 4,
          '1170011' => 1,
          '900073' => 681,
          '880008' => 2,
          '1640005' => 6,
          '510005' => 12,
          '1240003' => 3,
          '530012' => 27,
          '640064' => 3,
          '470030' => 1,
          '1130015' => 8635,
          '1500007' => 11,
          '1070005' => 44,
          '30002' => 1621,
          '1210008' => 7,
          '1370011' => 49,
          '1060094' => 1090,
          '1160017' => 27,
          '540016' => 6,
          '790013' => 1,
          '360025' => 335787,
          '1660001' => 17,
          '870006' => 10,
          '1080003' => 3,
          '1140006' => 1,
          '60004' => 499,
          '1140104' => 2144877,
          '400009' => 2,
          '1660066' => 15,
          '980089' => 88,
          '270022' => 8,
          '220018' => 40,
          '90001' => 94,
          '1090012' => 1,
          '1620019' => 478,
          '170008' => 63,
          '520005' => 1,
          '1070001' => 56,
          '960006' => 1291,
          '890010' => 8,
          '1350001' => 1,
          '740015' => 3,
          '1260000' => 20,
          '460015' => 214,
          '1660077' => 128,
          '1190034' => 12,
          '360001' => 147697,
          '1120007' => 135,
          '810022' => 9,
          '1170095' => 40,
          '640007' => 1,
          '1370014' => 19,
          '1000078' => 1,
          '810079' => 1,
          '330025' => 266,
          '480024' => 1333,
          '370003' => 1,
          '1380012' => 40,
          '950086' => 53,
          '880001' => 7,
          '1450145' => 1,
          '280012' => 1187,
          '1510025' => 196,
          '1100017' => 2,
          '460017' => 5,
          '940018' => 2,
          '430025' => 1203,
          '880048' => 2757,
          '1480006' => 1,
          '890061' => 5,
          '1670050' => 2,
          '1190022' => 164,
          '1390003' => 11,
          '890078' => 65,
          '990023' => 3,
          '1380025' => 3329,
          '730017' => 1,
          '580036' => 1,
          '1080018' => 2,
          '750000' => 33,
          '1180005' => 23,
          '290011' => 10,
          '610025' => 2,
          '340024' => 120,
          '340008' => 5,
          '1040003' => 704,
          '290013' => 5,
          '200007' => 9,
          '1090005' => 4,
          '1290003' => 2,
          '1150105' => 26,
          '340019' => 3,
          '180003' => 4,
          '1230024' => 21,
          '750013' => 38,
          '620005' => 1,
          '290017' => 28,
          '830005' => 3,
          '990009' => 69,
          '910002' => 52546,
          '10001' => 2782959,
          '450000' => 174,
          '600013' => 1,
          '130011' => 11317,
          '630042' => 1,
          '1070010' => 1,
          '910091' => 1258,
          '900004' => 2,
          '530006' => 1,
          '730003' => 5,
          '1180108' => 340711,
          '1260036' => 1,
          '1670069' => 1,
          '350005' => 95,
          '1670055' => 6,
          '490000' => 4369,
          '1360045' => 562,
          '160006' => 1380,
          '150001' => 158,
          '1130013' => 31,
          '920082' => 262247,
          '1210000' => 29,
          '410022' => 2,
          '510016' => 2,
          '1120020' => 16255,
          '550021' => 1,
          '430009' => 4,
          '410039' => 187,
          '1490004' => 3,
          '100000' => 116877,
          '1660018' => 1,
          '1130102' => 346986,
          '420012' => 1,
          '310011' => 323,
          '1100018' => 2,
          '80000' => 2216,
          '160011' => 24,
          '1160012' => 17,
          '550014' => 1,
          '470021' => 1,
          '260001' => 16295,
          '630063' => 1,
          '1210020' => 4,
          '1210111' => 1,
          '1020002' => 1,
          '440014' => 16,
          '300011' => 138,
          '470023' => 21,
          '730010' => 2,
          '920083' => 282180,
          '400023' => 1,
          '890080' => 251476,
          '490013' => 34,
          '1670018' => 6,
          '600001' => 4,
          '470010' => 2,
          '610011' => 1,
          '1220004' => 47,
          '560044' => 1,
          '220020' => 462,
          '310021' => 153,
          '970021' => 5,
          '280025' => 938666,
          '420016' => 1,
          '1040000' => 19797,
          '300030' => 556,
          '1670065' => 5,
          '520009' => 12,
          '1220110' => 141,
          '890009' => 1171,
          '1670077' => 63,
          '1190107' => 231919,
          '590003' => 67,
          '1070002' => 17,
          '1220003' => 226,
          '540002' => 5,
          '240011' => 66,
          '880005' => 2,
          '1620011' => 3,
          '540009' => 319,
          '880014' => 5,
          '1420047' => 1,
          '290012' => 391,
          '650044' => 4,
          '580014' => 2,
          '1140024' => 33,
          '230021' => 244,
          '220011' => 16737,
          '1640015' => 1,
          '510008' => 1,
          '950007' => 5,
          '1610010' => 1,
          '1040095' => 1,
          '980022' => 9,
          '590014' => 38,
          '770002' => 66,
          '780019' => 4,
          '1240023' => 17,
          '140009' => 113,
          '360022' => 19,
          '1400003' => 26,
          '50005' => 462080,
          '820023' => 4,
          '140012' => 457367,
          '1010011' => 21,
          '1220012' => 36,
          '400000' => 66024,
          '1040011' => 2,
          '1490010' => 43,
          '1120102' => 236847,
          '460045' => 3,
          '950019' => 5,
          '180015' => 6,
          '250013' => 166,
          '1100003' => 88,
          '1040010' => 2,
          '610036' => 12,
          '1000089' => 267785,
          '190017' => 67,
          '610001' => 6,
          '1220100' => 2,
          '1150006' => 23,
          '1370047' => 52,
          '680029' => 1,
          '580001' => 1,
          '1380041' => 8,
          '430039' => 1,
          '1120023' => 7,
          '380017' => 9,
          '770017' => 1,
          '230023' => 1488,
          '360006' => 2,
          '710015' => 94,
          '1240009' => 2,
          '1240020' => 1,
          '210008' => 3,
          '390038' => 1,
          '200003' => 142,
          '920017' => 1,
          '170017' => 3575,
          '110008' => 20,
          '450013' => 1,
          '1180028' => 61,
          '1480024' => 107,
          '270014' => 296,
          '1000002' => 90,
          '70007' => 6700,
          '820004' => 3,
          '310006' => 3,
          '1190020' => 18,
          '800000' => 719,
          '1280014' => 1416,
          '210004' => 284,
          '1150001' => 5931,
          '110001' => 3867,
          '270012' => 79,
          '130000' => 5910,
          '780000' => 235,
          '1170020' => 148,
          '170012' => 4176,
          '330003' => 68,
          '1040025' => 15771,
          '680015' => 2,
          '630017' => 1,
          '1650015' => 2,
          '660006' => 1,
          '420005' => 1,
          '370001' => 165657,
          '220002' => 231,
          '760036' => 54780,
          '1080007' => 2478,
          '660014' => 1,
          '290021' => 8,
          '1450042' => 1,
          '550000' => 4,
          '1210031' => 279,
          '1220015' => 25,
          '190001' => 179,
          '1190029' => 148,
          '1130023' => 610,
          '690068' => 1,
          '930083' => 254705,
          '970007' => 20,
          '380003' => 1,
          '100007' => 37,
          '1120090' => 5,
          '790003' => 13,
          '450005' => 2,
          '1240017' => 11,
          '1180001' => 282,
          '1670024' => 10,
          '1550010' => 33,
          '190006' => 1490,
          '960009' => 1,
          '270021' => 11,
          '440044' => 217,
          '260023' => 74,
          '510025' => 23,
          '1000011' => 3,
          '1620002' => 809,
          '1060011' => 7,
          '1150115' => 1,
          '190002' => 2839,
          '460001' => 6,
          '1670070' => 1052,
          '1670022' => 9794,
          '400039' => 51,
          '1370025' => 59,
          '440029' => 1,
          '460004' => 3932,
          '840004' => 37,
          '300022' => 100,
          '380023' => 4,
          '950003' => 6872,
          '250004' => 67,
          '50002' => 1941,
          '460012' => 8,
          '1060095' => 255225,
          '280015' => 8,
          '1200005' => 1,
          '1090024' => 2,
          '1040009' => 5,
          '910080' => 3656,
          '130007' => 39,
          '1240034' => 11,
          '30003' => 3180159,
          '630005' => 3,
          '1440000' => 329,
          '230015' => 4,
          '560005' => 11,
          '140005' => 648,
          '670002' => 2,
          '900066' => 112,
          '1660028' => 1,
          '1120112' => 1,
          '670004' => 15,
          '1140016' => 34,
          '1670047' => 9,
          '660061' => 1,
          '760013' => 10,
          '1200011' => 5690,
          '1200004' => 52,
          '1220020' => 28,
          '390025' => 833,
          '900011' => 2,
          '960002' => 8652,
          '500003' => 7,
          '1100013' => 2,
          '510012' => 144,
          '440018' => 7,
          '790010' => 2,
          '870001' => 1,
          '1480002' => 4,
          '1140012' => 14,
          '1620048' => 1446,
          '1010008' => 2,
          '1260004' => 7,
          '1430032' => 5,
          '1170004' => 1,
          '640042' => 1,
          '1460000' => 445,
          '340025' => 429,
          '950018' => 7,
          '620017' => 1,
          '1120019' => 26,
          '1260006' => 191,
          '110010' => 350,
          '480015' => 58,
          '1390048' => 1,
          '1210003' => 3,
          '540044' => 1,
          '240021' => 122,
          '260015' => 36,
          '740001' => 18,
          '1390017' => 1,
          '930003' => 551,
          '1150011' => 15560,
          '760002' => 386,
          '240016' => 5,
          '1670068' => 2,
          '1240010' => 62,
          '1670157' => 4,
          '680002' => 10,
          '1010001' => 206,
          '890023' => 1,
          '220014' => 107,
          '1370125' => 63,
          '400012' => 54799,
          '740006' => 12,
          '1090011' => 1,
          '640015' => 1,
          '1210012' => 2,
          '640000' => 472,
          '1100099' => 17,
          '280006' => 52270,
          '180007' => 17,
          '570000' => 25,
          '80005' => 286,
          '160003' => 11,
          '670048' => 3,
          '120011' => 149915,
          '1360124' => 2,
          '620048' => 166,
          '470047' => 3,
          '1200017' => 1,
          '250010' => 19,
          '880062' => 6,
          '780007' => 1,
          '1360023' => 10,
          '1060004' => 6,
          '850006' => 4,
          '1400002' => 767,
          '410003' => 30,
          '560024' => 41,
          '1010092' => 52,
          '1370010' => 39,
          '490023' => 4,
          '530016' => 1,
          '970086' => 11,
          '280028' => 130,
          '120009' => 80,
          '1070017' => 45,
          '1440007' => 1,
          '280000' => 27443,
          '1260013' => 36,
          '1380027' => 1196,
          '740016' => 2,
          '940002' => 2213,
          '270004' => 280,
          '370012' => 186,
          '1030004' => 2,
          '390013' => 39,
          '1140102' => 202903,
          '710002' => 1,
          '260020' => 28,
          '1230113' => 8230,
          '340004' => 437,
          '1370035' => 70,
          '410020' => 2,
          '170002' => 27,
          '250020' => 29,
          '650006' => 1,
          '800015' => 2,
          '1660023' => 10,
          '190012' => 18,
          '420027' => 1,
          '1090016' => 87,
          '1460146' => 2,
          '960020' => 31,
          '1670048' => 2
        };
write time: 
min max
40448 876395466240
{
0,146759
1,4640441
2,14203287
3,1100520
4,6
5,2332
6,279371
7+,86609153
};
