write intervals: 
$VAR1 = {
          '6' => 1,
          '3' => 5,
          '7' => 3,
          '2' => 42,
          '15' => 1,
          '20' => 1,
          '14' => 1,
          '1' => 903,
          '4' => 4,
          '18' => 1,
          '10' => 1,
          '5' => 2
        };
retention times: 
$VAR1 = {
          '900090' => 1,
          '30002' => 19266,
          '1120036' => 26387,
          '1190002' => 302,
          '140014' => 534,
          '900014' => 2,
          '590059' => 2,
          '10001' => 29152,
          '210001' => 2,
          '910091' => 1,
          '120000' => 1,
          '150000' => 35,
          '1340000' => 5,
          '1190043' => 1136,
          '1380001' => 14,
          '760076' => 10858253,
          '660066' => 45234,
          '1670167' => 12202,
          '560056' => 2,
          '290029' => 2,
          '50005' => 2,
          '30000' => 14030,
          '660042' => 94,
          '300006' => 17,
          '1200000' => 5,
          '890013' => 6,
          '520052' => 20,
          '1370003' => 14,
          '80008' => 13,
          '1670157' => 1,
          '1380000' => 9278,
          '670046' => 1,
          '760009' => 27442,
          '1170028' => 16,
          '540054' => 2,
          '220001' => 1,
          '210000' => 3685,
          '950095' => 4,
          '660036' => 17,
          '60006' => 2,
          '1670033' => 3,
          '1340014' => 17,
          '90009' => 1,
          '1170000' => 4188,
          '600060' => 1,
          '100000' => 1942,
          '760000' => 1109,
          '1590159' => 1,
          '140000' => 122,
          '1380019' => 1420,
          '1170041' => 289,
          '550052' => 22068,
          '470047' => 1,
          '760055' => 13,
          '120012' => 11,
          '40001' => 2,
          '550055' => 63,
          '1670000' => 5213,
          '1170026' => 5956,
          '890000' => 6,
          '230001' => 1,
          '240000' => 12197,
          '670067' => 17,
          '910000' => 1204,
          '160000' => 1,
          '870087' => 1,
          '20000' => 1422,
          '230000' => 4,
          '230023' => 7,
          '1670166' => 20,
          '40004' => 8186,
          '1670001' => 14,
          '150014' => 2,
          '360036' => 2,
          '1680167' => 1,
          '280028' => 1,
          '180018' => 3,
          '1380026' => 1,
          '230002' => 17,
          '240001' => 18,
          '530053' => 2,
          '200003' => 2,
          '170017' => 14655,
          '1660000' => 20,
          '170000' => 12239,
          '30003' => 13554,
          '110011' => 1,
          '70007' => 2,
          '760075' => 4,
          '20002' => 7430,
          '40000' => 5033,
          '760010' => 22044,
          '770000' => 3,
          '1670091' => 2,
          '210004' => 136,
          '30001' => 4,
          '1660028' => 14,
          '1120112' => 1,
          '670001' => 27424,
          '770001' => 20,
          '100010' => 6804,
          '660045' => 4136,
          '650065' => 7,
          '110000' => 1,
          '160016' => 3,
          '0' => 22743,
          '460046' => 2,
          '760052' => 5851,
          '1370137' => 1,
          '240003' => 205,
          '1380062' => 147407,
          '1370000' => 3,
          '210021' => 4236,
          '760059' => 14516,
          '10000' => 2738,
          '890012' => 14,
          '670000' => 8013,
          '1190000' => 56,
          '300000' => 5,
          '150015' => 133,
          '660000' => 38500,
          '240024' => 5740,
          '1200001' => 17,
          '1120000' => 1470,
          '910036' => 22068,
          '60001' => 1,
          '760066' => 1
        };
write time: 
min max
32256 509852937728
{
0,15231
1,1224
2,1051
3,35065
4,3387
5,1243
6,23044
7+,62157663
};
