write intervals: 
$VAR1 = {
          '4' => 1,
          '1' => 11468,
          '2' => 164
        };
retention times: 
$VAR1 = {
          '80002' => 198,
          '1610161' => 243,
          '1420109' => 5,
          '590059' => 442,
          '10001' => 496,
          '1420127' => 6,
          '330018' => 19,
          '730024' => 1,
          '730073' => 1241,
          '390039' => 6,
          '660066' => 238,
          '490024' => 9,
          '1060106' => 3,
          '560056' => 107,
          '810024' => 1,
          '780078' => 136,
          '860086' => 1,
          '740074' => 14,
          '290029' => 34542,
          '150008' => 6,
          '520052' => 406,
          '190014' => 1,
          '70001' => 3,
          '80008' => 8975,
          '790024' => 3,
          '550047' => 3,
          '610061' => 472,
          '80006' => 5,
          '1220122' => 7,
          '1020102' => 9,
          '440044' => 2,
          '1360136' => 49,
          '90009' => 286,
          '1040104' => 17,
          '780063' => 1,
          '430043' => 771,
          '1000100' => 229,
          '250008' => 2,
          '120012' => 1139,
          '160008' => 18,
          '80000' => 119,
          '1310131' => 2,
          '1070107' => 4,
          '530024' => 71,
          '250025' => 5651,
          '250018' => 240,
          '1520152' => 11,
          '620062' => 13,
          '840084' => 42970,
          '670067' => 4,
          '160001' => 7,
          '630063' => 5,
          '480048' => 18,
          '1600160' => 4,
          '1110111' => 31,
          '1420142' => 8,
          '450045' => 19,
          '70002' => 1,
          '870087' => 39,
          '1470147' => 4,
          '40004' => 48610,
          '150010' => 1,
          '770077' => 26117,
          '150014' => 1,
          '600024' => 1,
          '360036' => 141152,
          '790079' => 632,
          '1570157' => 21,
          '1490149' => 15967,
          '180018' => 675,
          '590025' => 1,
          '530053' => 16072,
          '220022' => 1255,
          '770024' => 71,
          '1020024' => 21,
          '60000' => 1,
          '1400140' => 2,
          '1350135' => 204,
          '850085' => 4,
          '1080108' => 26205,
          '110007' => 5,
          '1260024' => 21,
          '30003' => 458,
          '240017' => 22,
          '1540154' => 2,
          '1340134' => 4,
          '540024' => 21,
          '1200120' => 29,
          '1560156' => 134469,
          '130013' => 31,
          '300030' => 15608,
          '100010' => 742,
          '750075' => 39,
          '1280128' => 96,
          '110000' => 2,
          '0' => 16863,
          '160016' => 95,
          '1370137' => 12,
          '540035' => 2,
          '570057' => 2,
          '190011' => 17,
          '330033' => 3,
          '390025' => 5,
          '830083' => 4,
          '370037' => 95,
          '70000' => 11,
          '1290129' => 2,
          '330024' => 2,
          '1240124' => 354,
          '110004' => 1,
          '1250125' => 13037,
          '240024' => 27065,
          '1210121' => 1,
          '640064' => 3,
          '70006' => 2,
          '200020' => 601,
          '150007' => 55,
          '190015' => 1,
          '1650165' => 2,
          '310031' => 141,
          '510013' => 4,
          '140014' => 196,
          '360025' => 1,
          '320032' => 84,
          '1270127' => 403,
          '250022' => 1,
          '550024' => 2,
          '690069' => 19,
          '570024' => 1,
          '420033' => 2,
          '150000' => 15,
          '260026' => 10,
          '1260126' => 3,
          '80007' => 15,
          '1130113' => 139,
          '80001' => 1,
          '1330133' => 4,
          '50005' => 470,
          '960096' => 1,
          '580049' => 1,
          '1170117' => 288,
          '190019' => 36443,
          '1140114' => 260,
          '1500150' => 61,
          '150011' => 7,
          '1580158' => 6,
          '880088' => 3,
          '270027' => 76,
          '540054' => 14,
          '160010' => 5,
          '230017' => 1,
          '250017' => 4,
          '1320132' => 23128,
          '60006' => 525,
          '420042' => 2,
          '510051' => 79,
          '1050105' => 2,
          '150009' => 3,
          '80005' => 10,
          '600060' => 146159,
          '1510151' => 502,
          '1590159' => 12,
          '400040' => 2,
          '470047' => 3,
          '1100110' => 52,
          '550055' => 305,
          '1010024' => 71,
          '1010101' => 24145,
          '500050' => 17,
          '150013' => 7,
          '160009' => 3,
          '470024' => 86,
          '1030103' => 582,
          '810081' => 5,
          '410041' => 3,
          '490049' => 6,
          '580058' => 14,
          '1300130' => 2,
          '1530153' => 64,
          '480024' => 125,
          '230023' => 424,
          '70005' => 6,
          '960024' => 1,
          '1270024' => 2,
          '1630163' => 43,
          '280028' => 2801,
          '1550155' => 5,
          '820082' => 5,
          '540040' => 1,
          '170017' => 513,
          '70003' => 3,
          '550025' => 1,
          '1660166' => 55,
          '90004' => 3,
          '1480148' => 354,
          '1250024' => 71,
          '780024' => 21,
          '70007' => 3519,
          '110011' => 56044,
          '570049' => 2,
          '710071' => 6,
          '20002' => 69,
          '240018' => 1,
          '680068' => 3,
          '1620162' => 32,
          '650065' => 66,
          '460046' => 3,
          '190018' => 1,
          '800080' => 97,
          '1640164' => 3,
          '1030024' => 3,
          '210021' => 11,
          '990099' => 9,
          '10000' => 1,
          '660024' => 1,
          '1230123' => 3,
          '1460146' => 47,
          '150015' => 7215,
          '420024' => 1,
          '380038' => 96,
          '980098' => 8,
          '340019' => 2,
          '1090109' => 16,
          '720024' => 4
        };
