write intervals: 
$VAR1 = {
          '1' => 5427,
          '2' => 165
        };
retention times: 
$VAR1 = {
          '920010' => 8,
          '640018' => 147,
          '1520000' => 2884,
          '930000' => 3196,
          '210002' => 1,
          '500007' => 1,
          '440026' => 6,
          '910002' => 81,
          '450000' => 14,
          '10001' => 654,
          '160002' => 1,
          '910091' => 5,
          '680006' => 3,
          '780002' => 9,
          '160015' => 2,
          '1360000' => 70,
          '730073' => 84,
          '730000' => 422,
          '910087' => 1,
          '1610085' => 73,
          '660066' => 42,
          '500002' => 1,
          '90008' => 3,
          '260000' => 111,
          '100009' => 1,
          '1430007' => 13,
          '560056' => 14,
          '740074' => 1,
          '710046' => 25,
          '1010004' => 2,
          '490000' => 179,
          '760007' => 4,
          '1640000' => 364,
          '170006' => 10,
          '80008' => 268,
          '760065' => 12,
          '250005' => 21,
          '210018' => 32,
          '1210000' => 3,
          '1470004' => 194,
          '200000' => 635,
          '1270008' => 316,
          '950095' => 1,
          '910015' => 694,
          '240015' => 131,
          '1380138' => 1,
          '80004' => 1,
          '300005' => 3,
          '210011' => 2,
          '430009' => 2,
          '1540002' => 1,
          '1330034' => 1,
          '100000' => 57,
          '120003' => 1,
          '390010' => 19,
          '90005' => 1,
          '80000' => 44,
          '700070' => 5,
          '1390009' => 1,
          '250025' => 17,
          '1670015' => 172,
          '1150009' => 1,
          '950000' => 701,
          '430000' => 3,
          '1190005' => 14,
          '890000' => 37,
          '620062' => 23,
          '1190119' => 20,
          '630063' => 1,
          '1390026' => 66,
          '400015' => 11,
          '1420142' => 1,
          '1430000' => 664,
          '760062' => 1,
          '720004' => 9,
          '1410085' => 1,
          '150010' => 2,
          '390017' => 1,
          '40004' => 1732,
          '200004' => 23,
          '290000' => 146,
          '450011' => 3,
          '230002' => 213,
          '120008' => 1,
          '930017' => 740,
          '820000' => 174,
          '250002' => 223,
          '430005' => 1,
          '1150024' => 294,
          '60000' => 8,
          '320000' => 1,
          '300008' => 15,
          '970004' => 146,
          '970021' => 1,
          '310017' => 133,
          '100005' => 2,
          '90000' => 83,
          '1500017' => 114,
          '910006' => 1,
          '50000' => 153,
          '820005' => 8,
          '770000' => 11,
          '130013' => 4,
          '300030' => 5,
          '1190014' => 301,
          '750075' => 2,
          '110000' => 33,
          '0' => 14231,
          '180004' => 1,
          '510000' => 140,
          '330033' => 13,
          '530010' => 1,
          '750025' => 40,
          '290007' => 1,
          '290004' => 19,
          '70004' => 342,
          '730072' => 3,
          '110004' => 1,
          '700002' => 1,
          '1190000' => 4027,
          '720000' => 36,
          '350000' => 79,
          '190000' => 17,
          '860010' => 17,
          '1640010' => 1,
          '1330000' => 154,
          '910013' => 1,
          '200008' => 2,
          '350010' => 27,
          '270002' => 3,
          '1360009' => 14,
          '1270127' => 1,
          '540000' => 5,
          '730002' => 24,
          '1210015' => 2,
          '690069' => 26,
          '120002' => 1,
          '560000' => 4,
          '260026' => 2,
          '680007' => 10,
          '460021' => 356,
          '1260126' => 1,
          '470000' => 728,
          '1050010' => 10,
          '50005' => 776,
          '30000' => 3984,
          '1180050' => 1,
          '850009' => 181,
          '1190017' => 9,
          '1200044' => 3,
          '180005' => 1,
          '400000' => 176,
          '1390000' => 364,
          '210009' => 1,
          '950019' => 381,
          '850002' => 1,
          '420042' => 2514,
          '510051' => 293,
          '60006' => 206,
          '600060' => 5,
          '760073' => 3,
          '1350059' => 4,
          '320002' => 1,
          '930018' => 31,
          '140000' => 231,
          '400040' => 2,
          '710000' => 1616,
          '1050020' => 28,
          '200011' => 1,
          '550055' => 322,
          '340017' => 19,
          '760056' => 4,
          '160009' => 28,
          '950004' => 151,
          '920000' => 11,
          '810081' => 7,
          '490049' => 1,
          '410041' => 2,
          '1330017' => 116,
          '510002' => 7,
          '580058' => 1,
          '1020000' => 11,
          '380017' => 1,
          '280004' => 1,
          '810000' => 203,
          '230023' => 6,
          '380005' => 1,
          '1190004' => 1,
          '820082' => 1,
          '1180024' => 70,
          '290002' => 3,
          '170017' => 85,
          '1360017' => 6,
          '1060000' => 140,
          '760012' => 1,
          '420000' => 6,
          '710071' => 4,
          '70007' => 292,
          '1470028' => 27,
          '180009' => 4,
          '40000' => 456,
          '800000' => 1,
          '770005' => 8,
          '640009' => 24,
          '970002' => 192,
          '1470011' => 1,
          '770001' => 5,
          '400010' => 3,
          '640017' => 183,
          '890089' => 1,
          '780000' => 1,
          '130000' => 2,
          '430011' => 1,
          '460007' => 1,
          '10000' => 426,
          '970097' => 33,
          '750002' => 24,
          '130009' => 1,
          '300000' => 22,
          '1530000' => 3,
          '640005' => 1,
          '1200001' => 1,
          '220002' => 15,
          '990017' => 123,
          '880015' => 2,
          '690000' => 15,
          '100003' => 1,
          '470008' => 19,
          '340006' => 8,
          '760072' => 476,
          '1440068' => 16,
          '1610161' => 2,
          '840008' => 1,
          '850014' => 11,
          '550000' => 216,
          '590059' => 5,
          '310000' => 174,
          '850010' => 303,
          '190001' => 14,
          '170015' => 2,
          '250007' => 22,
          '180002' => 1,
          '120000' => 9,
          '1610000' => 5,
          '220008' => 2,
          '390039' => 66,
          '490024' => 2,
          '180008' => 16,
          '810008' => 19,
          '110002' => 1,
          '1670020' => 8,
          '290029' => 102,
          '170007' => 1,
          '1300003' => 1,
          '1200000' => 6,
          '620000' => 2,
          '520052' => 5,
          '200010' => 1,
          '710024' => 6,
          '40002' => 14,
          '220001' => 2,
          '1060001' => 1,
          '210000' => 1329,
          '440044' => 1,
          '510025' => 2,
          '260005' => 1,
          '940001' => 14,
          '90009' => 259,
          '260025' => 66,
          '590005' => 1,
          '1390024' => 294,
          '990000' => 159,
          '190002' => 1,
          '90002' => 1,
          '430043' => 3,
          '240006' => 1,
          '260024' => 40,
          '760055' => 74,
          '600000' => 1,
          '470001' => 206,
          '120012' => 20,
          '850021' => 27,
          '250000' => 6116,
          '650000' => 224,
          '710007' => 326,
          '1670000' => 760,
          '1060005' => 10,
          '940024' => 70,
          '1530017' => 3,
          '1020017' => 11,
          '250018' => 36,
          '950002' => 179,
          '550009' => 1,
          '240000' => 52,
          '350035' => 3,
          '490002' => 7,
          '970016' => 2,
          '250024' => 2,
          '910000' => 465,
          '450045' => 16,
          '1140009' => 14,
          '100002' => 1,
          '250004' => 156,
          '20000' => 73,
          '1520005' => 328,
          '270025' => 9,
          '830001' => 1,
          '250001' => 1,
          '720002' => 1,
          '360036' => 1,
          '340000' => 47,
          '480013' => 1,
          '180018' => 2835,
          '330000' => 5,
          '330004' => 1,
          '1050000' => 1231,
          '240019' => 1,
          '750004' => 323,
          '220022' => 3,
          '200002' => 1,
          '180014' => 1,
          '610009' => 11,
          '170000' => 89,
          '760029' => 1,
          '30003' => 432,
          '480000' => 215,
          '20001' => 1,
          '590020' => 6,
          '660021' => 1,
          '930002' => 1,
          '1270081' => 3,
          '140005' => 3,
          '1670091' => 1,
          '640013' => 1,
          '680000' => 53,
          '730014' => 19,
          '100010' => 55,
          '440001' => 1,
          '1670010' => 13,
          '740000' => 3,
          '460000' => 2619,
          '160016' => 21,
          '740025' => 2,
          '1130000' => 19,
          '480017' => 131,
          '760069' => 201,
          '640006' => 1,
          '570057' => 4,
          '1380062' => 34,
          '540004' => 1,
          '210005' => 28,
          '1050008' => 306,
          '70000' => 1303,
          '370037' => 6,
          '800004' => 20,
          '1260050' => 5,
          '1470020' => 140,
          '760059' => 3,
          '1470000' => 5542,
          '590008' => 19,
          '380000' => 1,
          '1150000' => 298,
          '1500000' => 152,
          '1140000' => 63,
          '680013' => 2,
          '240024' => 63,
          '280011' => 3,
          '690025' => 6,
          '200020' => 198,
          '480002' => 1,
          '70006' => 1,
          '760038' => 1,
          '1010020' => 9,
          '1430016' => 176,
          '310031' => 7,
          '270000' => 12,
          '400020' => 2,
          '220009' => 1,
          '1160017' => 119,
          '930008' => 307,
          '140014' => 166,
          '230016' => 10,
          '970003' => 1,
          '210001' => 88,
          '510006' => 3,
          '1290085' => 1,
          '150000' => 9,
          '390009' => 14,
          '1190043' => 2,
          '480015' => 1,
          '1580082' => 1,
          '320010' => 1,
          '1390085' => 5,
          '500024' => 40,
          '760076' => 365171,
          '730025' => 46,
          '650017' => 128,
          '160007' => 3,
          '1260035' => 1,
          '390000' => 418,
          '1570005' => 14,
          '190019' => 7,
          '1470008' => 1,
          '240016' => 1,
          '890013' => 883,
          '440005' => 13,
          '460003' => 1,
          '90001' => 1,
          '760039' => 2,
          '270027' => 3,
          '850000' => 2047,
          '1160000' => 157,
          '540054' => 14,
          '760011' => 126,
          '700015' => 80,
          '640000' => 944,
          '950006' => 13,
          '950001' => 13,
          '200001' => 14,
          '1180000' => 70,
          '510017' => 16,
          '1430024' => 5,
          '740015' => 1,
          '340023' => 5,
          '1260000' => 1,
          '760000' => 16458,
          '220000' => 25,
          '580012' => 1,
          '470047' => 3,
          '210014' => 310,
          '510004' => 12,
          '1640025' => 360,
          '500050' => 2,
          '1570000' => 64,
          '810022' => 6,
          '1500085' => 1,
          '1670017' => 111,
          '340034' => 33,
          '740010' => 1,
          '1270022' => 28,
          '160000' => 253,
          '230000' => 836,
          '480024' => 46,
          '970000' => 1336,
          '680017' => 14,
          '760005' => 1,
          '440000' => 52,
          '130008' => 1,
          '210010' => 2,
          '700000' => 71,
          '280028' => 13,
          '940018' => 1,
          '530000' => 1,
          '950010' => 10,
          '940000' => 150,
          '450007' => 1,
          '280000' => 15,
          '760047' => 101,
          '180000' => 346,
          '390021' => 6,
          '550008' => 23,
          '200015' => 2,
          '1190022' => 33,
          '240010' => 1,
          '110011' => 160,
          '710004' => 1,
          '20002' => 101,
          '680068' => 60,
          '590000' => 247,
          '1010000' => 186,
          '1270000' => 796,
          '670003' => 1,
          '1130018' => 92,
          '650065' => 489,
          '460011' => 27,
          '520008' => 14,
          '460046' => 14,
          '760068' => 190,
          '620011' => 3,
          '820006' => 143,
          '240003' => 1,
          '750000' => 1650,
          '610000' => 14,
          '500000' => 42,
          '470022' => 6,
          '210021' => 53,
          '1270007' => 1,
          '220013' => 1,
          '710025' => 1,
          '180017' => 39,
          '340009' => 1,
          '1430025' => 70,
          '760001' => 3,
          '340008' => 1,
          '720072' => 76,
          '150015' => 12,
          '380038' => 3,
          '850017' => 14,
          '520000' => 17
        };
36417159168
