write intervals: 
$VAR1 = {
          '6' => 1,
          '33' => 1,
          '3' => 2,
          '9' => 1,
          '12' => 2,
          '17' => 1,
          '2' => 56,
          '14' => 1,
          '4' => 1,
          '1' => 1432,
          '5' => 2
        };
retention times: 
$VAR1 = {
          '260008' => 1,
          '930000' => 1045,
          '910073' => 4,
          '1460072' => 2,
          '780073' => 1,
          '900072' => 712,
          '960007' => 1,
          '160015' => 114,
          '1480000' => 13,
          '1360000' => 1,
          '730073' => 4665,
          '320011' => 1,
          '1670167' => 51147,
          '1120008' => 2,
          '1490076' => 9,
          '900062' => 11,
          '60005' => 21,
          '1430004' => 90,
          '1430048' => 4,
          '960074' => 6,
          '1520014' => 1,
          '1650004' => 8,
          '1270003' => 4,
          '1140002' => 75,
          '1470004' => 1,
          '650002' => 1,
          '590031' => 2,
          '490005' => 1,
          '430018' => 1,
          '1470070' => 8,
          '1600022' => 1,
          '1430043' => 11,
          '280003' => 1,
          '1610039' => 118,
          '720039' => 1,
          '1440080' => 155,
          '790025' => 1,
          '1480147' => 1,
          '750007' => 7,
          '710065' => 1,
          '960000' => 3433,
          '700070' => 1370,
          '1460075' => 4,
          '690066' => 10,
          '240004' => 2,
          '320024' => 1,
          '1130002' => 7,
          '1620049' => 96,
          '880065' => 39,
          '800066' => 2,
          '760074' => 7,
          '1670053' => 531,
          '1140019' => 11,
          '200004' => 26,
          '670064' => 15,
          '120008' => 6,
          '320000' => 292,
          '620041' => 1,
          '970004' => 56,
          '880069' => 1,
          '160005' => 1,
          '1200120' => 14507,
          '720007' => 292,
          '30001' => 61460,
          '420023' => 1,
          '510000' => 5,
          '730006' => 21,
          '70004' => 4,
          '680004' => 6,
          '750001' => 18,
          '480030' => 1,
          '260006' => 5,
          '670000' => 48,
          '940015' => 4,
          '930076' => 80,
          '180016' => 35,
          '910068' => 9,
          '940075' => 437,
          '1670145' => 547,
          '1650165' => 1127,
          '1390001' => 36,
          '1370022' => 11,
          '270002' => 75,
          '1610044' => 1,
          '930067' => 154,
          '250022' => 24,
          '540000' => 4,
          '550024' => 4,
          '330012' => 1,
          '1670143' => 192,
          '1670073' => 2536,
          '1480073' => 9,
          '460021' => 2,
          '690005' => 1,
          '1610021' => 122,
          '440022' => 2,
          '960096' => 1143,
          '170016' => 603,
          '1000021' => 1,
          '200017' => 7,
          '790000' => 1968,
          '1180021' => 5,
          '1430021' => 3,
          '1380000' => 33,
          '640063' => 1,
          '150011' => 3,
          '1120091' => 53,
          '880088' => 967,
          '430004' => 3,
          '80003' => 7,
          '1600020' => 42,
          '420042' => 162,
          '480006' => 4,
          '140003' => 2585,
          '1170000' => 130,
          '1600042' => 40,
          '1180006' => 11,
          '1670006' => 733,
          '1590015' => 4,
          '1590159' => 207,
          '1420020' => 6,
          '140000' => 54981,
          '450042' => 1,
          '870013' => 1,
          '1120017' => 1143,
          '910049' => 2,
          '880000' => 133,
          '630039' => 5,
          '1430101' => 1,
          '270006' => 3,
          '230001' => 1330,
          '1160001' => 179,
          '950004' => 131,
          '1390023' => 1,
          '490049' => 20,
          '310015' => 1872,
          '1400024' => 15,
          '720025' => 1,
          '750071' => 4,
          '1560017' => 1,
          '410005' => 1,
          '1630163' => 1,
          '1190004' => 1,
          '1630042' => 98,
          '450023' => 2,
          '970006' => 51,
          '630000' => 27,
          '290002' => 1,
          '1440051' => 1,
          '150002' => 5,
          '250003' => 77,
          '420000' => 63,
          '760051' => 1,
          '1160016' => 17,
          '1220024' => 1,
          '910001' => 1775,
          '40000' => 84893,
          '1340043' => 2,
          '300015' => 1,
          '770005' => 2,
          '660063' => 2,
          '770001' => 3,
          '710048' => 155,
          '280021' => 1,
          '940052' => 2,
          '240023' => 2,
          '190018' => 5047,
          '780004' => 1,
          '800080' => 104,
          '1490000' => 7,
          '1130016' => 12,
          '1160025' => 1,
          '990003' => 2,
          '980005' => 322,
          '1340033' => 1,
          '300000' => 23,
          '230003' => 11,
          '190005' => 134,
          '720001' => 16,
          '1260001' => 1,
          '1160018' => 11,
          '590059' => 4,
          '250007' => 235,
          '1420048' => 11,
          '1240031' => 4,
          '50001' => 54489,
          '180002' => 54,
          '1170019' => 69,
          '390039' => 119,
          '710070' => 28,
          '960005' => 10,
          '780078' => 485,
          '1160023' => 84,
          '720067' => 1,
          '620000' => 4,
          '1010025' => 1,
          '890002' => 7,
          '270011' => 1,
          '1150096' => 2,
          '160013' => 13,
          '940005' => 102,
          '180013' => 1,
          '40002' => 315,
          '700054' => 47,
          '1420027' => 1,
          '220005' => 2,
          '1440144' => 830,
          '90002' => 1,
          '720005' => 4,
          '240006' => 15,
          '730008' => 1,
          '700069' => 11,
          '120012' => 66,
          '250000' => 1109,
          '1670000' => 2945,
          '660065' => 1,
          '230008' => 1,
          '950002' => 12536,
          '500010' => 1,
          '660003' => 8,
          '1400026' => 33,
          '1110013' => 97,
          '160001' => 19,
          '1130020' => 5,
          '170014' => 2,
          '70002' => 9,
          '20000' => 129510,
          '500005' => 1,
          '630060' => 6,
          '1490055' => 1,
          '250001' => 19,
          '210017' => 1,
          '400019' => 2,
          '180018' => 7389,
          '1310000' => 2,
          '940007' => 21,
          '750004' => 204,
          '220022' => 1758,
          '1660000' => 1,
          '1010003' => 2,
          '170000' => 864,
          '1190025' => 7,
          '930002' => 273,
          '870068' => 3,
          '720071' => 2,
          '650049' => 1,
          '730070' => 2631,
          '950074' => 2,
          '480025' => 1,
          '1670075' => 10,
          '1000025' => 1,
          '980019' => 1,
          '1130000' => 1339,
          '1620050' => 12,
          '890025' => 72,
          '1370137' => 10,
          '1370019' => 1,
          '190011' => 1,
          '570057' => 1,
          '1130091' => 11,
          '1160116' => 17,
          '1140000' => 7858,
          '880016' => 14,
          '240024' => 1145,
          '910071' => 1,
          '880063' => 3,
          '900090' => 2736,
          '1190002' => 165,
          '270000' => 154,
          '140006' => 4,
          '260004' => 58108,
          '1210021' => 15,
          '210001' => 126,
          '920002' => 2851,
          '120001' => 2,
          '390016' => 1,
          '440024' => 1,
          '880067' => 31,
          '760076' => 114,
          '1490080' => 66,
          '940069' => 11671,
          '230005' => 27,
          '80001' => 12,
          '1440002' => 1,
          '300021' => 9,
          '160007' => 1,
          '1110007' => 2,
          '900068' => 10,
          '680022' => 9,
          '450021' => 6,
          '270027' => 19,
          '1150022' => 1,
          '880002' => 1,
          '1620069' => 71,
          '1670004' => 79,
          '540054' => 5,
          '880070' => 1,
          '1240025' => 1,
          '200001' => 3172,
          '150009' => 5,
          '980000' => 346,
          '530007' => 1,
          '210014' => 1,
          '510004' => 1,
          '1620020' => 66,
          '1590020' => 4,
          '910003' => 28,
          '680063' => 23,
          '730050' => 3,
          '1420025' => 167,
          '690003' => 28,
          '800048' => 3867,
          '1610064' => 1,
          '540025' => 1,
          '540048' => 2,
          '740010' => 1,
          '1400120' => 1,
          '210020' => 7,
          '280024' => 2,
          '1230001' => 520,
          '970000' => 3771,
          '760005' => 1,
          '440000' => 57497,
          '420002' => 1,
          '700000' => 221,
          '1670028' => 2,
          '1220005' => 143,
          '940000' => 13468,
          '450007' => 1,
          '1620045' => 8,
          '710051' => 1,
          '470002' => 4,
          '680020' => 1,
          '520025' => 1,
          '920003' => 16,
          '710017' => 1,
          '1600004' => 1,
          '410013' => 1,
          '660039' => 8,
          '650065' => 828,
          '460046' => 33,
          '990001' => 58,
          '1240002' => 3,
          '550004' => 1,
          '470022' => 247,
          '1420030' => 19,
          '630044' => 1,
          '1610143' => 25,
          '540005' => 1,
          '1160003' => 313,
          '1110000' => 19,
          '380038' => 3,
          '640018' => 3,
          '770003' => 11,
          '210002' => 917,
          '1410000' => 2,
          '700051' => 1,
          '650045' => 1,
          '230020' => 2,
          '900069' => 15,
          '1440072' => 1,
          '1140001' => 540,
          '730024' => 1,
          '1600045' => 4,
          '1130093' => 31,
          '700001' => 8,
          '1380021' => 73,
          '730000' => 70,
          '720006' => 4,
          '210016' => 2,
          '190016' => 22,
          '1630021' => 18,
          '1170003' => 125,
          '960003' => 435,
          '70001' => 5,
          '1670149' => 224,
          '80008' => 113576,
          '1650000' => 14,
          '140008' => 2,
          '470006' => 2,
          '1220122' => 522,
          '300002' => 1,
          '1420024' => 1,
          '1140025' => 1,
          '200019' => 9,
          '200000' => 3381,
          '230006' => 17,
          '940071' => 266,
          '1600018' => 3,
          '930006' => 2,
          '300025' => 1,
          '1670150' => 935,
          '90005' => 2,
          '210003' => 286,
          '740009' => 2,
          '40001' => 54873,
          '910067' => 3,
          '1310131' => 2,
          '940003' => 1159,
          '950000' => 12532,
          '620062' => 18,
          '1460080' => 4,
          '970075' => 177,
          '670067' => 274,
          '1600160' => 37,
          '980002' => 301,
          '460002' => 6,
          '980001' => 4,
          '1420142' => 629,
          '1430000' => 179,
          '660046' => 1,
          '290020' => 2,
          '40004' => 622,
          '230022' => 196,
          '770077' => 100,
          '710069' => 5,
          '1170023' => 4184,
          '740002' => 22,
          '650019' => 54,
          '1450055' => 125,
          '510003' => 1,
          '530053' => 5,
          '1160004' => 88,
          '790002' => 4,
          '1350018' => 5,
          '380006' => 1,
          '1150024' => 8,
          '60000' => 112536,
          '440004' => 58641,
          '870065' => 6,
          '670066' => 1,
          '320030' => 2,
          '650003' => 2,
          '910076' => 4,
          '900015' => 19,
          '1000003' => 6,
          '970001' => 2085,
          '130013' => 152,
          '890016' => 6,
          '1180025' => 3,
          '180004' => 57890,
          '880071' => 120,
          '490039' => 4,
          '700066' => 2,
          '710005' => 3,
          '1410019' => 2,
          '330033' => 15,
          '320009' => 3,
          '290004' => 1,
          '1480076' => 129,
          '120004' => 1,
          '760044' => 2,
          '730072' => 6,
          '330024' => 1,
          '1240124' => 24,
          '1190000' => 3358,
          '1000009' => 14,
          '220003' => 1855,
          '890069' => 1,
          '1630028' => 4,
          '1400028' => 20,
          '500019' => 1,
          '1390139' => 116672,
          '1670052' => 2,
          '1470080' => 143,
          '780008' => 2,
          '1120021' => 2,
          '470028' => 1,
          '210019' => 7,
          '1610001' => 35,
          '1190028' => 1,
          '730002' => 12,
          '690069' => 109,
          '480003' => 1,
          '260026' => 19,
          '700044' => 291,
          '900003' => 2,
          '740068' => 7,
          '420021' => 11,
          '1130014' => 14,
          '410019' => 3,
          '250006' => 4,
          '1150019' => 1,
          '260002' => 6,
          '750005' => 17,
          '1590019' => 72,
          '100006' => 2,
          '1460071' => 1,
          '160010' => 58632,
          '510051' => 48,
          '400018' => 2,
          '240002' => 109,
          '780003' => 2,
          '1160022' => 2,
          '500004' => 1,
          '400040' => 6,
          '1370018' => 240,
          '1120015' => 322,
          '430001' => 2,
          '280001' => 2,
          '760071' => 185,
          '1620003' => 24,
          '190009' => 1,
          '490022' => 1,
          '470024' => 2,
          '160009' => 1,
          '470020' => 5,
          '900070' => 4154,
          '920000' => 1074,
          '720068' => 1,
          '430015' => 2,
          '1490074' => 8,
          '140004' => 56617,
          '1240033' => 9,
          '1180002' => 17,
          '280020' => 4,
          '1210030' => 212,
          '1670001' => 2,
          '280018' => 1,
          '1010023' => 1,
          '890001' => 274,
          '910004' => 4,
          '220019' => 5,
          '430023' => 2,
          '320003' => 1,
          '760006' => 1,
          '640021' => 5,
          '660045' => 11,
          '700003' => 26,
          '420010' => 1,
          '790006' => 1,
          '930001' => 99,
          '900001' => 359,
          '460007' => 1,
          '1220002' => 1,
          '930004' => 6,
          '440013' => 2103,
          '1220021' => 3,
          '1200001' => 4,
          '670005' => 1,
          '100003' => 3,
          '230019' => 1,
          '1120018' => 240,
          '980004' => 54,
          '1660026' => 7,
          '1440070' => 11,
          '310000' => 1,
          '1220028' => 9,
          '1490048' => 31,
          '950078' => 11,
          '110002' => 2,
          '290029' => 7,
          '700064' => 3,
          '120010' => 1,
          '680003' => 59,
          '490020' => 1,
          '80006' => 3,
          '1670003' => 114,
          '440002' => 15,
          '100004' => 1,
          '550007' => 1,
          '220001' => 105,
          '1140026' => 1,
          '1360136' => 8,
          '90009' => 35,
          '710066' => 5,
          '890047' => 1,
          '940001' => 7157,
          '950094' => 2,
          '990000' => 5,
          '1170005' => 116,
          '200014' => 15860,
          '1000100' => 10,
          '920092' => 408,
          '1120022' => 10,
          '220015' => 2,
          '470001' => 3,
          '1670147' => 165,
          '440039' => 1,
          '650000' => 236,
          '610002' => 1,
          '710007' => 176,
          '1450048' => 1,
          '960081' => 2,
          '940077' => 215,
          '730004' => 10,
          '1220009' => 1,
          '640001' => 4,
          '240000' => 971,
          '360012' => 1,
          '1200024' => 5,
          '910018' => 4,
          '1650003' => 66,
          '450024' => 1,
          '910074' => 13,
          '740070' => 11,
          '170004' => 2,
          '330000' => 1,
          '730021' => 1,
          '650043' => 1,
          '200002' => 3589,
          '180014' => 2,
          '1200019' => 1,
          '480000' => 11,
          '970077' => 1,
          '660021' => 89,
          '480021' => 4,
          '410000' => 98,
          '1000007' => 12,
          '1440048' => 2,
          '270020' => 1,
          '1450080' => 178,
          '680000' => 131,
          '330015' => 1,
          '740000' => 43,
          '740047' => 1,
          '1160020' => 47,
          '420039' => 2,
          '690045' => 1,
          '1630023' => 4,
          '1430045' => 2,
          '710001' => 14,
          '1370000' => 7190,
          '280005' => 16,
          '790004' => 2,
          '210005' => 7,
          '70000' => 32,
          '1160093' => 170,
          '450001' => 3,
          '1150000' => 299,
          '170001' => 256,
          '660000' => 142,
          '1440004' => 5,
          '70006' => 2,
          '1190021' => 4,
          '930072' => 40,
          '450003' => 2,
          '1480070' => 1,
          '1670071' => 2,
          '1620001' => 1,
          '1380002' => 3,
          '1430003' => 12,
          '1220000' => 1198,
          '1610018' => 8,
          '230016' => 4,
          '1000000' => 28,
          '700006' => 1,
          '970003' => 3,
          '150000' => 231,
          '940094' => 58782,
          '1400001' => 32,
          '940020' => 11,
          '1420022' => 73,
          '1170117' => 836,
          '730055' => 20,
          '690067' => 3,
          '710043' => 1,
          '1150018' => 3,
          '1150099' => 4,
          '460003' => 52,
          '1460073' => 12,
          '250017' => 1,
          '950006' => 159,
          '1160043' => 1,
          '150012' => 5,
          '1180000' => 22,
          '220021' => 7,
          '1670008' => 3,
          '190003' => 10,
          '680050' => 1,
          '930016' => 1,
          '1250001' => 1,
          '780006' => 23,
          '500050' => 207,
          '1650068' => 1,
          '900067' => 2682,
          '340034' => 2,
          '1590063' => 1,
          '710064' => 1,
          '1600008' => 2,
          '650063' => 3,
          '400024' => 2,
          '320006' => 56111,
          '1400045' => 1,
          '220017' => 3,
          '210010' => 1,
          '1670045' => 1,
          '140002' => 3,
          '90004' => 2,
          '1480148' => 93,
          '310025' => 2103,
          '680065' => 3,
          '200015' => 18838,
          '110011' => 784,
          '1620041' => 127,
          '20002' => 3673,
          '520004' => 3,
          '50003' => 32,
          '1010000' => 2,
          '670001' => 8,
          '670003' => 12,
          '1390025' => 8,
          '1010021' => 1,
          '740007' => 37,
          '1430143' => 755,
          '1160027' => 463,
          '870000' => 36,
          '1670054' => 1062,
          '700024' => 1,
          '1630044' => 7,
          '1480048' => 139,
          '500000' => 16,
          '640003' => 2,
          '430020' => 2,
          '630007' => 1,
          '760001' => 3,
          '1140017' => 3,
          '150015' => 809,
          '780001' => 5,
          '1120000' => 475,
          '790008' => 1,
          '1670027' => 4,
          '460022' => 6,
          '1420021' => 2,
          '1620043' => 7,
          '660023' => 2,
          '160002' => 2,
          '1620000' => 18,
          '210006' => 3,
          '720070' => 20,
          '1440055' => 111,
          '1600000' => 14,
          '940070' => 1,
          '1380001' => 15,
          '260000' => 54887,
          '740074' => 123,
          '940068' => 116,
          '1640000' => 8,
          '800073' => 1,
          '150008' => 1,
          '510041' => 1,
          '390024' => 1,
          '1440006' => 1,
          '1600021' => 11,
          '490048' => 2,
          '250023' => 3,
          '1370023' => 18186,
          '1210028' => 3,
          '570048' => 5,
          '950095' => 6974,
          '1670072' => 812,
          '690004' => 23,
          '1380138' => 1,
          '700047' => 165,
          '80004' => 1,
          '250009' => 3,
          '480028' => 5,
          '660002' => 3,
          '630014' => 1,
          '1150021' => 2,
          '1380019' => 124,
          '270005' => 78,
          '480007' => 2,
          '450022' => 7,
          '130001' => 5,
          '250025' => 14387,
          '1040004' => 1,
          '1670015' => 1,
          '1220030' => 145,
          '1190005' => 5809,
          '1250025' => 1,
          '290001' => 3,
          '480048' => 217,
          '1190119' => 56971,
          '1670007' => 6,
          '700053' => 1,
          '870087' => 156,
          '930066' => 39,
          '1400023' => 130,
          '720004' => 122,
          '150010' => 3,
          '240014' => 2,
          '480019' => 2,
          '290000' => 2,
          '460043' => 1,
          '1430079' => 1,
          '230002' => 45,
          '320029' => 1,
          '450019' => 5,
          '480004' => 3,
          '250002' => 703,
          '430019' => 97,
          '540006' => 2,
          '1120096' => 1,
          '100005' => 4,
          '1390043' => 260,
          '1410003' => 63,
          '90000' => 5,
          '480022' => 2199,
          '770000' => 16,
          '1130017' => 12,
          '110009' => 3,
          '110000' => 763,
          '0' => 138297,
          '280022' => 14,
          '1230000' => 8,
          '710055' => 8,
          '1620022' => 138,
          '860046' => 2,
          '870045' => 5,
          '770006' => 13,
          '290007' => 1,
          '460006' => 1,
          '980006' => 5,
          '450004' => 3,
          '1220025' => 8,
          '60003' => 16,
          '890015' => 5,
          '240022' => 1,
          '990005' => 2,
          '1120016' => 502,
          '190000' => 13391,
          '1470005' => 1,
          '190015' => 590,
          '730005' => 2,
          '670039' => 4,
          '960001' => 4145,
          '1440143' => 1,
          '930027' => 1,
          '260007' => 5690,
          '1420000' => 28,
          '710003' => 15,
          '490021' => 1,
          '650008' => 2,
          '190013' => 12,
          '120002' => 1,
          '470000' => 6,
          '1670076' => 63,
          '720064' => 2,
          '960008' => 4,
          '780050' => 832,
          '1430017' => 1,
          '700068' => 2,
          '1390000' => 6587,
          '760048' => 14,
          '490004' => 5,
          '60006' => 61285,
          '910072' => 70,
          '930093' => 20110,
          '160014' => 2,
          '690065' => 1,
          '960080' => 2,
          '320021' => 2,
          '170003' => 4,
          '250021' => 2,
          '600060' => 4,
          '760073' => 9,
          '1490070' => 2,
          '1640066' => 216,
          '180001' => 511,
          '470003' => 2,
          '930018' => 3,
          '440003' => 1,
          '550055' => 173,
          '240005' => 89,
          '970050' => 1,
          '620001' => 3,
          '1010101' => 30,
          '1140003' => 1,
          '170013' => 18,
          '1150002' => 55,
          '1470022' => 1,
          '410041' => 792,
          '440019' => 9,
          '800024' => 53498,
          '1240024' => 2,
          '280004' => 4,
          '1130001' => 582,
          '1170006' => 140,
          '1450071' => 1,
          '210013' => 1,
          '1450070' => 178,
          '1640022' => 17,
          '1010002' => 1,
          '280019' => 1,
          '1630024' => 1,
          '1620068' => 10,
          '240001' => 52,
          '690006' => 1,
          '70003' => 9,
          '1360017' => 3,
          '550025' => 1,
          '400022' => 1,
          '1660166' => 1,
          '1190024' => 13,
          '1630002' => 116,
          '700013' => 1,
          '710071' => 421,
          '750010' => 100,
          '270024' => 1,
          '870067' => 5,
          '880066' => 2,
          '1000058' => 1,
          '730067' => 1,
          '1190007' => 60,
          '890066' => 719,
          '680066' => 14,
          '930070' => 99,
          '940076' => 15,
          '400010' => 56768,
          '1660005' => 1,
          '680060' => 3,
          '910020' => 1,
          '190010' => 1,
          '310002' => 2,
          '650021' => 2,
          '460023' => 7,
          '10000' => 187047,
          '1630000' => 22,
          '1190003' => 178,
          '750002' => 4,
          '430022' => 2,
          '450010' => 1,
          '690000' => 25,
          '1670146' => 129,
          '1010006' => 1,
          '1390002' => 13225,
          '1400025' => 5,
          '220006' => 18,
          '80002' => 3,
          '1610161' => 87,
          '440023' => 19,
          '430002' => 14,
          '1140095' => 1,
          '1670005' => 1046,
          '420001' => 35,
          '1240006' => 2,
          '120000' => 23,
          '1610000' => 41,
          '250015' => 1,
          '160004' => 2,
          '470005' => 2,
          '270001' => 1257,
          '340010' => 1,
          '740073' => 2,
          '1380039' => 1,
          '520052' => 2,
          '1200000' => 756,
          '1420042' => 1,
          '690002' => 2,
          '200010' => 1,
          '450002' => 87,
          '500022' => 1,
          '140007' => 5,
          '1440003' => 1,
          '1370001' => 2,
          '350001' => 1,
          '1480077' => 1,
          '210000' => 342,
          '250014' => 1,
          '1120094' => 1,
          '260005' => 2,
          '260025' => 6,
          '1390024' => 1,
          '390022' => 3,
          '880046' => 93,
          '1170001' => 218,
          '510007' => 1,
          '430043' => 31,
          '920001' => 456,
          '50004' => 14,
          '250008' => 17,
          '140001' => 3,
          '1400021' => 37,
          '230004' => 434,
          '950016' => 2,
          '410021' => 1,
          '1430019' => 2,
          '350035' => 2,
          '520022' => 1,
          '450045' => 11,
          '910000' => 257,
          '1590000' => 11,
          '1170021' => 222,
          '300014' => 56760,
          '1160002' => 161,
          '720002' => 135,
          '1600043' => 95,
          '310024' => 4,
          '650064' => 3,
          '680021' => 7,
          '240019' => 2,
          '630001' => 4,
          '1400140' => 161,
          '740051' => 1,
          '300027' => 2,
          '900071' => 203,
          '1000022' => 104,
          '1220011' => 2,
          '1350023' => 3,
          '740004' => 1,
          '1470072' => 201,
          '1670074' => 460,
          '360008' => 1,
          '1650022' => 1,
          '1000032' => 33,
          '100010' => 1321,
          '440001' => 14,
          '1620046' => 39,
          '460000' => 6,
          '620010' => 1,
          '740048' => 12,
          '1670025' => 1,
          '1450000' => 9,
          '1390021' => 15,
          '540004' => 1,
          '60002' => 26,
          '800004' => 2,
          '710047' => 1,
          '630031' => 2,
          '1420018' => 1,
          '880008' => 5,
          '1480004' => 1,
          '1500000' => 3,
          '740042' => 1,
          '910014' => 1,
          '640064' => 473,
          '480002' => 2,
          '470030' => 1,
          '200020' => 4379,
          '1130015' => 931,
          '780048' => 1,
          '150007' => 1,
          '90007' => 1,
          '30002' => 1693,
          '1520013' => 3,
          '920069' => 1,
          '1160017' => 8,
          '400020' => 4,
          '1000005' => 45,
          '750003' => 93,
          '320032' => 1,
          '170005' => 1,
          '1650006' => 4,
          '660018' => 1,
          '210015' => 24530,
          '700055' => 38,
          '60004' => 17,
          '1130113' => 880,
          '400009' => 1872,
          '390000' => 26,
          '270022' => 1,
          '190019' => 10462,
          '970008' => 10,
          '160012' => 5,
          '1590042' => 5,
          '240007' => 3,
          '1010022' => 1,
          '1620019' => 13,
          '220004' => 57826,
          '650001' => 2,
          '990004' => 12,
          '170008' => 2,
          '430017' => 1,
          '1360001' => 2,
          '940006' => 142,
          '960006' => 9,
          '1630039' => 3,
          '660064' => 5,
          '950001' => 23415,
          '960077' => 2,
          '1430024' => 2,
          '760000' => 13,
          '1260000' => 1,
          '1430005' => 8,
          '1610048' => 1,
          '890003' => 1,
          '1430042' => 1,
          '820002' => 1,
          '970074' => 6,
          '940073' => 276,
          '460025' => 3,
          '680005' => 1,
          '970055' => 1,
          '1140018' => 2,
          '160000' => 329,
          '330005' => 1,
          '690022' => 1,
          '880064' => 13,
          '880001' => 1,
          '430003' => 2,
          '910070' => 25,
          '870069' => 3,
          '940018' => 1,
          '530000' => 1,
          '1670144' => 179,
          '430025' => 6,
          '880048' => 1,
          '1670080' => 154,
          '1480075' => 1,
          '760070' => 4,
          '510048' => 1,
          '510050' => 116,
          '670021' => 5,
          '1670050' => 8,
          '1190022' => 1482,
          '760075' => 4,
          '710004' => 25,
          '680068' => 274,
          '670065' => 2,
          '1130092' => 68,
          '870064' => 2,
          '730007' => 14,
          '750000' => 60,
          '610000' => 1,
          '220013' => 1,
          '930068' => 1874,
          '660004' => 2,
          '340024' => 1,
          '880068' => 2,
          '720072' => 302,
          '930019' => 1,
          '1040003' => 2,
          '1670078' => 210,
          '180003' => 1187,
          '770070' => 2,
          '1610002' => 11,
          '910002' => 460,
          '120007' => 2,
          '10001' => 72083,
          '450000' => 32,
          '1400000' => 36,
          '1630046' => 13,
          '480020' => 8,
          '910091' => 250,
          '780002' => 14,
          '420022' => 5,
          '280002' => 11,
          '730003' => 18,
          '530006' => 3,
          '1120001' => 148,
          '890065' => 1,
          '660066' => 303,
          '1000001' => 4,
          '100009' => 2,
          '1670069' => 329,
          '1480071' => 3,
          '470027' => 97,
          '1670055' => 1037,
          '490000' => 8,
          '150001' => 1198,
          '1130013' => 56,
          '950072' => 1,
          '250005' => 4,
          '1210000' => 19,
          '410022' => 18,
          '1400051' => 1,
          '230013' => 2,
          '1110015' => 202,
          '520002' => 1,
          '1120020' => 3,
          '750070' => 1,
          '700005' => 5,
          '480043' => 1,
          '100000' => 54603,
          '1240027' => 4,
          '1660047' => 88,
          '260003' => 1264,
          '1120014' => 87,
          '80000' => 388,
          '160011' => 3,
          '950005' => 6077,
          '430000' => 55,
          '890000' => 301,
          '470021' => 2,
          '260001' => 283,
          '630063' => 82,
          '190004' => 334,
          '460027' => 193,
          '1610025' => 2,
          '1180003' => 4,
          '440014' => 1,
          '460026' => 2,
          '150014' => 11,
          '470023' => 7,
          '640002' => 1,
          '730010' => 2,
          '1460076' => 47,
          '1490149' => 289,
          '460008' => 1,
          '660019' => 6,
          '1220004' => 5,
          '220020' => 10,
          '1620067' => 854,
          '50000' => 164490,
          '640043' => 2,
          '1200007' => 150,
          '300030' => 37,
          '750075' => 50,
          '890009' => 4,
          '530030' => 1,
          '500021' => 1,
          '1220003' => 1,
          '670006' => 1,
          '540002' => 2,
          '1610019' => 628,
          '700002' => 165,
          '280023' => 3,
          '1180004' => 1,
          '730048' => 4,
          '720000' => 213,
          '960004' => 24,
          '340002' => 2,
          '1420047' => 1,
          '970027' => 2,
          '230021' => 9,
          '980003' => 996,
          '900025' => 69,
          '1600019' => 63,
          '470004' => 1,
          '740003' => 24,
          '300024' => 11,
          '950007' => 34,
          '370014' => 1,
          '1440028' => 1,
          '930005' => 13,
          '150004' => 220,
          '170009' => 2,
          '560000' => 213,
          '770002' => 6,
          '900000' => 3083,
          '140009' => 1,
          '80007' => 2,
          '1600066' => 1,
          '1400003' => 1,
          '50005' => 663,
          '30000' => 126666,
          '1670148' => 573,
          '140012' => 1,
          '1240000' => 3,
          '940072' => 1,
          '1140114' => 36843,
          '730027' => 1,
          '1170002' => 118,
          '710006' => 3,
          '1620144' => 8,
          '420025' => 2,
          '400000' => 227,
          '180015' => 275,
          '470019' => 2,
          '610013' => 1,
          '910016' => 16,
          '1240012' => 1,
          '190017' => 553,
          '940004' => 215,
          '710000' => 134,
          '710067' => 3,
          '1480080' => 74,
          '1670002' => 20,
          '260022' => 1,
          '1440139' => 11,
          '420019' => 20,
          '1630051' => 2,
          '1360021' => 2,
          '460019' => 1,
          '220016' => 2,
          '230023' => 5577,
          '950022' => 4,
          '730053' => 2,
          '790001' => 4,
          '390038' => 1,
          '730001' => 26,
          '200003' => 23,
          '920017' => 1,
          '170017' => 5864,
          '760003' => 4,
          '1270016' => 1,
          '1190001' => 4,
          '660022' => 21,
          '1000002' => 15,
          '70007' => 3062,
          '880072' => 1,
          '800000' => 279,
          '210004' => 57,
          '970002' => 6620,
          '700067' => 2,
          '1150001' => 263,
          '40003' => 386,
          '110001' => 2045,
          '1150095' => 17,
          '780000' => 53,
          '890089' => 672,
          '130000' => 15,
          '1170020' => 1,
          '170012' => 2,
          '890018' => 32,
          '470016' => 1,
          '1160019' => 3052,
          '1390022' => 11,
          '1650048' => 2,
          '410001' => 1,
          '970097' => 20,
          '1440005' => 1,
          '1640069' => 81,
          '920005' => 4,
          '1160005' => 2,
          '220002' => 135,
          '890068' => 123,
          '1470073' => 33,
          '60001' => 41082,
          '760072' => 1,
          '940016' => 13,
          '1040006' => 1,
          '730071' => 13,
          '550000' => 9,
          '1360048' => 13,
          '190001' => 1527,
          '1380003' => 5,
          '170015' => 10,
          '970007' => 1,
          '920020' => 1,
          '920071' => 5,
          '100007' => 1,
          '460020' => 2,
          '1590016' => 1,
          '1460070' => 1,
          '1160021' => 433,
          '440028' => 2,
          '610061' => 13,
          '1180001' => 43,
          '1670079' => 190,
          '1170022' => 3271,
          '960009' => 1,
          '190006' => 8,
          '1350022' => 1,
          '270021' => 3,
          '730041' => 1,
          '440044' => 28,
          '1500143' => 172,
          '1670051' => 3692,
          '1620002' => 8,
          '900018' => 42,
          '1150115' => 1238,
          '190002' => 1940,
          '460001' => 1,
          '1670070' => 3268,
          '160008' => 4,
          '410024' => 754,
          '460004' => 3,
          '1670029' => 1,
          '90006' => 2,
          '490002' => 2,
          '460030' => 1,
          '230007' => 161,
          '950003' => 194,
          '420020' => 2,
          '750072' => 1,
          '100002' => 57361,
          '250004' => 16,
          '780010' => 80,
          '50002' => 6980,
          '520003' => 1,
          '430033' => 1,
          '280015' => 1,
          '1170024' => 25,
          '790079' => 2024,
          '540007' => 1,
          '1400020' => 4,
          '1420023' => 19,
          '940067' => 35,
          '130007' => 2,
          '1480050' => 1,
          '30003' => 2910,
          '20001' => 61017,
          '1440000' => 28,
          '230015' => 4,
          '670002' => 4,
          '750006' => 9,
          '700022' => 331,
          '1400046' => 3,
          '900066' => 84,
          '1120112' => 1497,
          '1170101' => 1,
          '670004' => 26,
          '790007' => 1,
          '160016' => 1594,
          '430021' => 59,
          '1140016' => 1,
          '1200004' => 17,
          '680064' => 3,
          '1390027' => 2,
          '390025' => 1,
          '1420044' => 7,
          '1470000' => 6,
          '960002' => 1513,
          '500003' => 5,
          '1630003' => 75,
          '520007' => 1,
          '870066' => 20,
          '530028' => 2,
          '700004' => 96,
          '880013' => 1,
          '690001' => 4,
          '1360133' => 2,
          '1170004' => 142,
          '670019' => 11,
          '140014' => 55,
          '1460000' => 3,
          '560048' => 1,
          '450017' => 1,
          '680067' => 122,
          '1120019' => 7,
          '730051' => 1,
          '1650046' => 4,
          '1430046' => 10,
          '240021' => 4,
          '740001' => 3,
          '620008' => 2,
          '1390017' => 167,
          '610019' => 1,
          '760002' => 1,
          '240016' => 1,
          '1670068' => 10,
          '680002' => 126,
          '1010001' => 3,
          '220014' => 1,
          '1350008' => 2,
          '1160000' => 162,
          '640000' => 119,
          '280006' => 7,
          '1640048' => 56,
          '80005' => 2,
          '160003' => 7,
          '1180118' => 128,
          '220000' => 55117,
          '470047' => 18,
          '940078' => 11,
          '320005' => 1252,
          '970005' => 1,
          '780007' => 2,
          '150013' => 6,
          '1150003' => 11,
          '700048' => 2,
          '900002' => 3,
          '130002' => 1,
          '1400002' => 108,
          '1450073' => 93,
          '560024' => 53498,
          '530003' => 1,
          '450030' => 1,
          '1390020' => 1,
          '230000' => 754,
          '1370010' => 3,
          '70005' => 4,
          '1130019' => 283,
          '280028' => 839,
          '280000' => 45,
          '520048' => 1,
          '180000' => 57549,
          '1140020' => 1,
          '530004' => 1,
          '550053' => 1,
          '200005' => 17,
          '940002' => 651,
          '270004' => 246,
          '660001' => 5,
          '440021' => 3,
          '1640070' => 1,
          '1450076' => 1,
          '700065' => 3,
          '710002' => 3,
          '1130018' => 2947,
          '1620162' => 1,
          '150003' => 1,
          '480001' => 1,
          '440020' => 3,
          '1440073' => 31,
          '270003' => 1,
          '170002' => 23,
          '250020' => 2,
          '1620023' => 4,
          '240003' => 22,
          '680001' => 5,
          '210021' => 688,
          '930015' => 3,
          '1190101' => 3,
          '990099' => 17,
          '180017' => 9,
          '420027' => 4,
          '1670048' => 1752,
          '980098' => 595,
          '1130021' => 2,
          '670010' => 1
        };
236649815552
