write intervals: 
$VAR1 = {
          '6' => 1,
          '1' => 2689,
          '23' => 1,
          '2' => 140
        };
retention times: 
$VAR1 = {
          '620016' => 1,
          '380011' => 27,
          '770008' => 51,
          '910073' => 2,
          '520045' => 6,
          '820079' => 1,
          '1120075' => 10,
          '1250030' => 2,
          '160015' => 1,
          '720065' => 1,
          '1360000' => 3,
          '730073' => 6882,
          '1170069' => 178,
          '1160083' => 7,
          '500002' => 1,
          '1670167' => 1637,
          '1060106' => 2936,
          '560056' => 4425,
          '350014' => 1,
          '1170074' => 28,
          '60005' => 2,
          '170006' => 1,
          '910019' => 6,
          '1000070' => 143,
          '370008' => 1,
          '1140002' => 3,
          '620038' => 2,
          '780045' => 107,
          '430014' => 4,
          '240015' => 1,
          '950054' => 1,
          '1150043' => 1,
          '1100087' => 56,
          '910075' => 2,
          '300005' => 1,
          '910060' => 466,
          '120003' => 2,
          '840034' => 2,
          '1080052' => 183,
          '1030070' => 17,
          '750063' => 76,
          '750007' => 1,
          '620034' => 1,
          '830000' => 1,
          '740033' => 1,
          '1070107' => 2256,
          '700070' => 15684,
          '1100065' => 87,
          '340018' => 5,
          '1210086' => 86,
          '890071' => 229,
          '1520152' => 6746,
          '470043' => 1,
          '690066' => 1,
          '570055' => 1,
          '860056' => 244,
          '1360076' => 139,
          '1130002' => 2,
          '600046' => 122,
          '1250073' => 10,
          '490026' => 1,
          '880065' => 1,
          '1000077' => 87,
          '1360069' => 338,
          '1020043' => 4,
          '1070074' => 7,
          '1080048' => 1,
          '1020062' => 88,
          '760074' => 1,
          '850070' => 104,
          '600056' => 1,
          '1160088' => 5,
          '1160044' => 16,
          '560003' => 1,
          '1360029' => 56,
          '200004' => 1,
          '660058' => 1,
          '830066' => 160,
          '1360083' => 5,
          '1150042' => 1,
          '690011' => 1,
          '670064' => 1,
          '120008' => 2,
          '320000' => 1,
          '1060050' => 7,
          '580033' => 19,
          '800050' => 14,
          '440038' => 31,
          '160005' => 1,
          '1000088' => 9,
          '30001' => 2,
          '1160078' => 26,
          '420023' => 1,
          '1080068' => 52,
          '390002' => 2,
          '1090054' => 11,
          '1280128' => 56,
          '1360049' => 1,
          '820050' => 837,
          '890079' => 40,
          '1100076' => 1,
          '790040' => 1,
          '550036' => 1,
          '1180062' => 9,
          '730006' => 1,
          '540015' => 1,
          '1290129' => 30,
          '1170094' => 1,
          '1120050' => 88,
          '1080037' => 28,
          '670000' => 3,
          '900059' => 1,
          '840076' => 1,
          '930076' => 6,
          '1090064' => 24,
          '1080067' => 24,
          '610024' => 1,
          '1650165' => 1142,
          '670043' => 131,
          '130004' => 2,
          '1110003' => 3,
          '480039' => 140,
          '510049' => 1,
          '270002' => 1,
          '1030065' => 312,
          '1160053' => 89,
          '650029' => 102,
          '1120069' => 5,
          '550054' => 2,
          '1170081' => 2,
          '250022' => 1,
          '540000' => 1,
          '550024' => 1,
          '330012' => 2,
          '1090047' => 1,
          '1150110' => 1,
          '730037' => 1,
          '970065' => 6,
          '220007' => 1,
          '960096' => 4183,
          '1360097' => 11,
          '170016' => 1,
          '800079' => 1,
          '200017' => 1,
          '790000' => 1,
          '640063' => 1,
          '980096' => 1,
          '630016' => 1,
          '1120091' => 3,
          '820048' => 315,
          '1030043' => 12,
          '1170049' => 3,
          '880088' => 4099,
          '870063' => 1,
          '430004' => 2,
          '390014' => 69,
          '950093' => 1,
          '210009' => 1,
          '820013' => 24,
          '420042' => 9335,
          '1050105' => 5189,
          '500029' => 1,
          '1010041' => 156,
          '1150053' => 28,
          '400003' => 4,
          '900076' => 91,
          '1590159' => 9235,
          '1160064' => 1,
          '140000' => 2,
          '450042' => 1,
          '1160054' => 4,
          '230010' => 1,
          '370022' => 1,
          '700029' => 3,
          '1170053' => 8,
          '570051' => 78,
          '1000065' => 2,
          '880000' => 1,
          '910083' => 81,
          '630039' => 1,
          '1160001' => 2,
          '590029' => 1,
          '490049' => 5074,
          '290016' => 4,
          '310018' => 1,
          '330001' => 1,
          '460044' => 1,
          '920076' => 4,
          '1530153' => 5894,
          '810000' => 1,
          '460005' => 1,
          '770053' => 47,
          '1010070' => 52,
          '1360060' => 412,
          '620002' => 1,
          '1360057' => 119,
          '320022' => 1,
          '650037' => 3,
          '410005' => 1,
          '290026' => 1,
          '1630163' => 6352,
          '340027' => 315,
          '790076' => 1,
          '1100081' => 36,
          '820001' => 1,
          '1190004' => 1,
          '1010052' => 87,
          '1020076' => 1,
          '820082' => 8380,
          '630000' => 1,
          '530029' => 4,
          '1160036' => 73,
          '250003' => 1,
          '1150068' => 144,
          '840027' => 12,
          '420000' => 2,
          '1160103' => 5,
          '630002' => 2,
          '590056' => 1,
          '990062' => 1,
          '660063' => 48,
          '710048' => 1,
          '230018' => 1,
          '620046' => 1,
          '650015' => 1,
          '630006' => 1,
          '1110105' => 1,
          '780004' => 229,
          '800080' => 6523,
          '630049' => 17,
          '870044' => 1,
          '820074' => 3,
          '300023' => 5,
          '990003' => 2,
          '1230123' => 89,
          '290006' => 73,
          '300000' => 3,
          '1050005' => 1,
          '1090099' => 1,
          '1100048' => 1,
          '500014' => 83,
          '1360038' => 316,
          '1120077' => 4,
          '630004' => 1,
          '190005' => 2,
          '1070004' => 1,
          '620060' => 2,
          '220010' => 1,
          '850004' => 1,
          '590059' => 10081,
          '1120060' => 57,
          '790037' => 394,
          '570039' => 3,
          '920054' => 112,
          '1240031' => 10,
          '50001' => 2,
          '750073' => 3,
          '180002' => 2,
          '390039' => 2173,
          '710070' => 1,
          '470033' => 88,
          '780078' => 5600,
          '1070062' => 30,
          '800011' => 96,
          '170007' => 1,
          '620000' => 1,
          '1360074' => 584,
          '1260053' => 1,
          '960076' => 1,
          '1260064' => 1,
          '160013' => 3,
          '280009' => 1,
          '40002' => 2,
          '1140062' => 77,
          '1020064' => 177,
          '1130050' => 1,
          '1030072' => 6,
          '1170083' => 79,
          '600058' => 6,
          '1360095' => 43,
          '300017' => 3,
          '1070000' => 1,
          '220005' => 1,
          '1360084' => 243,
          '1440144' => 9310,
          '420034' => 1,
          '720005' => 1,
          '840019' => 117,
          '90002' => 1,
          '1010072' => 1,
          '240006' => 1,
          '700069' => 1,
          '120012' => 24124,
          '790041' => 1,
          '250000' => 3,
          '660065' => 1,
          '230008' => 21,
          '1080002' => 1,
          '950002' => 2,
          '390001' => 1,
          '1170072' => 87,
          '820044' => 1,
          '540033' => 1,
          '660003' => 4,
          '170014' => 1,
          '1360047' => 540,
          '1110111' => 1756,
          '580055' => 2,
          '1120079' => 2,
          '900056' => 19,
          '790055' => 18,
          '1110099' => 6,
          '1050046' => 1,
          '500005' => 2,
          '1010066' => 1,
          '300003' => 2,
          '1040005' => 1,
          '630060' => 1,
          '650058' => 165,
          '1010048' => 13,
          '400013' => 1,
          '1170092' => 1,
          '250001' => 1,
          '360036' => 3056,
          '1090066' => 6,
          '340000' => 2,
          '210017' => 1,
          '410031' => 2,
          '1290097' => 1,
          '1110093' => 16,
          '530001' => 1,
          '180018' => 20816,
          '220022' => 22004,
          '1010003' => 1,
          '850085' => 7352,
          '690037' => 1,
          '400026' => 1,
          '170000' => 2,
          '1120070' => 65,
          '930002' => 1,
          '720071' => 1,
          '700057' => 1,
          '1070073' => 13,
          '410028' => 1,
          '950056' => 26,
          '810066' => 217,
          '650049' => 571,
          '950074' => 224,
          '580056' => 2,
          '600011' => 10,
          '860085' => 1,
          '1030049' => 55,
          '200006' => 1,
          '1000075' => 8,
          '1000025' => 1,
          '850064' => 60,
          '560027' => 1,
          '1370137' => 10932,
          '640006' => 7,
          '570057' => 14358,
          '1140051' => 1,
          '800064' => 1,
          '830049' => 5,
          '1130091' => 1,
          '860069' => 73,
          '1160063' => 70,
          '670035' => 15,
          '1160116' => 2461,
          '360007' => 2,
          '560054' => 3,
          '1110100' => 61,
          '1160061' => 87,
          '1140000' => 1,
          '760035' => 1,
          '240024' => 16227,
          '1090052' => 76,
          '280011' => 1,
          '360034' => 2,
          '430026' => 1,
          '880060' => 1,
          '1150070' => 18,
          '1020074' => 88,
          '560001' => 2,
          '1160076' => 2,
          '320020' => 6,
          '900090' => 7494,
          '420004' => 3,
          '1270052' => 3,
          '310031' => 6195,
          '940090' => 1,
          '1110051' => 18,
          '650056' => 16,
          '270000' => 1,
          '140006' => 2,
          '930058' => 2,
          '200018' => 2,
          '590016' => 45,
          '1060045' => 4,
          '260004' => 2,
          '620044' => 51,
          '920002' => 1,
          '510006' => 7,
          '390016' => 1,
          '860027' => 74,
          '570024' => 81,
          '390009' => 2,
          '450028' => 13,
          '550040' => 1,
          '1360058' => 352,
          '1160056' => 14,
          '1090049' => 2,
          '380029' => 3,
          '760076' => 4918,
          '80001' => 1,
          '500023' => 153,
          '1170112' => 8,
          '620013' => 1,
          '650013' => 5,
          '250016' => 1,
          '270027' => 15704,
          '880002' => 1,
          '1030001' => 1,
          '540054' => 5521,
          '880070' => 88,
          '550028' => 88,
          '1030042' => 130,
          '980000' => 1,
          '800043' => 1,
          '740031' => 270,
          '810009' => 116,
          '960084' => 1,
          '600002' => 3,
          '270017' => 5,
          '870057' => 2,
          '590004' => 1,
          '1000041' => 12,
          '510004' => 2,
          '730050' => 1,
          '1120103' => 2,
          '1060073' => 5,
          '1160046' => 1,
          '430041' => 1,
          '500045' => 1,
          '540025' => 1,
          '800054' => 47,
          '1160090' => 80,
          '770022' => 76,
          '690064' => 3,
          '980069' => 30,
          '920052' => 7,
          '470040' => 1,
          '1010050' => 3,
          '1360051' => 269,
          '510034' => 116,
          '440000' => 1,
          '1110057' => 5,
          '420002' => 4,
          '550003' => 1,
          '700000' => 2,
          '640062' => 4,
          '410007' => 1,
          '760047' => 36,
          '1050059' => 89,
          '1130032' => 1,
          '390021' => 1,
          '740050' => 14,
          '1010076' => 70,
          '470002' => 4,
          '460039' => 7,
          '680020' => 3,
          '540051' => 2,
          '1150083' => 1,
          '850041' => 1,
          '1100050' => 55,
          '500012' => 3,
          '1070060' => 1,
          '650065' => 13433,
          '120005' => 1,
          '840063' => 640,
          '460046' => 10010,
          '810012' => 75,
          '370024' => 1,
          '1640164' => 3167,
          '1030051' => 4,
          '1060079' => 1,
          '1080084' => 1,
          '1030085' => 89,
          '1010060' => 65,
          '1090087' => 24,
          '1160003' => 1,
          '380038' => 5875,
          '480005' => 1,
          '380001' => 2,
          '1130055' => 76,
          '820063' => 16,
          '520000' => 1,
          '660030' => 7,
          '920010' => 473,
          '950049' => 1,
          '910063' => 71,
          '770003' => 2,
          '1170085' => 1,
          '210002' => 1,
          '850003' => 1,
          '1060003' => 3,
          '1150035' => 1,
          '690058' => 241,
          '1010016' => 1,
          '650045' => 162,
          '1130006' => 1,
          '230020' => 5,
          '750054' => 1,
          '700001' => 2,
          '730000' => 1,
          '210016' => 1,
          '990081' => 1,
          '620012' => 1,
          '1170003' => 1,
          '940092' => 1,
          '570008' => 1,
          '80008' => 23657,
          '1040070' => 144,
          '140008' => 5,
          '760065' => 1,
          '970088' => 141,
          '210018' => 1,
          '1020102' => 5848,
          '930060' => 880,
          '1170058' => 86,
          '910078' => 22,
          '230006' => 8,
          '1060066' => 30,
          '420036' => 7,
          '1070080' => 2,
          '1360064' => 614,
          '1360100' => 310,
          '300009' => 24,
          '1020077' => 2,
          '470046' => 2,
          '300025' => 88,
          '90005' => 2,
          '1110081' => 52,
          '210003' => 1,
          '560029' => 8,
          '520018' => 4,
          '40001' => 1,
          '910023' => 1,
          '890086' => 1,
          '800001' => 1,
          '620062' => 14733,
          '670042' => 1,
          '440034' => 23,
          '270013' => 1,
          '970075' => 1,
          '670067' => 13981,
          '1600160' => 5470,
          '980002' => 1,
          '1010046' => 238,
          '330014' => 1,
          '980001' => 1,
          '1020072' => 1,
          '460002' => 2,
          '1050095' => 88,
          '1420142' => 7717,
          '660046' => 417,
          '510009' => 29,
          '110005' => 314,
          '40004' => 19787,
          '770077' => 6663,
          '710069' => 2,
          '740002' => 1,
          '460042' => 1,
          '1570157' => 6395,
          '1000031' => 1,
          '1160004' => 1,
          '530053' => 5001,
          '790002' => 1,
          '250012' => 1,
          '860079' => 1,
          '1350018' => 1,
          '60000' => 1,
          '440004' => 1,
          '670066' => 1,
          '300008' => 171,
          '1540154' => 7375,
          '650003' => 2,
          '380016' => 6,
          '540045' => 202,
          '130013' => 21310,
          '270008' => 2,
          '890016' => 5,
          '180004' => 1,
          '1180056' => 6,
          '800069' => 21,
          '1100094' => 10,
          '700066' => 855,
          '330033' => 9526,
          '150005' => 1,
          '1060056' => 86,
          '1160059' => 3,
          '320028' => 208,
          '360005' => 1,
          '290004' => 1,
          '830083' => 5508,
          '1140058' => 1,
          '120004' => 1,
          '730072' => 1,
          '330024' => 65,
          '330019' => 1,
          '530050' => 1,
          '890069' => 3,
          '500019' => 2,
          '1390139' => 10477,
          '350000' => 1,
          '870055' => 1,
          '390030' => 1,
          '1030003' => 1,
          '770066' => 27,
          '200008' => 211,
          '1020088' => 33,
          '1090055' => 168,
          '1130057' => 1,
          '990050' => 1,
          '960048' => 91,
          '920060' => 208,
          '730002' => 1,
          '1120055' => 1,
          '690069' => 13882,
          '260026' => 18828,
          '480003' => 4,
          '900003' => 1,
          '1010068' => 4,
          '720021' => 43,
          '1500150' => 6553,
          '540003' => 4,
          '1160041' => 4,
          '1020065' => 22,
          '1150069' => 1,
          '380002' => 2,
          '100006' => 1,
          '410023' => 65,
          '510051' => 4165,
          '780003' => 3,
          '240002' => 1,
          '530005' => 1,
          '1160085' => 72,
          '1030090' => 1,
          '500004' => 2,
          '750034' => 7,
          '830056' => 682,
          '1170041' => 88,
          '370004' => 3,
          '1000046' => 33,
          '400040' => 3788,
          '1070067' => 73,
          '670024' => 1,
          '610028' => 5,
          '430001' => 2,
          '280001' => 1,
          '740060' => 1,
          '490022' => 1,
          '160009' => 146,
          '300016' => 51,
          '470020' => 90,
          '370028' => 2,
          '920000' => 1,
          '990067' => 40,
          '390028' => 77,
          '810081' => 5575,
          '140004' => 1,
          '1180002' => 1,
          '460028' => 60,
          '400029' => 7,
          '410009' => 1,
          '1360117' => 1,
          '350004' => 3,
          '1060047' => 1,
          '790063' => 1,
          '1010036' => 1,
          '1130079' => 46,
          '590007' => 26,
          '530041' => 4,
          '430023' => 88,
          '320003' => 5,
          '590006' => 36,
          '230014' => 1,
          '1110002' => 2,
          '840000' => 1,
          '620024' => 1,
          '1360063' => 104,
          '1160029' => 1,
          '240020' => 2,
          '760006' => 58,
          '1060105' => 1,
          '1100056' => 41,
          '670038' => 885,
          '1170090' => 7,
          '1130064' => 88,
          '930080' => 24,
          '960058' => 88,
          '1000024' => 2,
          '700003' => 1,
          '950092' => 1,
          '420010' => 1,
          '130012' => 2,
          '370015' => 2,
          '560006' => 93,
          '980083' => 1,
          '980048' => 15,
          '1090078' => 60,
          '580006' => 139,
          '1120046' => 1,
          '1070003' => 2,
          '130009' => 1,
          '1110074' => 2,
          '560009' => 1,
          '1080059' => 1,
          '640005' => 1,
          '1020001' => 2,
          '1070063' => 3,
          '450008' => 4,
          '480034' => 1,
          '390008' => 11,
          '100003' => 1,
          '560040' => 1,
          '580008' => 1,
          '370002' => 2,
          '1050066' => 1,
          '980076' => 5,
          '310000' => 1,
          '430012' => 1,
          '640016' => 3,
          '680059' => 3,
          '1030039' => 17,
          '1170067' => 89,
          '700064' => 20,
          '290029' => 8327,
          '860086' => 7304,
          '680003' => 3,
          '120010' => 2,
          '670018' => 3,
          '1000084' => 1,
          '1040077' => 23,
          '800045' => 1,
          '470045' => 1,
          '320016' => 821,
          '280026' => 1,
          '80006' => 2,
          '950071' => 88,
          '440002' => 2,
          '800003' => 2,
          '1130080' => 11,
          '1100002' => 4,
          '1000072' => 72,
          '1360081' => 16,
          '1360136' => 35709,
          '390004' => 3,
          '90009' => 20686,
          '1120098' => 14,
          '1100101' => 63,
          '740052' => 50,
          '1010053' => 1,
          '1170005' => 1,
          '1130070' => 1,
          '1000100' => 2483,
          '920092' => 5432,
          '1000079' => 82,
          '260024' => 1,
          '600000' => 1,
          '690053' => 25,
          '470001' => 2,
          '610002' => 7,
          '440039' => 1,
          '390012' => 1,
          '300010' => 1,
          '520012' => 1,
          '640001' => 3,
          '520029' => 84,
          '200013' => 1,
          '1080043' => 1,
          '240000' => 1,
          '280008' => 1,
          '1150088' => 2,
          '1030048' => 10,
          '1140004' => 2,
          '330031' => 1,
          '800035' => 3,
          '1110061' => 63,
          '910074' => 20,
          '900060' => 151,
          '1020084' => 24,
          '1160068' => 13,
          '790030' => 4,
          '170004' => 2,
          '660010' => 1,
          '1090101' => 16,
          '1280074' => 1,
          '330000' => 3,
          '1100080' => 137,
          '1360098' => 4,
          '640054' => 4,
          '1080108' => 6389,
          '590020' => 74,
          '1360053' => 573,
          '1170056' => 83,
          '410000' => 1,
          '980064' => 4,
          '270020' => 161,
          '310005' => 1,
          '830078' => 1,
          '680000' => 1,
          '520049' => 2,
          '740000' => 1,
          '610053' => 9,
          '650005' => 1,
          '1050002' => 4,
          '820008' => 1,
          '280005' => 1,
          '210005' => 1,
          '1100064' => 52,
          '1360033' => 166,
          '380004' => 1,
          '1010071' => 89,
          '450001' => 2,
          '480046' => 1,
          '810007' => 5,
          '1160111' => 25,
          '580000' => 1,
          '780023' => 1,
          '480027' => 1,
          '450003' => 1,
          '580042' => 15,
          '1040049' => 86,
          '320008' => 4,
          '230016' => 33,
          '1170060' => 1,
          '610060' => 4,
          '740062' => 1,
          '150000' => 1,
          '940094' => 5752,
          '1140065' => 1,
          '390019' => 89,
          '500006' => 740,
          '310020' => 1,
          '660057' => 1,
          '1170117' => 2215,
          '870020' => 61,
          '370006' => 51,
          '290024' => 1,
          '570002' => 2,
          '730055' => 1,
          '690067' => 2,
          '260009' => 1,
          '490044' => 1,
          '460003' => 1,
          '1360078' => 172,
          '560049' => 1,
          '1030077' => 64,
          '360028' => 1,
          '600026' => 139,
          '1080094' => 1,
          '450044' => 2,
          '1030045' => 1,
          '1040007' => 1,
          '1150074' => 177,
          '860028' => 1,
          '930022' => 61,
          '150012' => 2,
          '820011' => 1,
          '220021' => 1,
          '1150079' => 32,
          '570053' => 1,
          '710063' => 298,
          '880012' => 1,
          '560053' => 1,
          '690060' => 134,
          '1080050' => 1,
          '600044' => 1,
          '790078' => 1,
          '190003' => 1,
          '1090057' => 4,
          '1100110' => 1741,
          '1020067' => 1,
          '820029' => 16,
          '580032' => 309,
          '600052' => 1,
          '260014' => 1,
          '500050' => 4604,
          '1360092' => 86,
          '1030086' => 1,
          '1030056' => 21,
          '1030103' => 6753,
          '1110069' => 80,
          '1360066' => 4,
          '1360035' => 19,
          '1070057' => 88,
          '390026' => 1,
          '1040040' => 1,
          '340034' => 5503,
          '820066' => 367,
          '800077' => 1,
          '710064' => 10,
          '1360072' => 4,
          '860073' => 220,
          '500048' => 2,
          '1100054' => 1,
          '1320004' => 1,
          '700021' => 3,
          '650063' => 1,
          '1170043' => 1,
          '320006' => 1,
          '1360088' => 102,
          '1140088' => 1,
          '210010' => 1,
          '620059' => 2,
          '1130087' => 40,
          '1360077' => 430,
          '590040' => 1,
          '720063' => 1,
          '140002' => 1,
          '560018' => 1,
          '1480148' => 7177,
          '1120067' => 4,
          '240010' => 61,
          '110011' => 22087,
          '20002' => 23725,
          '660060' => 14,
          '520004' => 1,
          '400011' => 2,
          '50003' => 2,
          '1100079' => 2,
          '1010000' => 1,
          '670003' => 3,
          '820010' => 1,
          '740007' => 1,
          '1130095' => 1,
          '1430143' => 6545,
          '720003' => 1,
          '590054' => 1,
          '750012' => 4,
          '620011' => 2,
          '1130077' => 2,
          '1200003' => 1,
          '520051' => 2,
          '640003' => 5,
          '1130051' => 1,
          '150015' => 19531,
          '590009' => 19,
          '780001' => 2,
          '1120000' => 1,
          '830054' => 7,
          '550030' => 1,
          '770061' => 195,
          '880080' => 1,
          '1160062' => 9,
          '660023' => 4,
          '160002' => 2,
          '340028' => 127,
          '1120092' => 4,
          '210006' => 41,
          '610017' => 1,
          '720009' => 30,
          '1100068' => 88,
          '640056' => 950,
          '720052' => 1,
          '800058' => 1,
          '510022' => 1,
          '470013' => 1,
          '260000' => 2,
          '520027' => 1,
          '680053' => 1,
          '740074' => 5594,
          '500025' => 1,
          '1160067' => 158,
          '760007' => 3,
          '1090048' => 1,
          '980023' => 309,
          '510041' => 1,
          '1360096' => 383,
          '1170054' => 89,
          '800047' => 55,
          '1360068' => 348,
          '1030082' => 78,
          '250023' => 2,
          '890021' => 228,
          '570048' => 6,
          '1160047' => 15,
          '950095' => 6989,
          '1020090' => 8,
          '1380138' => 10851,
          '80004' => 1,
          '250009' => 1,
          '180006' => 309,
          '660002' => 3,
          '890063' => 414,
          '740023' => 2,
          '1060043' => 363,
          '270005' => 1,
          '1030066' => 7,
          '760061' => 2,
          '730038' => 2,
          '460035' => 6,
          '1360067' => 278,
          '130001' => 1,
          '1040004' => 1,
          '250025' => 20401,
          '540034' => 1,
          '1150086' => 1,
          '1030073' => 27,
          '290001' => 1,
          '480048' => 1418,
          '1190119' => 202,
          '690055' => 5,
          '490037' => 1,
          '1130056' => 88,
          '870087' => 7383,
          '720004' => 1,
          '810038' => 1,
          '150010' => 1,
          '370034' => 1,
          '1110073' => 12,
          '290000' => 1,
          '510024' => 5,
          '530044' => 56,
          '1180063' => 1,
          '820027' => 1,
          '1100001' => 1,
          '1030084' => 55,
          '880021' => 150,
          '250002' => 1,
          '480004' => 2,
          '430005' => 4,
          '960087' => 1,
          '370018' => 2,
          '900065' => 836,
          '590058' => 2,
          '1100082' => 366,
          '1120096' => 78,
          '100005' => 76,
          '1150060' => 158,
          '90000' => 1,
          '1170059' => 95,
          '970030' => 1,
          '770000' => 1,
          '1560156' => 9355,
          '110009' => 1,
          '960061' => 85,
          '110000' => 1,
          '0' => 231296,
          '280022' => 1,
          '710055' => 1,
          '1360041' => 265,
          '1150066' => 142,
          '290007' => 3,
          '740045' => 79,
          '1110070' => 1,
          '380013' => 134,
          '450004' => 2,
          '60003' => 1,
          '410002' => 3,
          '240022' => 1,
          '810072' => 491,
          '1150054' => 48,
          '790077' => 1,
          '990061' => 127,
          '640038' => 1,
          '980065' => 42,
          '1160052' => 7,
          '1360085' => 586,
          '750038' => 247,
          '260007' => 1,
          '1080036' => 1,
          '370000' => 2,
          '710003' => 2,
          '650008' => 204,
          '1120074' => 140,
          '1160082' => 79,
          '760018' => 1,
          '960075' => 88,
          '470000' => 1,
          '690038' => 5,
          '520047' => 1,
          '550001' => 1,
          '650048' => 193,
          '1000040' => 1,
          '230009' => 2,
          '750061' => 6,
          '580002' => 2,
          '1140068' => 4,
          '490004' => 1,
          '1360094' => 723,
          '60006' => 22202,
          '160014' => 1,
          '930093' => 2185,
          '630061' => 2,
          '960080' => 1,
          '690065' => 1,
          '690033' => 1,
          '580019' => 2,
          '670017' => 54,
          '600060' => 16434,
          '730060' => 59,
          '300013' => 1,
          '1130099' => 1,
          '380009' => 1,
          '430038' => 2,
          '360003' => 2,
          '470003' => 2,
          '900019' => 88,
          '1120061' => 30,
          '440003' => 2,
          '830075' => 223,
          '550055' => 9950,
          '660009' => 1,
          '240005' => 1,
          '1060062' => 53,
          '1010101' => 7632,
          '630048' => 1,
          '1150002' => 4,
          '1360054' => 332,
          '410041' => 6361,
          '1140052' => 4,
          '800006' => 201,
          '600038' => 1,
          '1360082' => 291,
          '1070068' => 38,
          '670056' => 13,
          '1100040' => 86,
          '1130001' => 1,
          '280004' => 38,
          '900058' => 3,
          '410015' => 1,
          '1010002' => 1,
          '810045' => 1,
          '640014' => 5,
          '380027' => 112,
          '860081' => 125,
          '500008' => 48,
          '680037' => 1,
          '300004' => 7,
          '1090037' => 53,
          '1360075' => 1006,
          '140010' => 1,
          '400022' => 146,
          '1660166' => 3352,
          '620020' => 3,
          '1120003' => 2,
          '490003' => 2,
          '540018' => 5,
          '780067' => 994,
          '530002' => 5,
          '710071' => 6554,
          '1030002' => 6,
          '750010' => 395,
          '950043' => 2,
          '1120080' => 81,
          '1110094' => 97,
          '1000058' => 1,
          '880066' => 11,
          '1000012' => 1,
          '850084' => 2,
          '680066' => 2,
          '540053' => 1,
          '320023' => 1,
          '1050051' => 89,
          '820009' => 1,
          '1150073' => 2,
          '430011' => 746,
          '1010098' => 88,
          '590053' => 407,
          '920088' => 64,
          '1030069' => 23,
          '1190003' => 4,
          '930050' => 89,
          '1110034' => 1,
          '610059' => 3,
          '750002' => 3,
          '420024' => 3,
          '1270051' => 85,
          '690000' => 2,
          '1010049' => 1,
          '340006' => 1,
          '980085' => 5,
          '1610161' => 5525,
          '440023' => 1,
          '880078' => 1,
          '1050006' => 1,
          '650057' => 1,
          '400006' => 1,
          '420001' => 1,
          '1000051' => 10,
          '120000' => 1,
          '160004' => 2,
          '470005' => 2,
          '1150056' => 100,
          '910056' => 159,
          '350008' => 1,
          '270001' => 1,
          '890053' => 1,
          '880076' => 1,
          '740073' => 1,
          '520052' => 4795,
          '1040001' => 1,
          '1130058' => 90,
          '920078' => 27,
          '690002' => 7,
          '450002' => 2,
          '510001' => 3,
          '1030050' => 8,
          '1360059' => 23,
          '1000047' => 1,
          '210000' => 1,
          '1120094' => 7,
          '1070061' => 1,
          '260005' => 2,
          '590002' => 1,
          '600003' => 3,
          '1160065' => 2,
          '1360056' => 150,
          '270016' => 1,
          '880046' => 63,
          '620014' => 2,
          '1040061' => 88,
          '400001' => 2,
          '1170001' => 2,
          '660059' => 886,
          '430043' => 6728,
          '50004' => 1,
          '1140059' => 1,
          '1110052' => 21,
          '140001' => 1,
          '1030041' => 1,
          '580005' => 1,
          '1170035' => 1,
          '350035' => 2013,
          '840084' => 5720,
          '1130074' => 24,
          '720012' => 3,
          '1020052' => 71,
          '1090086' => 1,
          '1020059' => 2,
          '1150084' => 1,
          '450045' => 2684,
          '640019' => 1,
          '290025' => 1,
          '300014' => 71,
          '350019' => 2,
          '830001' => 1,
          '730036' => 1,
          '1160002' => 2,
          '100008' => 2,
          '1210082' => 16,
          '720002' => 1,
          '440006' => 1,
          '410004' => 2,
          '650064' => 1,
          '790064' => 150,
          '810001' => 1,
          '750048' => 5,
          '980067' => 49,
          '330021' => 4,
          '310030' => 1,
          '630001' => 2,
          '1350135' => 1,
          '540020' => 343,
          '1400140' => 7024,
          '560012' => 1,
          '630038' => 378,
          '300027' => 1,
          '1110085' => 2,
          '860065' => 1,
          '300001' => 1,
          '1360044' => 43,
          '820003' => 3,
          '1360070' => 174,
          '640061' => 1,
          '550002' => 3,
          '960059' => 1,
          '100010' => 21458,
          '440001' => 3,
          '460000' => 1,
          '380037' => 1,
          '740048' => 628,
          '740025' => 1,
          '810070' => 42,
          '260011' => 2,
          '440016' => 40,
          '270007' => 1,
          '540004' => 1,
          '370037' => 4618,
          '710047' => 170,
          '850005' => 1,
          '990053' => 1,
          '640064' => 9330,
          '480002' => 3,
          '200020' => 21543,
          '780048' => 3,
          '460038' => 250,
          '150007' => 1,
          '590023' => 1,
          '90007' => 1,
          '30002' => 4,
          '840007' => 1,
          '1060094' => 1,
          '270010' => 62,
          '760054' => 347,
          '400020' => 1,
          '960089' => 1,
          '850062' => 343,
          '750003' => 1,
          '320032' => 12121,
          '1150004' => 1,
          '1020063' => 2,
          '1260052' => 1,
          '170005' => 1,
          '1080003' => 2,
          '580047' => 1,
          '620054' => 1,
          '780077' => 1,
          '60004' => 1,
          '670008' => 45,
          '590030' => 72,
          '1130113' => 1185,
          '870085' => 1,
          '550012' => 1,
          '1100075' => 20,
          '670036' => 2,
          '830034' => 1,
          '390000' => 1,
          '190019' => 19903,
          '600020' => 1,
          '570004' => 2,
          '490027' => 1,
          '370016' => 1,
          '1580158' => 5630,
          '1120058' => 1,
          '900080' => 463,
          '1010075' => 15,
          '220004' => 1,
          '1120026' => 1,
          '990055' => 1,
          '950001' => 1,
          '660064' => 1,
          '390037' => 2,
          '910037' => 1,
          '810048' => 6,
          '510017' => 1,
          '780054' => 615,
          '840043' => 1,
          '1510151' => 9808,
          '1020003' => 1,
          '1030064' => 270,
          '760000' => 1,
          '830040' => 746,
          '600057' => 1,
          '790038' => 1,
          '490016' => 32,
          '1070039' => 89,
          '840022' => 1,
          '1170095' => 5,
          '820002' => 3,
          '1170071' => 81,
          '750064' => 148,
          '1000078' => 211,
          '160000' => 1,
          '330005' => 2,
          '330025' => 1,
          '370003' => 1,
          '950086' => 1,
          '440033' => 67,
          '1450145' => 5464,
          '840053' => 1,
          '430003' => 2,
          '910070' => 8,
          '1550155' => 4888,
          '530000' => 1,
          '430025' => 1,
          '1140087' => 65,
          '450034' => 1,
          '970064' => 5,
          '1150078' => 1,
          '1050047' => 86,
          '310004' => 1,
          '510050' => 1,
          '810067' => 2,
          '860000' => 1,
          '620023' => 29,
          '860082' => 2,
          '350002' => 1,
          '870059' => 1,
          '680068' => 8292,
          '670065' => 2,
          '1290123' => 1,
          '1160060' => 6,
          '110003' => 2,
          '720040' => 1,
          '600027' => 13,
          '1010084' => 1,
          '1130082' => 89,
          '770063' => 226,
          '760068' => 1,
          '750000' => 2,
          '610000' => 2,
          '360035' => 1,
          '560002' => 3,
          '700056' => 1,
          '1040042' => 51,
          '830008' => 46,
          '660004' => 181,
          '690036' => 633,
          '970082' => 844,
          '1040003' => 3,
          '720072' => 7661,
          '340008' => 23,
          '930019' => 10,
          '930059' => 600,
          '200007' => 1,
          '1120076' => 88,
          '420003' => 1,
          '180003' => 1,
          '730056' => 292,
          '610029' => 1,
          '630029' => 2,
          '290017' => 1,
          '800065' => 2,
          '620045' => 1,
          '120007' => 1,
          '910002' => 2,
          '450000' => 3,
          '10001' => 19368,
          '1040055' => 1,
          '600013' => 1,
          '780002' => 1,
          '910091' => 5293,
          '420022' => 1,
          '440042' => 1,
          '730003' => 1,
          '530006' => 8,
          '1120001' => 2,
          '1030079' => 88,
          '660066' => 15339,
          '890065' => 1,
          '100009' => 2,
          '1120063' => 1,
          '350005' => 1,
          '470027' => 41,
          '1160086' => 1,
          '1110096' => 2,
          '1120084' => 30,
          '1360045' => 2,
          '1010043' => 1,
          '950072' => 5,
          '130005' => 1,
          '250005' => 2,
          '890058' => 4,
          '700023' => 42,
          '410022' => 1,
          '750037' => 64,
          '520002' => 2,
          '510016' => 94,
          '370025' => 202,
          '550021' => 10,
          '1200053' => 24,
          '1020039' => 44,
          '410039' => 1,
          '410011' => 1,
          '1040104' => 5712,
          '100000' => 1,
          '820065' => 418,
          '310011' => 1,
          '1100095' => 1,
          '1360086' => 622,
          '260003' => 1,
          '80000' => 1,
          '310014' => 7,
          '160011' => 1,
          '950005' => 1,
          '1170077' => 10,
          '620006' => 25,
          '1100072' => 3,
          '850060' => 2,
          '1080056' => 15,
          '630063' => 11630,
          '1360091' => 211,
          '790012' => 119,
          '870077' => 90,
          '950062' => 3,
          '790050' => 98,
          '1140089' => 89,
          '500027' => 1,
          '910005' => 1,
          '980047' => 1,
          '190004' => 1,
          '1080058' => 4,
          '1470147' => 9916,
          '590045' => 45,
          '1170038' => 88,
          '730049' => 102,
          '320004' => 2,
          '300011' => 1,
          '150014' => 2,
          '640002' => 4,
          '400023' => 1,
          '1490149' => 7767,
          '650055' => 1,
          '600001' => 1,
          '1090002' => 3,
          '1360050' => 404,
          '460008' => 3,
          '1070056' => 29,
          '810069' => 128,
          '220020' => 3,
          '1360062' => 209,
          '680038' => 24,
          '650062' => 1,
          '690063' => 89,
          '510028' => 1,
          '1180092' => 1,
          '1110075' => 6,
          '300030' => 8738,
          '520009' => 16,
          '750075' => 9572,
          '710028' => 9,
          '590003' => 5,
          '1070002' => 2,
          '1220003' => 1,
          '1320085' => 83,
          '1000081' => 1,
          '580046' => 88,
          '560019' => 51,
          '680056' => 29,
          '720060' => 25,
          '540002' => 1,
          '240011' => 1,
          '700002' => 3,
          '810052' => 1,
          '780009' => 7,
          '1110050' => 8,
          '1340066' => 1,
          '590017' => 85,
          '880019' => 5,
          '350010' => 1,
          '590055' => 1,
          '230021' => 1,
          '770042' => 1,
          '220011' => 1,
          '1020071' => 1,
          '1040084' => 2,
          '940025' => 24,
          '1120056' => 58,
          '980003' => 1,
          '1090067' => 33,
          '630045' => 1,
          '470004' => 1,
          '740003' => 2,
          '990002' => 1,
          '1030062' => 24,
          '1030053' => 1,
          '370014' => 7,
          '170009' => 160,
          '1100093' => 89,
          '140009' => 1,
          '340011' => 91,
          '80007' => 4,
          '430035' => 294,
          '540052' => 3,
          '290027' => 1,
          '30000' => 1,
          '50005' => 25856,
          '1170084' => 2,
          '580025' => 255,
          '140012' => 1,
          '940079' => 1,
          '1140114' => 855,
          '1170002' => 1,
          '710006' => 88,
          '1010011' => 18,
          '690057' => 1,
          '530052' => 1,
          '640012' => 1,
          '180005' => 1,
          '400000' => 1,
          '740027' => 101,
          '1130073' => 40,
          '850002' => 2,
          '460045' => 1,
          '1170057' => 1,
          '600059' => 5,
          '960053' => 1,
          '1100003' => 1,
          '830002' => 1,
          '1020046' => 79,
          '840081' => 1,
          '190017' => 3,
          '710000' => 1,
          '980082' => 172,
          '970066' => 7,
          '790054' => 61,
          '1360089' => 6,
          '1060002' => 2,
          '450039' => 547,
          '510002' => 2,
          '580058' => 9089,
          '1190077' => 1,
          '350026' => 4,
          '460019' => 145,
          '1190070' => 1,
          '610047' => 233,
          '690050' => 1,
          '230023' => 18161,
          '860003' => 1,
          '1150048' => 54,
          '340032' => 1,
          '1110089' => 43,
          '1170047' => 2,
          '840056' => 553,
          '380005' => 1,
          '790001' => 1,
          '990074' => 1,
          '390038' => 2,
          '540040' => 1,
          '670014' => 24,
          '200003' => 2,
          '730001' => 2,
          '630053' => 278,
          '1360071' => 691,
          '170017' => 21887,
          '850080' => 123,
          '110008' => 1,
          '860072' => 32,
          '560055' => 2,
          '330023' => 1,
          '660022' => 1,
          '830072' => 4,
          '1100037' => 1,
          '70007' => 21038,
          '310006' => 3,
          '1140055' => 44,
          '480047' => 2,
          '750052' => 21,
          '1360030' => 363,
          '970002' => 1,
          '730063' => 141,
          '700067' => 2,
          '540038' => 1,
          '1150001' => 2,
          '1160058' => 17,
          '40003' => 1,
          '1110062' => 82,
          '530051' => 1,
          '400007' => 54,
          '780000' => 1,
          '920066' => 89,
          '890089' => 4014,
          '130000' => 1,
          '1010088' => 48,
          '330003' => 1,
          '1030074' => 14,
          '510044' => 7,
          '970097' => 3923,
          '1040076' => 1,
          '930063' => 6,
          '860084' => 1,
          '420005' => 62,
          '990092' => 1,
          '1170052' => 21,
          '630027' => 1,
          '660014' => 9,
          '370005' => 1,
          '1150052' => 82,
          '1140031' => 1,
          '600025' => 1,
          '1100063' => 2,
          '1150050' => 88,
          '780065' => 4,
          '1360093' => 309,
          '660056' => 1,
          '1360048' => 264,
          '170015' => 1,
          '690068' => 1,
          '360033' => 1,
          '880082' => 2,
          '330008' => 4,
          '380003' => 2,
          '1160045' => 88,
          '750059' => 405,
          '920020' => 43,
          '100007' => 1,
          '940054' => 1,
          '850073' => 1,
          '740039' => 141,
          '930088' => 520,
          '700007' => 217,
          '790003' => 1,
          '1110071' => 1,
          '450005' => 1,
          '330020' => 22,
          '400038' => 1,
          '1030076' => 1,
          '460020' => 21,
          '690061' => 6,
          '530036' => 4,
          '370036' => 1,
          '1180001' => 1,
          '610061' => 7119,
          '510046' => 1,
          '800038' => 1,
          '1130085' => 88,
          '1160042' => 79,
          '1050035' => 88,
          '440044' => 4634,
          '1360055' => 398,
          '1080078' => 30,
          '1360073' => 46,
          '550016' => 1,
          '590005' => 1,
          '600012' => 1,
          '240013' => 2,
          '270023' => 1,
          '1150115' => 2517,
          '460001' => 1,
          '190002' => 2,
          '610004' => 1,
          '340020' => 80,
          '1360079' => 1,
          '820049' => 1,
          '250019' => 1,
          '950081' => 46,
          '750060' => 123,
          '400039' => 1,
          '460004' => 1,
          '840004' => 1,
          '1140066' => 27,
          '420040' => 1,
          '490002' => 4,
          '1100043' => 1,
          '230007' => 1,
          '410008' => 1,
          '310028' => 466,
          '1150059' => 73,
          '1110104' => 5,
          '1120002' => 2,
          '1130076' => 3,
          '520003' => 1,
          '870071' => 89,
          '430033' => 1,
          '520050' => 1,
          '500049' => 3,
          '990096' => 1,
          '950064' => 76,
          '460012' => 1,
          '1110055' => 1,
          '1080086' => 2,
          '1080062' => 59,
          '790079' => 7028,
          '540007' => 1,
          '1040002' => 2,
          '30003' => 23391,
          '20001' => 2,
          '1150057' => 1,
          '140005' => 2,
          '1410141' => 11220,
          '670002' => 1,
          '1140084' => 1,
          '660062' => 2,
          '1190053' => 9,
          '960056' => 63,
          '1010083' => 1,
          '900066' => 5,
          '1120112' => 1263,
          '1120065' => 164,
          '670004' => 2,
          '160016' => 25428,
          '830032' => 1,
          '680064' => 1,
          '1170065' => 7,
          '780013' => 9,
          '1110001' => 3,
          '1030068' => 6,
          '900011' => 1,
          '650051' => 335,
          '960002' => 2,
          '910052' => 88,
          '590008' => 94,
          '600053' => 13,
          '520007' => 4,
          '630008' => 34,
          '1050040' => 88,
          '1210121' => 88,
          '530028' => 1,
          '620058' => 2,
          '700004' => 2,
          '600006' => 1,
          '690001' => 1,
          '590057' => 3,
          '1360133' => 1,
          '1010059' => 49,
          '1040071' => 1,
          '540011' => 4,
          '140014' => 22911,
          '560048' => 1,
          '610003' => 5,
          '730051' => 1,
          '110010' => 1,
          '700010' => 1,
          '1170050' => 40,
          '1100067' => 84,
          '1000071' => 4,
          '820055' => 62,
          '420037' => 1,
          '930003' => 1,
          '800046' => 14,
          '800002' => 4,
          '760002' => 1,
          '1020080' => 7,
          '750055' => 6,
          '440005' => 1,
          '680002' => 2,
          '1160069' => 65,
          '1010001' => 2,
          '900063' => 140,
          '870080' => 453,
          '340005' => 4,
          '820060' => 120,
          '370020' => 1,
          '1160000' => 1,
          '640015' => 29,
          '1090059' => 48,
          '1170068' => 88,
          '280006' => 596,
          '1300001' => 1,
          '570000' => 1,
          '80005' => 2,
          '1100053' => 3,
          '1070076' => 150,
          '1110076' => 19,
          '930061' => 176,
          '890072' => 1,
          '670048' => 128,
          '1020078' => 1,
          '120011' => 2,
          '1180118' => 1586,
          '1110060' => 32,
          '1160066' => 31,
          '1360065' => 386,
          '580012' => 1,
          '470047' => 3723,
          '320005' => 16,
          '390005' => 1,
          '1180075' => 89,
          '610038' => 1,
          '1150003' => 2,
          '670045' => 333,
          '900002' => 2,
          '1010100' => 1,
          '530003' => 3,
          '1090069' => 1,
          '770038' => 1,
          '70005' => 2,
          '490023' => 1,
          '1120097' => 3,
          '360011' => 1,
          '690012' => 11,
          '860020' => 1,
          '1190086' => 54,
          '280028' => 6357,
          '1160084' => 9,
          '450025' => 1,
          '640053' => 158,
          '1360043' => 177,
          '280000' => 2,
          '1100042' => 3,
          '550053' => 3,
          '270004' => 1,
          '1140054' => 28,
          '430006' => 1,
          '660001' => 1,
          '1170086' => 88,
          '570049' => 1,
          '420031' => 1,
          '840079' => 1,
          '710002' => 3,
          '1030060' => 15,
          '580010' => 1,
          '290003' => 1,
          '1050003' => 3,
          '1360099' => 127,
          '1010065' => 1,
          '610052' => 55,
          '1000045' => 1,
          '1620162' => 6858,
          '480001' => 1,
          '1050001' => 1,
          '150003' => 1,
          '990076' => 32,
          '920025' => 2,
          '1360080' => 280,
          '170002' => 2,
          '1130037' => 1,
          '580031' => 5,
          '1100092' => 85,
          '650006' => 7,
          '840057' => 1,
          '1360052' => 302,
          '680001' => 1,
          '210021' => 20135,
          '500016' => 5,
          '990099' => 2366,
          '1160038' => 1,
          '1130060' => 2,
          '770067' => 219,
          '1460146' => 6352,
          '1060076' => 133,
          '1250074' => 71,
          '980098' => 5404,
          '1070043' => 1,
          '1030038' => 1,
          '1090109' => 4484
        };
write time: 
min max
0 22892457984
{
0,144593
1,31037
2,62536
3,126005
4,77833
5,39716
6,0
7+,2312770
};
