write intervals: 
$VAR1 = {
          '1' => 62628,
          '2' => 167
        };
retention times: 
$VAR1 = {
          '380011' => 1,
          '1060028' => 1,
          '730023' => 68,
          '1300017' => 630,
          '890004' => 204,
          '500002' => 2,
          '560056' => 94,
          '1420061' => 6,
          '640010' => 57,
          '830009' => 1,
          '60005' => 24,
          '1650004' => 65,
          '1470004' => 499,
          '780045' => 14,
          '430014' => 1,
          '430018' => 1,
          '650007' => 5,
          '240015' => 19,
          '1470070' => 2,
          '1510024' => 589,
          '1430067' => 121,
          '300005' => 15,
          '1090006' => 2,
          '280003' => 3,
          '1570003' => 1,
          '1430054' => 2,
          '120003' => 9,
          '1420068' => 1,
          '750007' => 1,
          '960000' => 3,
          '830000' => 10,
          '700070' => 370,
          '360026' => 2,
          '940009' => 2,
          '1520152' => 1,
          '490026' => 2,
          '1510007' => 1,
          '360002' => 22,
          '1140019' => 2,
          '1250012' => 39,
          '560003' => 3,
          '200004' => 28,
          '460014' => 1,
          '120008' => 19,
          '1600078' => 1,
          '320000' => 83,
          '800033' => 1,
          '730016' => 36,
          '720007' => 1,
          '920016' => 234,
          '530008' => 1,
          '690023' => 1,
          '1280128' => 2,
          '490017' => 1,
          '510000' => 207,
          '730006' => 2,
          '750001' => 2517,
          '480011' => 2,
          '340007' => 1,
          '1260003' => 23,
          '1660004' => 2,
          '1440069' => 1,
          '1330000' => 45,
          '1330003' => 1,
          '690015' => 11,
          '650029' => 1,
          '550054' => 5,
          '810039' => 13,
          '600033' => 4,
          '1260020' => 4,
          '1260126' => 194,
          '690005' => 44,
          '960096' => 5,
          '170016' => 9,
          '200017' => 1,
          '1430062' => 69,
          '640063' => 134,
          '1620008' => 6,
          '150011' => 3,
          '880088' => 1,
          '840003' => 81,
          '430004' => 6,
          '550031' => 5,
          '420042' => 106,
          '1110053' => 1,
          '480006' => 4,
          '1170000' => 42,
          '1370024' => 439,
          '1180037' => 9,
          '1670006' => 145,
          '140000' => 1416,
          '1100007' => 24,
          '1180036' => 8,
          '370022' => 1,
          '400028' => 2,
          '1430101' => 1,
          '230001' => 1,
          '590024' => 1,
          '310015' => 11,
          '1050024' => 28,
          '650024' => 124,
          '1260016' => 9,
          '1530153' => 3,
          '1430006' => 311,
          '460005' => 50,
          '1330012' => 31,
          '1530078' => 6,
          '410005' => 12,
          '1490017' => 3,
          '810017' => 2,
          '740012' => 4,
          '630000' => 296,
          '260012' => 10,
          '1470028' => 73,
          '40000' => 6007,
          '300015' => 4,
          '1430037' => 4,
          '280021' => 2,
          '240023' => 3,
          '630006' => 1,
          '190018' => 1,
          '1010012' => 4,
          '800080' => 4,
          '1490000' => 32,
          '970022' => 20,
          '1090020' => 27,
          '1450012' => 210,
          '330022' => 75,
          '860006' => 3,
          '290006' => 1,
          '230003' => 1,
          '300000' => 46,
          '880006' => 30,
          '1050005' => 11,
          '1100000' => 1009,
          '710031' => 1,
          '870009' => 1,
          '720024' => 3,
          '530020' => 11,
          '190005' => 3,
          '840008' => 25,
          '590059' => 26,
          '1020005' => 21,
          '520016' => 1,
          '930009' => 8,
          '250007' => 1,
          '50001' => 43,
          '390039' => 119,
          '1130036' => 36,
          '470033' => 1,
          '780078' => 63,
          '1180040' => 18,
          '760024' => 1,
          '190014' => 2,
          '620000' => 916,
          '650004' => 151,
          '1420012' => 27,
          '1610017' => 213,
          '180013' => 1,
          '1230013' => 21,
          '1440029' => 1,
          '1070000' => 1,
          '220005' => 18,
          '810023' => 10,
          '810047' => 11,
          '90002' => 344,
          '1370040' => 9,
          '320001' => 2,
          '120012' => 220,
          '250000' => 9873,
          '1670000' => 140,
          '1050017' => 8,
          '230008' => 3,
          '500040' => 9,
          '540033' => 1,
          '660003' => 3,
          '160001' => 24,
          '1130020' => 9,
          '70002' => 25,
          '360036' => 150,
          '250001' => 28,
          '210017' => 7,
          '340000' => 4687,
          '530001' => 2,
          '180018' => 162,
          '330004' => 100,
          '1310000' => 1,
          '620021' => 3,
          '1180054' => 4,
          '600030' => 1,
          '850085' => 1,
          '1570012' => 95,
          '170000' => 1512,
          '800016' => 142,
          '750042' => 1,
          '1190025' => 3,
          '810066' => 1,
          '820018' => 179,
          '1670075' => 7,
          '1130000' => 1003,
          '890025' => 8,
          '1370137' => 2,
          '640006' => 222,
          '570057' => 32,
          '490007' => 5,
          '1060008' => 4,
          '970015' => 494,
          '310001' => 24,
          '360007' => 1,
          '280011' => 1,
          '1470017' => 2,
          '730019' => 234,
          '900090' => 1,
          '420004' => 2432,
          '560011' => 1,
          '640028' => 11,
          '270000' => 2,
          '140006' => 3,
          '620004' => 7,
          '260004' => 5,
          '210001' => 5,
          '510006' => 2,
          '440024' => 1,
          '760076' => 12,
          '450020' => 1,
          '160007' => 2,
          '770044' => 14,
          '880009' => 10,
          '320013' => 1,
          '620013' => 1,
          '890013' => 35,
          '680022' => 1,
          '330026' => 1,
          '270027' => 22,
          '690018' => 5,
          '560008' => 3,
          '200001' => 17,
          '1450020' => 19,
          '600002' => 1,
          '1460005' => 1,
          '580004' => 131,
          '100001' => 379,
          '210014' => 1,
          '510004' => 179,
          '1420025' => 3,
          '1120004' => 1,
          '1570000' => 58,
          '770022' => 4,
          '770007' => 15,
          '1470063' => 6,
          '740024' => 3,
          '810003' => 98,
          '440000' => 191,
          '550003' => 116,
          '420002' => 148,
          '750028' => 5,
          '410007' => 65,
          '640030' => 3,
          '1180009' => 3,
          '1130032' => 70,
          '300026' => 1,
          '660037' => 1,
          '1450036' => 19,
          '1420066' => 20,
          '580016' => 5,
          '650065' => 409,
          '140011' => 8,
          '810012' => 2,
          '1500068' => 2,
          '1640164' => 3,
          '470022' => 944,
          '200009' => 4,
          '540005' => 3,
          '1110000' => 190,
          '480005' => 9,
          '380038' => 60,
          '840010' => 7,
          '540028' => 3,
          '380001' => 7,
          '520000' => 16,
          '640018' => 10,
          '1520000' => 12405,
          '770003' => 67,
          '1320055' => 275,
          '850003' => 3,
          '1440072' => 3,
          '700001' => 32,
          '720006' => 25,
          '340003' => 58,
          '720048' => 1,
          '890008' => 22,
          '1650007' => 2,
          '480016' => 3,
          '70001' => 56,
          '570008' => 4,
          '80008' => 704,
          '340012' => 28,
          '1650000' => 132,
          '210018' => 732,
          '1420024' => 22,
          '740019' => 14,
          '1510008' => 37,
          '200019' => 1,
          '570001' => 1,
          '200000' => 53,
          '1050021' => 286,
          '1600018' => 16,
          '1100004' => 10,
          '300009' => 17,
          '470046' => 1,
          '1610068' => 1,
          '90005' => 2,
          '1450027' => 2,
          '740009' => 7,
          '40001' => 52,
          '920007' => 21,
          '1060024' => 214,
          '710009' => 6,
          '460002' => 31,
          '710037' => 113,
          '40004' => 3912,
          '770077' => 6,
          '740002' => 9,
          '530053' => 9,
          '790002' => 213,
          '850008' => 13,
          '60000' => 255,
          '440004' => 8,
          '1130072' => 1,
          '240017' => 88,
          '1300009' => 35,
          '650003' => 4,
          '410016' => 27,
          '130013' => 341,
          '370013' => 1,
          '580037' => 1,
          '710016' => 6,
          '1470089' => 1,
          '890016' => 33,
          '180004' => 31,
          '920006' => 239,
          '1290065' => 5,
          '710005' => 2442,
          '150005' => 1,
          '780020' => 15,
          '1420045' => 5,
          '120004' => 44,
          '810002' => 1,
          '330019' => 3,
          '1190000' => 7565,
          '1440110' => 2,
          '890022' => 1,
          '350000' => 96,
          '290005' => 23,
          '1520034' => 3,
          '1320006' => 8,
          '1330056' => 1,
          '1270006' => 21,
          '1610001' => 266,
          '730002' => 3961,
          '690069' => 3,
          '430008' => 154,
          '940019' => 8,
          '510011' => 2,
          '330009' => 66,
          '1060012' => 11,
          '1470074' => 1,
          '1500150' => 1,
          '750005' => 22,
          '380002' => 2,
          '410010' => 1,
          '100006' => 3,
          '510051' => 19,
          '780003' => 32,
          '240002' => 1,
          '350009' => 1,
          '1080001' => 1,
          '530005' => 2,
          '130006' => 3,
          '500004' => 2150,
          '1430066' => 362,
          '1260048' => 8,
          '1450067' => 6,
          '400040' => 238,
          '1490072' => 2,
          '300019' => 1,
          '280001' => 2,
          '430001' => 21,
          '1130024' => 434,
          '190009' => 1,
          '370028' => 1,
          '610010' => 1,
          '390028' => 4,
          '1300000' => 242,
          '140004' => 31,
          '460031' => 1,
          '320019' => 2,
          '1670001' => 7,
          '280018' => 1,
          '360009' => 2,
          '370026' => 4,
          '1130007' => 641,
          '1130079' => 17,
          '520020' => 1,
          '260017' => 1,
          '620024' => 6,
          '660017' => 10,
          '640021' => 6,
          '370015' => 1,
          '1110006' => 4,
          '560006' => 8,
          '610007' => 2,
          '460007' => 12,
          '450008' => 45,
          '1210011' => 88,
          '970011' => 2,
          '1010009' => 9,
          '480009' => 2,
          '370002' => 1,
          '310000' => 356,
          '580021' => 7,
          '1440077' => 1,
          '1470066' => 16,
          '180008' => 4,
          '530019' => 1,
          '110002' => 31,
          '290029' => 22,
          '670018' => 1,
          '1610043' => 1,
          '1050011' => 2,
          '1330048' => 2,
          '1250075' => 1,
          '570011' => 1,
          '1440066' => 6,
          '600007' => 1,
          '800003' => 156,
          '540001' => 15,
          '1130080' => 26,
          '220001' => 35,
          '420008' => 281,
          '390004' => 6,
          '450016' => 1,
          '1120098' => 1,
          '540012' => 1,
          '920092' => 2,
          '260024' => 2,
          '650000' => 986,
          '520012' => 5,
          '1610024' => 190,
          '200013' => 3,
          '500017' => 20,
          '360012' => 1,
          '1450059' => 1,
          '1060031' => 9,
          '990011' => 1305,
          '170004' => 181,
          '330000' => 5921,
          '1050000' => 8649,
          '320026' => 1,
          '1510057' => 1,
          '1080108' => 1,
          '1600047' => 48,
          '430040' => 1,
          '110007' => 3,
          '480000' => 13,
          '310005' => 2,
          '470026' => 10,
          '540024' => 2,
          '1090008' => 22,
          '1370005' => 2,
          '680000' => 115,
          '580011' => 53,
          '640033' => 1,
          '330015' => 1,
          '1370007' => 9,
          '690045' => 1,
          '1580001' => 3,
          '1050002' => 9,
          '820008' => 4,
          '1240008' => 1,
          '1370000' => 59,
          '210005' => 3,
          '70000' => 626,
          '1150000' => 4,
          '1430014' => 5,
          '660000' => 7855,
          '810007' => 4,
          '1320017' => 2,
          '580000' => 2310,
          '70006' => 11,
          '350016' => 3,
          '450003' => 13,
          '1130029' => 839,
          '490011' => 3,
          '490012' => 1,
          '220009' => 1,
          '1220000' => 1,
          '1610018' => 139,
          '700006' => 7,
          '970003' => 20,
          '590011' => 1,
          '1290011' => 12,
          '150000' => 423,
          '1570013' => 2,
          '860004' => 38,
          '390019' => 2,
          '720023' => 2,
          '840058' => 2,
          '650017' => 1,
          '310020' => 1,
          '1290051' => 4,
          '1130049' => 372,
          '1500003' => 16,
          '1170117' => 5,
          '1130042' => 6,
          '290024' => 2,
          '300006' => 5,
          '570002' => 1,
          '1540007' => 8,
          '130010' => 1,
          '1450003' => 210,
          '860016' => 2,
          '1570004' => 225,
          '250017' => 2,
          '1230046' => 6,
          '710008' => 10,
          '820011' => 11,
          '220021' => 1,
          '820024' => 892,
          '630036' => 1,
          '1530006' => 44,
          '840011' => 857,
          '1100110' => 9,
          '930016' => 1,
          '1520007' => 6,
          '500050' => 109,
          '730031' => 45,
          '440010' => 48,
          '1090025' => 4,
          '1360072' => 1,
          '1230018' => 288,
          '1600008' => 34,
          '220017' => 1,
          '210010' => 1310,
          '1520023' => 17,
          '1420067' => 28,
          '1320099' => 66,
          '540008' => 156,
          '20002' => 1807,
          '520004' => 5,
          '780011' => 1,
          '1470044' => 2,
          '590000' => 51,
          '710020' => 8,
          '1430143' => 73,
          '460011' => 4,
          '520008' => 2,
          '720003' => 3,
          '780064' => 1,
          '1670054' => 22,
          '1630019' => 1,
          '410026' => 1,
          '1030024' => 503,
          '720015' => 10,
          '1540004' => 2,
          '1590003' => 10,
          '150015' => 191,
          '1450066' => 1,
          '1120000' => 6,
          '590033' => 1,
          '640029' => 21,
          '1670049' => 14,
          '460022' => 1,
          '1430022' => 9,
          '340028' => 5,
          '1620000' => 2,
          '210006' => 13,
          '570031' => 1,
          '400004' => 9,
          '1450011' => 14,
          '510015' => 1,
          '470013' => 75,
          '810024' => 41,
          '760007' => 1,
          '710012' => 1,
          '150008' => 6,
          '1620009' => 3,
          '250023' => 1,
          '570048' => 24,
          '1470029' => 337,
          '640047' => 3,
          '690004' => 266,
          '80004' => 98,
          '180006' => 1,
          '1470013' => 6,
          '740023' => 3,
          '240008' => 60,
          '480007' => 1,
          '130001' => 22,
          '250025' => 174,
          '200012' => 3,
          '480048' => 36,
          '1670007' => 7,
          '540022' => 23,
          '650025' => 16,
          '720004' => 9,
          '1430059' => 2,
          '1090007' => 2,
          '150010' => 1,
          '1470083' => 20,
          '620030' => 2,
          '850031' => 1,
          '290000' => 8147,
          '1190038' => 1,
          '360018' => 1,
          '230002' => 6,
          '450019' => 2,
          '1100001' => 1,
          '250002' => 1,
          '1130033' => 1,
          '1060025' => 7,
          '850053' => 1,
          '1430034' => 4,
          '1270004' => 13,
          '100005' => 7,
          '90000' => 1317,
          '770000' => 6021,
          '200016' => 1,
          '1230000' => 8826,
          '720014' => 1,
          '1540077' => 9,
          '550005' => 3,
          '1420013' => 2,
          '310009' => 32,
          '290007' => 1,
          '460006' => 1,
          '890015' => 11,
          '890012' => 144,
          '1020009' => 1,
          '810072' => 1473,
          '340022' => 1,
          '930025' => 62,
          '190000' => 2491,
          '730005' => 1,
          '960001' => 10,
          '640040' => 2,
          '1420000' => 6704,
          '650008' => 41,
          '660016' => 66,
          '120002' => 342,
          '420033' => 1,
          '1300004' => 21,
          '470000' => 12366,
          '1440063' => 3,
          '850007' => 96,
          '550017' => 4,
          '1530024' => 67,
          '240012' => 26,
          '550001' => 29,
          '440008' => 3,
          '960029' => 1,
          '1540025' => 2,
          '1270014' => 11,
          '1100008' => 152,
          '60006' => 768,
          '740011' => 1,
          '580019' => 3,
          '690033' => 114,
          '600060' => 9,
          '340033' => 97,
          '300013' => 1,
          '1130099' => 12,
          '380009' => 228,
          '360003' => 13,
          '180001' => 20,
          '930018' => 10,
          '500041' => 54,
          '580009' => 14,
          '1610007' => 87,
          '370009' => 21,
          '340017' => 16,
          '550055' => 103,
          '1290083' => 1,
          '1060096' => 1,
          '460013' => 26,
          '1010101' => 1,
          '1180012' => 11,
          '1140003' => 5,
          '920015' => 167,
          '410041' => 53,
          '440019' => 1,
          '800006' => 7,
          '560004' => 8,
          '1140008' => 4,
          '350024' => 1,
          '280004' => 57,
          '1530007' => 3,
          '700012' => 1,
          '1170008' => 150,
          '640014' => 48,
          '300004' => 1,
          '1460016' => 131,
          '1060000' => 132,
          '140010' => 1,
          '730020' => 12,
          '700058' => 1,
          '710071' => 612,
          '270024' => 1,
          '550022' => 2,
          '750010' => 5,
          '1430070' => 39,
          '730015' => 18,
          '1130075' => 17,
          '640009' => 252,
          '400010' => 2,
          '1660005' => 145,
          '480012' => 3,
          '590053' => 1,
          '10000' => 22207,
          '1630000' => 166,
          '750002' => 1117,
          '690000' => 115,
          '340006' => 1,
          '860011' => 6,
          '80002' => 45,
          '1050006' => 10,
          '1370063' => 10,
          '420001' => 245,
          '1370062' => 11,
          '250015' => 2,
          '860007' => 8,
          '160004' => 37,
          '470005' => 48,
          '1230035' => 1,
          '720008' => 4,
          '330011' => 1459,
          '880003' => 3,
          '140007' => 2,
          '860024' => 1,
          '350001' => 172,
          '1340008' => 175,
          '750020' => 1,
          '1610056' => 6,
          '1210022' => 8,
          '570021' => 7,
          '400001' => 3,
          '490035' => 1,
          '1340012' => 2,
          '780069' => 1,
          '50004' => 225,
          '250008' => 16,
          '690008' => 14,
          '360027' => 1,
          '350035' => 112,
          '410021' => 1,
          '910000' => 1,
          '450045' => 16,
          '710029' => 3,
          '380019' => 7,
          '100008' => 9,
          '1320051' => 3,
          '660013' => 8,
          '310024' => 502,
          '410004' => 384,
          '720034' => 1,
          '1520070' => 1,
          '740032' => 1,
          '630001' => 4,
          '1350135' => 2,
          '1050023' => 35,
          '300001' => 1,
          '740004' => 1,
          '1600003' => 5,
          '820003' => 145,
          '570010' => 11,
          '780005' => 15,
          '840009' => 1288,
          '550002' => 51,
          '440001' => 7,
          '1540000' => 516,
          '820025' => 26,
          '270007' => 1,
          '60002' => 8,
          '540004' => 2059,
          '710047' => 1,
          '1470020' => 3,
          '380000' => 2406,
          '620003' => 1,
          '1500000' => 26,
          '1220006' => 2,
          '450006' => 9,
          '200020' => 95,
          '480002' => 4,
          '780048' => 2,
          '150007' => 1,
          '90007' => 1,
          '840007' => 118,
          '1060018' => 18,
          '270010' => 1,
          '1000005' => 10,
          '1470069' => 1,
          '750003' => 8,
          '1420095' => 1,
          '320032' => 100,
          '170005' => 3,
          '1430010' => 30,
          '210015' => 1,
          '560021' => 1,
          '1130113' => 2839,
          '390000' => 291,
          '760050' => 1,
          '190019' => 147,
          '170011' => 4,
          '970008' => 8,
          '160012' => 5,
          '720037' => 1,
          '240007' => 145,
          '220004' => 24,
          '650001' => 15,
          '1030035' => 15,
          '810048' => 1,
          '1340001' => 1,
          '720066' => 1,
          '1430068' => 14,
          '1510151' => 22,
          '1060007' => 12,
          '490015' => 6,
          '760000' => 5995,
          '1530071' => 8,
          '960032' => 1,
          '490016' => 9,
          '1610048' => 6,
          '890003' => 1,
          '1430042' => 1,
          '820002' => 1,
          '710040' => 2,
          '580007' => 2,
          '680005' => 1,
          '1660008' => 28,
          '450012' => 1,
          '160000' => 248,
          '330005' => 8,
          '800009' => 1,
          '1260040' => 3,
          '330028' => 1,
          '430003' => 11,
          '1130026' => 1,
          '530000' => 48,
          '310004' => 4,
          '860000' => 837,
          '770015' => 1,
          '310010' => 12,
          '1510058' => 11,
          '790021' => 2,
          '350002' => 11,
          '680068' => 283,
          '580024' => 1011,
          '890024' => 126,
          '110003' => 20,
          '720040' => 15,
          '1490094' => 1,
          '1060009' => 547,
          '1600016' => 2,
          '610000' => 64,
          '220013' => 2,
          '830008' => 1,
          '340009' => 18,
          '660004' => 242,
          '1320000' => 303,
          '730018' => 32,
          '720072' => 954,
          '570019' => 7,
          '110006' => 5,
          '420003' => 1,
          '1080000' => 2,
          '500007' => 1,
          '510010' => 11,
          '440026' => 1,
          '120007' => 1,
          '1450001' => 54,
          '780002' => 180,
          '280002' => 1,
          '640004' => 3,
          '1580004' => 3,
          '350006' => 17,
          '620025' => 1,
          '1320009' => 30,
          '660066' => 79,
          '100009' => 55,
          '1250004' => 131,
          '1530075' => 2,
          '1320005' => 16,
          '1030006' => 117,
          '890048' => 4,
          '130005' => 23,
          '700023' => 1,
          '1110015' => 10,
          '520002' => 3,
          '1260008' => 105,
          '370025' => 1,
          '620019' => 1,
          '350021' => 1,
          '1530028' => 8,
          '1060017' => 5,
          '700005' => 6,
          '1040104' => 1,
          '500013' => 1,
          '1120107' => 1,
          '260003' => 2,
          '1300012' => 7,
          '1420054' => 12,
          '310014' => 1,
          '950005' => 10,
          '430000' => 21,
          '890000' => 103,
          '1330016' => 15,
          '410006' => 5,
          '500001' => 5,
          '1330055' => 6,
          '190004' => 20,
          '320004' => 23,
          '1460012' => 7,
          '150014' => 17,
          '1130025' => 5,
          '640002' => 12,
          '650055' => 2,
          '1530065' => 1,
          '970072' => 35,
          '1200072' => 3,
          '460008' => 193,
          '660019' => 923,
          '90003' => 12,
          '1450060' => 18,
          '380021' => 1,
          '50000' => 315,
          '610006' => 14,
          '280017' => 14,
          '640043' => 1,
          '560016' => 1,
          '720030' => 1,
          '890007' => 16,
          '950088' => 7,
          '190008' => 27,
          '670006' => 1,
          '580046' => 1,
          '1450008' => 20,
          '720010' => 6,
          '1180004' => 4,
          '1250125' => 6,
          '680040' => 1,
          '1530003' => 172,
          '720000' => 1283,
          '710052' => 1,
          '340002' => 2,
          '350010' => 3,
          '1580016' => 13,
          '320007' => 2,
          '1060021' => 3,
          '470004' => 231,
          '300024' => 1,
          '740003' => 105,
          '930005' => 5,
          '390011' => 1,
          '150004' => 20,
          '170009' => 2,
          '560000' => 10,
          '900000' => 1,
          '80007' => 7,
          '30000' => 15712,
          '850009' => 1,
          '710006' => 239,
          '1430030' => 201,
          '1320014' => 840,
          '180005' => 2,
          '530014' => 1,
          '740027' => 1,
          '1330007' => 2,
          '1240012' => 1,
          '1650008' => 238,
          '710038' => 86,
          '940004' => 1,
          '710000' => 11246,
          '1670002' => 10,
          '270009' => 1,
          '260022' => 2,
          '1530048' => 11,
          '680008' => 1,
          '1510065' => 1,
          '510002' => 25,
          '580058' => 702,
          '460019' => 1,
          '1020000' => 13,
          '980012' => 1,
          '890011' => 31,
          '220016' => 1,
          '380005' => 957,
          '340013' => 3,
          '790001' => 1,
          '730001' => 109,
          '760003' => 343,
          '1190001' => 1036,
          '330023' => 47,
          '1430055' => 56,
          '770011' => 1321,
          '740018' => 4,
          '180009' => 9,
          '240018' => 50,
          '570003' => 17,
          '40003' => 18,
          '1520008' => 40,
          '640017' => 560,
          '400007' => 11,
          '890089' => 9,
          '890018' => 13,
          '470016' => 162,
          '670012' => 1,
          '1570008' => 9,
          '410001' => 6,
          '970097' => 10,
          '330016' => 152,
          '1440005' => 1,
          '990017' => 13,
          '60001' => 38,
          '370005' => 2,
          '1430001' => 530,
          '490010' => 1,
          '170015' => 1,
          '1520010' => 2,
          '1460002' => 8,
          '750011' => 44,
          '1020008' => 133,
          '720013' => 1,
          '220008' => 151,
          '730040' => 8,
          '980008' => 4,
          '1470006' => 1,
          '610061' => 22,
          '1230045' => 1,
          '490019' => 3,
          '630035' => 1,
          '240013' => 14,
          '820014' => 1,
          '1390019' => 1,
          '250019' => 2,
          '160008' => 10,
          '410024' => 304,
          '250018' => 2,
          '550009' => 2,
          '90006' => 5,
          '490002' => 21,
          '1560015' => 10,
          '100002' => 24,
          '1250010' => 15,
          '500049' => 20,
          '1180026' => 2,
          '790079' => 1,
          '1070008' => 1,
          '1540001' => 96,
          '540007' => 20,
          '440011' => 1268,
          '1450063' => 2,
          '1300049' => 1,
          '510018' => 2,
          '20001' => 83,
          '1670046' => 1,
          '470009' => 258,
          '1410005' => 1,
          '1120065' => 1,
          '1230050' => 1,
          '160016' => 541,
          '290015' => 16,
          '400021' => 3,
          '880007' => 1,
          '680064' => 1,
          '1600006' => 401,
          '740020' => 25,
          '1470000' => 13384,
          '590008' => 1,
          '720016' => 5,
          '360004' => 11,
          '390007' => 1,
          '1210121' => 12,
          '1130010' => 70,
          '1600007' => 232,
          '770019' => 9,
          '1030010' => 2,
          '700004' => 26,
          '1510022' => 8,
          '690001' => 10,
          '380024' => 3,
          '140014' => 337,
          '1050013' => 19,
          '570009' => 9,
          '420007' => 1,
          '1430046' => 1,
          '620008' => 165,
          '440005' => 5,
          '1520001' => 9,
          '850000' => 54,
          '340005' => 7,
          '1160000' => 6,
          '1230010' => 8,
          '700015' => 1,
          '230017' => 4,
          '290010' => 1,
          '1670038' => 1,
          '890072' => 1,
          '840002' => 57,
          '220000' => 312,
          '1130071' => 53,
          '390005' => 5,
          '730012' => 23,
          '970005' => 2914,
          '870010' => 2,
          '920019' => 7,
          '700048' => 2,
          '130002' => 4,
          '250011' => 3,
          '580020' => 7,
          '660012' => 1002,
          '230000' => 20,
          '70005' => 6,
          '690012' => 30,
          '650011' => 281,
          '180000' => 121,
          '820072' => 133,
          '530004' => 380,
          '200005' => 3,
          '1370008' => 51,
          '1010019' => 1,
          '1440067' => 2,
          '660001' => 43,
          '440021' => 1,
          '780024' => 21,
          '1050003' => 7,
          '150003' => 1,
          '480001' => 2,
          '270003' => 6,
          '930014' => 1,
          '1210036' => 10,
          '1130037' => 21,
          '820006' => 3,
          '810006' => 74,
          '240003' => 16,
          '680001' => 10,
          '210021' => 117,
          '320025' => 1,
          '500016' => 17,
          '990099' => 5,
          '1290008' => 35,
          '180017' => 1,
          '820007' => 91,
          '170010' => 23,
          '1230004' => 332,
          '1130021' => 2,
          '260008' => 1,
          '930000' => 52,
          '470036' => 14,
          '1230011' => 1,
          '660008' => 35,
          '730073' => 17,
          '1360000' => 1,
          '90008' => 19,
          '860005' => 3,
          '1670167' => 550,
          '1060106' => 1,
          '1260062' => 6,
          '350014' => 2,
          '170006' => 99,
          '790024' => 458,
          '370008' => 5,
          '640035' => 1,
          '1170025' => 5,
          '360029' => 3,
          '970009' => 26,
          '490005' => 54,
          '1510041' => 2,
          '1100033' => 6,
          '1510014' => 1,
          '210011' => 17,
          '640023' => 31,
          '1250000' => 20,
          '1530010' => 976,
          '800005' => 2,
          '1420029' => 6,
          '970017' => 148,
          '550011' => 1326,
          '790025' => 1,
          '330006' => 2,
          '660041' => 17,
          '1180013' => 1173,
          '240004' => 38,
          '640008' => 3,
          '320024' => 5,
          '1130002' => 10,
          '500009' => 9,
          '800066' => 1,
          '830006' => 1,
          '1580005' => 176,
          '450011' => 3,
          '1510120' => 1,
          '690011' => 11,
          '930017' => 1,
          '690007' => 5,
          '750018' => 4,
          '970004' => 14,
          '160005' => 4,
          '620015' => 212,
          '1420037' => 10,
          '1200120' => 2,
          '30001' => 84,
          '990013' => 21,
          '390002' => 12,
          '1050098' => 1,
          '750021' => 14,
          '1600013' => 3,
          '70004' => 31,
          '680004' => 26,
          '670016' => 1,
          '1290129' => 226,
          '260006' => 3,
          '580003' => 20,
          '540010' => 21,
          '670000' => 31,
          '220012' => 50,
          '650020' => 4,
          '1530009' => 144,
          '1030022' => 8,
          '180016' => 1,
          '1530023' => 145,
          '1000028' => 1,
          '130004' => 55,
          '1540048' => 3,
          '1420010' => 52,
          '840012' => 1,
          '540000' => 1004,
          '550024' => 535,
          '330012' => 227,
          '710013' => 55,
          '680007' => 1,
          '460021' => 12,
          '1260045' => 2,
          '1150016' => 2,
          '570022' => 6,
          '440022' => 1,
          '380018' => 1,
          '1670016' => 36,
          '600004' => 6,
          '790000' => 155,
          '1180021' => 1331,
          '630016' => 1,
          '820048' => 25,
          '840006' => 101,
          '420009' => 339,
          '810005' => 5,
          '1670014' => 7,
          '80003' => 7,
          '820013' => 12,
          '840013' => 19,
          '880010' => 66,
          '1320132' => 1,
          '500029' => 35,
          '140003' => 242,
          '690016' => 32,
          '1600042' => 3,
          '1490005' => 8,
          '330017' => 11,
          '230010' => 1,
          '570047' => 38,
          '530017' => 3,
          '200011' => 11,
          '880000' => 213,
          '1290046' => 1,
          '1340015' => 6,
          '820016' => 8,
          '490049' => 23,
          '310018' => 1,
          '330001' => 5,
          '740022' => 1,
          '810000' => 425,
          '620002' => 1,
          '1610004' => 43,
          '820001' => 3,
          '820082' => 66,
          '1290016' => 32,
          '150002' => 1,
          '250003' => 21,
          '1420064' => 16,
          '1420008' => 379,
          '420000' => 1049,
          '670020' => 2,
          '1540009' => 111,
          '630002' => 1,
          '1220024' => 1,
          '1450024' => 49,
          '890014' => 53,
          '770005' => 1,
          '770001' => 2141,
          '330032' => 49,
          '1450064' => 1,
          '710048' => 2,
          '230018' => 2,
          '650015' => 51,
          '780004' => 17,
          '1130016' => 206,
          '370029' => 1,
          '1100011' => 1158,
          '1230123' => 2,
          '1470034' => 2,
          '180011' => 4,
          '720001' => 51,
          '1580000' => 713,
          '1290056' => 2,
          '680033' => 41,
          '850004' => 190,
          '1160018' => 4,
          '180002' => 1,
          '920018' => 1,
          '1340000' => 677,
          '1430065' => 672,
          '490024' => 4,
          '710070' => 3,
          '960005' => 2,
          '1630017' => 137,
          '1470003' => 671,
          '1620018' => 1,
          '400008' => 9,
          '410018' => 1,
          '720067' => 1,
          '170007' => 159,
          '1650005' => 23,
          '360000' => 4,
          '160013' => 5,
          '940005' => 1,
          '40002' => 54,
          '280009' => 1,
          '1020010' => 6,
          '700054' => 1,
          '930024' => 1,
          '1060001' => 23,
          '610012' => 2,
          '1440031' => 1,
          '720020' => 1,
          '920014' => 97,
          '750009' => 63,
          '1440144' => 115,
          '720005' => 2,
          '650040' => 24,
          '1530052' => 1,
          '730008' => 32,
          '390001' => 1,
          '340001' => 2762,
          '170014' => 15,
          '1110111' => 1,
          '250024' => 61,
          '1140009' => 7,
          '20000' => 1494,
          '460024' => 1,
          '1530072' => 1455,
          '500005' => 21,
          '1130104' => 3,
          '1530004' => 156,
          '540013' => 1,
          '1090004' => 3,
          '750004' => 1535,
          '220022' => 589,
          '1660000' => 15,
          '350003' => 3,
          '1130027' => 6,
          '1130008' => 101,
          '1540072' => 421,
          '410028' => 1,
          '920004' => 12,
          '190011' => 9,
          '1370019' => 31,
          '960036' => 1,
          '240024' => 991,
          '1140000' => 711,
          '560001' => 1,
          '310031' => 40,
          '610016' => 1,
          '200018' => 1,
          '1450016' => 1,
          '1530064' => 1,
          '930033' => 1,
          '120001' => 45,
          '390016' => 6,
          '390009' => 2,
          '1530079' => 3,
          '380029' => 1,
          '80001' => 42,
          '400005' => 14,
          '310008' => 1,
          '1440002' => 1,
          '1570005' => 18,
          '590001' => 1,
          '1530119' => 13,
          '250016' => 32,
          '1030001' => 1,
          '1670004' => 1,
          '540054' => 338,
          '640055' => 3,
          '1510005' => 1,
          '710021' => 1006,
          '1080021' => 1,
          '980000' => 2,
          '710058' => 1,
          '340023' => 2,
          '530007' => 1,
          '860008' => 152,
          '690003' => 40,
          '1300008' => 4,
          '920024' => 1,
          '1320098' => 1,
          '1100005' => 239,
          '740010' => 2,
          '1050027' => 10,
          '210020' => 594,
          '1300130' => 9,
          '280024' => 1,
          '1590006' => 1,
          '1320019' => 31,
          '970000' => 12063,
          '1530095' => 3,
          '380008' => 147,
          '700000' => 219,
          '640062' => 2,
          '740065' => 1,
          '940000' => 18,
          '1470021' => 26,
          '470002' => 10,
          '400002' => 2,
          '970063' => 2,
          '290008' => 12,
          '660015' => 6,
          '920003' => 57,
          '710017' => 1004,
          '500012' => 24,
          '120005' => 4,
          '150006' => 4,
          '460046' => 34,
          '1370029' => 1,
          '550004' => 53,
          '1420016' => 36,
          '920010' => 34,
          '610049' => 1,
          '210002' => 2,
          '770028' => 2,
          '660005' => 1,
          '950048' => 1,
          '1410000' => 12,
          '210007' => 237,
          '1030026' => 2,
          '1290000' => 97,
          '730000' => 3311,
          '1520002' => 14,
          '190016' => 1,
          '950008' => 5,
          '140008' => 147,
          '470006' => 22,
          '300002' => 1,
          '230006' => 3,
          '970020' => 46,
          '1540002' => 65,
          '730009' => 141,
          '210003' => 5,
          '700016' => 23,
          '1470024' => 34,
          '1030019' => 2,
          '1180015' => 145,
          '950000' => 508,
          '620062' => 53,
          '1310008' => 1,
          '270013' => 2,
          '420006' => 1,
          '670067' => 60,
          '830058' => 1,
          '1600160' => 156,
          '1420142' => 2,
          '1430000' => 8546,
          '290020' => 1,
          '510009' => 1,
          '110005' => 23,
          '980016' => 7,
          '650019' => 44,
          '250012' => 18,
          '1540005' => 2,
          '860002' => 227,
          '1530040' => 421,
          '300008' => 153,
          '1540154' => 4,
          '1050048' => 23,
          '860001' => 3,
          '820005' => 61,
          '540026' => 1,
          '1490091' => 1,
          '270008' => 1,
          '970013' => 42,
          '1180025' => 20,
          '790015' => 105,
          '970018' => 50,
          '1650012' => 8,
          '330033' => 4221,
          '1540011' => 356,
          '320009' => 1,
          '360005' => 5,
          '290004' => 371,
          '830083' => 1,
          '660011' => 1351,
          '490008' => 1,
          '330024' => 61,
          '110004' => 63,
          '1130038' => 62,
          '220003' => 1,
          '730064' => 23,
          '1150028' => 2,
          '1060033' => 5,
          '200008' => 9,
          '780008' => 125,
          '810015' => 1,
          '1340011' => 197,
          '1270127' => 24,
          '1270009' => 167,
          '650010' => 2,
          '1040008' => 1,
          '260026' => 110,
          '660033' => 1,
          '480003' => 4,
          '1130040' => 8,
          '1230005' => 1201,
          '1430096' => 1,
          '250006' => 2,
          '720021' => 49,
          '540003' => 687,
          '260002' => 35,
          '160010' => 7,
          '570006' => 13,
          '1110016' => 1,
          '650027' => 1,
          '490025' => 2,
          '370004' => 142,
          '1510033' => 2,
          '750024' => 1,
          '160009' => 3,
          '470024' => 1,
          '300016' => 6,
          '630019' => 1,
          '920000' => 8865,
          '810081' => 38,
          '1530032' => 11,
          '350004' => 4,
          '880004' => 41,
          '1200048' => 1,
          '1430028' => 3,
          '500026' => 1,
          '440012' => 1,
          '320003' => 1,
          '380036' => 2,
          '840000' => 5889,
          '1500005' => 178,
          '1470055' => 13,
          '240020' => 1,
          '1340004' => 13,
          '700003' => 2,
          '130012' => 52,
          '820017' => 2,
          '930001' => 2,
          '900001' => 11,
          '970073' => 64,
          '930004' => 155,
          '440013' => 5,
          '130009' => 3,
          '1530000' => 705,
          '390008' => 1,
          '100003' => 8,
          '1420032' => 6,
          '980004' => 2,
          '560040' => 1,
          '580008' => 32,
          '1090017' => 23,
          '1430069' => 19,
          '1130004' => 12,
          '640016' => 2,
          '880022' => 1,
          '1260005' => 169,
          '1670035' => 3,
          '860086' => 4,
          '1030000' => 135,
          '770013' => 5,
          '1210004' => 167,
          '320016' => 2,
          '80006' => 10,
          '760004' => 19,
          '440002' => 36,
          '100004' => 34,
          '1440015' => 1,
          '540021' => 2,
          '1260007' => 13,
          '90009' => 3641,
          '990000' => 187,
          '1260125' => 1,
          '1520009' => 9,
          '200014' => 1,
          '850001' => 21,
          '1330058' => 2,
          '220015' => 16,
          '600000' => 2,
          '470001' => 69,
          '370021' => 1,
          '390012' => 3,
          '710007' => 232,
          '730004' => 266,
          '1300002' => 10,
          '1330008' => 132,
          '640001' => 2,
          '240000' => 2226,
          '710014' => 4,
          '280008' => 1,
          '1200024' => 2,
          '240009' => 2,
          '970016' => 4,
          '450024' => 1,
          '440009' => 3,
          '370011' => 2,
          '350029' => 2,
          '1330024' => 41,
          '730021' => 24,
          '640011' => 12,
          '1580008' => 2,
          '200002' => 2,
          '640054' => 10,
          '540017' => 3,
          '410000' => 140,
          '1610003' => 357,
          '1670010' => 15,
          '1650011' => 372,
          '740000' => 3223,
          '1610032' => 4,
          '710001' => 46,
          '790004' => 13,
          '280005' => 1,
          '380004' => 1639,
          '450001' => 6,
          '930038' => 1,
          '170001' => 58,
          '770004' => 292,
          '1260032' => 1,
          '510013' => 3,
          '930008' => 39,
          '1530076' => 42,
          '830033' => 1,
          '840018' => 213,
          '320008' => 6,
          '1490067' => 1,
          '1530050' => 10,
          '1000000' => 966,
          '350020' => 1,
          '460009' => 2,
          '1230039' => 3,
          '1430089' => 1,
          '740062' => 1,
          '870011' => 5,
          '1190026' => 5,
          '1450002' => 145,
          '500006' => 8,
          '1670023' => 6,
          '1290035' => 17,
          '260009' => 2,
          '460003' => 12,
          '550015' => 1,
          '490001' => 6,
          '1600031' => 4,
          '280016' => 1,
          '1530027' => 32,
          '330002' => 12,
          '150012' => 1,
          '930022' => 1,
          '1180000' => 7550,
          '1670008' => 10,
          '1060014' => 2,
          '400016' => 6,
          '1600143' => 2,
          '190003' => 6,
          '280013' => 1,
          '510014' => 3,
          '1410011' => 10,
          '1030103' => 42,
          '340034' => 742,
          '680014' => 10,
          '1430064' => 25,
          '1610008' => 4219,
          '320006' => 2,
          '400024' => 1,
          '610005' => 1,
          '380022' => 1,
          '130008' => 159,
          '1440001' => 2590,
          '780044' => 3,
          '870018' => 10,
          '140002' => 2,
          '90004' => 68,
          '1420019' => 1538,
          '550008' => 24,
          '680036' => 1,
          '520001' => 1,
          '760008' => 12,
          '240010' => 2,
          '110011' => 3533,
          '190007' => 1,
          '1300033' => 1,
          '1320056' => 1,
          '50003' => 12,
          '670001' => 11,
          '670003' => 2,
          '1010000' => 6,
          '1270000' => 138,
          '870000' => 228,
          '620011' => 1,
          '290018' => 228,
          '700024' => 2,
          '510027' => 1,
          '500000' => 1764,
          '640003' => 34,
          '710025' => 215,
          '410014' => 1,
          '760001' => 2291,
          '780001' => 1178,
          '560007' => 2,
          '840005' => 10,
          '620009' => 3,
          '160002' => 7,
          '520024' => 2,
          '680006' => 3,
          '1600000' => 64,
          '1430110' => 5,
          '720009' => 5,
          '260000' => 121,
          '510022' => 3,
          '540029' => 1,
          '740074' => 20,
          '680053' => 6,
          '500025' => 708,
          '1350014' => 8,
          '1640000' => 1,
          '700040' => 1,
          '810064' => 8,
          '1180042' => 3,
          '310007' => 47,
          '860018' => 1,
          '1130028' => 6,
          '830063' => 1,
          '560010' => 3,
          '420017' => 2,
          '470014' => 85,
          '1210028' => 24,
          '950095' => 5,
          '300029' => 1,
          '370010' => 1,
          '600005' => 2,
          '660002' => 468,
          '880011' => 1153,
          '640057' => 2,
          '1610077' => 4,
          '650014' => 19,
          '270005' => 2,
          '1670013' => 31,
          '1130046' => 1,
          '610015' => 1,
          '290001' => 2,
          '480010' => 1,
          '1580013' => 12,
          '870087' => 1,
          '1670161' => 10,
          '1540003' => 21,
          '240014' => 413,
          '1130031' => 28,
          '1430079' => 1,
          '480004' => 10,
          '820000' => 635,
          '430005' => 6,
          '540006' => 3,
          '1610014' => 16,
          '370018' => 7,
          '1260109' => 3,
          '310017' => 160,
          '650034' => 1,
          '910006' => 1,
          '110009' => 1,
          '110000' => 8828,
          '0' => 24040,
          '1540010' => 128,
          '380013' => 8,
          '810016' => 13,
          '450004' => 284,
          '60003' => 7,
          '1020006' => 1,
          '240022' => 1,
          '990005' => 12,
          '1120016' => 1,
          '680011' => 2,
          '870005' => 1,
          '1280010' => 10,
          '1470005' => 1298,
          '1080036' => 1,
          '1540024' => 446,
          '580022' => 12,
          '370000' => 1087,
          '570017' => 1,
          '750041' => 2,
          '710003' => 11,
          '1130003' => 1208,
          '760018' => 6,
          '1510096' => 24,
          '1090000' => 47,
          '1600009' => 28,
          '650048' => 2,
          '700008' => 148,
          '890005' => 2,
          '580002' => 1,
          '570012' => 3,
          '1430017' => 76,
          '490004' => 312,
          '160014' => 2,
          '780072' => 1,
          '170003' => 7,
          '250021' => 2,
          '320002' => 4,
          '470003' => 57,
          '440003' => 103,
          '660009' => 5,
          '240005' => 41,
          '210012' => 4,
          '620001' => 3,
          '750017' => 18,
          '170013' => 11,
          '1150002' => 4,
          '1030021' => 8,
          '1130001' => 1,
          '230011' => 3,
          '210013' => 5,
          '1270024' => 406,
          '280010' => 1,
          '240001' => 4,
          '1630009' => 98,
          '500008' => 18,
          '70003' => 49,
          '1290023' => 13,
          '400022' => 1,
          '1460033' => 1,
          '1630002' => 2,
          '490003' => 15,
          '700013' => 2,
          '1600023' => 2,
          '530002' => 18,
          '1490024' => 1,
          '1120080' => 1,
          '1320054' => 16,
          '1170016' => 1,
          '680066' => 1,
          '820009' => 6,
          '1530035' => 12,
          '310002' => 1,
          '570036' => 2,
          '690014' => 9,
          '450010' => 4,
          '1440018' => 1,
          '1610161' => 3,
          '430002' => 9,
          '270026' => 1,
          '130003' => 5,
          '660020' => 27,
          '1670005' => 6,
          '400006' => 1,
          '120000' => 464,
          '1610000' => 5874,
          '790072' => 1,
          '810008' => 20,
          '350008' => 2,
          '270001' => 3,
          '480036' => 1,
          '340010' => 481,
          '520052' => 3,
          '470011' => 2,
          '340029' => 7,
          '420026' => 1,
          '640049' => 17,
          '710024' => 4,
          '200010' => 3,
          '500022' => 1,
          '1300007' => 23,
          '760009' => 1,
          '650023' => 14,
          '510001' => 19,
          '1320011' => 1178,
          '850012' => 2,
          '1230002' => 16,
          '210000' => 7318,
          '730026' => 8,
          '250014' => 17,
          '260005' => 4,
          '1510004' => 12,
          '1150037' => 1,
          '310012' => 2,
          '430043' => 4,
          '140001' => 31,
          '710050' => 57,
          '230004' => 7,
          '720017' => 31,
          '580005' => 2,
          '990016' => 6,
          '840084' => 1,
          '810004' => 247,
          '720012' => 2,
          '920021' => 2,
          '1180008' => 269,
          '1290019' => 3,
          '1170036' => 30,
          '450009' => 8,
          '1520005' => 2929,
          '1540017' => 3,
          '720002' => 1,
          '1430020' => 10,
          '440006' => 24,
          '240019' => 26,
          '320012' => 8,
          '720035' => 1,
          '540020' => 12,
          '1570006' => 1,
          '390029' => 4,
          '1330040' => 1,
          '610045' => 1,
          '140013' => 4,
          '360008' => 3,
          '100010' => 1285,
          '1420015' => 13,
          '630028' => 3,
          '470018' => 375,
          '460000' => 763,
          '630012' => 1,
          '260011' => 1,
          '1450000' => 89,
          '370037' => 43,
          '800004' => 1,
          '1050008' => 1467,
          '630031' => 1,
          '580017' => 29,
          '880008' => 146,
          '510005' => 622,
          '910014' => 1,
          '990072' => 1,
          '640064' => 3974,
          '530012' => 2,
          '470030' => 3,
          '1130015' => 2,
          '1670134' => 5,
          '730022' => 130,
          '30002' => 1115,
          '1210008' => 1128,
          '1500007' => 1,
          '1370011' => 8,
          '1430016' => 22,
          '1160017' => 6,
          '540016' => 2,
          '790013' => 2,
          '360025' => 1,
          '680032' => 2,
          '1660001' => 1,
          '870006' => 1,
          '1420005' => 3,
          '60004' => 23,
          '1370056' => 1,
          '670008' => 3,
          '400009' => 1,
          '270022' => 1,
          '570004' => 288,
          '850025' => 1,
          '1530016' => 17,
          '1580158' => 1,
          '90001' => 70,
          '1090012' => 2,
          '170008' => 79,
          '410032' => 1,
          '550019' => 3,
          '520005' => 141,
          '940012' => 11,
          '1430072' => 21,
          '910037' => 1,
          '510017' => 136,
          '890010' => 2,
          '1430024' => 672,
          '1260000' => 136,
          '460015' => 1,
          '1430008' => 8,
          '1330052' => 8,
          '1600017' => 7,
          '1530002' => 114,
          '640007' => 8,
          '1580006' => 191,
          '550020' => 1,
          '480024' => 4,
          '370003' => 282,
          '960024' => 2,
          '1250008' => 15,
          '1510025' => 20,
          '1100017' => 5,
          '460017' => 1,
          '1070072' => 1,
          '610008' => 3,
          '940008' => 149,
          '920013' => 15,
          '1190022' => 62,
          '760075' => 1,
          '710004' => 1,
          '730017' => 1,
          '720047' => 4,
          '730007' => 34,
          '750000' => 15922,
          '560002' => 4,
          '1180005' => 1431,
          '610025' => 1,
          '340008' => 6,
          '340024' => 178,
          '290013' => 1,
          '200007' => 2,
          '1090005' => 1,
          '1290003' => 1,
          '630029' => 1,
          '620005' => 4,
          '1470050' => 1,
          '1230076' => 2,
          '620045' => 1,
          '1430058' => 1,
          '10001' => 10216,
          '450000' => 1297,
          '130011' => 2,
          '1410008' => 1,
          '770068' => 1,
          '910091' => 1,
          '420022' => 1,
          '900004' => 4,
          '730003' => 3,
          '530006' => 19,
          '940013' => 1,
          '1490068' => 1,
          '1520060' => 1,
          '350005' => 5,
          '1610009' => 1247,
          '710046' => 52,
          '490000' => 67,
          '160006' => 17,
          '150001' => 16,
          '1050019' => 15,
          '1210000' => 245,
          '1290012' => 1,
          '680062' => 1,
          '550021' => 20,
          '430009' => 65,
          '660034' => 1,
          '1490004' => 161,
          '100000' => 714,
          '420012' => 1,
          '1630033' => 1,
          '1520065' => 11,
          '80000' => 334,
          '160011' => 3,
          '620006' => 7,
          '410029' => 2,
          '1100072' => 1,
          '550014' => 1,
          '1420078' => 10,
          '1510087' => 4,
          '550048' => 3,
          '260001' => 10,
          '630063' => 105,
          '460027' => 1,
          '300011' => 19,
          '1430029' => 6,
          '470023' => 1,
          '1530067' => 1,
          '400023' => 1,
          '1510000' => 157,
          '1490149' => 2,
          '1430011' => 2407,
          '1220004' => 5,
          '280025' => 14,
          '650062' => 1,
          '1040000' => 1,
          '300030' => 55,
          '770020' => 1,
          '810080' => 2,
          '650009' => 2,
          '750075' => 11,
          '480008' => 9,
          '1430093' => 2,
          '500021' => 1,
          '590003' => 1,
          '770031' => 12,
          '560019' => 3,
          '680031' => 1,
          '1610019' => 181,
          '540002' => 1,
          '240011' => 39,
          '1130096' => 10,
          '700002' => 2,
          '290012' => 88,
          '580014' => 5,
          '230021' => 1,
          '220011' => 2355,
          '1420065' => 62,
          '940025' => 96,
          '1370064' => 8,
          '510008' => 5,
          '670025' => 8,
          '990002' => 12,
          '1610010' => 25,
          '1470002' => 29,
          '1270036' => 1,
          '770002' => 491,
          '1130035' => 27,
          '140009' => 3,
          '1540031' => 1,
          '360022' => 1,
          '1050010' => 1,
          '290027' => 1,
          '50005' => 527,
          '140012' => 4,
          '470007' => 3,
          '730027' => 46,
          '970076' => 1,
          '740040' => 5,
          '400000' => 84,
          '1120102' => 1,
          '1450028' => 14,
          '180015' => 2,
          '850002' => 1,
          '950019' => 9,
          '1450032' => 1,
          '1340018' => 1,
          '250013' => 2,
          '1540096' => 51,
          '190017' => 1,
          '1280072' => 1,
          '640032' => 1,
          '1150006' => 15,
          '580001' => 1,
          '380017' => 3,
          '230023' => 121,
          '640060' => 2,
          '860003' => 1,
          '740008' => 5,
          '710015' => 1,
          '1430013' => 114,
          '210008' => 7,
          '200003' => 2,
          '920017' => 841,
          '170017' => 1491,
          '1180024' => 5,
          '110008' => 370,
          '1360005' => 1,
          '70007' => 1414,
          '1470065' => 9,
          '310006' => 13,
          '820004' => 167,
          '800000' => 173,
          '210004' => 251,
          '110001' => 84,
          '270012' => 3,
          '130000' => 180,
          '780000' => 1722,
          '330003' => 9,
          '500018' => 1,
          '680015' => 10,
          '830017' => 8,
          '630017' => 2,
          '370001' => 2,
          '420005' => 4,
          '980018' => 4,
          '1290036' => 18,
          '1270046' => 1,
          '680012' => 1,
          '760072' => 1,
          '640020' => 1,
          '550000' => 440,
          '810010' => 5,
          '660056' => 1,
          '190001' => 17,
          '730039' => 249,
          '400017' => 2,
          '330008' => 519,
          '380003' => 18,
          '100007' => 5,
          '1470010' => 27,
          '1230017' => 11,
          '1530008' => 127,
          '790003' => 2,
          '330020' => 246,
          '450005' => 4,
          '1330011' => 1,
          '1180001' => 1,
          '1670024' => 1,
          '1520058' => 59,
          '190006' => 2,
          '440044' => 15,
          '1430061' => 111,
          '510026' => 1,
          '510025' => 1,
          '1150115' => 3,
          '460001' => 17,
          '190002' => 3,
          '670009' => 4,
          '610004' => 204,
          '330029' => 2,
          '460004' => 3049,
          '1510009' => 1,
          '1450087' => 4,
          '1530077' => 25,
          '410008' => 58,
          '950003' => 1,
          '250004' => 2563,
          '50002' => 32,
          '1450013' => 2,
          '460012' => 16,
          '1170024' => 26,
          '410036' => 1,
          '1090024' => 40,
          '130007' => 3,
          '30003' => 1833,
          '1270063' => 1,
          '1340134' => 1,
          '630005' => 11,
          '1440000' => 3446,
          '140005' => 6,
          '560005' => 2,
          '1290006' => 3,
          '670002' => 1,
          '750006' => 14,
          '1530001' => 58,
          '310016' => 4,
          '1120112' => 14,
          '670004' => 1,
          '790007' => 1,
          '1140016' => 6,
          '760013' => 2,
          '1300024' => 161,
          '1290048' => 9,
          '1320003' => 15,
          '500003' => 200,
          '1100013' => 11,
          '510012' => 8,
          '1320007' => 3,
          '1010008' => 10,
          '1170004' => 14,
          '1180101' => 6,
          '560048' => 3,
          '780032' => 1,
          '1460000' => 162,
          '340025' => 17,
          '450017' => 1,
          '620017' => 2,
          '1520072' => 3,
          '1260006' => 1,
          '110010' => 1150,
          '1210003' => 287,
          '240021' => 4,
          '740001' => 2732,
          '760002' => 257,
          '240016' => 13,
          '1290024' => 63,
          '680002' => 3,
          '400012' => 3,
          '370020' => 1,
          '1210012' => 11,
          '640000' => 376,
          '180007' => 1,
          '570000' => 108,
          '80005' => 7,
          '720031' => 1,
          '160003' => 18,
          '120011' => 1,
          '1180118' => 1449,
          '560036' => 1,
          '920008' => 1290,
          '400032' => 1,
          '470047' => 115,
          '1200017' => 1,
          '320005' => 3,
          '600010' => 2,
          '1530080' => 5,
          '780007' => 1,
          '850006' => 25,
          '410003' => 33,
          '560024' => 4,
          '530016' => 1,
          '800032' => 2,
          '1340100' => 11,
          '1130019' => 3,
          '280028' => 64,
          '710062' => 4,
          '120009' => 6,
          '640039' => 25,
          '280000' => 748,
          '1260013' => 31,
          '1440007' => 1,
          '1500072' => 6,
          '1530082' => 14,
          '740016' => 8,
          '970033' => 4,
          '270004' => 5,
          '940002' => 14,
          '430006' => 1,
          '370012' => 1,
          '650018' => 5,
          '1030004' => 23,
          '1160089' => 1,
          '1530089' => 3525,
          '710002' => 145,
          '930030' => 1,
          '340004' => 32,
          '920025' => 7,
          '170002' => 1,
          '250020' => 1,
          '1420009' => 1,
          '650006' => 1,
          '1000036' => 1,
          '1430025' => 320,
          '190012' => 1,
          '440007' => 1,
          '1090016' => 130,
          '1320016' => 3,
          '670010' => 2,
          '1090109' => 5
        };
22241406976
