write intervals: 
$VAR1 = {
          '1' => 75903,
          '2' => 166
        };
retention times: 
$VAR1 = {
          '620016' => 1,
          '380011' => 16,
          '390034' => 1,
          '1060019' => 9,
          '380012' => 1,
          '1090001' => 1131,
          '960007' => 3,
          '160015' => 6,
          '1610006' => 11,
          '570005' => 10,
          '890004' => 555,
          '500002' => 25,
          '1460048' => 22,
          '560056' => 9,
          '1340002' => 18,
          '1340016' => 121,
          '640010' => 3,
          '450037' => 1,
          '60005' => 76,
          '1650004' => 839,
          '780030' => 2,
          '1140002' => 8,
          '1150005' => 1,
          '430014' => 1,
          '650007' => 3,
          '240015' => 5,
          '870002' => 1,
          '300005' => 355,
          '280003' => 33,
          '120003' => 48,
          '1530021' => 8,
          '350025' => 2,
          '960000' => 1115,
          '830000' => 20,
          '740033' => 5,
          '1270002' => 52,
          '940009' => 8,
          '1610131' => 53,
          '1190006' => 799,
          '360020' => 151,
          '1510007' => 1,
          '1170007' => 2,
          '360002' => 78,
          '1250012' => 2,
          '560003' => 6,
          '200004' => 181,
          '780015' => 1,
          '480044' => 8,
          '1320001' => 4,
          '670064' => 1,
          '120008' => 20,
          '320000' => 44,
          '720007' => 1,
          '1010027' => 8,
          '920016' => 3,
          '1200022' => 1,
          '290009' => 10,
          '530008' => 6,
          '1280128' => 4,
          '640050' => 6,
          '510000' => 822,
          '1610066' => 11,
          '1350004' => 4,
          '1530060' => 1,
          '730006' => 2,
          '750001' => 175,
          '940015' => 13,
          '340007' => 1,
          '480011' => 3,
          '1260003' => 100,
          '1660004' => 15,
          '1330000' => 7080,
          '610024' => 38,
          '1110003' => 17,
          '1150013' => 5,
          '690015' => 3,
          '1370022' => 1,
          '1230093' => 1,
          '250022' => 18,
          '1380004' => 113,
          '600033' => 2,
          '1260126' => 181,
          '1590008' => 1,
          '960096' => 5,
          '470012' => 1,
          '170016' => 12,
          '200017' => 1,
          '1280018' => 21,
          '1380000' => 10558,
          '420013' => 1,
          '560039' => 1,
          '640063' => 114,
          '150011' => 4,
          '950069' => 6,
          '840003' => 1,
          '880088' => 114,
          '1580007' => 5,
          '430004' => 26,
          '1360012' => 11,
          '210009' => 20,
          '1070033' => 2,
          '420042' => 2,
          '480006' => 12,
          '400003' => 14,
          '630013' => 1,
          '1170000' => 123,
          '1370024' => 11,
          '1180006' => 1,
          '1670006' => 159,
          '610044' => 24,
          '140000' => 1102,
          '870013' => 56,
          '1550005' => 13,
          '1050104' => 1,
          '940010' => 7,
          '370022' => 1,
          '710023' => 3,
          '230001' => 77,
          '590024' => 18,
          '290016' => 1,
          '310015' => 1,
          '1050024' => 23,
          '650024' => 5,
          '1260016' => 1,
          '460044' => 3,
          '1070007' => 26,
          '320022' => 1,
          '690021' => 1,
          '410005' => 3,
          '1490017' => 11,
          '1230006' => 2,
          '740012' => 8,
          '550006' => 1,
          '1010015' => 21,
          '970006' => 3,
          '450023' => 4,
          '630000' => 102,
          '740014' => 1,
          '290002' => 45,
          '720011' => 39,
          '1510023' => 1,
          '910008' => 1,
          '260012' => 33,
          '620032' => 7,
          '1160016' => 1,
          '1470028' => 1300,
          '40000' => 2786,
          '1100014' => 2,
          '1180017' => 232,
          '300015' => 304,
          '1480009' => 47,
          '650016' => 2,
          '280021' => 4,
          '240023' => 45,
          '190018' => 149,
          '800080' => 5,
          '1010012' => 21,
          '1490000' => 1961,
          '970022' => 1,
          '1180030' => 1,
          '610014' => 3,
          '330022' => 16,
          '300023' => 201,
          '860006' => 5,
          '640037' => 1,
          '290006' => 38,
          '1550000' => 127,
          '1340033' => 30,
          '300000' => 10143,
          '230003' => 42,
          '340021' => 345,
          '1100000' => 1304,
          '440031' => 5,
          '710031' => 5,
          '1570028' => 1,
          '470008' => 2,
          '720024' => 11,
          '530020' => 2,
          '190005' => 12,
          '1420006' => 16,
          '840008' => 3,
          '620060' => 3,
          '600022' => 1,
          '220010' => 9,
          '590059' => 3,
          '1460023' => 78,
          '1020005' => 1,
          '520016' => 2,
          '1290014' => 1,
          '250007' => 3,
          '50001' => 343,
          '1170019' => 2,
          '740044' => 88891,
          '390039' => 12,
          '1500008' => 10,
          '780078' => 7,
          '1020004' => 220,
          '720038' => 7,
          '760024' => 1,
          '750035' => 9,
          '1410002' => 14,
          '620000' => 1118,
          '650004' => 16,
          '270011' => 3,
          '1610017' => 1,
          '790022' => 3,
          '180013' => 3,
          '840021' => 1,
          '1070000' => 2257,
          '220005' => 217,
          '90002' => 219,
          '240006' => 83,
          '320001' => 18,
          '1270021' => 2,
          '120012' => 579,
          '250000' => 145,
          '1670000' => 2382,
          '530024' => 135,
          '230008' => 692,
          '1080002' => 18,
          '950002' => 145,
          '540033' => 18,
          '660003' => 14,
          '160001' => 40,
          '1130020' => 11,
          '70002' => 326,
          '1370004' => 113,
          '1350013' => 60,
          '1040005' => 1,
          '250001' => 16,
          '810033' => 1,
          '360036' => 58,
          '340000' => 417,
          '210017' => 6,
          '530001' => 3,
          '180018' => 233,
          '330004' => 52,
          '1310000' => 9,
          '1290002' => 37,
          '1010003' => 3853,
          '170000' => 647,
          '1560021' => 2,
          '1190025' => 2,
          '930002' => 78,
          '1130000' => 7146,
          '890025' => 6,
          '1370137' => 3,
          '640006' => 2,
          '930036' => 27,
          '570057' => 10,
          '490007' => 2,
          '1060008' => 1,
          '890060' => 1,
          '770014' => 56,
          '1130091' => 2,
          '310001' => 20,
          '360007' => 1,
          '880016' => 1,
          '280011' => 89,
          '880063' => 1,
          '900090' => 25,
          '420004' => 36,
          '560011' => 8,
          '640028' => 21,
          '1190002' => 1176,
          '270000' => 1275,
          '140006' => 34,
          '620004' => 8,
          '260004' => 616,
          '620044' => 2,
          '920002' => 230,
          '210001' => 93,
          '510006' => 8,
          '820022' => 4,
          '570024' => 20,
          '1220033' => 1,
          '990025' => 2,
          '860012' => 1770,
          '440024' => 7,
          '850037' => 1,
          '1210009' => 1,
          '760076' => 2,
          '500024' => 351,
          '1410001' => 2,
          '940069' => 1,
          '1530019' => 4,
          '160007' => 36,
          '830015' => 1,
          '1340020' => 7,
          '320013' => 2,
          '620013' => 1,
          '890013' => 50,
          '680022' => 1,
          '1340009' => 25,
          '1320031' => 4,
          '270027' => 38,
          '880002' => 976,
          '430010' => 1,
          '560008' => 5,
          '200001' => 28,
          '150009' => 14,
          '1010005' => 9,
          '790057' => 1,
          '600002' => 18,
          '1460005' => 30,
          '270017' => 5,
          '580004' => 21,
          '590004' => 10,
          '100001' => 1117,
          '590044' => 227,
          '210014' => 97,
          '510004' => 21,
          '990015' => 17,
          '910003' => 77,
          '1420025' => 2,
          '1120004' => 44,
          '230012' => 184,
          '1570000' => 171,
          '430041' => 1,
          '540048' => 1,
          '770007' => 4,
          '920052' => 1,
          '1440024' => 2,
          '1190009' => 253,
          '1460001' => 263,
          '740024' => 4,
          '810003' => 1,
          '360017' => 2,
          '1640004' => 3,
          '440000' => 645,
          '420002' => 4,
          '550003' => 5,
          '1670028' => 6,
          '410007' => 23,
          '1220005' => 9,
          '1070013' => 2,
          '350012' => 5,
          '450007' => 2,
          '830022' => 1,
          '1030016' => 1,
          '390021' => 1,
          '300026' => 7,
          '540051' => 1,
          '440015' => 1,
          '1520006' => 75,
          '780018' => 1,
          '1600004' => 3,
          '580016' => 1,
          '820028' => 1,
          '650065' => 3,
          '140011' => 14,
          '1580012' => 165,
          '990001' => 1720,
          '1460008' => 1082,
          '630044' => 404,
          '900012' => 144,
          '200009' => 14,
          '540005' => 1,
          '1160003' => 2,
          '1110000' => 122,
          '480005' => 1,
          '380038' => 11,
          '850017' => 120,
          '840010' => 39,
          '380001' => 7,
          '520000' => 597,
          '1530020' => 22,
          '1520000' => 6508,
          '770003' => 251,
          '970026' => 43,
          '1470001' => 1140,
          '320014' => 1,
          '1010016' => 117,
          '950020' => 154,
          '1130006' => 73,
          '1140001' => 1620,
          '730024' => 1,
          '700001' => 4,
          '720006' => 10,
          '980011' => 6,
          '340003' => 31,
          '1430007' => 2,
          '260016' => 42,
          '720048' => 1,
          '1510003' => 5,
          '620012' => 1,
          '1170003' => 2,
          '890008' => 163,
          '480016' => 1,
          '960003' => 12,
          '70001' => 498,
          '340012' => 2,
          '80008' => 1055,
          '1650000' => 202,
          '560022' => 1,
          '1480010' => 22,
          '210018' => 1331,
          '570001' => 6,
          '200000' => 280,
          '200019' => 2,
          '910015' => 107,
          '1100004' => 87,
          '1320044' => 29,
          '930006' => 1,
          '300009' => 461,
          '1640003' => 35,
          '390010' => 33,
          '880020' => 1,
          '580026' => 1,
          '90005' => 533,
          '680009' => 17,
          '40001' => 512,
          '940003' => 286,
          '1360022' => 3,
          '920007' => 2,
          '1060024' => 13,
          '690051' => 1,
          '440034' => 13,
          '710009' => 15,
          '980002' => 398,
          '460002' => 31,
          '1330006' => 15,
          '890041' => 2,
          '40004' => 7009,
          '1320068' => 6,
          '1170023' => 2,
          '740002' => 5,
          '510003' => 6,
          '1160004' => 45,
          '530053' => 14,
          '1280006' => 1057,
          '790002' => 1,
          '850008' => 30,
          '60000' => 959,
          '440004' => 29,
          '340031' => 1,
          '870065' => 18,
          '1260024' => 1,
          '240017' => 8,
          '410016' => 1,
          '650003' => 1,
          '900015' => 10,
          '350027' => 2,
          '130013' => 1559,
          '1460022' => 348,
          '370013' => 1,
          '1250095' => 1,
          '710016' => 1,
          '890016' => 1,
          '1280009' => 538,
          '1220048' => 304,
          '670011' => 3,
          '180004' => 217,
          '1460055' => 1,
          '890019' => 4,
          '530033' => 1,
          '920006' => 5,
          '1670012' => 20,
          '710005' => 465,
          '1410019' => 1,
          '850016' => 1,
          '150005' => 52,
          '120004' => 259,
          '1200041' => 1,
          '1190000' => 7575,
          '890069' => 6,
          '890022' => 1,
          '290005' => 10,
          '350000' => 231,
          '1030003' => 2,
          '940014' => 4,
          '1320006' => 25,
          '910013' => 6,
          '740072' => 1,
          '800012' => 1,
          '730002' => 2,
          '690069' => 2,
          '1620004' => 127,
          '430008' => 3,
          '1250003' => 235,
          '1610072' => 145,
          '1230003' => 4,
          '940019' => 721,
          '1360004' => 57,
          '510011' => 42,
          '1130014' => 46,
          '330009' => 20,
          '1070024' => 6,
          '1490003' => 535,
          '380002' => 5,
          '410010' => 1,
          '100006' => 51,
          '1490021' => 67,
          '1470014' => 33,
          '850043' => 1,
          '510051' => 51,
          '400018' => 1,
          '350009' => 4,
          '780003' => 1,
          '240002' => 21,
          '1080001' => 1272,
          '1160022' => 2,
          '530005' => 5,
          '130006' => 22,
          '890059' => 21,
          '500004' => 21,
          '1260048' => 2,
          '1460011' => 138,
          '890035' => 7,
          '400040' => 712,
          '670024' => 2,
          '1120015' => 6,
          '300019' => 438,
          '430001' => 23,
          '280001' => 266,
          '1130024' => 3,
          '190009' => 9,
          '980015' => 4,
          '610010' => 2,
          '1300000' => 14,
          '890049' => 15,
          '140004' => 293,
          '1180002' => 149,
          '460031' => 1,
          '280020' => 7,
          '1650072' => 2,
          '1670001' => 10,
          '280018' => 131,
          '360009' => 1,
          '1010023' => 5,
          '890001' => 2075,
          '1130007' => 8,
          '1160008' => 13,
          '760012' => 38,
          '590007' => 12,
          '1570056' => 4,
          '260017' => 331,
          '620024' => 16,
          '660017' => 7,
          '640021' => 13,
          '1420003' => 5,
          '540019' => 1,
          '1110006' => 1,
          '560006' => 4,
          '750014' => 3,
          '610007' => 1,
          '460007' => 1,
          '440017' => 1,
          '1070003' => 116,
          '560009' => 2,
          '1270029' => 1,
          '670005' => 11,
          '640005' => 5,
          '450008' => 3,
          '1220021' => 1257,
          '1020001' => 1675,
          '970011' => 44,
          '1010009' => 21,
          '370002' => 6,
          '1280015' => 3,
          '850010' => 4,
          '760046' => 1038,
          '310000' => 205,
          '580021' => 2,
          '1030039' => 8,
          '1230025' => 2,
          '1570042' => 6,
          '530019' => 1,
          '380020' => 7,
          '180008' => 9,
          '640041' => 18,
          '1310002' => 1,
          '110002' => 399,
          '700064' => 5,
          '290029' => 81,
          '1610043' => 1,
          '1050011' => 8,
          '1080006' => 1,
          '1320122' => 28,
          '280026' => 4,
          '700011' => 5,
          '600007' => 53,
          '1360016' => 20,
          '540001' => 8,
          '860048' => 2,
          '800003' => 26,
          '550007' => 11,
          '220001' => 473,
          '420008' => 3,
          '390004' => 53,
          '670060' => 1,
          '920092' => 58,
          '260024' => 388,
          '1050012' => 32,
          '610002' => 6,
          '650000' => 62,
          '300010' => 266,
          '940024' => 1,
          '520012' => 2,
          '910061' => 21,
          '1460028' => 3,
          '920062' => 8,
          '1220009' => 1982,
          '500017' => 11,
          '200013' => 12,
          '360012' => 4,
          '330031' => 1,
          '1010091' => 9,
          '900060' => 35,
          '570033' => 2,
          '680016' => 130,
          '870008' => 2,
          '990011' => 45,
          '170004' => 1894,
          '660010' => 1,
          '260021' => 1,
          '330000' => 195,
          '1050000' => 166,
          '320026' => 3,
          '180014' => 1,
          '660007' => 3,
          '430040' => 1,
          '110007' => 14,
          '480000' => 3936,
          '660021' => 1,
          '380015' => 12,
          '810030' => 8,
          '310005' => 4,
          '470026' => 4,
          '860038' => 154,
          '540024' => 583,
          '1090008' => 1,
          '1580003' => 12,
          '1370005' => 19,
          '790045' => 1,
          '680000' => 374,
          '580011' => 2,
          '330015' => 3,
          '1370007' => 4,
          '1050002' => 2,
          '820008' => 38,
          '1370000' => 9059,
          '210005' => 123,
          '70000' => 1164,
          '340026' => 1,
          '1150000' => 127,
          '660000' => 2758,
          '810007' => 732,
          '1440004' => 3,
          '1320017' => 3,
          '580000' => 70,
          '70006' => 48,
          '350016' => 135,
          '450003' => 10,
          '580042' => 2,
          '220009' => 13,
          '490012' => 12,
          '1430003' => 1,
          '1220000' => 6238,
          '230016' => 3,
          '970003' => 2653,
          '610060' => 1,
          '1290011' => 18,
          '150000' => 358,
          '710011' => 1,
          '860004' => 6,
          '940094' => 50,
          '1400001' => 3,
          '1620016' => 1,
          '980007' => 555,
          '940020' => 692,
          '1330133' => 2,
          '910024' => 3,
          '1500003' => 17,
          '300006' => 15,
          '370006' => 2,
          '290024' => 152,
          '570002' => 5,
          '1540007' => 2,
          '1150018' => 5,
          '130010' => 47,
          '490044' => 1,
          '1450003' => 1,
          '1570004' => 22,
          '830004' => 3,
          '250017' => 2,
          '950006' => 297,
          '710008' => 3,
          '860028' => 1,
          '1190030' => 1,
          '220021' => 6,
          '820024' => 16,
          '880012' => 228,
          '1530006' => 6,
          '930016' => 3,
          '1520007' => 3,
          '1370015' => 4,
          '870003' => 1,
          '500050' => 15,
          '440010' => 244,
          '730013' => 1,
          '1570064' => 459,
          '500048' => 1,
          '1230018' => 1,
          '1600008' => 11,
          '1610013' => 40,
          '1350009' => 1,
          '210010' => 99,
          '920056' => 2,
          '1520023' => 12,
          '390006' => 9,
          '510020' => 7,
          '640044' => 1,
          '950031' => 1,
          '310025' => 6,
          '510019' => 4,
          '540008' => 13,
          '1180010' => 6,
          '20002' => 110167,
          '1250011' => 1,
          '520004' => 23,
          '400011' => 15,
          '590000' => 196,
          '740007' => 1,
          '710020' => 1,
          '460011' => 1,
          '520008' => 2,
          '720003' => 1,
          '1270007' => 1,
          '720015' => 3,
          '1540004' => 1,
          '630007' => 5,
          '1110004' => 3,
          '150015' => 336,
          '1660011' => 1,
          '1560005' => 16,
          '1110024' => 277,
          '1290028' => 8,
          '1120000' => 455,
          '1240005' => 1,
          '1350007' => 12,
          '270019' => 4,
          '340028' => 1,
          '1620000' => 107,
          '210006' => 42,
          '1340032' => 3,
          '400004' => 36,
          '640056' => 1,
          '1380001' => 3083,
          '1260011' => 5,
          '810024' => 30,
          '1540124' => 13,
          '690024' => 3,
          '710012' => 9,
          '150008' => 10,
          '300020' => 424,
          '1640012' => 3,
          '1400006' => 3,
          '480031' => 2,
          '1360007' => 1,
          '1620009' => 2,
          '1280002' => 67,
          '1450004' => 300,
          '890021' => 1,
          '250023' => 344,
          '570048' => 27,
          '690027' => 1,
          '690004' => 8,
          '640047' => 6,
          '1380138' => 1,
          '80004' => 423,
          '250009' => 8,
          '880024' => 38,
          '180006' => 8,
          '1470013' => 229,
          '740023' => 171,
          '240008' => 20,
          '1380019' => 1,
          '430028' => 1,
          '480007' => 11,
          '450022' => 8,
          '130001' => 147,
          '250025' => 25,
          '810059' => 1,
          '200012' => 45,
          '520014' => 1,
          '1250025' => 1,
          '1190119' => 2,
          '480048' => 185,
          '540022' => 6,
          '400015' => 2,
          '1450017' => 1,
          '1210002' => 193,
          '1180019' => 343,
          '1120011' => 21,
          '810038' => 1,
          '720004' => 92,
          '1090007' => 1,
          '150010' => 8,
          '460043' => 1,
          '290000' => 382,
          '510024' => 614,
          '230002' => 2474,
          '360018' => 3,
          '320029' => 1,
          '1100001' => 1339,
          '770024' => 1,
          '250002' => 28,
          '1010013' => 134,
          '590058' => 1,
          '1270004' => 20,
          '100005' => 35,
          '90000' => 4944,
          '480022' => 6,
          '770000' => 259,
          '1130083' => 77,
          '1480008' => 1,
          '410012' => 5,
          '280022' => 9,
          '1230000' => 1071,
          '200016' => 2,
          '550005' => 3,
          '1520003' => 1309,
          '1420013' => 2,
          '310009' => 2,
          '290007' => 4,
          '460006' => 3,
          '1160024' => 33,
          '910009' => 1,
          '890015' => 812,
          '890012' => 257,
          '810072' => 18,
          '1340046' => 3,
          '340022' => 1,
          '640038' => 2,
          '1460007' => 1279,
          '1230019' => 1,
          '190000' => 940,
          '730005' => 1,
          '630023' => 2,
          '1480001' => 40,
          '960001' => 1559,
          '960079' => 53,
          '1420000' => 27,
          '950065' => 431,
          '660016' => 11,
          '120002' => 97,
          '1300004' => 80,
          '470000' => 105,
          '960008' => 24,
          '550017' => 1,
          '1260002' => 213,
          '850007' => 2,
          '1530024' => 6,
          '240012' => 16,
          '550001' => 19,
          '1250036' => 6,
          '600019' => 1,
          '1640007' => 1,
          '440008' => 2,
          '1350003' => 21,
          '1390000' => 1781,
          '1270014' => 13,
          '1100008' => 129,
          '60006' => 1593,
          '930093' => 18,
          '690033' => 136,
          '1250020' => 1,
          '320021' => 6,
          '600060' => 31,
          '300013' => 861,
          '360003' => 8,
          '180001' => 59,
          '580009' => 2,
          '340017' => 2,
          '550055' => 29,
          '860043' => 14,
          '1010101' => 193,
          '1180012' => 1,
          '700009' => 1,
          '380010' => 258,
          '920015' => 3,
          '1330001' => 3550,
          '690010' => 3,
          '410041' => 137,
          '1500024' => 2,
          '800006' => 776,
          '560004' => 20,
          '350024' => 8,
          '280004' => 35,
          '260013' => 1,
          '1530007' => 4620,
          '430013' => 66,
          '700012' => 3,
          '1130009' => 5,
          '890055' => 1,
          '280019' => 85,
          '1110011' => 1,
          '300004' => 1203,
          '1060000' => 126,
          '410034' => 3,
          '140010' => 9,
          '730020' => 1,
          '390015' => 6,
          '1190024' => 2,
          '280014' => 36,
          '540018' => 5,
          '710071' => 2,
          '1030002' => 132,
          '550022' => 1,
          '750010' => 1,
          '270024' => 1540,
          '730015' => 13,
          '640009' => 109,
          '1580024' => 2,
          '400010' => 3408,
          '630055' => 29,
          '1660005' => 52,
          '680060' => 1,
          '480012' => 11,
          '1010098' => 1,
          '190010' => 17,
          '10000' => 25387,
          '1630000' => 15,
          '1280005' => 78,
          '1190003' => 160,
          '750002' => 7,
          '610027' => 1,
          '420024' => 59,
          '690000' => 84,
          '340006' => 6,
          '1120005' => 7,
          '1010006' => 768,
          '860011' => 469,
          '80002' => 149,
          '880078' => 6,
          '1050006' => 9,
          '900014' => 69,
          '1230021' => 1,
          '420001' => 13,
          '530032' => 1,
          '1240006' => 1,
          '250015' => 5,
          '1130011' => 165,
          '860007' => 8,
          '160004' => 204,
          '470005' => 61,
          '1550008' => 43,
          '1400009' => 1,
          '1480016' => 4,
          '890053' => 1,
          '1610011' => 41,
          '1030007' => 1,
          '920075' => 3,
          '720008' => 6,
          '330011' => 1,
          '1040001' => 1257,
          '880003' => 57,
          '450002' => 9,
          '140007' => 39,
          '1370001' => 3356,
          '350001' => 10,
          '860024' => 4,
          '1340008' => 13,
          '1610027' => 4,
          '1440008' => 1,
          '740036' => 14,
          '1210022' => 2,
          '600003' => 1,
          '1390024' => 2,
          '270016' => 12,
          '880046' => 1,
          '400001' => 11,
          '920001' => 1879,
          '1340012' => 1392,
          '50004' => 394,
          '250008' => 73,
          '1580011' => 9,
          '1330004' => 208,
          '1460006' => 3,
          '1230007' => 11,
          '360027' => 5,
          '410021' => 1,
          '350035' => 12,
          '520022' => 6,
          '910000' => 630,
          '450045' => 15,
          '1590000' => 6,
          '290025' => 1,
          '300014' => 81,
          '380019' => 1,
          '100008' => 945,
          '530021' => 1,
          '310024' => 10,
          '1320045' => 18,
          '410004' => 40,
          '1490013' => 1,
          '810001' => 5,
          '740032' => 15,
          '630001' => 4,
          '1350135' => 43,
          '300027' => 31,
          '1100024' => 3,
          '300001' => 251,
          '740004' => 7,
          '820003' => 1,
          '1650017' => 10,
          '350013' => 1,
          '780005' => 1,
          '550002' => 136,
          '840009' => 21,
          '440001' => 26,
          '1540000' => 7,
          '1220027' => 2,
          '1670025' => 2,
          '390020' => 2,
          '270007' => 13,
          '1230119' => 1,
          '60002' => 233,
          '540004' => 25,
          '900013' => 54,
          '1470020' => 27,
          '760059' => 2,
          '1480004' => 3,
          '670015' => 5,
          '380000' => 1467,
          '620003' => 10,
          '1500000' => 30,
          '680013' => 17,
          '940058' => 1,
          '450006' => 8,
          '1220006' => 6,
          '200020' => 242,
          '480002' => 43,
          '1600002' => 21,
          '150007' => 3,
          '780048' => 109,
          '90007' => 1268,
          '840007' => 2,
          '1060018' => 1,
          '630003' => 6,
          '270010' => 27,
          '400020' => 74,
          '770037' => 3,
          '530039' => 2,
          '750003' => 4,
          '320032' => 10,
          '520044' => 119,
          '1150004' => 5,
          '170005' => 4,
          '750008' => 1,
          '290022' => 58,
          '210015' => 323,
          '700055' => 1,
          '630043' => 1,
          '1150008' => 98,
          '1130113' => 231,
          '1190018' => 8,
          '860066' => 2,
          '550012' => 1,
          '390000' => 692,
          '1630014' => 116,
          '190019' => 581,
          '170011' => 5,
          '970008' => 10,
          '160012' => 25,
          '1490012' => 4,
          '370016' => 1,
          '240007' => 31,
          '1120058' => 2,
          '900080' => 4,
          '1010075' => 1,
          '220004' => 61,
          '990004' => 54,
          '650001' => 3,
          '1360001' => 3660,
          '400014' => 1,
          '1010073' => 1,
          '870024' => 277,
          '950001' => 2090,
          '1250016' => 1,
          '1340001' => 3711,
          '920064' => 1,
          '180012' => 31,
          '490015' => 4,
          '1020003' => 2,
          '760000' => 373,
          '490016' => 10,
          '1610048' => 4,
          '890003' => 406,
          '840022' => 1,
          '820002' => 1,
          '580007' => 21,
          '1220017' => 1,
          '900024' => 2,
          '680005' => 6,
          '1460116' => 147,
          '650046' => 2,
          '1660008' => 124,
          '450012' => 1,
          '160000' => 272,
          '330005' => 3,
          '600016' => 1,
          '1510015' => 9,
          '800009' => 15,
          '330028' => 1,
          '1270097' => 178,
          '430003' => 19,
          '1240032' => 6,
          '530000' => 398,
          '640026' => 3,
          '400025' => 5,
          '970012' => 12,
          '1490020' => 3,
          '310004' => 31,
          '860000' => 4494,
          '310010' => 4,
          '350002' => 38,
          '1170018' => 1,
          '580024' => 655,
          '890024' => 10,
          '110003' => 1296,
          '1060009' => 1,
          '1510012' => 10,
          '610000' => 50,
          '220013' => 15,
          '1650036' => 16,
          '950055' => 10,
          '340009' => 1,
          '830008' => 24,
          '660004' => 255,
          '480045' => 12,
          '1320000' => 657,
          '930019' => 9,
          '720072' => 84,
          '570019' => 1,
          '110006' => 39,
          '420003' => 4,
          '1080000' => 100,
          '510010' => 11,
          '440026' => 11,
          '120007' => 12,
          '1400000' => 1,
          '1490009' => 1,
          '780002' => 19,
          '280002' => 802,
          '640004' => 95,
          '1140014' => 2,
          '480026' => 9,
          '1580004' => 1,
          '350006' => 9,
          '1120001' => 1296,
          '1320009' => 5,
          '660066' => 1,
          '790005' => 7,
          '1000001' => 1447,
          '100009' => 82,
          '1250004' => 38,
          '1320005' => 26,
          '1030006' => 19,
          '920048' => 1,
          '250005' => 15,
          '130005' => 46,
          '960022' => 25,
          '230013' => 51,
          '520002' => 9,
          '1260008' => 9,
          '1150017' => 19,
          '350021' => 3,
          '610020' => 1,
          '1530028' => 1,
          '1060017' => 7,
          '410011' => 21,
          '360013' => 50,
          '700005' => 3,
          '1370012' => 7,
          '570034' => 3,
          '1120014' => 106,
          '260003' => 822,
          '310014' => 2,
          '1270005' => 765,
          '950005' => 1448,
          '1290034' => 1,
          '430000' => 70,
          '890000' => 559,
          '1330016' => 1,
          '410006' => 10,
          '320018' => 2,
          '1320121' => 1,
          '500001' => 10,
          '980058' => 17,
          '300018' => 23,
          '1180032' => 1,
          '1220008' => 81,
          '910005' => 27,
          '600008' => 20,
          '190004' => 92,
          '1610025' => 8,
          '1470147' => 1,
          '430024' => 2,
          '260018' => 11,
          '1180003' => 18,
          '320004' => 31,
          '1460012' => 1451,
          '460026' => 4,
          '840062' => 2,
          '150014' => 2,
          '1130025' => 29,
          '640002' => 4,
          '1530065' => 35,
          '1090002' => 135,
          '460008' => 14,
          '570026' => 2,
          '90003' => 440,
          '50000' => 1614,
          '610006' => 9,
          '560016' => 1,
          '1420004' => 65,
          '280017' => 29,
          '640043' => 3,
          '1630015' => 2,
          '1200007' => 13,
          '460010' => 38,
          '1190014' => 7,
          '890007' => 17,
          '950088' => 11,
          '1640002' => 188,
          '1360011' => 24,
          '190008' => 9,
          '520021' => 3,
          '1460019' => 140,
          '1460010' => 263,
          '670006' => 3,
          '400036' => 7,
          '1560000' => 66,
          '720010' => 2,
          '1180004' => 203,
          '280023' => 2,
          '1250125' => 3,
          '1530003' => 2,
          '720000' => 58,
          '1270011' => 14,
          '530046' => 2,
          '960004' => 122,
          '340002' => 9,
          '880019' => 12,
          '350010' => 2,
          '1290022' => 1,
          '320007' => 9,
          '320015' => 3,
          '980003' => 1951,
          '530018' => 6,
          '470004' => 28,
          '300024' => 301,
          '740003' => 69,
          '590034' => 1,
          '370014' => 1,
          '1640016' => 1,
          '390011' => 1,
          '930005' => 3,
          '170009' => 196,
          '150004' => 1021,
          '560000' => 28,
          '1320010' => 962,
          '900000' => 612,
          '340011' => 9,
          '80007' => 53,
          '30000' => 5972,
          '720056' => 1,
          '570044' => 19,
          '1240000' => 1605,
          '940072' => 2,
          '1170002' => 110,
          '920011' => 1,
          '710006' => 1,
          '850009' => 29,
          '640012' => 2,
          '180005' => 13,
          '530014' => 1,
          '420025' => 1,
          '740027' => 93,
          '1390004' => 1,
          '610013' => 11,
          '910016' => 3,
          '1460054' => 2,
          '830002' => 1,
          '380014' => 2,
          '1650008' => 8,
          '940004' => 325,
          '710000' => 6425,
          '1670002' => 9,
          '1350105' => 2,
          '270009' => 16,
          '260022' => 16,
          '1060002' => 162,
          '680008' => 4,
          '1290001' => 1057,
          '580058' => 32,
          '510002' => 29,
          '460019' => 1,
          '540023' => 1,
          '1020000' => 146,
          '1010033' => 1,
          '980012' => 94,
          '890011' => 30,
          '220016' => 9,
          '920022' => 2,
          '780021' => 1,
          '1280001' => 2467,
          '380005' => 5,
          '1070019' => 7,
          '340013' => 1,
          '790001' => 2,
          '990074' => 3,
          '940043' => 7,
          '730001' => 2,
          '760003' => 2,
          '1460021' => 29,
          '1190001' => 389,
          '330023' => 8,
          '1590129' => 9,
          '1100015' => 1,
          '660022' => 1,
          '770011' => 3,
          '180009' => 15,
          '240018' => 9,
          '560030' => 1,
          '970002' => 816,
          '570003' => 21,
          '40003' => 265,
          '1520008' => 1,
          '400007' => 13,
          '890089' => 103,
          '670012' => 1,
          '1570008' => 11,
          '410001' => 8,
          '970097' => 6,
          '330016' => 13,
          '920005' => 1,
          '1440005' => 2,
          '930063' => 6,
          '890068' => 1,
          '280007' => 1133,
          '630027' => 1,
          '990017' => 12,
          '60001' => 404,
          '1350012' => 32,
          '1550004' => 41,
          '1340007' => 6,
          '940016' => 9,
          '1540008' => 1,
          '1040006' => 11,
          '850014' => 8,
          '420014' => 3,
          '170015' => 179,
          '1520010' => 2,
          '1460002' => 2,
          '1020008' => 7,
          '720013' => 5,
          '220008' => 129,
          '590012' => 2,
          '740039' => 20,
          '980008' => 58,
          '520033' => 3,
          '860015' => 15,
          '640059' => 2,
          '1220001' => 508,
          '710044' => 10,
          '1650032' => 21,
          '610061' => 3,
          '1500004' => 175,
          '490019' => 1,
          '1340024' => 2,
          '1380005' => 1,
          '590005' => 9,
          '240013' => 8,
          '600012' => 7,
          '270023' => 1,
          '450041' => 4,
          '1180011' => 2,
          '720022' => 3,
          '250019' => 1,
          '910012' => 2,
          '410025' => 11,
          '960012' => 1,
          '160008' => 19,
          '850021' => 1,
          '410024' => 5,
          '740049' => 1,
          '900009' => 1,
          '250018' => 1,
          '1490006' => 2,
          '1470023' => 23,
          '1670029' => 17,
          '990010' => 16,
          '550009' => 8,
          '90006' => 1499,
          '490002' => 8,
          '230007' => 47,
          '770047' => 8,
          '1120002' => 117,
          '1610012' => 141,
          '100002' => 113,
          '520003' => 33,
          '800007' => 4,
          '1250010' => 2,
          '430033' => 6,
          '990096' => 2,
          '1180026' => 1,
          '790079' => 5,
          '1070008' => 4,
          '970023' => 79,
          '440011' => 1,
          '510021' => 816,
          '1360002' => 268,
          '1040002' => 162,
          '1270001' => 1818,
          '510018' => 2,
          '1420007' => 11,
          '20001' => 2373,
          '1460017' => 106,
          '470009' => 2,
          '1410005' => 4,
          '430021' => 8,
          '160016' => 1037,
          '990008' => 1,
          '290015' => 6,
          '880007' => 599,
          '680064' => 20,
          '1110001' => 1310,
          '1470000' => 5672,
          '720016' => 1,
          '590008' => 14,
          '500046' => 1,
          '1570069' => 1,
          '520007' => 17,
          '630008' => 3,
          '390007' => 2,
          '360004' => 35,
          '1660016' => 46,
          '1130010' => 7,
          '1350047' => 8,
          '870035' => 1,
          '1290010' => 1,
          '1040024' => 1,
          '1130005' => 1,
          '700004' => 18,
          '1510022' => 1,
          '1200002' => 8,
          '880013' => 246,
          '690001' => 3,
          '540011' => 1,
          '380024' => 5,
          '140014' => 162,
          '570009' => 4,
          '970068' => 1,
          '610003' => 5,
          '1350019' => 1,
          '320010' => 2,
          '620008' => 1,
          '980024' => 85628,
          '1500012' => 6,
          '940023' => 514,
          '800002' => 2,
          '440005' => 4,
          '1350008' => 2,
          '1520001' => 15,
          '1340005' => 182,
          '340005' => 2,
          '850000' => 383,
          '1230010' => 51,
          '1160000' => 174,
          '700015' => 2,
          '290010' => 1,
          '230017' => 9,
          '1330123' => 1,
          '470044' => 28,
          '1360106' => 1,
          '890072' => 148,
          '660055' => 1,
          '840002' => 8,
          '220000' => 301,
          '580012' => 7,
          '390005' => 6,
          '730012' => 7,
          '970005' => 7,
          '870010' => 2,
          '610038' => 1,
          '150013' => 29,
          '630058' => 2,
          '900002' => 2469,
          '250011' => 2,
          '130002' => 140,
          '530011' => 2,
          '530003' => 5,
          '660012' => 3,
          '1280016' => 1,
          '230000' => 7847,
          '70005' => 1633,
          '360011' => 2,
          '690012' => 6,
          '860020' => 47,
          '1260025' => 21,
          '650011' => 9,
          '1230022' => 14,
          '520048' => 1,
          '180000' => 760,
          '820072' => 1,
          '530004' => 35,
          '200005' => 9,
          '1370008' => 14,
          '660001' => 4,
          '780024' => 3,
          '1580015' => 4,
          '1550002' => 1,
          '1050003' => 108,
          '580010' => 72,
          '290003' => 116,
          '640034' => 2970,
          '1130018' => 14,
          '1620162' => 6,
          '1380011' => 7,
          '1050001' => 1147,
          '480001' => 10,
          '150003' => 27,
          '1580002' => 20,
          '270003' => 13,
          '820006' => 10,
          '240003' => 80,
          '1650013' => 40,
          '990014' => 2,
          '550046' => 2,
          '1550019' => 2,
          '680001' => 12,
          '210021' => 769,
          '1290008' => 1,
          '990099' => 8,
          '1330069' => 8,
          '180017' => 1,
          '820007' => 13,
          '170010' => 15,
          '740046' => 8,
          '1230004' => 99,
          '890028' => 1,
          '980098' => 51,
          '1100028' => 1,
          '1130021' => 39,
          '1290004' => 177,
          '260008' => 2,
          '930000' => 298,
          '1170044' => 1,
          '570018' => 1,
          '1460072' => 3,
          '660008' => 16,
          '790009' => 3,
          '580023' => 4,
          '670007' => 4,
          '1480000' => 258,
          '1360000' => 4186,
          '730073' => 2,
          '300012' => 2,
          '320011' => 1,
          '1100039' => 1,
          '90008' => 25,
          '860005' => 5,
          '350014' => 1,
          '900062' => 2,
          '1490016' => 22,
          '1270026' => 1,
          '1430004' => 3,
          '170006' => 1288,
          '790024' => 1,
          '1370107' => 6,
          '950009' => 1,
          '1270003' => 92,
          '370008' => 3,
          '630024' => 2,
          '650002' => 18,
          '800040' => 2,
          '1270008' => 14,
          '970009' => 23,
          '640023' => 1,
          '1250000' => 789,
          '210011' => 393,
          '910075' => 1,
          '850050' => 1,
          '550011' => 34,
          '330006' => 14,
          '1310004' => 5,
          '520006' => 28,
          '240004' => 156,
          '470043' => 1,
          '980013' => 143,
          '1360006' => 4,
          '640008' => 10,
          '860056' => 26,
          '1220031' => 1,
          '1290100' => 1,
          '320024' => 9,
          '1130002' => 30,
          '1460003' => 16,
          '880065' => 1,
          '850046' => 1,
          '630034' => 3,
          '990024' => 730,
          '830006' => 10,
          '600024' => 7,
          '1580005' => 1,
          '450011' => 68,
          '1080004' => 63,
          '690011' => 3,
          '1290099' => 5,
          '1020024' => 1,
          '1280004' => 29,
          '1220022' => 392,
          '970004' => 101,
          '800050' => 2,
          '660026' => 1,
          '160005' => 30,
          '690039' => 11,
          '30001' => 1785,
          '990013' => 7,
          '390002' => 3,
          '910010' => 6,
          '680010' => 1,
          '990048' => 14,
          '750021' => 1,
          '70004' => 249,
          '1280027' => 7,
          '1290129' => 126,
          '680004' => 76,
          '260006' => 72,
          '580003' => 22,
          '540010' => 1,
          '670000' => 6,
          '220012' => 372,
          '1290089' => 2,
          '1270031' => 1,
          '180016' => 3,
          '860010' => 126,
          '1390001' => 2276,
          '130004' => 1567,
          '1130022' => 37,
          '480039' => 5,
          '880075' => 1,
          '270002' => 56,
          '580044' => 1,
          '1360009' => 25,
          '760034' => 1,
          '870023' => 1,
          '840012' => 19,
          '550024' => 8,
          '540000' => 62,
          '330012' => 11,
          '680007' => 4,
          '1150016' => 5,
          '1470019' => 317,
          '570022' => 2,
          '220007' => 6,
          '1350006' => 1,
          '440022' => 2,
          '890020' => 2,
          '1400008' => 1,
          '800018' => 2,
          '380018' => 3,
          '1670016' => 222,
          '790000' => 3,
          '600004' => 13,
          '1180021' => 1,
          '840006' => 1,
          '420009' => 18,
          '810005' => 36,
          '1670014' => 37,
          '80003' => 118,
          '840013' => 9,
          '880010' => 100,
          '1320132' => 6,
          '690016' => 1,
          '640058' => 1,
          '140003' => 107,
          '1330020' => 2,
          '300028' => 93618,
          '330017' => 10,
          '230010' => 10,
          '200011' => 41,
          '530017' => 3,
          '880000' => 1090,
          '1340015' => 11,
          '820016' => 9,
          '270006' => 32,
          '1500002' => 31,
          '950004' => 548,
          '1160001' => 1301,
          '490049' => 29,
          '310018' => 1,
          '1360014' => 45,
          '330001' => 15,
          '1210001' => 2,
          '810000' => 157,
          '430034' => 3,
          '620002' => 4,
          '1590001' => 5,
          '1610004' => 547,
          '820001' => 7,
          '1190004' => 30,
          '310023' => 2,
          '820082' => 1,
          '1290016' => 12,
          '360019' => 4,
          '1450022' => 2,
          '150002' => 139,
          '250003' => 22,
          '1420008' => 137,
          '990006' => 3,
          '350018' => 1,
          '420000' => 52,
          '1450024' => 9,
          '630002' => 14,
          '1220007' => 122,
          '1220024' => 88521,
          '910001' => 1959,
          '890014' => 30,
          '1410004' => 305,
          '1320110' => 10,
          '770001' => 1170,
          '470031' => 1,
          '1600001' => 5,
          '710048' => 1257,
          '1610015' => 157,
          '230018' => 2,
          '1500001' => 13,
          '610022' => 1,
          '780004' => 179,
          '680024' => 11,
          '870044' => 1,
          '1440022' => 1,
          '560047' => 1,
          '370029' => 3,
          '1230123' => 6,
          '990003' => 2,
          '980005' => 80,
          '530026' => 5,
          '630004' => 9,
          '730044' => 12,
          '180011' => 24,
          '720001' => 7,
          '1580000' => 884,
          '1070004' => 57,
          '1260001' => 1694,
          '680033' => 1,
          '300007' => 134,
          '850004' => 16,
          '1350002' => 95,
          '350011' => 1,
          '1340000' => 1964,
          '180002' => 27,
          '920018' => 184,
          '1460052' => 2,
          '490024' => 11,
          '960005' => 1,
          '870007' => 1,
          '1000004' => 64,
          '410018' => 1,
          '400008' => 2,
          '170007' => 73,
          '890002' => 4,
          '1120006' => 2,
          '360000' => 71,
          '160013' => 66,
          '940005' => 495,
          '1020010' => 2,
          '40002' => 810,
          '280009' => 14,
          '930024' => 5,
          '1060001' => 1126,
          '600058' => 1,
          '300017' => 155,
          '610012' => 2,
          '750009' => 1,
          '1560064' => 2,
          '720005' => 1,
          '1530052' => 1,
          '1250007' => 4,
          '730008' => 6,
          '870058' => 1,
          '850024' => 3,
          '940017' => 1,
          '390001' => 10,
          '1170072' => 1,
          '550023' => 2,
          '500010' => 1,
          '170014' => 18,
          '340001' => 22,
          '480018' => 838,
          '250024' => 13,
          '20000' => 12028,
          '460024' => 40,
          '1530072' => 118,
          '500005' => 5,
          '300003' => 1206,
          '1530004' => 153,
          '540013' => 6,
          '400013' => 37,
          '410031' => 1,
          '400019' => 17,
          '1380016' => 163,
          '620022' => 1,
          '1090004' => 304,
          '750004' => 1189,
          '940007' => 1,
          '220022' => 131,
          '1660000' => 30,
          '880047' => 1,
          '610009' => 1,
          '1380024' => 12,
          '350003' => 9,
          '710041' => 48,
          '1130008' => 14,
          '1130027' => 3,
          '410028' => 5,
          '360015' => 21,
          '600011' => 2,
          '200006' => 31,
          '480025' => 2,
          '920004' => 900,
          '850064' => 420,
          '190011' => 34,
          '1370013' => 28,
          '360024' => 5,
          '1160116' => 1,
          '240024' => 1782,
          '1140000' => 3223,
          '1340104' => 1,
          '560001' => 16,
          '1130012' => 2672,
          '1670021' => 5,
          '310031' => 19,
          '200018' => 271,
          '1640013' => 2,
          '1530064' => 7,
          '1320012' => 4,
          '120001' => 226,
          '390016' => 2,
          '390009' => 17,
          '450028' => 4,
          '1050007' => 1,
          '480035' => 1,
          '770072' => 3,
          '1510002' => 153,
          '500023' => 48,
          '400005' => 11,
          '80001' => 1752,
          '230005' => 74,
          '630011' => 88,
          '310008' => 15,
          '300021' => 90,
          '1570005' => 6,
          '590001' => 78,
          '1550007' => 2,
          '1660014' => 2,
          '250016' => 3,
          '1030001' => 1138,
          '1670004' => 1,
          '510023' => 74,
          '640055' => 40,
          '540054' => 26,
          '1510005' => 821,
          '1490002' => 1351,
          '1670033' => 1,
          '1460013' => 312,
          '1080021' => 1,
          '550028' => 1,
          '1030005' => 82,
          '980000' => 6798,
          '810051' => 106,
          '700027' => 1,
          '740031' => 76,
          '810009' => 10,
          '340023' => 2,
          '530007' => 3,
          '860008' => 15,
          '1460045' => 102,
          '270018' => 13,
          '870057' => 37,
          '1590013' => 4,
          '690003' => 5,
          '800048' => 12,
          '540025' => 9,
          '920024' => 41,
          '450018' => 1,
          '1100005' => 8,
          '690064' => 6,
          '740010' => 4025,
          '380007' => 3,
          '210020' => 12,
          '1650016' => 11,
          '1230001' => 1815,
          '980068' => 149,
          '280024' => 32,
          '1590006' => 1,
          '780062' => 1,
          '1230008' => 2,
          '970000' => 5243,
          '380008' => 21,
          '760005' => 1,
          '700000' => 27,
          '640062' => 1,
          '560033' => 1,
          '1610022' => 1,
          '940000' => 3127,
          '1470021' => 145,
          '760047' => 4,
          '470002' => 12,
          '710051' => 1,
          '400002' => 6,
          '690056' => 1,
          '1250024' => 5,
          '290008' => 41,
          '660015' => 5,
          '920003' => 100,
          '500012' => 1,
          '860064' => 1,
          '120005' => 54,
          '290028' => 16,
          '150006' => 22,
          '600048' => 1,
          '460046' => 2289,
          '720019' => 1,
          '740005' => 25,
          '370024' => 38,
          '1240002' => 617,
          '520026' => 9,
          '550004' => 18,
          '1420016' => 1,
          '1610067' => 1,
          '1340045' => 1,
          '690048' => 1,
          '1350024' => 23,
          '920010' => 1,
          '1550003' => 7,
          '910063' => 2,
          '210002' => 52,
          '660005' => 1,
          '1410000' => 53,
          '210007' => 296,
          '1240001' => 1746,
          '1520051' => 3,
          '560013' => 1,
          '230020' => 59,
          '1290000' => 246,
          '730000' => 269,
          '1370009' => 6,
          '210016' => 13,
          '980017' => 13,
          '1520002' => 10,
          '260010' => 2,
          '1340019' => 7,
          '1010007' => 70,
          '740030' => 9,
          '140008' => 201,
          '310022' => 3,
          '1050022' => 1,
          '470006' => 4,
          '300002' => 3077,
          '1220122' => 29,
          '230006' => 38,
          '550033' => 7,
          '1610060' => 6,
          '1350020' => 4,
          '310003' => 5,
          '510045' => 10,
          '300025' => 6,
          '730009' => 2,
          '1490001' => 114,
          '540030' => 3,
          '210003' => 25,
          '700016' => 4,
          '1470024' => 562,
          '520018' => 14,
          '1380008' => 1,
          '800001' => 3,
          '950000' => 2157,
          '1310008' => 11,
          '620062' => 6,
          '690013' => 1,
          '330013' => 1,
          '1070018' => 2,
          '270013' => 5,
          '420006' => 2,
          '1600160' => 1,
          '980001' => 3352,
          '1430000' => 4,
          '110005' => 24,
          '840001' => 2,
          '980016' => 13,
          '230022' => 25,
          '500033' => 1,
          '1390005' => 1,
          '770048' => 70,
          '250012' => 3,
          '1150024' => 3,
          '1370002' => 63,
          '860002' => 3,
          '1320102' => 1,
          '1530040' => 19,
          '300008' => 274,
          '1050048' => 12,
          '860001' => 12,
          '1000003' => 3,
          '970001' => 1524,
          '1190008' => 1,
          '820005' => 1,
          '970013' => 2,
          '270008' => 4,
          '880071' => 1,
          '1180025' => 1,
          '1330005' => 320,
          '1490138' => 1,
          '1260012' => 22,
          '1650012' => 11,
          '330033' => 167,
          '1100016' => 21,
          '320009' => 4,
          '290004' => 186,
          '830083' => 1,
          '360005' => 3,
          '660011' => 2,
          '490008' => 6,
          '860014' => 1,
          '330024' => 32,
          '1240124' => 14,
          '110004' => 163,
          '220003' => 157,
          '1520018' => 1,
          '500019' => 1,
          '860013' => 1,
          '1060033' => 2,
          '120006' => 33,
          '1340006' => 273,
          '200008' => 8,
          '780008' => 2,
          '1340011' => 17,
          '210019' => 30,
          '1270127' => 4,
          '1040008' => 1,
          '260026' => 93,
          '480003' => 7,
          '1230016' => 1,
          '900003' => 4,
          '420021' => 1,
          '1230005' => 339,
          '850072' => 94,
          '250006' => 1,
          '540003' => 9,
          '1190017' => 3,
          '260002' => 32,
          '160010' => 8,
          '570006' => 7,
          '1630010' => 2,
          '1280098' => 1,
          '630009' => 30,
          '1590012' => 1,
          '780016' => 1,
          '370004' => 47,
          '880052' => 2,
          '1510033' => 1,
          '750024' => 1218,
          '1570011' => 171,
          '800017' => 1,
          '710045' => 9,
          '470024' => 13,
          '160009' => 8,
          '300016' => 147,
          '680055' => 1,
          '920000' => 597,
          '430015' => 19,
          '810081' => 1,
          '1650024' => 1,
          '1210010' => 18,
          '1560001' => 22,
          '360014' => 2,
          '410009' => 4,
          '350004' => 44,
          '880004' => 76,
          '530031' => 1,
          '1260019' => 1,
          '710022' => 1,
          '220019' => 51,
          '320003' => 3,
          '590006' => 2,
          '1660017' => 7,
          '380036' => 1,
          '230014' => 7,
          '1110002' => 1,
          '840000' => 43,
          '1340004' => 80,
          '240020' => 3,
          '1670019' => 12,
          '1470011' => 48,
          '1180114' => 1,
          '1150012' => 1,
          '1520042' => 18,
          '1320029' => 13,
          '520023' => 1,
          '700003' => 2,
          '1660013' => 1,
          '420010' => 3,
          '1090003' => 2,
          '130012' => 20,
          '930001' => 1232,
          '1620010' => 11,
          '900001' => 1319,
          '1220002' => 1153,
          '580006' => 4,
          '930004' => 711,
          '440013' => 1,
          '790011' => 1,
          '1340021' => 271,
          '130009' => 12,
          '1530030' => 1,
          '1530000' => 290,
          '1200001' => 1148,
          '390008' => 2,
          '100003' => 79,
          '1250124' => 1,
          '230019' => 76,
          '980021' => 4,
          '980004' => 1289,
          '1090017' => 1,
          '580008' => 1,
          '1130004' => 228,
          '720044' => 6,
          '680048' => 2,
          '1530039' => 4,
          '430012' => 2,
          '640016' => 24,
          '890006' => 2,
          '1220028' => 3,
          '1060020' => 1,
          '1260005' => 16,
          '1490048' => 4,
          '1100009' => 46,
          '860086' => 36,
          '1030000' => 80,
          '120010' => 28,
          '680003' => 1,
          '1300003' => 1,
          '1520004' => 39,
          '1210004' => 175,
          '320016' => 2,
          '80006' => 60,
          '760004' => 60,
          '1670003' => 14,
          '1240094' => 1,
          '440002' => 4,
          '100004' => 167,
          '1100002' => 143,
          '1360136' => 1,
          '1260007' => 38,
          '90009' => 1663,
          '890047' => 1,
          '940001' => 1379,
          '990000' => 806,
          '1010053' => 2,
          '740026' => 811,
          '480014' => 5,
          '200014' => 4,
          '850001' => 8,
          '1000100' => 1,
          '340016' => 1,
          '690053' => 3,
          '600000' => 78,
          '220015' => 1,
          '1430009' => 17,
          '470001' => 6,
          '390012' => 1,
          '1060005' => 6,
          '1330008' => 2,
          '1300002' => 3,
          '730004' => 7,
          '640001' => 6,
          '240000' => 1192,
          '280008' => 269,
          '620007' => 6,
          '1200024' => 4,
          '1460009' => 117,
          '1650003' => 1,
          '1140004' => 70,
          '240009' => 14,
          '450024' => 125,
          '910074' => 1,
          '1570029' => 9,
          '270025' => 5,
          '930064' => 1,
          '440009' => 3,
          '740017' => 1,
          '1330024' => 1,
          '910017' => 495,
          '480013' => 2,
          '1060022' => 1,
          '640011' => 160,
          '1580008' => 120,
          '200002' => 34,
          '640054' => 14,
          '1160006' => 4,
          '480021' => 3,
          '410000' => 23,
          '990007' => 7,
          '270020' => 10,
          '1610003' => 27,
          '730014' => 215,
          '1670010' => 14,
          '740000' => 5333,
          '650005' => 1,
          '350007' => 5,
          '1610032' => 2,
          '1210048' => 2,
          '710001' => 8,
          '280005' => 1040,
          '790004' => 6,
          '380004' => 40,
          '450001' => 15,
          '1010071' => 124,
          '170001' => 62,
          '620018' => 1,
          '770004' => 13,
          '720055' => 8,
          '1260032' => 1,
          '1190021' => 51,
          '930072' => 1,
          '1330010' => 4,
          '470017' => 111,
          '1490027' => 1,
          '520034' => 1,
          '1620001' => 7,
          '1380002' => 343,
          '930008' => 1,
          '320008' => 14,
          '1320008' => 2,
          '1530050' => 2,
          '1000000' => 1230,
          '350020' => 1,
          '1290007' => 193,
          '870011' => 1,
          '500006' => 1,
          '1290035' => 20,
          '350015' => 2,
          '370007' => 11,
          '570035' => 21,
          '260009' => 27,
          '460003' => 3,
          '490001' => 20,
          '600009' => 1,
          '280016' => 7,
          '910011' => 84,
          '450044' => 3,
          '330002' => 10,
          '150012' => 32,
          '1470012' => 18,
          '1180000' => 690,
          '1420001' => 1,
          '600044' => 9,
          '280013' => 18,
          '190003' => 23,
          '420011' => 1,
          '510014' => 1,
          '1570072' => 109,
          '1250001' => 1623,
          '270015' => 3,
          '260014' => 2,
          '1410011' => 1,
          '1200012' => 5,
          '970024' => 3,
          '1480003' => 3,
          '480041' => 4,
          '340034' => 606,
          '1460004' => 227,
          '1320004' => 1644,
          '700021' => 2,
          '1610008' => 1128,
          '320006' => 14,
          '610005' => 1,
          '400024' => 3,
          '380022' => 1,
          '1440001' => 1,
          '130008' => 10,
          '1220034' => 1,
          '1010010' => 2,
          '950010' => 1,
          '850045' => 17,
          '140002' => 97,
          '990069' => 18,
          '1220023' => 153,
          '90004' => 544,
          '550008' => 11,
          '200015' => 13,
          '520001' => 103,
          '1360010' => 38,
          '760008' => 2,
          '240010' => 9,
          '110011' => 396,
          '190007' => 157,
          '850033' => 1,
          '760010' => 1,
          '50003' => 446,
          '1460018' => 478,
          '550044' => 5,
          '1270000' => 1708,
          '670001' => 2,
          '670003' => 4,
          '1010000' => 1361,
          '1010021' => 2,
          '440027' => 2,
          '870000' => 39,
          '1550022' => 10,
          '900039' => 1,
          '620011' => 13,
          '700024' => 2,
          '500000' => 45,
          '980009' => 938,
          '960066' => 62,
          '640003' => 3,
          '1280000' => 5720,
          '1070009' => 849,
          '760001' => 29,
          '1140017' => 1,
          '590009' => 6,
          '780001' => 4,
          '530022' => 63,
          '790008' => 12,
          '1550030' => 1,
          '1150014' => 4,
          '390018' => 9,
          '840005' => 1,
          '940085' => 4,
          '620009' => 2,
          '520024' => 18,
          '160002' => 60,
          '680006' => 1,
          '330018' => 3,
          '1310024' => 5,
          '710049' => 29,
          '550010' => 2,
          '1600000' => 105,
          '740034' => 1556,
          '1150015' => 2,
          '720009' => 1,
          '510022' => 6,
          '260000' => 459,
          '740074' => 21,
          '900007' => 1,
          '1010004' => 69,
          '1640000' => 107,
          '980023' => 121,
          '510041' => 1,
          '810064' => 1,
          '1370003' => 82,
          '390024' => 1,
          '630010' => 1,
          '1610005' => 4,
          '1590007' => 10,
          '310007' => 23,
          '1360008' => 49,
          '560010' => 5,
          '1280017' => 1,
          '660036' => 4,
          '950095' => 61,
          '300029' => 2,
          '370010' => 4,
          '600005' => 5,
          '660002' => 5,
          '880011' => 1098,
          '1330002' => 1,
          '270005' => 116,
          '650014' => 22,
          '590010' => 17,
          '1550006' => 15,
          '640024' => 1081,
          '1040004' => 70,
          '1670015' => 965,
          '1490008' => 11,
          '1120013' => 1,
          '290001' => 16,
          '480010' => 260,
          '570027' => 4,
          '870087' => 16,
          '820021' => 3,
          '240014' => 25,
          '480019' => 10,
          '1620036' => 1,
          '530044' => 131,
          '480004' => 59,
          '820000' => 25,
          '1010061' => 3,
          '1070006' => 150,
          '540006' => 2,
          '1610014' => 5,
          '350033' => 1,
          '800021' => 5,
          '330007' => 11,
          '650034' => 1,
          '1410003' => 16,
          '1030009' => 1,
          '910006' => 4,
          '110009' => 2332,
          '1450023' => 1,
          '110000' => 1761,
          '1220019' => 47,
          '0' => 52531,
          '860046' => 89,
          '1320037' => 6,
          '1230023' => 28,
          '740045' => 1,
          '1210024' => 7,
          '1230009' => 23,
          '980006' => 1085,
          '450004' => 35,
          '60003' => 247,
          '410002' => 9,
          '1020006' => 6,
          '240022' => 73,
          '1050004' => 246,
          '670044' => 3,
          '990005' => 11,
          '1070014' => 1,
          '1120016' => 1,
          '1280010' => 1,
          '870005' => 7,
          '680011' => 4,
          '1470005' => 6,
          '190015' => 5,
          '390003' => 3,
          '260007' => 2,
          '370000' => 45,
          '580022' => 5,
          '570017' => 7,
          '710003' => 11,
          '1460020' => 130,
          '190013' => 40,
          '1130003' => 245,
          '760018' => 1,
          '1480014' => 1,
          '770009' => 1,
          '720064' => 22,
          '1570009' => 23,
          '1090000' => 142,
          '1600009' => 2,
          '650048' => 1,
          '230009' => 55,
          '700008' => 3,
          '670034' => 1,
          '890005' => 27,
          '580002' => 7,
          '570012' => 3,
          '760048' => 150,
          '490004' => 32,
          '600014' => 1,
          '1280021' => 118,
          '160014' => 82,
          '780072' => 4,
          '170003' => 73,
          '250021' => 2,
          '1110021' => 1,
          '1510017' => 111,
          '320002' => 12,
          '470003' => 1,
          '660009' => 7,
          '240005' => 9,
          '210012' => 731,
          '620001' => 5,
          '1010024' => 3,
          '1580135' => 1,
          '170013' => 11,
          '1150002' => 278,
          '1470022' => 63,
          '410035' => 2,
          '800024' => 2,
          '1600014' => 27,
          '530009' => 1,
          '1240024' => 1,
          '1130001' => 1542,
          '230011' => 22,
          '860022' => 5,
          '1320105' => 24,
          '210013' => 19,
          '1400064' => 1,
          '1010002' => 186,
          '1270024' => 1,
          '810045' => 11,
          '240001' => 138,
          '500008' => 2,
          '1300006' => 6,
          '690006' => 59,
          '70003' => 177,
          '1360003' => 40,
          '1460033' => 46,
          '1120003' => 5,
          '490003' => 77,
          '700013' => 7,
          '530002' => 23,
          '1490015' => 24,
          '1490024' => 1,
          '1470018' => 18,
          '1200021' => 2,
          '180010' => 11,
          '880066' => 8,
          '890066' => 2,
          '1170016' => 2,
          '1250013' => 1,
          '320023' => 1,
          '1070059' => 2,
          '820009' => 5,
          '430011' => 1,
          '440035' => 1,
          '310002' => 92,
          '840024' => 7,
          '570036' => 22,
          '610059' => 1,
          '430022' => 8,
          '450010' => 2,
          '1460024' => 89116,
          '1390002' => 102,
          '1620012' => 9,
          '220006' => 38,
          '1610161' => 7,
          '440023' => 7,
          '430002' => 10,
          '260019' => 1,
          '130003' => 500,
          '270026' => 1,
          '1670005' => 11,
          '400006' => 13,
          '920012' => 11,
          '590042' => 1,
          '120000' => 767,
          '1610000' => 374,
          '650060' => 1,
          '810008' => 4,
          '840064' => 2,
          '270001' => 99,
          '870012' => 2,
          '1490031' => 14,
          '340010' => 6,
          '870014' => 3,
          '520052' => 388,
          '1200000' => 86,
          '470011' => 1,
          '340029' => 1,
          '640049' => 1,
          '710024' => 44,
          '200010' => 26,
          '500022' => 1,
          '760009' => 1,
          '510001' => 55,
          '850012' => 1,
          '1230002' => 6,
          '210000' => 3655,
          '250014' => 7,
          '1510004' => 28,
          '260005' => 48,
          '590002' => 11,
          '710019' => 2,
          '620014' => 244,
          '310012' => 5,
          '1220041' => 1,
          '1170001' => 1140,
          '510007' => 27,
          '430043' => 10,
          '550041' => 1,
          '1460014' => 320,
          '140001' => 65,
          '400035' => 10,
          '710050' => 3,
          '230004' => 122,
          '720017' => 2,
          '1350000' => 2631,
          '580005' => 10,
          '980014' => 9,
          '1170064' => 1,
          '990016' => 22,
          '1180016' => 4,
          '1190012' => 1055,
          '810004' => 6,
          '1010014' => 23,
          '720012' => 4,
          '920021' => 8,
          '1290019' => 5,
          '1180008' => 11,
          '1260047' => 1,
          '450009' => 9,
          '1520005' => 1414,
          '350019' => 6,
          '830001' => 2,
          '1160002' => 137,
          '720002' => 12,
          '240019' => 29,
          '330021' => 1,
          '320012' => 5,
          '1510019' => 2,
          '1220011' => 234,
          '1360044' => 3,
          '1620006' => 3,
          '1570006' => 6,
          '980095' => 1,
          '1180020' => 50,
          '360008' => 6,
          '140013' => 2,
          '1250027' => 2,
          '100010' => 1499,
          '630028' => 1,
          '1650014' => 1,
          '460000' => 1610,
          '630012' => 1,
          '740048' => 1,
          '1450000' => 57,
          '260011' => 7,
          '1570044' => 7,
          '800004' => 124,
          '370037' => 15,
          '1050008' => 3,
          '1100012' => 1,
          '1100006' => 12,
          '580017' => 18,
          '850005' => 21,
          '880008' => 721,
          '940030' => 17,
          '360016' => 3,
          '1320034' => 6,
          '510005' => 10,
          '910014' => 2,
          '640064' => 1013,
          '530012' => 6,
          '1130015' => 881,
          '950021' => 183,
          '790031' => 3,
          '30002' => 2328,
          '1070005' => 15,
          '1210008' => 29,
          '1370011' => 16,
          '440041' => 3,
          '1160017' => 5,
          '1190015' => 5,
          '1660001' => 2,
          '1460051' => 6,
          '1420005' => 10,
          '520017' => 134,
          '870006' => 1,
          '1500021' => 1,
          '660018' => 265,
          '60004' => 706,
          '670008' => 3,
          '980010' => 871,
          '1570010' => 6,
          '400009' => 1,
          '270022' => 21,
          '570004' => 39,
          '220018' => 10,
          '1530016' => 13,
          '90001' => 263,
          '1090012' => 1,
          '170008' => 89,
          '520005' => 1,
          '940006' => 230,
          '940012' => 24,
          '960006' => 2,
          '1070001' => 1256,
          '510017' => 4,
          '1350001' => 3657,
          '890010' => 8,
          '1430024' => 1,
          '1260000' => 1169,
          '360001' => 6,
          '940073' => 1,
          '1530002' => 64,
          '640007' => 32,
          '750064' => 1,
          '1580006' => 242,
          '1310011' => 23,
          '1380012' => 3,
          '370003' => 7,
          '480024' => 15,
          '1250008' => 7,
          '960024' => 8,
          '1490101' => 1,
          '880001' => 53,
          '1530005' => 43,
          '280012' => 2,
          '940018' => 17,
          '880048' => 597,
          '610008' => 2,
          '940008' => 1055,
          '1480006' => 1,
          '1190022' => 1326,
          '710004' => 4,
          '640051' => 1,
          '990023' => 16,
          '1560009' => 7,
          '1620015' => 16,
          '1380025' => 2,
          '730007' => 2,
          '750000' => 4632,
          '1610070' => 1,
          '560002' => 13,
          '1180005' => 301,
          '340008' => 3,
          '340024' => 607,
          '290013' => 5,
          '1040003' => 10,
          '1090005' => 1,
          '200007' => 3,
          '1640011' => 1,
          '1290003' => 216,
          '1450006' => 3,
          '340019' => 7,
          '180003' => 32,
          '1230024' => 552,
          '620005' => 3,
          '290017' => 2,
          '830005' => 3,
          '910002' => 598,
          '990009' => 43,
          '450000' => 249,
          '10001' => 26761,
          '1470009' => 6,
          '130011' => 358,
          '630042' => 2,
          '480020' => 420,
          '910091' => 50,
          '1070010' => 508,
          '420022' => 2,
          '900004' => 51,
          '530006' => 2,
          '730003' => 1,
          '940013' => 22,
          '530034' => 1,
          '350005' => 36,
          '1610009' => 136,
          '490000' => 144,
          '160006' => 20,
          '150001' => 96,
          '1130013' => 25,
          '880058' => 623,
          '1210000' => 127,
          '1350010' => 9,
          '940064' => 29,
          '1590073' => 1,
          '1490004' => 40,
          '100000' => 603,
          '420012' => 30,
          '310011' => 4,
          '930071' => 10,
          '80000' => 725,
          '160011' => 2,
          '1340010' => 9,
          '550048' => 2,
          '260001' => 171,
          '630063' => 534,
          '950014' => 1,
          '1210020' => 2,
          '960010' => 1,
          '460027' => 1,
          '1020002' => 161,
          '440014' => 9,
          '300011' => 22,
          '470023' => 7,
          '1510000' => 269,
          '1240041' => 1,
          '730010' => 5,
          '400023' => 1,
          '1490149' => 1,
          '490013' => 5,
          '1670018' => 164,
          '1350044' => 11,
          '470010' => 4,
          '600001' => 70,
          '1320042' => 1,
          '1220004' => 365,
          '220020' => 18,
          '310021' => 1,
          '280025' => 1,
          '620026' => 3,
          '1040000' => 254,
          '300030' => 94950,
          '1530031' => 1,
          '1470040' => 1,
          '810080' => 1,
          '750075' => 1,
          '650009' => 2,
          '480008' => 36,
          '890009' => 24,
          '1190107' => 2,
          '590003' => 2,
          '1070002' => 52,
          '1220003' => 1914,
          '1180088' => 120,
          '540002' => 42,
          '240011' => 9,
          '880005' => 13,
          '700002' => 15,
          '540009' => 2,
          '880014' => 2125,
          '1520054' => 1,
          '650044' => 1,
          '580014' => 1,
          '1140024' => 1,
          '230021' => 20,
          '220011' => 16,
          '1640015' => 1,
          '940025' => 104,
          '860052' => 1,
          '950007' => 106,
          '990002' => 16,
          '1610010' => 19,
          '1470002' => 2,
          '980022' => 235,
          '1640009' => 4,
          '770002' => 3,
          '140009' => 8,
          '850011' => 189,
          '360022' => 1,
          '1050010' => 8,
          '50005' => 1817,
          '140012' => 72,
          '470007' => 1,
          '730027' => 1,
          '1010011' => 42,
          '1040011' => 1,
          '400000' => 525,
          '1490010' => 944,
          '990012' => 1,
          '1130073' => 15,
          '180015' => 5,
          '950019' => 1,
          '850002' => 1,
          '1260096' => 4,
          '250013' => 2,
          '640045' => 2,
          '1100003' => 253,
          '860061' => 1,
          '190017' => 166,
          '1340048' => 1,
          '640032' => 1,
          '610001' => 6,
          '810041' => 25,
          '590021' => 9,
          '580001' => 5,
          '930012' => 9,
          '1120023' => 1,
          '640060' => 13,
          '230023' => 369,
          '1340039' => 20,
          '340032' => 1,
          '860003' => 4,
          '740008' => 9,
          '360006' => 21,
          '860009' => 16,
          '210008' => 16,
          '200003' => 423,
          '920017' => 12,
          '170017' => 533,
          '1180024' => 2,
          '110008' => 15,
          '1360005' => 19,
          '770026' => 2,
          '1480024' => 1,
          '270014' => 4,
          '1000002' => 647,
          '70007' => 2651,
          '310006' => 3,
          '820004' => 4,
          '1190020' => 1,
          '1510018' => 44,
          '800000' => 158,
          '750052' => 1,
          '210004' => 2177,
          '1550009' => 62,
          '1150001' => 1201,
          '1220029' => 9,
          '110001' => 249,
          '270012' => 2,
          '780000' => 64,
          '130000' => 1309,
          '920066' => 1,
          '630037' => 3,
          '170012' => 7,
          '330003' => 14,
          '510044' => 27,
          '830017' => 8,
          '1650015' => 5,
          '660006' => 4,
          '520039' => 3,
          '420005' => 1,
          '1290036' => 1,
          '900016' => 129,
          '370001' => 5,
          '980018' => 24,
          '760049' => 15,
          '220002' => 34,
          '680012' => 4,
          '760036' => 10,
          '1080007' => 1,
          '290021' => 2,
          '550000' => 129,
          '810010' => 10,
          '1220015' => 128,
          '1380003' => 9,
          '190001' => 51,
          '1130023' => 27,
          '400017' => 1,
          '360033' => 1,
          '330008' => 3,
          '970007' => 3,
          '710010' => 1,
          '380003' => 4,
          '920071' => 4,
          '100007' => 39,
          '1470010' => 22,
          '1190016' => 2,
          '450005' => 2,
          '1240017' => 1,
          '1330011' => 364,
          '1180001' => 119,
          '1520058' => 63,
          '510046' => 1,
          '1470015' => 18,
          '1360013' => 100,
          '1350022' => 208,
          '190006' => 6,
          '270021' => 15,
          '960009' => 2,
          '440044' => 446,
          '260023' => 1,
          '510026' => 2,
          '1620002' => 64,
          '1150115' => 1,
          '190002' => 25,
          '460001' => 13,
          '670009' => 2,
          '340020' => 1,
          '610004' => 17,
          '990022' => 1,
          '750060' => 1,
          '460004' => 35,
          '600036' => 1,
          '840004' => 52,
          '300022' => 9,
          '410008' => 1,
          '950003' => 388,
          '850055' => 60,
          '470034' => 1,
          '250004' => 311,
          '990019' => 4,
          '50002' => 293,
          '1180033' => 1,
          '460012' => 18,
          '280015' => 2,
          '1170024' => 1,
          '410036' => 1,
          '510031' => 1,
          '1650019' => 9,
          '1090024' => 2,
          '1040009' => 1,
          '130007' => 16,
          '30003' => 5879,
          '1670009' => 239,
          '1340134' => 41,
          '860058' => 1,
          '630005' => 2,
          '1440000' => 4,
          '230015' => 3,
          '1290006' => 22,
          '140005' => 316,
          '670002' => 5,
          '1650071' => 10,
          '1530001' => 33,
          '1120112' => 1,
          '310016' => 3,
          '670004' => 3,
          '790007' => 6,
          '1140016' => 1,
          '760013' => 1,
          '1200004' => 46,
          '1300024' => 1,
          '1220020' => 238,
          '1320003' => 1226,
          '960002' => 160,
          '500003' => 1,
          '1100013' => 20,
          '510012' => 1,
          '870001' => 8,
          '1480002' => 639,
          '1320007' => 6,
          '1140012' => 16,
          '880040' => 3,
          '1410064' => 1,
          '600006' => 2,
          '1010008' => 5,
          '1260004' => 349,
          '1170004' => 228,
          '1460000' => 5661,
          '560048' => 5,
          '450017' => 2,
          '1590133' => 1,
          '600017' => 1,
          '590026' => 1,
          '110010' => 19,
          '910007' => 5,
          '700010' => 5,
          '1210003' => 166,
          '540044' => 5,
          '240021' => 102,
          '260015' => 55,
          '740001' => 6,
          '1390017' => 1,
          '1080024' => 8,
          '1150011' => 1,
          '1510140' => 3,
          '930003' => 139,
          '760002' => 899,
          '1290024' => 73,
          '240016' => 8,
          '680002' => 3,
          '340015' => 8,
          '1010001' => 1449,
          '220014' => 17,
          '400012' => 3,
          '640000' => 473,
          '280006' => 123,
          '570042' => 4,
          '180007' => 6,
          '570000' => 82,
          '80005' => 53,
          '480033' => 4,
          '160003' => 68,
          '120011' => 17,
          '1180118' => 61,
          '920008' => 1,
          '470047' => 5,
          '1150010' => 2,
          '320005' => 6,
          '250010' => 2,
          '600010' => 1,
          '880062' => 1,
          '780007' => 1,
          '1360023' => 8,
          '850038' => 5,
          '1390012' => 1,
          '830024' => 6,
          '1060004' => 75,
          '850006' => 1,
          '1400002' => 2,
          '1580009' => 19,
          '410003' => 6,
          '560024' => 14,
          '1370010' => 11,
          '1280080' => 1,
          '1250002' => 174,
          '950024' => 11,
          '280028' => 51,
          '120009' => 10,
          '1280003' => 6,
          '1260013' => 2,
          '760028' => 2,
          '280000' => 3189,
          '1140020' => 1,
          '970033' => 13,
          '270004' => 374,
          '940002' => 456,
          '1530089' => 414,
          '710002' => 1,
          '1030060' => 8,
          '260020' => 4,
          '1070021' => 104,
          '340004' => 42,
          '170002' => 110,
          '250020' => 4,
          '1230064' => 1,
          '650006' => 5,
          '660024' => 2,
          '190012' => 40,
          '1400011' => 1,
          '440007' => 1,
          '1460146' => 29,
          '1320016' => 5,
          '1090109' => 1
        };
17437548544
