write intervals: 
$VAR1 = {
          '1' => 431156,
          '2' => 167
        };
retention times: 
$VAR1 = {
          '620016' => 2,
          '1090001' => 6750,
          '1380050' => 1,
          '960007' => 3,
          '960078' => 1,
          '160015' => 39,
          '720065' => 21,
          '890004' => 3,
          '1190098' => 56235,
          '500002' => 4,
          '560056' => 37,
          '1340016' => 3,
          '60005' => 1,
          '910019' => 8,
          '960074' => 12,
          '1650004' => 11,
          '1140002' => 41,
          '1630025' => 4,
          '1150005' => 8,
          '430018' => 1,
          '240015' => 9,
          '490043' => 1,
          '300005' => 11,
          '870002' => 1,
          '280003' => 31,
          '1090010' => 2,
          '1430054' => 1,
          '1000093' => 10,
          '1350111' => 1,
          '1640067' => 1,
          '750007' => 3,
          '710065' => 10,
          '960000' => 414706,
          '830000' => 420395,
          '700070' => 280,
          '1270002' => 15,
          '1520152' => 42,
          '920047' => 11,
          '940074' => 2,
          '490026' => 2,
          '1180080' => 31,
          '1190006' => 9,
          '1170007' => 1,
          '1140019' => 29,
          '200004' => 179,
          '480044' => 3,
          '670064' => 15,
          '1320001' => 8964,
          '460014' => 1,
          '320000' => 442700,
          '580033' => 1,
          '1310021' => 1,
          '920016' => 16,
          '290009' => 8,
          '1280128' => 98,
          '490017' => 3,
          '510000' => 423509,
          '1180062' => 31,
          '1670030' => 33,
          '730006' => 3,
          '750001' => 7275,
          '1580023' => 13,
          '940015' => 15,
          '930076' => 9,
          '950076' => 20,
          '1260003' => 3,
          '910068' => 8,
          '940075' => 3,
          '1660004' => 32,
          '1440069' => 1,
          '1330000' => 458639,
          '1180095' => 2,
          '690026' => 3,
          '1370022' => 2,
          '1240004' => 8,
          '1460032' => 1,
          '1380004' => 92,
          '1260126' => 272,
          '1460025' => 1,
          '690005' => 123,
          '1180050' => 1,
          '960096' => 446,
          '1180059' => 2,
          '170016' => 12,
          '200017' => 107,
          '1380000' => 453375,
          '420013' => 11,
          '640063' => 5,
          '150011' => 3,
          '880088' => 617,
          '1440054' => 9,
          '210009' => 6,
          '1380018' => 54,
          '520028' => 6,
          '420042' => 126,
          '1420138' => 21,
          '1400122' => 1,
          '1380013' => 1,
          '1170000' => 410336,
          '720018' => 5,
          '1370024' => 3,
          '1180006' => 26,
          '1180037' => 15,
          '1670006' => 37,
          '1590015' => 3,
          '1590159' => 146,
          '1420020' => 1,
          '140000' => 447571,
          '1180036' => 16,
          '1660143' => 1,
          '1610145' => 10,
          '230001' => 8713,
          '1140094' => 3,
          '1450018' => 4,
          '1400024' => 9,
          '460044' => 8,
          '1480047' => 2,
          '1530153' => 20,
          '1430006' => 32,
          '480023' => 3,
          '1420050' => 15,
          '1640019' => 10,
          '320022' => 3,
          '1580045' => 1,
          '1670037' => 33,
          '450023' => 8,
          '970006' => 1,
          '630000' => 412616,
          '290002' => 30,
          '1470026' => 2,
          '950090' => 3,
          '1660050' => 2,
          '40000' => 465073,
          '1420125' => 1,
          '1180017' => 25,
          '1100014' => 3,
          '1430122' => 1,
          '1210038' => 4,
          '650016' => 20,
          '240023' => 42,
          '190018' => 43,
          '800080' => 46,
          '1490000' => 446062,
          '630049' => 3,
          '1180030' => 1,
          '760023' => 2,
          '1350116' => 4,
          '290006' => 3,
          '1650053' => 2,
          '1550000' => 451240,
          '300000' => 444687,
          '230003' => 125,
          '1180018' => 3,
          '1100000' => 412266,
          '470008' => 3,
          '720024' => 49,
          '190005' => 3,
          '1420006' => 8,
          '1460023' => 13,
          '590059' => 89,
          '1370045' => 4,
          '250007' => 31,
          '50001' => 9359,
          '1170019' => 1,
          '390039' => 159,
          '780078' => 31,
          '1160023' => 15,
          '720038' => 1,
          '1680001' => 1,
          '1280011' => 1,
          '1410002' => 68,
          '620000' => 422861,
          '1170027' => 2,
          '1610017' => 7,
          '180013' => 1,
          '1230013' => 1,
          '1030072' => 2,
          '1640057' => 2,
          '1420027' => 9,
          '1590047' => 34,
          '1440029' => 1,
          '1180045' => 14,
          '1140023' => 14,
          '1070000' => 416664,
          '220005' => 24,
          '1160115' => 2,
          '90002' => 18,
          '240006' => 71,
          '1670088' => 8,
          '320001' => 8065,
          '120012' => 2110,
          '250000' => 447158,
          '1670000' => 642917,
          '230008' => 1,
          '950002' => 51,
          '160001' => 8727,
          '1160097' => 2,
          '1130020' => 19,
          '1360047' => 76,
          '70002' => 26,
          '1370004' => 5,
          '360036' => 29,
          '250001' => 8457,
          '210017' => 84,
          '340000' => 434336,
          '1510076' => 1,
          '530001' => 7627,
          '180018' => 3063,
          '330004' => 1,
          '1310000' => 462698,
          '1300115' => 1,
          '1180054' => 3,
          '850085' => 20,
          '690037' => 1,
          '170000' => 447259,
          '1190025' => 6,
          '1180077' => 1,
          '930002' => 25,
          '870068' => 38,
          '680043' => 1,
          '1130000' => 413755,
          '970071' => 1,
          '1370137' => 403,
          '920087' => 4,
          '570057' => 28,
          '1660007' => 4,
          '800064' => 19,
          '1640142' => 1,
          '1130091' => 23,
          '310001' => 8249,
          '880063' => 21,
          '420004' => 3,
          '900090' => 1011,
          '1270052' => 1,
          '1190113' => 2,
          '1240007' => 2,
          '1450120' => 2,
          '1190002' => 10,
          '270000' => 439307,
          '260004' => 1,
          '1620044' => 2,
          '920002' => 55,
          '210001' => 8767,
          '510006' => 3,
          '770071' => 1,
          '1650144' => 10,
          '440024' => 2,
          '880079' => 14,
          '880067' => 15,
          '1210009' => 8,
          '760076' => 68,
          '500024' => 3,
          '1410001' => 8893,
          '1120093' => 9,
          '900068' => 28,
          '1380049' => 1,
          '270027' => 309,
          '420018' => 11,
          '880002' => 3,
          '1620069' => 16,
          '560008' => 5,
          '1630160' => 3,
          '880070' => 94,
          '200001' => 9179,
          '1620146' => 1,
          '1630145' => 3,
          '720027' => 7,
          '100001' => 8859,
          '1620020' => 10,
          '510004' => 100,
          '910003' => 3,
          '1420072' => 1,
          '1570000' => 449492,
          '1000023' => 1,
          '730028' => 2,
          '470040' => 9,
          '1440024' => 8,
          '1010028' => 8,
          '1150093' => 4,
          '1190009' => 98,
          '930074' => 2,
          '1670164' => 3,
          '350034' => 1,
          '1460001' => 8629,
          '740024' => 3,
          '440000' => 424043,
          '890045' => 1,
          '1670028' => 34,
          '1220005' => 14,
          '1180009' => 15,
          '680020' => 20,
          '1180023' => 20,
          '1210025' => 3,
          '980094' => 9,
          '900064' => 1,
          '650065' => 34,
          '140011' => 3,
          '1110107' => 1,
          '990001' => 6979,
          '1460008' => 24,
          '1640164' => 441,
          '470022' => 16,
          '1420030' => 9,
          '1110020' => 37,
          '1640075' => 1,
          '1200042' => 2,
          '540005' => 2,
          '1660070' => 7,
          '1160003' => 94,
          '1090087' => 1,
          '1360113' => 6,
          '1110000' => 412041,
          '380038' => 51,
          '380001' => 7904,
          '520000' => 422913,
          '1520000' => 446712,
          '770003' => 40,
          '1470001' => 8605,
          '1450140' => 1,
          '950020' => 58,
          '900069' => 2,
          '1440072' => 8,
          '1140001' => 6867,
          '700001' => 7408,
          '730024' => 26,
          '720006' => 1,
          '1660002' => 1,
          '1650001' => 8259,
          '700017' => 1,
          '1430007' => 2,
          '260016' => 5,
          '720048' => 3,
          '590038' => 1,
          '1630021' => 2,
          '1170003' => 131,
          '480016' => 9,
          '980026' => 161,
          '960003' => 60,
          '70001' => 9197,
          '1670149' => 6,
          '80008' => 2238,
          '1650000' => 436480,
          '1380022' => 20,
          '210018' => 9,
          '1040090' => 1,
          '1020102' => 203,
          '780071' => 1,
          '200000' => 447463,
          '200019' => 14,
          '570001' => 7402,
          '940071' => 3,
          '1600018' => 1,
          '1640003' => 17,
          '1610068' => 2,
          '1450027' => 1,
          '1440020' => 8,
          '40001' => 9313,
          '1340047' => 2,
          '940003' => 17,
          '1450031' => 3,
          '1420128' => 1,
          '1210007' => 4,
          '890086' => 9,
          '980002' => 11,
          '1180104' => 64,
          '330014' => 1,
          '460002' => 11,
          '1360024' => 34,
          '1150098' => 1,
          '40004' => 3725,
          '390017' => 381,
          '770077' => 71,
          '710069' => 3,
          '1170023' => 17,
          '740002' => 19,
          '510003' => 5,
          '1160004' => 15,
          '530053' => 61,
          '60000' => 461126,
          '440004' => 49,
          '240017' => 179,
          '650003' => 2,
          '1420051' => 1,
          '410016' => 8,
          '1490052' => 1,
          '380016' => 3,
          '1390049' => 4,
          '130013' => 1982,
          '1410023' => 1,
          '1230049' => 1,
          '710016' => 2,
          '890016' => 28,
          '180004' => 480,
          '1670012' => 15,
          '120004' => 20,
          '1200100' => 8,
          '800055' => 1,
          '1400121' => 1,
          '1190000' => 496380,
          '890069' => 6,
          '1400028' => 148,
          '890022' => 16,
          '290005' => 8,
          '350000' => 434819,
          '1520034' => 2,
          '1380028' => 1,
          '1030003' => 20,
          '740072' => 2,
          '370030' => 1,
          '1270006' => 9,
          '1050009' => 8,
          '600037' => 1,
          '1610001' => 8354,
          '1190028' => 11,
          '730002' => 13,
          '690069' => 271,
          '1620004' => 54,
          '700044' => 2,
          '950073' => 44,
          '1230003' => 9,
          '940019' => 6,
          '1660048' => 2,
          '410019' => 29,
          '1150019' => 1,
          '1500150' => 22,
          '1380113' => 1,
          '750005' => 3,
          '1580072' => 21,
          '100006' => 3,
          '1020026' => 10,
          '450026' => 11,
          '510051' => 111,
          '400018' => 4,
          '350009' => 1,
          '780003' => 5,
          '240002' => 268,
          '1080001' => 6765,
          '1160022' => 2,
          '530005' => 3,
          '1200026' => 2,
          '1370120' => 44,
          '400040' => 203,
          '1490072' => 2,
          '1120015' => 4,
          '1410048' => 4,
          '1590023' => 4,
          '1100096' => 20,
          '280001' => 8348,
          '430001' => 7867,
          '1130024' => 415,
          '980015' => 1,
          '1110086' => 8,
          '900070' => 1,
          '720068' => 1,
          '1300000' => 453214,
          '1180002' => 26,
          '280020' => 3,
          '1670001' => 8232,
          '880059' => 176,
          '280018' => 15,
          '1260026' => 2,
          '890001' => 7237,
          '760012' => 1,
          '1350046' => 19,
          '1200030' => 2,
          '590007' => 2,
          '870070' => 6,
          '430023' => 1,
          '1420003' => 22,
          '1150114' => 1,
          '1100089' => 18,
          '1640141' => 3,
          '1280024' => 8,
          '1420053' => 1,
          '1400124' => 2,
          '1180094' => 32,
          '1200006' => 19,
          '370015' => 1,
          '1100061' => 2,
          '750069' => 22,
          '560006' => 4,
          '350031' => 2,
          '440017' => 31,
          '1020001' => 6981,
          '640005' => 24,
          '1180087' => 15,
          '1340017' => 108,
          '1200115' => 1,
          '1620024' => 6,
          '1120018' => 89,
          '480009' => 1,
          '370002' => 11,
          '1130090' => 2,
          '310000' => 436957,
          '1360019' => 17,
          '1670162' => 11,
          '1610042' => 5,
          '110002' => 13,
          '290029' => 447,
          '700064' => 6,
          '670018' => 13,
          '1610043' => 2,
          '1640053' => 39,
          '800003' => 3,
          '1360016' => 12,
          '540001' => 7624,
          '220001' => 8789,
          '1170099' => 2,
          '390004' => 6,
          '450016' => 3,
          '890073' => 552,
          '920092' => 3796,
          '260024' => 2,
          '1120022' => 9,
          '650000' => 421541,
          '940024' => 1,
          '1450048' => 3,
          '1650045' => 2,
          '1610024' => 2,
          '990021' => 6,
          '770064' => 13,
          '900060' => 2,
          '680016' => 16,
          '780075' => 3,
          '1150020' => 12,
          '1590072' => 14,
          '170004' => 6,
          '260021' => 2,
          '1450072' => 1,
          '1150026' => 49,
          '330000' => 440371,
          '1050000' => 415501,
          '180014' => 7,
          '1080108' => 32,
          '1670152' => 1,
          '1200019' => 4,
          '1380122' => 3,
          '480000' => 425730,
          '470026' => 9,
          '540024' => 2,
          '680000' => 419409,
          '1580001' => 8396,
          '1430045' => 5,
          '1370000' => 457137,
          '210005' => 46,
          '70000' => 459877,
          '1150000' => 413909,
          '660000' => 418547,
          '1440004' => 13,
          '580000' => 423923,
          '70006' => 1,
          '480027' => 3,
          '1430002' => 6,
          '1030099' => 1,
          '1430003' => 15,
          '1220000' => 466736,
          '1610018' => 3,
          '230016' => 12,
          '970003' => 19,
          '1200046' => 5,
          '1400116' => 11,
          '150000' => 454761,
          '1180109' => 14,
          '940094' => 714,
          '410037' => 2,
          '1400001' => 8850,
          '720023' => 44,
          '1620016' => 21,
          '940020' => 7,
          '1180060' => 1,
          '1470051' => 6,
          '310020' => 2,
          '1330133' => 22,
          '960021' => 11,
          '1180112' => 45,
          '1170117' => 598,
          '1470008' => 8,
          '290024' => 10,
          '300006' => 6,
          '570002' => 3,
          '1150018' => 4,
          '490044' => 2,
          '940065' => 3,
          '250017' => 143,
          '1230046' => 21,
          '950006' => 1,
          '1440120' => 1,
          '990095' => 1,
          '1190030' => 1,
          '220021' => 6,
          '710063' => 2,
          '1390123' => 2,
          '920072' => 9,
          '1100110' => 190,
          '1370015' => 11,
          '1400054' => 1,
          '500050' => 87,
          '1350040' => 21,
          '730013' => 3,
          '1350041' => 8,
          '1420120' => 7,
          '500048' => 1,
          '1350009' => 1,
          '220017' => 14,
          '1130087' => 7,
          '1670045' => 1,
          '920074' => 57,
          '640044' => 1,
          '1180027' => 8,
          '1480148' => 27,
          '310025' => 3,
          '1180010' => 18,
          '20002' => 3140,
          '1390116' => 4,
          '1510072' => 3,
          '520004' => 144,
          '400011' => 3,
          '590000' => 425134,
          '710020' => 4,
          '1430143' => 472,
          '1230121' => 1,
          '1390135' => 1,
          '1160027' => 118,
          '720003' => 123,
          '780064' => 24,
          '1650026' => 3,
          '1210032' => 1,
          '1660027' => 1,
          '720015' => 1,
          '430020' => 3,
          '1180081' => 48,
          '150015' => 2661,
          '1110024' => 75,
          '1190048' => 5,
          '1580017' => 3,
          '1120000' => 419924,
          '1000026' => 11,
          '1670049' => 3,
          '1240005' => 15,
          '460022' => 7,
          '1520024' => 8,
          '1420021' => 38,
          '1610045' => 8,
          '270019' => 12,
          '1430022' => 4,
          '1620000' => 443071,
          '1120092' => 36,
          '210006' => 35,
          '720070' => 11,
          '1440055' => 3,
          '1380001' => 8985,
          '1260011' => 1,
          '640056' => 5,
          '690024' => 1,
          '1400006' => 3,
          '1170054' => 6,
          '1450004' => 5,
          '1600021' => 2,
          '250023' => 5,
          '1370023' => 21,
          '890021' => 19,
          '690027' => 1,
          '1470029' => 13,
          '1380138' => 659,
          '1590021' => 44,
          '80004' => 476,
          '1180035' => 32,
          '880024' => 32,
          '1420139' => 1,
          '890063' => 7,
          '740023' => 7,
          '1200095' => 1,
          '240008' => 5,
          '1380019' => 26,
          '1180096' => 16,
          '450022' => 15,
          '130001' => 8723,
          '1180007' => 38,
          '250025' => 1229,
          '1140097' => 5,
          '1610073' => 5,
          '200012' => 8,
          '1150086' => 5,
          '1370021' => 10,
          '1190119' => 376,
          '480048' => 470,
          '1670007' => 4,
          '1670112' => 52,
          '870073' => 1,
          '1210002' => 10,
          '710026' => 2,
          '1180019' => 3,
          '1400023' => 20,
          '720004' => 81,
          '150010' => 12,
          '1390015' => 8,
          '460043' => 1,
          '510024' => 6,
          '290000' => 443955,
          '1180063' => 1,
          '230002' => 88,
          '320029' => 1,
          '450019' => 1,
          '1100001' => 6753,
          '250002' => 12,
          '1270004' => 4,
          '90000' => 456830,
          '1670032' => 1,
          '480022' => 8,
          '770000' => 424126,
          '890077' => 8,
          '1560156' => 20,
          '1130017' => 19,
          '1470027' => 3,
          '980044' => 2,
          '280022' => 1,
          '1140110' => 1,
          '1230000' => 469978,
          '200016' => 60,
          '1620022' => 2,
          '1660145' => 1,
          '290007' => 3,
          '460006' => 3,
          '1160024' => 11,
          '890015' => 2,
          '1160100' => 26,
          '1400048' => 4,
          '1200010' => 4,
          '1160052' => 1,
          '980075' => 1,
          '930025' => 10,
          '190000' => 454238,
          '1250006' => 10,
          '730005' => 1,
          '1480001' => 8581,
          '960001' => 7101,
          '950077' => 25,
          '960079' => 133,
          '1420000' => 444269,
          '490021' => 7,
          '1120087' => 2,
          '660016' => 7,
          '120002' => 3,
          '960075' => 15,
          '470000' => 426731,
          '460040' => 53,
          '1260002' => 11,
          '550001' => 7591,
          '1180110' => 15,
          '440008' => 4,
          '1390000' => 452920,
          '700068' => 12,
          '1100008' => 3,
          '1350119' => 1,
          '60006' => 2152,
          '930093' => 1304,
          '960080' => 1,
          '450036' => 1,
          '600060' => 20,
          '340033' => 1,
          '180001' => 8891,
          '930018' => 13,
          '550055' => 54,
          '1010101' => 29,
          '1180012' => 16,
          '690010' => 2,
          '1330001' => 8948,
          '410041' => 84,
          '600038' => 1,
          '560004' => 45,
          '1170006' => 36,
          '280004' => 256,
          '260013' => 3,
          '1640022' => 3,
          '1170102' => 9,
          '720049' => 1,
          '1630024' => 32,
          '770075' => 1,
          '1360046' => 1,
          '300004' => 2,
          '1060000' => 421900,
          '140010' => 15,
          '1660166' => 306,
          '1500038' => 1,
          '1190024' => 83,
          '390015' => 7,
          '1340110' => 6,
          '1440025' => 2,
          '710071' => 266,
          '270024' => 5,
          '1190007' => 26,
          '1340120' => 1,
          '1580024' => 9,
          '930070' => 2,
          '940076' => 26,
          '1090108' => 1,
          '1660005' => 4,
          '1100019' => 16,
          '10000' => 1684629,
          '1630000' => 436116,
          '1190003' => 19,
          '750002' => 16,
          '420024' => 18,
          '1070095' => 2,
          '690000' => 427612,
          '1670146' => 16,
          '1010006' => 8,
          '80002' => 47,
          '1630146' => 3,
          '1190099' => 2,
          '420001' => 7846,
          '160004' => 12,
          '470005' => 2,
          '1000092' => 2,
          '700045' => 1,
          '1040001' => 6852,
          '1190112' => 10,
          '1610020' => 17,
          '1370001' => 9020,
          '350001' => 7985,
          '860024' => 25,
          '1340008' => 2,
          '960016' => 28,
          '1420026' => 3,
          '1620145' => 1,
          '260025' => 1,
          '1160098' => 6,
          '1390024' => 26,
          '1370070' => 3,
          '1390119' => 7,
          '400001' => 7849,
          '920001' => 7123,
          '1100029' => 2,
          '50004' => 83,
          '1160096' => 83,
          '1330004' => 5,
          '1240022' => 13,
          '950016' => 8,
          '1590048' => 1,
          '350035' => 72,
          '1620076' => 1,
          '520022' => 3,
          '450045' => 164,
          '910000' => 416151,
          '1590000' => 432915,
          '290025' => 2,
          '1600145' => 3,
          '1390120' => 1,
          '740066' => 8,
          '310024' => 4,
          '810001' => 7183,
          '630001' => 7370,
          '1350135' => 4567,
          '300027' => 1,
          '300001' => 8297,
          '900071' => 20,
          '1100024' => 35,
          '740004' => 21,
          '940087' => 1,
          '950041' => 1,
          '780005' => 4,
          '550002' => 3,
          '1600070' => 1,
          '440001' => 7834,
          '1620046' => 1,
          '540027' => 1,
          '1360112' => 9,
          '1500026' => 3,
          '1540000' => 446005,
          '1670025' => 1,
          '1390021' => 18,
          '440016' => 17,
          '270007' => 15,
          '1350021' => 24,
          '60002' => 37,
          '710047' => 11,
          '1480004' => 8,
          '1100047' => 174,
          '670015' => 8,
          '1170030' => 6,
          '380000' => 433089,
          '620003' => 3,
          '1500000' => 452047,
          '1670165' => 32,
          '200020' => 4860,
          '1210102' => 1,
          '1220121' => 1,
          '920069' => 8,
          '760025' => 2,
          '1350121' => 5,
          '750003' => 3,
          '320032' => 66,
          '1150004' => 29,
          '170005' => 6,
          '930047' => 18,
          '1180046' => 20,
          '290022' => 17,
          '1150008' => 8,
          '1130113' => 1109,
          '670036' => 1,
          '390000' => 432507,
          '830034' => 1,
          '190019' => 2892,
          '950027' => 1,
          '160012' => 35,
          '1110108' => 2,
          '240007' => 9,
          '1420126' => 2,
          '1180102' => 16,
          '1170028' => 4,
          '220004' => 632,
          '990004' => 65,
          '650001' => 7403,
          '430017' => 8,
          '1360001' => 8943,
          '1180078' => 14,
          '870024' => 4,
          '950001' => 7108,
          '1380115' => 3,
          '1340001' => 8948,
          '180012' => 1,
          '720066' => 4,
          '1510151' => 1371,
          '760000' => 425011,
          '1140022' => 12,
          '1370046' => 1,
          '1430005' => 37,
          '490016' => 1,
          '1480025' => 15,
          '1610048' => 11,
          '1150094' => 1,
          '650046' => 1,
          '1140018' => 68,
          '160000' => 452418,
          '1640021' => 1,
          '330005' => 20,
          '880064' => 43,
          '910070' => 17,
          '870069' => 5,
          '1130026' => 5,
          '1270125' => 8,
          '530000' => 427772,
          '1180089' => 16,
          '310004' => 99,
          '670021' => 5,
          '1420028' => 2,
          '860000' => 408804,
          '350002' => 27,
          '1170018' => 10,
          '680068' => 228,
          '110003' => 1,
          '890024' => 11,
          '1600016' => 12,
          '610000' => 423707,
          '220013' => 9,
          '1480053' => 1,
          '1200028' => 126,
          '1320000' => 446939,
          '720072' => 714,
          '880068' => 7,
          '960026' => 4,
          '1660022' => 1,
          '490006' => 13,
          '1420049' => 3,
          '1430120' => 9,
          '1080000' => 417345,
          '1180071' => 15,
          '1420052' => 1,
          '990028' => 1,
          '440026' => 6,
          '1610002' => 44,
          '1400000' => 454339,
          '380034' => 1,
          '1450001' => 8716,
          '780002' => 13,
          '1640047' => 5,
          '280002' => 28,
          '640004' => 9,
          '350006' => 3,
          '1120001' => 6778,
          '660066' => 142,
          '890065' => 59,
          '1000001' => 6993,
          '1250004' => 9,
          '1340118' => 1,
          '1510039' => 1,
          '130005' => 3,
          '700023' => 3,
          '480040' => 98,
          '1110015' => 22,
          '1380116' => 21,
          '1400044' => 3,
          '1040104' => 84,
          '1660047' => 31,
          '260003' => 56,
          '1100095' => 1,
          '1120014' => 26,
          '950005' => 23,
          '1170077' => 2,
          '430000' => 433097,
          '1200023' => 131,
          '890000' => 420802,
          '500001' => 7711,
          '1180053' => 16,
          '500027' => 4,
          '1180032' => 16,
          '1000030' => 7,
          '910005' => 1,
          '190004' => 9,
          '1610025' => 254,
          '1470147' => 42,
          '1370017' => 128,
          '430024' => 1,
          '1180003' => 57,
          '730049' => 1,
          '320004' => 90,
          '460026' => 3,
          '1130025' => 5,
          '460008' => 5,
          '90003' => 18,
          '1200099' => 3,
          '380021' => 1,
          '50000' => 462575,
          '1420004' => 25,
          '1200007' => 8,
          '1410121' => 17,
          '460010' => 2,
          '1180092' => 18,
          '1640002' => 3,
          '1360135' => 2,
          '1560000' => 450257,
          '280023' => 7,
          '1180004' => 83,
          '1250125' => 36,
          '730048' => 28,
          '1160028' => 1,
          '720000' => 416616,
          '1440127' => 1,
          '1120025' => 2,
          '960004' => 68,
          '970027' => 10,
          '1580016' => 10,
          '320007' => 4,
          '300024' => 19,
          '740003' => 21,
          '1170079' => 2,
          '930005' => 87,
          '170009' => 8,
          '560000' => 424882,
          '980027' => 2,
          '900000' => 416580,
          '1580020' => 57,
          '30000' => 467559,
          '1240000' => 462778,
          '1180073' => 32,
          '940072' => 1,
          '1140114' => 532,
          '1170002' => 25,
          '1620144' => 1,
          '1460029' => 1,
          '740027' => 3,
          '1390004' => 18,
          '1180014' => 21,
          '700018' => 2,
          '470019' => 1,
          '1670057' => 5,
          '1460054' => 13,
          '380014' => 1,
          '710038' => 1,
          '1460053' => 1,
          '710000' => 422262,
          '940004' => 232,
          '1110110' => 1,
          '1670002' => 29,
          '1620141' => 1,
          '260022' => 3,
          '1380023' => 37,
          '1670159' => 1,
          '1420046' => 1,
          '420019' => 29,
          '1210006' => 27,
          '510002' => 22,
          '1360021' => 6,
          '1290001' => 9022,
          '580058' => 39,
          '460019' => 1,
          '600040' => 1,
          '1020000' => 420956,
          '220016' => 19,
          '950022' => 10,
          '1280001' => 9022,
          '1110089' => 3,
          '380005' => 6,
          '1380014' => 2,
          '790001' => 7275,
          '730001' => 7374,
          '1370049' => 1,
          '760003' => 62,
          '1650002' => 12,
          '860072' => 21,
          '500034' => 1,
          '1190001' => 9454,
          '1100015' => 8,
          '240018' => 51,
          '480047' => 1,
          '880072' => 5,
          '970002' => 1,
          '40003' => 86,
          '1150095' => 1,
          '1470078' => 3,
          '890089' => 1271,
          '740067' => 21,
          '470016' => 109,
          '1160019' => 2,
          '410001' => 7869,
          '1660025' => 9,
          '550051' => 2,
          '970097' => 191,
          '540046' => 14,
          '920005' => 20,
          '280007' => 3,
          '890068' => 15,
          '60001' => 9342,
          '1660031' => 8,
          '370005' => 2,
          '1430001' => 8815,
          '1420121' => 2,
          '630015' => 13,
          '1630140' => 1,
          '170015' => 33,
          '1460002' => 8,
          '880082' => 1,
          '550027' => 4,
          '1190095' => 2,
          '220008' => 3,
          '590012' => 3,
          '1410006' => 4,
          '1220001' => 9195,
          '610061' => 35,
          '1670079' => 2,
          '1260033' => 4,
          '1170022' => 1,
          '1160042' => 1,
          '1200098' => 1,
          '880042' => 3,
          '1340024' => 19,
          '1670051' => 1,
          '450041' => 2,
          '1180011' => 18,
          '1390019' => 18,
          '160008' => 9,
          '850021' => 4,
          '410024' => 24,
          '250018' => 19,
          '1470023' => 3,
          '1670029' => 17,
          '550009' => 7,
          '90006' => 1,
          '490002' => 14,
          '230007' => 11,
          '420020' => 2,
          '1120002' => 8,
          '750072' => 137,
          '100002' => 11,
          '520003' => 1,
          '500049' => 2,
          '1180026' => 4,
          '790079' => 1924,
          '1400136' => 3,
          '1370113' => 16,
          '1540001' => 8445,
          '540007' => 1,
          '1400020' => 13,
          '970023' => 1,
          '970090' => 1,
          '510021' => 4,
          '1360002' => 9,
          '1270001' => 9123,
          '1420007' => 1,
          '20001' => 9658,
          '1410141' => 314,
          '1670046' => 113,
          '1440026' => 2,
          '1380020' => 38,
          '1620042' => 5,
          '940093' => 4,
          '1180086' => 17,
          '900023' => 3,
          '1640077' => 1,
          '1230050' => 5,
          '430021' => 12,
          '1570001' => 8430,
          '160016' => 3970,
          '1650027' => 2,
          '680064' => 19,
          '1110001' => 6737,
          '740020' => 1,
          '1200047' => 65,
          '1550037' => 2,
          '1470000' => 450836,
          '720016' => 11,
          '390007' => 4,
          '360004' => 4,
          '1210121' => 293,
          '1350047' => 3,
          '530028' => 1,
          '700004' => 2,
          '1040024' => 8,
          '1200002' => 131,
          '690001' => 7386,
          '380024' => 1,
          '140014' => 4485,
          '1360018' => 23,
          '1650046' => 1,
          '320010' => 1,
          '730025' => 3,
          '980024' => 1,
          '940023' => 2,
          '800002' => 4,
          '1620026' => 5,
          '750055' => 8,
          '1520001' => 8492,
          '850000' => 418855,
          '1160000' => 415428,
          '230017' => 11,
          '870061' => 8,
          '1640048' => 1,
          '470044' => 3,
          '1350114' => 3,
          '890072' => 8,
          '1430027' => 6,
          '220000' => 452191,
          '1640025' => 10,
          '970005' => 23,
          '1580136' => 1,
          '150013' => 2,
          '920019' => 25,
          '700048' => 4,
          '900002' => 12,
          '130002' => 8,
          '1150025' => 21,
          '340030' => 1,
          '1100086' => 8,
          '1130043' => 2,
          '230000' => 446783,
          '70005' => 18,
          '1380043' => 1,
          '1200114' => 1,
          '970019' => 3,
          '1580119' => 5,
          '1360043' => 2,
          '180000' => 454102,
          '530004' => 13,
          '1320125' => 1,
          '1440067' => 4,
          '440021' => 9,
          '660001' => 7381,
          '1580015' => 7,
          '700065' => 8,
          '290003' => 33,
          '1050003' => 1,
          '1130018' => 2,
          '1620162' => 296,
          '150003' => 3,
          '1030011' => 1,
          '480001' => 7786,
          '1050001' => 6827,
          '900089' => 1,
          '270003' => 41,
          '1370042' => 112,
          '1620023' => 8,
          '240003' => 20,
          '680001' => 7391,
          '210021' => 58521,
          '1190101' => 3,
          '1180106' => 34,
          '990099' => 97,
          '180017' => 52,
          '1400005' => 10,
          '170010' => 16,
          '920068' => 145,
          '980098' => 237,
          '1130021' => 19,
          '260008' => 2,
          '930000' => 419562,
          '1290004' => 5,
          '910073' => 20,
          '1350048' => 6,
          '990030' => 1,
          '1460072' => 1,
          '900072' => 4,
          '1220058' => 3,
          '730073' => 865,
          '1360000' => 455081,
          '1480000' => 444715,
          '90008' => 8,
          '1670167' => 984,
          '1060106' => 20,
          '1430004' => 20,
          '170006' => 2,
          '790024' => 3,
          '630024' => 449,
          '1170025' => 5,
          '590031' => 1,
          '1310046' => 1,
          '640023' => 8,
          '910075' => 1,
          '1100087' => 3,
          '1250000' => 462736,
          '1180113' => 28,
          '1420029' => 8,
          '1480030' => 1,
          '330006' => 4,
          '1070107' => 35,
          '980029' => 4,
          '520006' => 1,
          '1180013' => 32,
          '240004' => 254,
          '470043' => 2,
          '890071' => 3,
          '900020' => 3,
          '1180047' => 32,
          '320024' => 15,
          '1110022' => 53,
          '1620049' => 2,
          '1460003' => 25,
          '880065' => 69,
          '1260107' => 1,
          '930017' => 2,
          '1230053' => 11,
          '1220022' => 3,
          '880069' => 12,
          '970004' => 14,
          '1200113' => 1,
          '1170097' => 47,
          '1370043' => 1,
          '1200120' => 926,
          '30001' => 9517,
          '1350011' => 4,
          '600039' => 2,
          '1490039' => 1,
          '1360049' => 2,
          '1490023' => 10,
          '1670093' => 3,
          '1390069' => 3,
          '70004' => 52,
          '980093' => 2,
          '680004' => 50,
          '1290129' => 21,
          '260006' => 15,
          '1170094' => 1,
          '670000' => 421285,
          '700046' => 2,
          '960027' => 9,
          '1400022' => 3,
          '1110090' => 1,
          '180016' => 19,
          '700020' => 8,
          '1650165' => 265,
          '1620021' => 1,
          '360032' => 2,
          '130004' => 6,
          '1390001' => 8908,
          '270002' => 27,
          '1640001' => 8276,
          '540000' => 423186,
          '550024' => 2,
          '1670143' => 51,
          '460021' => 3,
          '220007' => 4,
          '1610021' => 4,
          '440022' => 1,
          '1670016' => 46,
          '790000' => 420150,
          '600004' => 9,
          '1180021' => 7,
          '630016' => 3,
          '1120091' => 22,
          '1200044' => 1,
          '870063' => 6,
          '870086' => 1,
          '1670014' => 31,
          '80003' => 59,
          '1320132' => 2,
          '1050105' => 21,
          '1390044' => 8,
          '1230118' => 22,
          '1390121' => 10,
          '1410021' => 5,
          '1210027' => 2,
          '330017' => 1,
          '1120017' => 52,
          '230010' => 1,
          '760030' => 1,
          '1380045' => 3,
          '880000' => 417251,
          '960019' => 1,
          '270006' => 7,
          '950004' => 63,
          '1160001' => 6705,
          '1310114' => 2,
          '1390023' => 4,
          '490049' => 168,
          '330001' => 8050,
          '1210023' => 3,
          '1210001' => 9271,
          '810000' => 418290,
          '720025' => 194,
          '1590001' => 8396,
          '1630163' => 223,
          '820001' => 7163,
          '820082' => 31,
          '530029' => 1,
          '1450022' => 3,
          '150002' => 4,
          '250003' => 15,
          '1670160' => 5,
          '670020' => 8,
          '420000' => 429715,
          '760051' => 1,
          '1450024' => 14,
          '910001' => 7197,
          '500047' => 6,
          '1410004' => 25,
          '770001' => 7292,
          '330032' => 1,
          '1600001' => 8383,
          '780047' => 1,
          '230018' => 22,
          '1500001' => 8553,
          '780004' => 12,
          '680024' => 12,
          '1430051' => 2,
          '1600136' => 1,
          '1130016' => 5,
          '1160025' => 6,
          '1640076' => 1,
          '990003' => 40,
          '1230123' => 275,
          '980005' => 3,
          '1360111' => 5,
          '1580021' => 1,
          '720001' => 7377,
          '180011' => 213,
          '1580000' => 432286,
          '1260001' => 9126,
          '1160018' => 8,
          '1430023' => 3,
          '900087' => 1,
          '180002' => 45,
          '1340000' => 444893,
          '490041' => 1,
          '1460052' => 5,
          '1430065' => 1,
          '490024' => 119,
          '710070' => 56,
          '960005' => 2,
          '1000004' => 20,
          '580035' => 1,
          '1200025' => 37,
          '400008' => 8,
          '410018' => 2,
          '720067' => 1,
          '890002' => 19,
          '1370020' => 41,
          '1150096' => 25,
          '360000' => 433231,
          '160013' => 24,
          '940005' => 15,
          '40002' => 112,
          '1020010' => 7,
          '390036' => 2,
          '1060001' => 6796,
          '930024' => 6,
          '1410117' => 3,
          '1440031' => 1,
          '720020' => 36,
          '750009' => 1,
          '1440144' => 433,
          '970041' => 2,
          '700069' => 3,
          '1250007' => 1,
          '660065' => 8,
          '890043' => 12,
          '390001' => 7877,
          '1450045' => 10,
          '1360020' => 25,
          '1400026' => 20,
          '340001' => 8022,
          '170014' => 128,
          '1110111' => 449,
          '250024' => 60,
          '1600037' => 2,
          '20000' => 462388,
          '460024' => 3,
          '300003' => 6,
          '1530004' => 5,
          '1110093' => 4,
          '1180029' => 9,
          '750004' => 67,
          '220022' => 2806,
          '920070' => 14,
          '1660000' => 425596,
          '1500147' => 3,
          '350003' => 7,
          '480042' => 1,
          '460016' => 10,
          '950074' => 7,
          '480025' => 93,
          '920004' => 11,
          '1630001' => 8292,
          '480017' => 94,
          '1340025' => 25,
          '190011' => 1,
          '1370019' => 3,
          '1370013' => 10,
          '1640023' => 8,
          '1160116' => 975,
          '240024' => 3056,
          '1140000' => 414983,
          '1180039' => 17,
          '690025' => 2,
          '560001' => 7456,
          '1670021' => 16,
          '1180052' => 17,
          '310031' => 113,
          '200018' => 11,
          '120001' => 8780,
          '390016' => 21,
          '770072' => 2,
          '230005' => 228,
          '80001' => 8879,
          '500023' => 3,
          '940091' => 11,
          '1440002' => 14,
          '590001' => 7383,
          '1440052' => 121,
          '1150022' => 6,
          '1030001' => 6935,
          '1670004' => 4,
          '540054' => 83,
          '830064' => 26,
          '1490002' => 4,
          '1670033' => 15,
          '980000' => 414690,
          '700027' => 14,
          '1420103' => 1,
          '690003' => 3,
          '790075' => 1,
          '920024' => 3,
          '1180098' => 15,
          '450018' => 7,
          '1180067' => 16,
          '1540036' => 1,
          '690064' => 13,
          '210020' => 3,
          '1300130' => 4,
          '1230001' => 9163,
          '1230008' => 2,
          '1670166' => 2,
          '970000' => 424526,
          '700000' => 419009,
          '890067' => 17,
          '960072' => 3,
          '1610022' => 14,
          '940000' => 420509,
          '1580144' => 6,
          '470002' => 33,
          '1140092' => 14,
          '1390138' => 6,
          '920003' => 37,
          '710017' => 84,
          '1400049' => 1,
          '1200009' => 8,
          '150006' => 2,
          '460046' => 298,
          '1200020' => 13,
          '1240002' => 31,
          '1660071' => 1,
          '1420016' => 227,
          '1610143' => 1,
          '690048' => 3,
          '1350024' => 57,
          '1630020' => 2,
          '1180069' => 16,
          '210002' => 38,
          '1410000' => 453791,
          '950048' => 1,
          '1650050' => 2,
          '210007' => 1,
          '1240001' => 9161,
          '650045' => 1,
          '230020' => 8,
          '1290000' => 457438,
          '1130093' => 4,
          '730000' => 421001,
          '1380021' => 4,
          '1190116' => 1,
          '910087' => 1,
          '210016' => 14,
          '1620075' => 1,
          '190016' => 1,
          '260010' => 5,
          '1340019' => 1,
          '1610040' => 4,
          '1410038' => 3,
          '950008' => 11,
          '470006' => 24,
          '300002' => 11,
          '1220122' => 69,
          '1140025' => 33,
          '230006' => 31,
          '310003' => 93,
          '1350020' => 25,
          '1580139' => 1,
          '1490001' => 8577,
          '210003' => 55,
          '1470024' => 12,
          '1570040' => 2,
          '1200116' => 1,
          '910067' => 5,
          '1310131' => 4,
          '910023' => 3,
          '1120024' => 1,
          '1180015' => 4,
          '800001' => 7180,
          '950000' => 418519,
          '620062' => 52,
          '690013' => 4,
          '1070018' => 11,
          '420006' => 8,
          '670067' => 206,
          '1380120' => 1,
          '1600160' => 247,
          '980001' => 7002,
          '1420142' => 3622,
          '1430000' => 452522,
          '290020' => 1,
          '840001' => 7116,
          '230022' => 8,
          '650019' => 1,
          '820064' => 9,
          '460042' => 2,
          '1390005' => 3,
          '1190023' => 1,
          '1570157' => 1,
          '1350018' => 60,
          '1150024' => 8,
          '1370002' => 2,
          '1140047' => 1,
          '300008' => 7,
          '1540154' => 20,
          '1210103' => 1,
          '860001' => 7098,
          '970001' => 6987,
          '1420116' => 1,
          '880071' => 10,
          '1180025' => 19,
          '1180056' => 1,
          '770016' => 1,
          '330033' => 44,
          '1100016' => 267,
          '320009' => 1,
          '290004' => 5,
          '830083' => 22,
          '360005' => 2,
          '490008' => 20,
          '950023' => 4,
          '330024' => 1,
          '1180079' => 1,
          '1180107' => 15,
          '1240124' => 88,
          '220003' => 294,
          '1150028' => 8,
          '1390139' => 232,
          '1180022' => 33,
          '1670052' => 1,
          '930069' => 22,
          '1020007' => 3,
          '1120021' => 6,
          '210019' => 2,
          '1270127' => 46,
          '1270009' => 1,
          '260026' => 442,
          '480003' => 2,
          '660033' => 1,
          '900003' => 3,
          '1670136' => 63,
          '1420122' => 12,
          '1230005' => 28,
          '640046' => 11,
          '250006' => 12,
          '540003' => 84,
          '1190017' => 30,
          '260002' => 14,
          '1430049' => 1,
          '530025' => 17,
          '160010' => 4,
          '1110016' => 31,
          '1100108' => 2,
          '910090' => 1,
          '490025' => 9,
          '370004' => 2,
          '1370018' => 12,
          '1110035' => 2,
          '470024' => 3,
          '300016' => 1,
          '920000' => 418728,
          '810081' => 51,
          '310027' => 1,
          '430015' => 3,
          '460028' => 1,
          '1560001' => 8430,
          '350004' => 6,
          '1390118' => 2,
          '530031' => 2,
          '1100023' => 6,
          '1350043' => 2,
          '830038' => 1,
          '320003' => 1,
          '840000' => 422058,
          '1160029' => 23,
          '1130089' => 77,
          '240020' => 161,
          '1150012' => 4,
          '1380017' => 5,
          '1180083' => 33,
          '700003' => 8,
          '590035' => 1,
          '1650161' => 4,
          '880087' => 1,
          '930001' => 7113,
          '900001' => 7250,
          '970073' => 8,
          '930004' => 51,
          '1360115' => 1,
          '440013' => 4,
          '1530000' => 449349,
          '1200001' => 9328,
          '1250124' => 1,
          '230019' => 16,
          '980004' => 26,
          '500039' => 8,
          '640016' => 41,
          '880022' => 1,
          '1260005' => 6,
          '1180074' => 41,
          '420038' => 2,
          '1670035' => 16,
          '860086' => 235,
          '1030000' => 405904,
          '1180100' => 17,
          '1200097' => 3,
          '490020' => 4,
          '1450025' => 94,
          '1210004' => 6,
          '760004' => 120,
          '1670003' => 48,
          '1580038' => 3,
          '950071' => 34,
          '440002' => 8,
          '1380042' => 16,
          '1360136' => 798,
          '90009' => 2073,
          '940001' => 7192,
          '990000' => 422607,
          '1170005' => 10,
          '1240103' => 4,
          '850001' => 7098,
          '1000100' => 199,
          '600000' => 423096,
          '220015' => 8,
          '470001' => 7784,
          '1430009' => 1,
          '1670147' => 1,
          '940077' => 4,
          '960081' => 1,
          '730004' => 2,
          '640001' => 7391,
          '240000' => 442008,
          '1110019' => 4,
          '280008' => 8,
          '1200024' => 27,
          '860023' => 354,
          '1180058' => 17,
          '1460009' => 1,
          '1140004' => 147,
          '1210005' => 1,
          '240009' => 4,
          '450024' => 22,
          '1120108' => 30,
          '910017' => 4,
          '1510001' => 8553,
          '720046' => 1,
          '200002' => 47,
          '1160006' => 3,
          '410000' => 433588,
          '480021' => 19,
          '1190102' => 1,
          '1440048' => 16,
          '1400004' => 20,
          '1670010' => 34,
          '1630068' => 1,
          '520049' => 1,
          '740000' => 419250,
          '1160020' => 13,
          '1630023' => 1,
          '710001' => 7361,
          '1210048' => 3,
          '280005' => 4,
          '790004' => 8,
          '450001' => 7800,
          '170001' => 8765,
          '1160039' => 1,
          '1620001' => 8321,
          '1380002' => 13,
          '1180072' => 1,
          '320008' => 11,
          '1000000' => 420284,
          '1630047' => 1,
          '460009' => 2,
          '940047' => 1,
          '930089' => 11,
          '1660051' => 1,
          '1190026' => 3,
          '1450002' => 1,
          '1670023' => 67,
          '1140098' => 9,
          '1550001' => 8445,
          '690067' => 4,
          '1150099' => 5,
          '1180064' => 32,
          '1380135' => 2,
          '490001' => 7801,
          '600009' => 3,
          '1280127' => 1,
          '330002' => 8,
          '150012' => 1,
          '930022' => 1,
          '1180000' => 473542,
          '1670008' => 16,
          '1420001' => 8881,
          '400016' => 25,
          '1340119' => 1,
          '190003' => 112,
          '510014' => 1,
          '580032' => 1,
          '1250001' => 9136,
          '1180034' => 19,
          '870072' => 9,
          '900067' => 60,
          '970024' => 177,
          '1030103' => 47,
          '480041' => 1,
          '340034' => 19,
          '1460004' => 1,
          '1660148' => 1,
          '1610008' => 5,
          '400024' => 8,
          '1650149' => 1,
          '1590144' => 1,
          '130008' => 6,
          '1440001' => 8780,
          '1650070' => 12,
          '980028' => 2,
          '720063' => 1,
          '1430031' => 3,
          '90004' => 9,
          '520001' => 7651,
          '200015' => 1,
          '110011' => 2460,
          '1390050' => 1,
          '1120048' => 8,
          '50003' => 72,
          '1180085' => 15,
          '670001' => 7378,
          '1010000' => 421473,
          '1270000' => 445248,
          '670003' => 3,
          '1010021' => 4,
          '510030' => 1,
          '1130095' => 9,
          '870000' => 409483,
          '1630044' => 3,
          '510027' => 10,
          '1620143' => 1,
          '500000' => 426073,
          '1200003' => 9,
          '710025' => 4,
          '1280000' => 445858,
          '970087' => 3,
          '410014' => 3,
          '760001' => 7278,
          '1140017' => 6,
          '780001' => 7274,
          '390018' => 3,
          '660023' => 3,
          '520024' => 3,
          '160002' => 28,
          '1600000' => 442697,
          '940070' => 40,
          '690017' => 2,
          '260000' => 446793,
          '520027' => 4,
          '740074' => 184,
          '1270032' => 10,
          '1640000' => 438764,
          '980023' => 2,
          '1290114' => 6,
          '870022' => 1,
          '1370003' => 2,
          '1180042' => 13,
          '1130028' => 1,
          '1210028' => 2,
          '950095' => 1005,
          '1380044' => 3,
          '1390122' => 1,
          '1340014' => 6,
          '700047' => 17,
          '480028' => 1,
          '1150021' => 5,
          '1330002' => 10,
          '1210046' => 3,
          '270005' => 7,
          '940080' => 1,
          '640024' => 8,
          '1040004' => 15,
          '1190005' => 4,
          '1420002' => 15,
          '830052' => 1,
          '290001' => 8333,
          '1470142' => 2,
          '1250031' => 1,
          '1560038' => 1,
          '1350025' => 16,
          '1580018' => 1,
          '870087' => 296,
          '240014' => 11,
          '1460145' => 3,
          '1610142' => 1,
          '1380117' => 1,
          '480004' => 77,
          '820000' => 420567,
          '1380046' => 1,
          '540006' => 9,
          '900065' => 3,
          '1120096' => 7,
          '1350016' => 29,
          '110000' => 448793,
          '0' => 117655351,
          '1360041' => 8,
          '1210024' => 22,
          '450004' => 8,
          '60003' => 53,
          '1020006' => 4,
          '410002' => 24,
          '240022' => 11,
          '1120016' => 3,
          '1390038' => 8,
          '870005' => 3,
          '1280010' => 1,
          '1470005' => 10,
          '190015' => 5,
          '1430047' => 6,
          '590032' => 1,
          '370000' => 439017,
          '890070' => 35,
          '710003' => 8,
          '920067' => 1,
          '1390045' => 6,
          '1670076' => 16,
          '950025' => 3,
          '720064' => 1,
          '1090000' => 418460,
          '1180076' => 17,
          '490004' => 9,
          '910072' => 3,
          '870048' => 1,
          '160014' => 22,
          '170003' => 8,
          '250021' => 24,
          '1110021' => 35,
          '320002' => 6,
          '750046' => 15,
          '470003' => 12,
          '1180048' => 16,
          '440003' => 7,
          '240005' => 25,
          '620001' => 7370,
          '1010024' => 2,
          '1150002' => 27,
          '170013' => 7,
          '1580135' => 1,
          '800024' => 8,
          '1370129' => 2,
          '1130001' => 6847,
          '210013' => 8,
          '410015' => 2,
          '1360026' => 1,
          '240001' => 8672,
          '500008' => 4,
          '70003' => 154,
          '1360017' => 50,
          '550025' => 9,
          '1410029' => 3,
          '1120003' => 8,
          '1630002' => 20,
          '490003' => 9,
          '530002' => 8,
          '910069' => 26,
          '490018' => 3,
          '880066' => 8,
          '730067' => 1,
          '1670040' => 110,
          '890066' => 24,
          '1100022' => 18,
          '1240030' => 3,
          '1530035' => 1,
          '310002' => 52,
          '460023' => 6,
          '1650075' => 1,
          '1120109' => 1,
          '1390002' => 22,
          '1400025' => 5,
          '220006' => 7,
          '1180061' => 16,
          '1610161' => 379,
          '440023' => 6,
          '430002' => 58,
          '260019' => 1,
          '1140095' => 10,
          '270026' => 2,
          '130003' => 4,
          '1670005' => 29,
          '1180038' => 1,
          '1100046' => 5,
          '120000' => 454600,
          '1610000' => 446273,
          '840064' => 14,
          '270001' => 8359,
          '1410120' => 1,
          '690049' => 1,
          '340010' => 1,
          '1490031' => 2,
          '1670043' => 17,
          '520052' => 496,
          '1200000' => 467139,
          '1010031' => 79,
          '1430125' => 1,
          '690002' => 14,
          '1130097' => 8,
          '710024' => 2,
          '650023' => 8,
          '510001' => 7663,
          '1200104' => 3,
          '1440003' => 39,
          '1230002' => 4,
          '1240119' => 1,
          '210000' => 460036,
          '1180051' => 1,
          '590002' => 3,
          '710019' => 2,
          '1170001' => 6788,
          '430043' => 120,
          '140001' => 8733,
          '700025' => 3,
          '1400021' => 13,
          '1400123' => 15,
          '1090023' => 41,
          '230004' => 103,
          '1180090' => 16,
          '1350000' => 454738,
          '1440050' => 12,
          '1180016' => 22,
          '840084' => 34,
          '920021' => 1,
          '1180008' => 37,
          '1170021' => 23,
          '830001' => 7148,
          '1160002' => 82,
          '720002' => 17,
          '1610023' => 8,
          '790064' => 8,
          '1600140' => 10,
          '240019' => 7,
          '1180068' => 34,
          '1400140' => 674,
          '1350023' => 11,
          '1360044' => 44,
          '1180020' => 19,
          '360008' => 8,
          '100010' => 1740,
          '470018' => 5,
          '460000' => 427370,
          '1260015' => 1,
          '1450000' => 447514,
          '1650049' => 3,
          '1180031' => 1,
          '800004' => 81,
          '370037' => 49,
          '1260050' => 8,
          '900073' => 11,
          '1420018' => 3,
          '1640005' => 1,
          '940030' => 3,
          '510005' => 2,
          '1240003' => 3,
          '640064' => 288,
          '30002' => 101,
          '540016' => 1,
          '980025' => 2,
          '1660001' => 8245,
          '890075' => 4,
          '1420005' => 5,
          '660018' => 1,
          '750074' => 2,
          '60004' => 10,
          '410040' => 3,
          '270022' => 1,
          '1440023' => 1,
          '220018' => 67,
          '90001' => 8849,
          '1580158' => 106,
          '1620019' => 9,
          '170008' => 8,
          '1070001' => 6780,
          '1430072' => 2,
          '960077' => 1,
          '1350001' => 8936,
          '1430024' => 48,
          '1260000' => 460420,
          '1660077' => 1,
          '460015' => 6,
          '1350117' => 1,
          '1120089' => 8,
          '360001' => 7970,
          '1440141' => 4,
          '1170095' => 12,
          '940073' => 7,
          '1600017' => 3,
          '750064' => 52,
          '480024' => 94,
          '1380012' => 4,
          '960024' => 23,
          '880001' => 7108,
          '440040' => 2,
          '1450145' => 219,
          '940018' => 3,
          '460017' => 15,
          '1550155' => 40,
          '1670144' => 3,
          '1390003' => 25,
          '620023' => 24,
          '720047' => 32,
          '1640037' => 16,
          '1180117' => 59,
          '1210049' => 4,
          '870064' => 43,
          '750000' => 424997,
          '1180005' => 25,
          '950075' => 8,
          '980092' => 5,
          '1240050' => 2,
          '1090005' => 23,
          '180003' => 5,
          '730056' => 17,
          '1400117' => 4,
          '910002' => 57,
          '10001' => 728522,
          '450000' => 426789,
          '130011' => 1,
          '910091' => 658,
          '480020' => 34,
          '900004' => 228,
          '600035' => 1,
          '730003' => 14,
          '1180108' => 17,
          '1670055' => 1,
          '490000' => 429662,
          '1160113' => 1,
          '1400118' => 2,
          '150001' => 8665,
          '950072' => 8,
          '1210000' => 467260,
          '700043' => 15,
          '510016' => 7,
          '550021' => 20,
          '1120020' => 12,
          '750070' => 15,
          '1420123' => 5,
          '1490004' => 5,
          '480043' => 6,
          '100000' => 453325,
          '1580048' => 178,
          '80000' => 453396,
          '160011' => 50,
          '1360114' => 3,
          '470021' => 3,
          '920044' => 2,
          '260001' => 8395,
          '630063' => 273,
          '1170098' => 4,
          '1350045' => 9,
          '1650025' => 4,
          '460027' => 17,
          '470023' => 153,
          '730010' => 2,
          '400023' => 3,
          '1510000' => 457925,
          '1490149' => 56,
          '1670018' => 16,
          '600001' => 7386,
          '1220004' => 13,
          '220020' => 1,
          '420016' => 10,
          '1040000' => 423201,
          '300030' => 168,
          '1180099' => 32,
          '750075' => 262,
          '1630073' => 4,
          '1670077' => 1,
          '500021' => 17,
          '590003' => 2,
          '820012' => 3,
          '750025' => 4,
          '1180088' => 30,
          '1610019' => 4,
          '1130096' => 6,
          '240011' => 10,
          '700002' => 10,
          '1640052' => 1,
          '950091' => 1,
          '1140024' => 11,
          '230021' => 125,
          '910086' => 8,
          '1640147' => 15,
          '670025' => 1,
          '1670089' => 2,
          '950007' => 92,
          '990002' => 6,
          '1470002' => 4,
          '1380121' => 8,
          '1100093' => 1,
          '140009' => 5,
          '1670036' => 15,
          '1400003' => 30,
          '50005' => 1396,
          '1620028' => 1,
          '140012' => 11,
          '470007' => 4,
          '1150023' => 8,
          '1350017' => 18,
          '400000' => 430875,
          '1490010' => 3,
          '460045' => 1,
          '180015' => 8,
          '1450032' => 7,
          '1340018' => 4,
          '1610146' => 8,
          '190017' => 15,
          '1340048' => 1,
          '610001' => 7370,
          '710067' => 25,
          '1330015' => 1,
          '580001' => 7383,
          '430039' => 1,
          '1140090' => 4,
          '1120023' => 15,
          '230023' => 2747,
          '910066' => 2,
          '200003' => 46,
          '170017' => 3150,
          '1180024' => 18,
          '110008' => 1,
          '1180028' => 22,
          '1360005' => 2,
          '1270016' => 8,
          '1000002' => 16,
          '1580138' => 1,
          '70007' => 2184,
          '310006' => 5,
          '1460047' => 2,
          '1190020' => 2,
          '800000' => 420755,
          '1310001' => 8989,
          '210004' => 67,
          '1150001' => 6673,
          '110001' => 8802,
          '1630053' => 1,
          '130000' => 446903,
          '780000' => 420548,
          '1170020' => 2,
          '170012' => 18,
          '720028' => 3,
          '1390022' => 1,
          '1650048' => 9,
          '680015' => 3,
          '1640069' => 2,
          '370001' => 7955,
          '220002' => 153,
          '680012' => 4,
          '1350118' => 12,
          '640020' => 33,
          '550000' => 399658,
          '1210031' => 27,
          '190001' => 8759,
          '1190029' => 20,
          '1380003' => 13,
          '1130023' => 27,
          '400017' => 80,
          '330008' => 20,
          '920020' => 10,
          '920071' => 44,
          '1180055' => 1,
          '1120090' => 26,
          '1610071' => 2,
          '1370119' => 9,
          '1160021' => 1,
          '1180001' => 6823,
          '1670024' => 41,
          '930021' => 1,
          '1590024' => 5,
          '1360013' => 1,
          '270021' => 18,
          '440044' => 175,
          '1620002' => 2,
          '1180065' => 1,
          '1410123' => 1,
          '1150115' => 1138,
          '190002' => 190,
          '460001' => 7751,
          '1670022' => 63,
          '330029' => 2,
          '840004' => 9,
          '490028' => 6,
          '1000094' => 3,
          '410008' => 20,
          '950003' => 55,
          '250004' => 22,
          '50002' => 50,
          '870071' => 93,
          '1180082' => 16,
          '1180033' => 4,
          '730068' => 9,
          '1170024' => 2,
          '1200005' => 7,
          '30003' => 2574,
          '1340134' => 87,
          '1440000' => 456040,
          '230015' => 5,
          '670002' => 3,
          '1660149' => 15,
          '1180093' => 14,
          '700022' => 1,
          '900066' => 40,
          '1400046' => 1,
          '1530001' => 8492,
          '1660028' => 3,
          '1120112' => 1282,
          '1170101' => 2,
          '1670047' => 76,
          '1200004' => 11,
          '390025' => 228,
          '1290048' => 1,
          '960002' => 52,
          '500003' => 8,
          '870066' => 35,
          '440018' => 8,
          '870001' => 7122,
          '1010054' => 2,
          '1620048' => 2,
          '880040' => 4,
          '1170004' => 15,
          '1180101' => 2,
          '1430032' => 1,
          '1460000' => 446491,
          '450017' => 2,
          '340025' => 1,
          '950018' => 30,
          '1590141' => 8,
          '1120019' => 8,
          '110010' => 8,
          '730051' => 8,
          '1390048' => 1,
          '480015' => 7,
          '1210003' => 3,
          '240021' => 7,
          '740001' => 7305,
          '930003' => 93,
          '760002' => 25,
          '860047' => 138,
          '240016' => 222,
          '1010001' => 6997,
          '220014' => 2,
          '530049' => 2,
          '1020098' => 6,
          '1120045' => 1,
          '720041' => 6,
          '640000' => 425421,
          '280006' => 11,
          '1300001' => 9026,
          '570000' => 419762,
          '1200074' => 2,
          '80005' => 1,
          '1180118' => 10422,
          '1110044' => 1,
          '620039' => 2,
          '920008' => 6,
          '470047' => 490,
          '1650044' => 21,
          '1200017' => 16,
          '1180075' => 32,
          '1380119' => 9,
          '1190117' => 1,
          '1360023' => 308,
          '1390012' => 1,
          '700063' => 6,
          '1150097' => 1,
          '1400002' => 27,
          '560024' => 12,
          '1190047' => 1,
          '1120097' => 3,
          '530016' => 3,
          '1130019' => 3,
          '950024' => 49,
          '1250002' => 5,
          '280028' => 289,
          '280000' => 442436,
          '1180057' => 1,
          '1410047' => 2,
          '1440007' => 1,
          '1390006' => 10,
          '1140020' => 21,
          '1380027' => 11,
          '1160094' => 184,
          '940002' => 57,
          '270004' => 130,
          '430006' => 11,
          '650018' => 5,
          '1030004' => 61,
          '1200101' => 12,
          '710002' => 25,
          '1210042' => 1,
          '260020' => 14,
          '440020' => 34,
          '410020' => 33,
          '170002' => 28,
          '1660023' => 2,
          '1610065' => 1,
          '870019' => 8,
          '1430025' => 1,
          '1460146' => 149,
          '1320016' => 8,
          '1670048' => 3,
          '1090109' => 27
        };
72829469184
