write intervals: 
$VAR1 = {
          '1' => 1,
          '71' => 1,
          '3' => 3,
          '10' => 1,
          '2' => 13
        };
retention times: 
$VAR1 = {
          '900090' => 2214868,
          '10001' => 2278880,
          '20000' => 28,
          '1270127' => 263,
          '910091' => 2086413,
          '40004' => 1618957,
          '50001' => 5,
          '940094' => 1516789,
          '820082' => 2,
          '30000' => 36,
          '50005' => 1544838,
          '1400140' => 192,
          '960096' => 1313280,
          '30003' => 2030261,
          '520052' => 192,
          '20001' => 28,
          '80008' => 1295786,
          '70007' => 1424741,
          '110011' => 420452,
          '20002' => 2214948,
          '50000' => 3,
          '40000' => 3,
          '880088' => 1991815,
          '30001' => 28,
          '100010' => 1062960,
          '60006' => 1503058,
          '950095' => 1429632,
          '930093' => 1564639,
          '0' => 2253284,
          '90009' => 1178534,
          '890089' => 2250335,
          '800080' => 1133,
          '920092' => 1638749,
          '990099' => 560546,
          '10000' => 49,
          '970097' => 1194484,
          '40001' => 22,
          '380038' => 263,
          '980098' => 1065066,
          '60001' => 1
        };
write time: 
min max
-1076276439552 17903517696
{
0,0
1,0
2,5
3,32
4,0
5,0
6,0
7+,2185452
};
