write intervals: 
$VAR1 = {
          '1' => 45808,
          '2' => 167
        };
retention times: 
$VAR1 = {
          '127' => 28,
          '32' => 253,
          '90' => 28,
          '71' => 265,
          '102' => 8,
          '18' => 111556,
          '125' => 291,
          '16' => 40974,
          '44' => 921,
          '55' => 1709,
          '84' => 1110,
          '27' => 257,
          '161' => 8,
          '95' => 204,
          '57' => 17394,
          '20' => 26605,
          '163' => 13,
          '109' => 136,
          '151' => 4691,
          '89' => 98,
          '148' => 8,
          '31' => 8082,
          '35' => 73,
          '11' => 12977,
          '78' => 34,
          '93' => 1760,
          '106' => 114,
          '157' => 15,
          '65' => 106,
          '29' => 121,
          '138' => 259,
          '114' => 3,
          '58' => 298430,
          '15' => 28537,
          '137' => 19,
          '81' => 202,
          '60' => 4098,
          '101' => 13,
          '73' => 260,
          '86' => 109,
          '76' => 100,
          '62' => 25145,
          '67' => 45,
          '165' => 15,
          '139' => 20,
          '129' => 1,
          '2' => 22459,
          '17' => 4721,
          '110' => 70,
          '82' => 51,
          '147' => 12,
          '135' => 60,
          '14' => 13676,
          '112' => 33,
          '69' => 5003,
          '49' => 119,
          '24' => 13324,
          '140' => 11,
          '124' => 5,
          '104' => 9,
          '131' => 1,
          '79' => 438,
          '154' => 8,
          '0' => 62826,
          '23' => 52034,
          '96' => 635,
          '126' => 2,
          '159' => 205,
          '160' => 1020,
          '47' => 2935,
          '8' => 23477,
          '98' => 3755,
          '37' => 53,
          '117' => 32,
          '43' => 773,
          '5' => 3512,
          '33' => 260,
          '21' => 56274,
          '63' => 900,
          '7' => 57695,
          '26' => 432,
          '80' => 25,
          '119' => 12,
          '99' => 9,
          '162' => 639,
          '72' => 1403,
          '74' => 26,
          '61' => 298,
          '108' => 29,
          '115' => 1269,
          '92' => 7,
          '103' => 65892,
          '10' => 85187,
          '113' => 8,
          '152' => 3,
          '142' => 58,
          '91' => 2,
          '167' => 7,
          '48' => 779,
          '107' => 16,
          '87' => 155,
          '77' => 259,
          '133' => 3618,
          '123' => 222,
          '50' => 243,
          '39' => 241,
          '64' => 16964,
          '97' => 3371,
          '12' => 8407,
          '41' => 39659,
          '52' => 201,
          '56' => 26693,
          '45' => 674,
          '66' => 82,
          '19' => 30167,
          '54' => 23,
          '70' => 347,
          '68' => 18,
          '166' => 40,
          '1' => 25997,
          '136' => 3467,
          '88' => 323,
          '116' => 387,
          '144' => 5,
          '141' => 35,
          '30' => 141,
          '100' => 9,
          '25' => 156,
          '128' => 58,
          '28' => 211,
          '120' => 24,
          '156' => 67,
          '134' => 91,
          '40' => 164705,
          '75' => 238,
          '83' => 10243,
          '59' => 2125,
          '150' => 146,
          '155' => 3,
          '130' => 2,
          '53' => 12,
          '122' => 600,
          '143' => 3,
          '158' => 124,
          '42' => 5779,
          '22' => 29558,
          '46' => 1268,
          '13' => 9950,
          '105' => 14049,
          '6' => 1926,
          '85' => 832,
          '36' => 419,
          '3' => 35901,
          '94' => 306,
          '146' => 293,
          '51' => 98,
          '9' => 26714,
          '111' => 15,
          '38' => 3003,
          '4' => 10664,
          '34' => 344,
          '164' => 9,
          '132' => 173
        };
