write intervals: 
$VAR1 = {
          '1' => 17314,
          '2' => 165
        };
retention times: 
$VAR1 = {
          '1490123' => 1,
          '380011' => 75,
          '380012' => 82,
          '1090001' => 1,
          '1380050' => 3,
          '960007' => 419,
          '160015' => 67,
          '1610006' => 14,
          '570005' => 3,
          '890004' => 2,
          '1190098' => 2,
          '1500013' => 3,
          '500002' => 15,
          '1460048' => 54,
          '560056' => 22,
          '1340002' => 11,
          '1340016' => 4,
          '640010' => 77,
          '830009' => 4644,
          '60005' => 328,
          '910019' => 2,
          '960074' => 14,
          '1650004' => 24,
          '1140002' => 15,
          '1470004' => 8,
          '1150005' => 7,
          '430018' => 2,
          '1560088' => 5,
          '650007' => 1,
          '240015' => 172,
          '870002' => 2,
          '300005' => 58,
          '910060' => 75,
          '280003' => 760,
          '1570003' => 4,
          '1610039' => 3,
          '120003' => 412,
          '750007' => 1,
          '960000' => 30719,
          '830000' => 4611,
          '700070' => 9,
          '1270002' => 30,
          '940009' => 2,
          '940074' => 11,
          '1170009' => 1,
          '360002' => 4,
          '1140019' => 2,
          '560003' => 1,
          '200004' => 95,
          '1390007' => 10,
          '660058' => 52,
          '480044' => 340,
          '1320001' => 9,
          '460014' => 1,
          '120008' => 141,
          '320000' => 128,
          '1350132' => 1,
          '620041' => 1,
          '440038' => 2,
          '720007' => 8,
          '920016' => 217,
          '1200022' => 5,
          '1460115' => 1,
          '290009' => 47,
          '530008' => 1,
          '690023' => 4,
          '1280128' => 3,
          '490017' => 6,
          '510000' => 47,
          '1350004' => 1,
          '1650037' => 168,
          '730006' => 2,
          '750001' => 1,
          '900059' => 133,
          '480011' => 2,
          '340007' => 9,
          '1460065' => 28,
          '1260003' => 9956,
          '1660004' => 52,
          '1670145' => 2,
          '1490025' => 4643,
          '1480015' => 3,
          '610024' => 3,
          '1330000' => 30894,
          '520036' => 4,
          '1110003' => 1,
          '1150013' => 1,
          '690015' => 1,
          '1370022' => 4,
          '1480131' => 1,
          '1240116' => 33,
          '590048' => 11411,
          '1420014' => 8,
          '250022' => 419,
          '1240004' => 216,
          '1150110' => 2,
          '1460032' => 1,
          '1380004' => 4,
          '1260020' => 21,
          '1260126' => 2,
          '1590008' => 1,
          '1460025' => 17,
          '690005' => 1,
          '960096' => 559,
          '680047' => 4,
          '170016' => 42,
          '200017' => 101,
          '1280018' => 6,
          '1430021' => 714,
          '1380000' => 49389,
          '420013' => 4,
          '1620008' => 3232,
          '1600033' => 1,
          '1130106' => 17,
          '150011' => 64846,
          '1110010' => 132,
          '840003' => 10,
          '880088' => 78,
          '430004' => 8,
          '1360012' => 281,
          '210009' => 47,
          '550031' => 3,
          '1380018' => 12,
          '520028' => 16,
          '420042' => 394,
          '400003' => 5,
          '1400122' => 24,
          '1380013' => 3,
          '630013' => 653,
          '1170000' => 530,
          '1370024' => 55990,
          '1180006' => 2,
          '720018' => 1,
          '570029' => 2,
          '1670006' => 50,
          '1590015' => 8,
          '1140096' => 29,
          '1420020' => 21,
          '140000' => 13908,
          '1100007' => 2,
          '870013' => 911,
          '1630065' => 1,
          '1550005' => 139,
          '940010' => 14,
          '740056' => 1,
          '400028' => 6,
          '910083' => 17,
          '710023' => 2,
          '230001' => 254,
          '590024' => 75,
          '310015' => 1,
          '1050024' => 241,
          '1400024' => 23939,
          '1450018' => 1,
          '640048' => 61009,
          '650024' => 4,
          '460044' => 2,
          '1530153' => 6,
          '480023' => 1,
          '1430006' => 9,
          '460005' => 5,
          '1330012' => 1,
          '320022' => 22,
          '1490017' => 58,
          '1230006' => 1,
          '1020022' => 2,
          '550006' => 6,
          '450023' => 2,
          '970006' => 1,
          '1010015' => 8,
          '790020' => 2,
          '630000' => 111,
          '1460131' => 95,
          '740014' => 8,
          '290002' => 111,
          '1470026' => 4,
          '720011' => 6,
          '910008' => 3862,
          '260012' => 93,
          '1410133' => 4,
          '1160016' => 27,
          '40000' => 110916,
          '1180017' => 6,
          '1100014' => 25,
          '1480009' => 108,
          '1430122' => 1,
          '770034' => 2,
          '1620007' => 16,
          '280021' => 55157,
          '240023' => 508,
          '630006' => 5,
          '190018' => 9,
          '800080' => 1,
          '750058' => 1,
          '1490000' => 122934,
          '970022' => 1,
          '1180030' => 10,
          '930087' => 5,
          '610014' => 2,
          '820074' => 11,
          '330022' => 5,
          '300023' => 1,
          '860006' => 6,
          '1550000' => 9023,
          '300000' => 401,
          '230003' => 659,
          '1290025' => 12,
          '880006' => 12,
          '1180018' => 275,
          '1100000' => 166,
          '870009' => 2,
          '500014' => 2,
          '470008' => 1,
          '720024' => 811,
          '1120088' => 8,
          '190005' => 4839,
          '930011' => 3,
          '840008' => 16,
          '600022' => 6,
          '220010' => 127,
          '1460023' => 27813,
          '590059' => 3,
          '1020005' => 1,
          '1490057' => 2,
          '1290014' => 11,
          '930009' => 757,
          '250007' => 41,
          '1420048' => 7,
          '50001' => 2084,
          '1170019' => 6,
          '740044' => 16,
          '390039' => 52,
          '1500008' => 1,
          '1020004' => 8,
          '780078' => 4,
          '1510143' => 1,
          '740043' => 40,
          '1160023' => 28,
          '890081' => 48,
          '800011' => 1,
          '290019' => 4,
          '1280011' => 1,
          '760024' => 49,
          '1490062' => 6,
          '1410002' => 114,
          '190014' => 162,
          '620000' => 283,
          '1170027' => 1,
          '650004' => 4,
          '270011' => 22,
          '1410026' => 9,
          '1140033' => 11,
          '180013' => 157,
          '1420027' => 8,
          '1140023' => 1,
          '1070000' => 1728,
          '1630155' => 12,
          '1170105' => 1,
          '220005' => 344,
          '1480026' => 12860,
          '840019' => 1,
          '90002' => 2029,
          '240006' => 99,
          '320001' => 6,
          '120012' => 62426,
          '250000' => 229,
          '1670000' => 371,
          '1460036' => 1,
          '1550018' => 2,
          '530024' => 7829,
          '230008' => 100,
          '1080002' => 4,
          '930010' => 20,
          '950002' => 88,
          '920084' => 2,
          '660003' => 84,
          '1110013' => 69,
          '160001' => 77,
          '900081' => 33,
          '1460142' => 2787,
          '1560148' => 2,
          '70002' => 1865,
          '1600015' => 1,
          '1370004' => 33,
          '1350013' => 111,
          '1040005' => 1,
          '360036' => 180,
          '250001' => 204,
          '670058' => 9,
          '340000' => 192,
          '210017' => 17,
          '530001' => 1,
          '180018' => 3015,
          '330004' => 1,
          '1310000' => 1720,
          '1290002' => 7,
          '1010003' => 74,
          '850085' => 1,
          '900074' => 1,
          '1570012' => 1,
          '400026' => 7,
          '170000' => 10938,
          '1000017' => 12,
          '930002' => 265,
          '1520016' => 1,
          '1230029' => 1,
          '680043' => 2,
          '560027' => 45,
          '1130000' => 46560,
          '1370137' => 8,
          '640006' => 10,
          '570057' => 29,
          '830010' => 1,
          '1660034' => 1,
          '1280121' => 441,
          '1130091' => 9,
          '860069' => 1,
          '970015' => 2,
          '310001' => 6,
          '360007' => 1,
          '1500119' => 2,
          '660044' => 2,
          '880016' => 2,
          '280011' => 557,
          '1470017' => 2,
          '910071' => 1,
          '430026' => 2,
          '420004' => 4,
          '900090' => 6398,
          '1640020' => 1,
          '1240007' => 50,
          '1190113' => 13,
          '1120012' => 3254,
          '1190002' => 193,
          '270000' => 18720,
          '140006' => 41,
          '260004' => 255,
          '1210021' => 3709,
          '920002' => 195,
          '210001' => 33,
          '570024' => 12,
          '860012' => 214,
          '770071' => 2,
          '1400013' => 1,
          '440024' => 10,
          '880079' => 6,
          '880067' => 5,
          '500024' => 4,
          '1210009' => 48,
          '760076' => 4,
          '1410001' => 30,
          '1120093' => 3,
          '160007' => 444,
          '900068' => 60,
          '890013' => 368,
          '1370128' => 1,
          '650013' => 11,
          '270027' => 17499,
          '880002' => 7,
          '420018' => 7,
          '430010' => 5,
          '690018' => 1,
          '560008' => 10,
          '880070' => 3,
          '200001' => 64,
          '150009' => 292,
          '560014' => 2,
          '1010005' => 54,
          '600002' => 2,
          '1460005' => 28,
          '270017' => 8,
          '580004' => 3,
          '1020013' => 1,
          '590004' => 4,
          '100001' => 370,
          '590044' => 1,
          '210014' => 58,
          '1620020' => 18,
          '510004' => 1,
          '990015' => 1,
          '910003' => 59,
          '1420025' => 32,
          '1120103' => 3,
          '1190019' => 11,
          '230012' => 46,
          '1570000' => 270,
          '430041' => 1956,
          '1000023' => 16,
          '540048' => 448,
          '1160090' => 11,
          '770007' => 1,
          '1440024' => 2,
          '1190009' => 2,
          '930074' => 1,
          '1460001' => 1,
          '740024' => 54,
          '1640004' => 214,
          '1180111' => 4,
          '440000' => 1450,
          '420002' => 2,
          '1290018' => 1,
          '1490007' => 12,
          '1140011' => 1,
          '1670028' => 2900,
          '750028' => 1,
          '1390016' => 1,
          '410007' => 3,
          '1500027' => 70385,
          '1320027' => 3,
          '1220005' => 15,
          '1070013' => 2,
          '350012' => 1,
          '450007' => 4,
          '1180009' => 1,
          '850013' => 2,
          '1350015' => 1,
          '1160011' => 3,
          '660037' => 1,
          '680020' => 3,
          '440015' => 1,
          '1180023' => 3,
          '810071' => 1,
          '900064' => 1,
          '1540006' => 4085,
          '1620135' => 4,
          '1220026' => 6,
          '650065' => 7,
          '140011' => 41914,
          '1660019' => 6,
          '990001' => 8294,
          '1460008' => 5,
          '1640164' => 2,
          '1110020' => 2,
          '760017' => 2,
          '200009' => 96,
          '540005' => 15,
          '1160003' => 17,
          '1110000' => 175,
          '380038' => 75,
          '1650156' => 36,
          '380001' => 2,
          '850017' => 1,
          '840010' => 2620,
          '1010079' => 555,
          '520000' => 57,
          '1460046' => 1549,
          '1520000' => 4,
          '870016' => 2,
          '770003' => 26,
          '1060003' => 1,
          '690058' => 3,
          '1480057' => 177,
          '1470001' => 11,
          '320014' => 3,
          '820054' => 1,
          '900069' => 686,
          '1140001' => 8042,
          '730024' => 12,
          '700001' => 23,
          '720006' => 3,
          '400031' => 31,
          '1650001' => 3,
          '980011' => 886,
          '700017' => 8,
          '1430007' => 1,
          '260016' => 2,
          '1410132' => 28,
          '720048' => 8,
          '590038' => 1,
          '1510003' => 1697,
          '620012' => 4,
          '1170003' => 27,
          '890008' => 384,
          '550050' => 1,
          '480016' => 1,
          '960003' => 160,
          '70001' => 17098,
          '1670149' => 1,
          '570008' => 20,
          '80008' => 12467722,
          '340012' => 6,
          '1650000' => 2018,
          '1480010' => 1812,
          '1380022' => 3,
          '210018' => 396,
          '1420024' => 20069,
          '740019' => 1,
          '1020102' => 4,
          '570001' => 24,
          '200000' => 16526,
          '200019' => 131,
          '940071' => 1,
          '1240013' => 15,
          '910015' => 910,
          '420036' => 1,
          '1630154' => 22,
          '1220105' => 1,
          '1600018' => 15,
          '830014' => 7,
          '300009' => 2,
          '1640003' => 81,
          '470046' => 1,
          '390010' => 1,
          '580026' => 16,
          '880020' => 1,
          '90005' => 1864,
          '680009' => 38,
          '1450027' => 5,
          '1440020' => 192,
          '40001' => 784,
          '940003' => 40,
          '1420136' => 96,
          '1420128' => 2,
          '1210007' => 148,
          '1150009' => 1,
          '920007' => 1,
          '1060024' => 191,
          '710009' => 1,
          '980002' => 1350,
          '460002' => 4,
          '1570007' => 8,
          '1330006' => 44,
          '1360024' => 61006,
          '1270105' => 8,
          '40004' => 10185361,
          '770077' => 1016,
          '1640134' => 1,
          '1170023' => 1,
          '740002' => 4,
          '510003' => 1,
          '1160004' => 4,
          '530053' => 12,
          '1280006' => 1665,
          '830003' => 2,
          '1440138' => 1,
          '380006' => 1,
          '60000' => 309654,
          '440004' => 2,
          '870065' => 2,
          '1260024' => 19,
          '240017' => 34,
          '1300009' => 23,
          '410016' => 28,
          '990018' => 1,
          '380016' => 12,
          '610048' => 6977,
          '130013' => 10717,
          '350027' => 11,
          '1460022' => 36502,
          '370013' => 7,
          '710016' => 1,
          '630018' => 10,
          '670011' => 14,
          '180004' => 2902,
          '1460055' => 169,
          '890019' => 8,
          '920006' => 1,
          '1670012' => 244,
          '710005' => 3,
          '1410019' => 15,
          '150005' => 11,
          '670013' => 1,
          '550026' => 66,
          '1420045' => 1,
          '120004' => 1925,
          '810002' => 3,
          '790044' => 1,
          '330019' => 4,
          '1190000' => 10780,
          '1000009' => 6,
          '350000' => 12,
          '290005' => 32,
          '1380028' => 16,
          '940014' => 1,
          '1030003' => 55,
          '1320006' => 22,
          '910013' => 2,
          '1270006' => 2,
          '680041' => 6,
          '800012' => 12,
          '1260009' => 1,
          '1610001' => 20,
          '730002' => 15,
          '690069' => 4,
          '1140015' => 1,
          '430008' => 10,
          '1620004' => 34,
          '1250003' => 15,
          '1230003' => 2,
          '740068' => 2,
          '440043' => 4,
          '940019' => 2,
          '1360004' => 424,
          '510011' => 3,
          '1130014' => 3,
          '410019' => 1,
          '330009' => 1,
          '1060012' => 9,
          '1100010' => 49,
          '1150019' => 2,
          '1500150' => 7152945,
          '1070024' => 11349,
          '1110009' => 2,
          '1490003' => 222,
          '380002' => 3,
          '750005' => 4,
          '1590019' => 17,
          '610021' => 1,
          '100006' => 75,
          '1650076' => 1,
          '1490021' => 1794,
          '510051' => 43,
          '780003' => 2,
          '240002' => 3493,
          '400018' => 4,
          '1080001' => 3,
          '1160022' => 392,
          '530005' => 4,
          '130006' => 27,
          '1200014' => 6,
          '690009' => 1,
          '1460011' => 1,
          '1550148' => 3,
          '400040' => 121,
          '1430012' => 3,
          '670024' => 9,
          '950089' => 4,
          '610028' => 1,
          '1490072' => 1008,
          '1590023' => 8,
          '760071' => 2,
          '430001' => 8,
          '280001' => 307,
          '1620003' => 5,
          '1130024' => 55988,
          '1140091' => 1,
          '190009' => 35,
          '490022' => 2,
          '980015' => 2,
          '1420017' => 1,
          '980020' => 13,
          '530048' => 77,
          '610010' => 5,
          '1300000' => 138,
          '1040012' => 9,
          '950087' => 438,
          '140004' => 3752,
          '1180002' => 512,
          '280020' => 10176,
          '1650072' => 214,
          '840060' => 1,
          '1670001' => 12,
          '1660038' => 273,
          '880059' => 24,
          '1390011' => 2,
          '360009' => 1,
          '280018' => 12,
          '890001' => 83,
          '910004' => 4,
          '520020' => 2,
          '590007' => 15,
          '430023' => 4,
          '260017' => 10,
          '620024' => 12687,
          '1540020' => 1,
          '760006' => 1,
          '750029' => 3,
          '1420003' => 1,
          '1280024' => 130,
          '1200006' => 203,
          '370015' => 1,
          '560006' => 11,
          '750014' => 1,
          '1490119' => 1,
          '610007' => 39,
          '1070003' => 3,
          '560009' => 2,
          '1220021' => 55,
          '450008' => 6,
          '670005' => 1,
          '640005' => 1,
          '1480005' => 60,
          '480034' => 5,
          '880015' => 1,
          '900022' => 2,
          '1120018' => 1,
          '480009' => 1,
          '770018' => 2,
          '1380130' => 1,
          '1270013' => 20,
          '850010' => 2,
          '760046' => 38,
          '310000' => 374,
          '680059' => 3,
          '770021' => 2,
          '1670162' => 244,
          '1310006' => 1,
          '380020' => 47,
          '180008' => 61,
          '110002' => 330,
          '700014' => 2,
          '810011' => 2,
          '290029' => 767,
          '1540013' => 2,
          '1240115' => 1,
          '1480019' => 1903,
          '280026' => 2,
          '1320122' => 2,
          '1340036' => 2,
          '700011' => 30,
          '600007' => 2,
          '1360016' => 1,
          '540001' => 1,
          '800003' => 2,
          '550007' => 9,
          '220001' => 725,
          '420008' => 9,
          '620036' => 10,
          '390004' => 2,
          '1100101' => 1,
          '540012' => 3,
          '890073' => 1,
          '920092' => 39,
          '1120022' => 8,
          '260024' => 19725,
          '1620155' => 9,
          '870081' => 36,
          '360010' => 3,
          '300010' => 1,
          '610002' => 3,
          '650000' => 160,
          '940024' => 20589,
          '520012' => 1,
          '1460028' => 23,
          '920062' => 1,
          '1220009' => 118,
          '200013' => 38,
          '360012' => 4,
          '1550033' => 14699,
          '910018' => 1,
          '1220118' => 127926,
          '900060' => 63,
          '680016' => 2,
          '870008' => 1,
          '830019' => 1,
          '990011' => 1,
          '1150020' => 3,
          '170004' => 470,
          '940086' => 24,
          '910065' => 10,
          '660010' => 1,
          '260021' => 355,
          '330000' => 170,
          '1050000' => 228,
          '1210115' => 2831,
          '320026' => 2,
          '180014' => 250,
          '660007' => 1,
          '110007' => 73,
          '1380122' => 2,
          '480000' => 51735,
          '590020' => 1,
          '1460132' => 13,
          '310005' => 45,
          '540024' => 1624,
          '450038' => 3,
          '1370005' => 25,
          '680000' => 508,
          '580011' => 12,
          '740047' => 19,
          '330015' => 18,
          '1490127' => 97,
          '1430045' => 1,
          '910021' => 1,
          '880073' => 2,
          '820008' => 4265,
          '1240008' => 102,
          '1370000' => 50936,
          '210005' => 24,
          '70000' => 413012,
          '850027' => 1,
          '340026' => 12,
          '1230116' => 58,
          '1150000' => 495,
          '480046' => 1327,
          '660000' => 309,
          '810007' => 2198,
          '1440004' => 1,
          '1320017' => 3,
          '580000' => 193,
          '70006' => 3463,
          '480027' => 1,
          '1460137' => 3,
          '450003' => 43,
          '720051' => 2,
          '490011' => 22,
          '1320126' => 5,
          '1250022' => 4,
          '580042' => 1,
          '490012' => 1,
          '220009' => 35,
          '1430002' => 4,
          '1430003' => 3,
          '1220000' => 418751,
          '1610018' => 4,
          '700006' => 2,
          '230016' => 34,
          '1570016' => 2,
          '970003' => 2,
          '1400110' => 20,
          '1290011' => 2,
          '590011' => 6,
          '150000' => 3544,
          '1410007' => 2,
          '1180109' => 75,
          '940094' => 247,
          '860004' => 1,
          '710011' => 4,
          '1590011' => 17,
          '1400001' => 41,
          '1620016' => 52,
          '980007' => 4817,
          '940020' => 482,
          '650017' => 11,
          '1330133' => 5,
          '910024' => 12070,
          '1500003' => 207,
          '1180112' => 3,
          '1170117' => 651,
          '330010' => 1,
          '290024' => 8117,
          '300006' => 60,
          '570002' => 14,
          '1510027' => 1,
          '1150018' => 2,
          '710043' => 1,
          '130010' => 163,
          '490044' => 1,
          '1450003' => 1,
          '860016' => 1,
          '1570004' => 1,
          '1140030' => 11,
          '830004' => 12,
          '1480023' => 7,
          '250017' => 51,
          '600026' => 6,
          '950006' => 253,
          '710008' => 9,
          '220021' => 1311,
          '1560016' => 2,
          '1530034' => 13,
          '1310016' => 2,
          '820024' => 199,
          '880012' => 680,
          '1470007' => 35,
          '1530006' => 152,
          '1390123' => 3,
          '680050' => 2,
          '920072' => 11,
          '1100110' => 3,
          '930016' => 2,
          '1520007' => 1,
          '1370015' => 405,
          '780006' => 5,
          '870003' => 11,
          '900008' => 3279,
          '600023' => 1,
          '600052' => 11,
          '500050' => 26,
          '1400017' => 15,
          '730031' => 1,
          '440010' => 2,
          '1670017' => 6,
          '500048' => 38,
          '1600008' => 1,
          '1610013' => 750,
          '1350009' => 4,
          '220017' => 18,
          '210010' => 109,
          '1670045' => 1,
          '810075' => 1,
          '390006' => 6,
          '920074' => 1,
          '1180027' => 3,
          '1480148' => 6915129,
          '510019' => 1,
          '1180010' => 1,
          '1640024' => 1,
          '20002' => 241316,
          '520004' => 1,
          '590000' => 1754,
          '1650159' => 1,
          '1390025' => 1,
          '740007' => 2198,
          '820010' => 8,
          '1430143' => 132,
          '1230104' => 1,
          '720003' => 6,
          '1220013' => 1,
          '1420119' => 6,
          '1030024' => 464,
          '1270007' => 1,
          '1220103' => 1,
          '720015' => 27,
          '1540004' => 71,
          '630007' => 115,
          '430020' => 111,
          '1640008' => 1836,
          '150015' => 7223,
          '1660011' => 56,
          '1560005' => 1329,
          '1110024' => 64895,
          '1580017' => 2,
          '1120000' => 16010,
          '590033' => 1,
          '1670049' => 1,
          '1240005' => 217,
          '1310013' => 9,
          '460022' => 52,
          '1350007' => 11,
          '990070' => 12,
          '270019' => 57,
          '1430022' => 218,
          '1620000' => 3202,
          '1460124' => 166,
          '210006' => 1462,
          '400034' => 21,
          '1380001' => 11490,
          '870056' => 6,
          '510015' => 1,
          '1220091' => 1124,
          '700036' => 6,
          '1530152' => 1,
          '810024' => 236,
          '910082' => 3,
          '1460026' => 1,
          '690024' => 32,
          '710012' => 21,
          '150008' => 50,
          '1400006' => 2,
          '1370016' => 575,
          '480031' => 10,
          '1360007' => 3,
          '1620009' => 1573,
          '1280002' => 5876,
          '1450004' => 1,
          '1000020' => 7,
          '1600021' => 1,
          '890021' => 11,
          '250023' => 1,
          '570048' => 538,
          '1670072' => 22,
          '1470029' => 1,
          '1380138' => 7,
          '1010018' => 4,
          '80004' => 3943,
          '250009' => 25,
          '880024' => 61005,
          '180006' => 425,
          '630014' => 2,
          '240008' => 158,
          '450022' => 2,
          '130001' => 237,
          '1180007' => 2,
          '250025' => 93,
          '1610073' => 3,
          '200012' => 99444,
          '680046' => 15,
          '520014' => 1,
          '1190119' => 716,
          '480048' => 163104,
          '1670007' => 43,
          '1490133' => 103,
          '400015' => 2,
          '1210002' => 12,
          '920023' => 42,
          '1180019' => 1,
          '1400023' => 11,
          '720004' => 10,
          '810038' => 26,
          '1090007' => 2,
          '150010' => 65,
          '930086' => 540,
          '1390015' => 77,
          '510024' => 2,
          '290000' => 894,
          '460043' => 2,
          '230002' => 579,
          '1060013' => 4,
          '450019' => 1,
          '1100001' => 20,
          '770024' => 44,
          '250002' => 18,
          '1550017' => 1,
          '1010013' => 37,
          '1270004' => 63327,
          '100005' => 154,
          '1550028' => 2,
          '1480117' => 2,
          '90000' => 12672,
          '480022' => 4,
          '770000' => 54,
          '1130017' => 1,
          '1400010' => 18,
          '1300010' => 2,
          '1480008' => 625,
          '410012' => 6,
          '1430026' => 3,
          '1140110' => 1,
          '280022' => 39933,
          '1490060' => 48,
          '1230000' => 791989,
          '200016' => 90,
          '1620022' => 8,
          '720014' => 14,
          '550005' => 2,
          '890082' => 658,
          '1520003' => 4,
          '530010' => 1,
          '310009' => 4,
          '1420013' => 2,
          '290007' => 4,
          '1290026' => 2,
          '1330013' => 3,
          '1160024' => 24124,
          '910009' => 956,
          '1650135' => 1,
          '890015' => 5499,
          '890012' => 1,
          '660051' => 11,
          '810072' => 28,
          '1400048' => 6,
          '1200010' => 3,
          '1490026' => 67139,
          '340022' => 4,
          '640038' => 1,
          '1460007' => 9608,
          '190000' => 6713,
          '1480001' => 13,
          '1490046' => 116,
          '960001' => 6503,
          '830061' => 1,
          '900084' => 40,
          '1420000' => 880,
          '950065' => 2,
          '490021' => 5,
          '120002' => 222,
          '1300004' => 25,
          '960075' => 4,
          '470000' => 892,
          '960008' => 479,
          '380030' => 35,
          '550017' => 1,
          '1460140' => 17,
          '1260002' => 65090,
          '240012' => 45,
          '1620094' => 15,
          '1210014' => 1,
          '550001' => 4,
          '1180110' => 2,
          '440008' => 3,
          '1350003' => 9,
          '1390000' => 10646,
          '1190096' => 7,
          '1270014' => 1,
          '1420133' => 110,
          '60006' => 7117142,
          '930093' => 2012,
          '960080' => 1,
          '600060' => 10,
          '380009' => 1,
          '1160010' => 4,
          '360003' => 2,
          '180001' => 453,
          '900019' => 1,
          '580009' => 11,
          '1610007' => 4,
          '370009' => 4,
          '550055' => 11,
          '970050' => 3,
          '920085' => 21,
          '460013' => 3,
          '1010101' => 964,
          '1180012' => 6,
          '700009' => 6,
          '380010' => 10,
          '1140003' => 89,
          '920015' => 8,
          '1330001' => 10090,
          '410041' => 134,
          '690010' => 5,
          '1500024' => 2,
          '440019' => 1,
          '800006' => 4,
          '560004' => 2,
          '350024' => 22,
          '280004' => 2491,
          '260013' => 11,
          '1170096' => 11,
          '1530007' => 1735,
          '430013' => 1,
          '1140106' => 2178,
          '700012' => 39,
          '1480036' => 1,
          '280019' => 1489,
          '1170008' => 1,
          '640014' => 1658,
          '1340026' => 1,
          '1110011' => 4619,
          '300004' => 102,
          '1060000' => 139,
          '410034' => 1,
          '140010' => 257,
          '1190024' => 10458,
          '390015' => 2,
          '280014' => 4,
          '1120009' => 1,
          '710071' => 77,
          '1030002' => 8,
          '270024' => 39,
          '730015' => 1,
          '1000012' => 217,
          '640009' => 24,
          '840075' => 8,
          '400010' => 6,
          '1660005' => 11,
          '680060' => 356,
          '1560149' => 1,
          '480012' => 9,
          '1430134' => 27,
          '1290005' => 2545,
          '190010' => 310,
          '920088' => 1,
          '10000' => 17815,
          '1320018' => 2,
          '1630000' => 3753,
          '1440013' => 1,
          '1280005' => 13,
          '1190003' => 74,
          '930050' => 1,
          '750002' => 8,
          '610027' => 59,
          '420024' => 3,
          '690000' => 572,
          '340006' => 5,
          '1010006' => 2,
          '80002' => 31193,
          '680023' => 2,
          '1050006' => 1,
          '900014' => 206,
          '1240006' => 121,
          '250015' => 10,
          '860007' => 6,
          '160004' => 3076,
          '470005' => 3,
          '1550008' => 32,
          '1400009' => 1,
          '1610011' => 2029,
          '1030007' => 31,
          '920075' => 2492,
          '720008' => 69,
          '330011' => 1,
          '1410017' => 101,
          '1080022' => 5,
          '650012' => 2,
          '1190112' => 1,
          '880003' => 26,
          '450002' => 1,
          '1380006' => 913,
          '140007' => 37,
          '720026' => 1,
          '1370001' => 11263,
          '1170108' => 40,
          '350001' => 3,
          '860024' => 63049,
          '1340008' => 4,
          '1210017' => 4,
          '1440008' => 20,
          '1210022' => 1,
          '260025' => 11,
          '800013' => 1,
          '600003' => 7,
          '1390024' => 12047,
          '1380048' => 1,
          '400001' => 1,
          '920001' => 5484,
          '1340012' => 2,
          '50004' => 641,
          '1100104' => 132,
          '250008' => 6,
          '1330004' => 35,
          '1460006' => 28,
          '1120104' => 2,
          '600047' => 1,
          '690008' => 1,
          '950016' => 1,
          '430016' => 1,
          '1430019' => 61,
          '410021' => 2,
          '350035' => 5,
          '520022' => 1,
          '1410101' => 9,
          '910000' => 4518,
          '450045' => 1752,
          '1140109' => 30,
          '1590000' => 330,
          '300014' => 1,
          '100008' => 5134,
          '1350027' => 1,
          '660013' => 4,
          '740066' => 57,
          '310024' => 362,
          '1490013' => 1,
          '750048' => 2,
          '810001' => 7,
          '630001' => 3,
          '1350135' => 4,
          '1050023' => 4,
          '740051' => 49,
          '1100024' => 37448,
          '300001' => 8,
          '940087' => 2,
          '740004' => 49,
          '570010' => 13,
          '1650017' => 2765,
          '990080' => 1,
          '780005' => 10,
          '550002' => 1,
          '440001' => 1,
          '1320026' => 1,
          '1500026' => 4979,
          '1540000' => 2820,
          '1220027' => 4,
          '1670025' => 1,
          '440016' => 2,
          '1390021' => 1,
          '1590005' => 60,
          '270007' => 59,
          '1350021' => 1,
          '1230119' => 40801,
          '540004' => 3,
          '60002' => 31545,
          '1460058' => 6,
          '900013' => 5,
          '710047' => 5,
          '800037' => 1,
          '760059' => 1,
          '1480004' => 229,
          '380000' => 93,
          '620003' => 2,
          '1500000' => 91746,
          '740042' => 3,
          '680013' => 19,
          '450006' => 1,
          '1220006' => 10,
          '200020' => 41130,
          '480002' => 189,
          '1160108' => 5,
          '150007' => 31,
          '460038' => 41,
          '90007' => 4035,
          '1390130' => 61,
          '270010' => 9,
          '560046' => 8,
          '760054' => 2,
          '770037' => 4,
          '1000005' => 3190,
          '750003' => 3,
          '1660157' => 8,
          '520044' => 1,
          '320032' => 59,
          '1490018' => 3,
          '1150004' => 16,
          '1130109' => 1,
          '170005' => 22,
          '750008' => 3,
          '450033' => 17,
          '290022' => 2,
          '580047' => 1,
          '210015' => 157,
          '1620029' => 4,
          '1130113' => 97,
          '1190018' => 4,
          '550012' => 4,
          '390000' => 14,
          '1630014' => 3876,
          '190019' => 3021,
          '760050' => 1,
          '170011' => 55987,
          '530047' => 4,
          '970008' => 1,
          '160012' => 358,
          '1490012' => 4,
          '850018' => 7,
          '1510145' => 29,
          '240007' => 479,
          '660038' => 61,
          '220004' => 176,
          '650001' => 1,
          '990004' => 9,
          '1280012' => 1,
          '1360001' => 11230,
          '400014' => 28,
          '430017' => 147,
          '1610152' => 14,
          '870024' => 65230,
          '950001' => 3772,
          '1340001' => 13076,
          '180012' => 18804,
          '880017' => 1,
          '1560006' => 169,
          '1510151' => 10149547,
          '490015' => 5,
          '1020003' => 2,
          '760000' => 26129,
          '880057' => 130,
          '1140022' => 56,
          '1170026' => 1,
          '1530011' => 4,
          '1430005' => 5,
          '490016' => 2,
          '1480025' => 3632,
          '890003' => 4,
          '820002' => 3,
          '580007' => 12,
          '460025' => 1,
          '900024' => 41710,
          '670023' => 1,
          '680005' => 81,
          '450012' => 3,
          '160000' => 12483,
          '1640021' => 7,
          '330005' => 57,
          '1340131' => 1,
          '800009' => 6,
          '1130105' => 3272,
          '1110014' => 1,
          '880064' => 17,
          '430003' => 2,
          '910070' => 31,
          '1000018' => 22,
          '530000' => 41,
          '640026' => 5,
          '510048' => 15,
          '310004' => 1,
          '1420028' => 4,
          '310010' => 23,
          '860000' => 353,
          '730011' => 8,
          '350002' => 4,
          '570038' => 3,
          '1170018' => 73,
          '680068' => 4,
          '580024' => 386,
          '890024' => 55989,
          '110003' => 834,
          '720040' => 3,
          '1630007' => 1,
          '1640159' => 1,
          '1440044' => 3,
          '610000' => 438,
          '220013' => 29,
          '340009' => 3,
          '830008' => 8,
          '930075' => 9,
          '830011' => 1,
          '1470016' => 1,
          '660004' => 92,
          '480045' => 122,
          '1320000' => 1664,
          '730018' => 1,
          '930019' => 1822,
          '880068' => 1,
          '720072' => 12,
          '1660022' => 1,
          '1670011' => 2,
          '570019' => 2,
          '1420049' => 4,
          '110006' => 139,
          '420003' => 3,
          '1430120' => 10,
          '1080000' => 379,
          '1610153' => 26,
          '500007' => 1959,
          '510010' => 34,
          '1220095' => 3388,
          '1610002' => 7,
          '120007' => 984,
          '1400000' => 561,
          '380034' => 2,
          '780002' => 8,
          '1400133' => 745,
          '280002' => 221,
          '1620005' => 1,
          '1140014' => 647,
          '1580004' => 10,
          '350006' => 60,
          '1120001' => 4522,
          '1320009' => 1657,
          '790005' => 7,
          '890065' => 3,
          '660066' => 4,
          '1000001' => 7816,
          '100009' => 530,
          '410017' => 5,
          '1320005' => 92,
          '1510039' => 1,
          '1460141' => 1066,
          '250005' => 17,
          '130005' => 57,
          '700023' => 3,
          '960022' => 4,
          '230013' => 13,
          '1360128' => 1,
          '520002' => 7,
          '1150017' => 1,
          '1260008' => 2,
          '620019' => 1,
          '460032' => 1,
          '1400044' => 1985,
          '1490118' => 7488,
          '1550147' => 12,
          '700005' => 1,
          '1370012' => 5,
          '1040104' => 1,
          '1460138' => 6,
          '570034' => 15,
          '1120014' => 8,
          '1100095' => 6,
          '260003' => 44,
          '1220032' => 1,
          '1300026' => 1,
          '1270005' => 3738,
          '1200102' => 7,
          '950005' => 11,
          '430000' => 133,
          '890000' => 2951,
          '500001' => 2,
          '790012' => 15,
          '1200013' => 1,
          '300018' => 3,
          '500027' => 2,
          '1140010' => 11,
          '1220008' => 72,
          '910005' => 13,
          '190004' => 29,
          '1610025' => 3,
          '1470147' => 7120669,
          '1370017' => 154,
          '430024' => 9,
          '260018' => 14,
          '1180003' => 7103,
          '320004' => 27,
          '1650073' => 18,
          '1460012' => 4,
          '150014' => 44,
          '640002' => 2,
          '1090002' => 2,
          '570026' => 26,
          '90003' => 10158,
          '680038' => 1,
          '50000' => 145020,
          '610006' => 4,
          '510028' => 2,
          '1420004' => 82,
          '280017' => 2,
          '1630015' => 337,
          '1530014' => 23,
          '460010' => 1,
          '1200007' => 5,
          '410038' => 34,
          '890007' => 2,
          '1400040' => 3,
          '1390131' => 22,
          '950088' => 2,
          '1640002' => 28,
          '1360011' => 6,
          '190008' => 90,
          '520021' => 1,
          '1460019' => 17,
          '1460010' => 1,
          '670006' => 1,
          '400036' => 2,
          '1410030' => 1,
          '580046' => 1,
          '1560000' => 1076,
          '720010' => 17,
          '1180004' => 90,
          '280023' => 20143,
          '1250125' => 20,
          '730048' => 3,
          '780009' => 2,
          '680040' => 3,
          '1530003' => 68,
          '720000' => 235,
          '530046' => 1,
          '960004' => 21,
          '340002' => 1,
          '810013' => 20,
          '1580016' => 3,
          '1460127' => 18,
          '320007' => 7,
          '320015' => 3,
          '980003' => 8,
          '880037' => 1,
          '1510029' => 3178,
          '740003' => 3,
          '300024' => 1910,
          '1310007' => 1,
          '370014' => 3,
          '1640016' => 259,
          '930005' => 41,
          '390011' => 25,
          '170009' => 8466,
          '150004' => 63,
          '560000' => 324,
          '1600010' => 391,
          '1320010' => 107,
          '900000' => 2947,
          '340011' => 1,
          '80007' => 2332,
          '1580020' => 30,
          '540052' => 1,
          '1500023' => 3094,
          '30000' => 41302,
          '1240000' => 262213,
          '1140114' => 19,
          '940072' => 3,
          '1620013' => 830,
          '1170002' => 162,
          '920011' => 7,
          '710006' => 1,
          '850009' => 8,
          '1440137' => 1,
          '1410018' => 6,
          '1430030' => 2,
          '1220113' => 212,
          '640012' => 8,
          '1320014' => 18,
          '180005' => 2131,
          '1460029' => 252,
          '1390004' => 13,
          '700018' => 1,
          '470019' => 3,
          '610013' => 14,
          '1410049' => 4,
          '1460054' => 22,
          '1330007' => 6,
          '830002' => 1,
          '1230015' => 4,
          '380014' => 14,
          '1460120' => 348,
          '1240012' => 34,
          '720043' => 12,
          '1650008' => 667,
          '1460053' => 2004,
          '1190115' => 1,
          '940004' => 291,
          '710000' => 367,
          '1480056' => 81,
          '1670002' => 46,
          '270009' => 3,
          '260022' => 73,
          '1420137' => 1,
          '1380023' => 1,
          '1060002' => 1,
          '1600151' => 7,
          '1090015' => 18,
          '1670159' => 11,
          '680008' => 4,
          '910084' => 2,
          '1160092' => 2,
          '1210006' => 64,
          '510002' => 5,
          '1360021' => 3,
          '1290001' => 21,
          '580058' => 16,
          '460019' => 1,
          '1020000' => 15,
          '610047' => 2,
          '890011' => 2,
          '980012' => 215,
          '220016' => 30,
          '950022' => 1,
          '920022' => 2,
          '1280001' => 48238,
          '340013' => 2,
          '380005' => 1,
          '1380014' => 1547,
          '790001' => 1,
          '670014' => 12,
          '730001' => 6,
          '760003' => 1,
          '1460021' => 1752,
          '1220104' => 2,
          '330023' => 3,
          '1190001' => 7136,
          '180009' => 603,
          '1300042' => 1,
          '240018' => 416,
          '480047' => 1329,
          '880072' => 132,
          '970002' => 3,
          '40003' => 1771,
          '1520008' => 5,
          '400007' => 13,
          '890089' => 58,
          '500011' => 1,
          '670012' => 3,
          '890018' => 2,
          '1160019' => 1,
          '1570008' => 1165,
          '1030074' => 26,
          '1270100' => 3,
          '580038' => 4,
          '970097' => 3,
          '550051' => 1,
          '1440005' => 25,
          '920005' => 9,
          '540046' => 26,
          '1160005' => 1,
          '1390014' => 1,
          '1410022' => 1,
          '280007' => 498,
          '60001' => 14520,
          '1160014' => 4,
          '1350012' => 2292,
          '1550004' => 4,
          '1340007' => 2,
          '1420121' => 2,
          '630015' => 1,
          '1540008' => 1,
          '1040006' => 1,
          '1540029' => 1,
          '850014' => 2,
          '420014' => 15,
          '170015' => 5370,
          '1460002' => 542,
          '880082' => 112,
          '720013' => 12,
          '550027' => 1,
          '1590010' => 907,
          '1310110' => 1,
          '220008' => 55,
          '940054' => 80,
          '980008' => 4831,
          '520033' => 1,
          '740028' => 3,
          '720054' => 180,
          '1220001' => 4693,
          '610061' => 1,
          '1500004' => 341,
          '490031' => 1,
          '840016' => 61,
          '1170022' => 45,
          '490019' => 14,
          '1340024' => 37409,
          '1490022' => 1590,
          '1670051' => 15,
          '1380005' => 254,
          '240013' => 23,
          '600012' => 17,
          '270023' => 13,
          '720022' => 1,
          '820014' => 2,
          '1390019' => 7,
          '250019' => 102,
          '960012' => 4,
          '160008' => 136,
          '410024' => 4,
          '740049' => 5,
          '830007' => 19,
          '900009' => 1792,
          '770049' => 1,
          '250018' => 8,
          '1490006' => 35,
          '1470023' => 1,
          '1670029' => 34,
          '990010' => 27,
          '90006' => 624,
          '1480011' => 562,
          '490002' => 112,
          '230007' => 49,
          '770047' => 2,
          '1120002' => 21,
          '1610012' => 3488,
          '780010' => 1,
          '100002' => 374,
          '500031' => 2,
          '800007' => 1,
          '1500011' => 756,
          '1480022' => 9964,
          '520050' => 1,
          '1660009' => 1,
          '790079' => 2,
          '1540001' => 1,
          '680027' => 1,
          '540007' => 8,
          '1650009' => 750,
          '510021' => 1,
          '1360002' => 134,
          '1040002' => 7,
          '1270001' => 18158,
          '510018' => 7,
          '1420007' => 9,
          '20001' => 1293,
          '1460017' => 2,
          '1410141' => 4,
          '1440026' => 1,
          '1380020' => 21,
          '1410005' => 40,
          '430021' => 5,
          '160016' => 2259,
          '830043' => 7,
          '400021' => 1,
          '290015' => 1,
          '880007' => 13,
          '1600006' => 3,
          '870079' => 2,
          '1110001' => 6,
          '740020' => 2,
          '1470000' => 544,
          '720016' => 4,
          '1630003' => 11,
          '500046' => 2,
          '590008' => 5,
          '1640041' => 1,
          '520007' => 7,
          '630008' => 7,
          '390007' => 10,
          '360004' => 14,
          '1090018' => 8,
          '1210121' => 2,
          '1600007' => 4,
          '770019' => 5,
          '1290010' => 2,
          '1040024' => 148,
          '700004' => 15,
          '1200002' => 199,
          '880013' => 1,
          '690001' => 175,
          '1400027' => 1,
          '1590037' => 1,
          '380024' => 25587,
          '140014' => 54401,
          '1550014' => 5,
          '1050013' => 9,
          '570009' => 9,
          '610003' => 20,
          '460034' => 4,
          '320010' => 1,
          '1350019' => 3,
          '1540014' => 93,
          '620008' => 96,
          '980024' => 19394,
          '1670137' => 1,
          '1500012' => 177,
          '940023' => 2,
          '800002' => 3,
          '1090009' => 1,
          '440005' => 3,
          '1220102' => 1,
          '1360130' => 33,
          '1350008' => 1,
          '1520001' => 1,
          '850000' => 636,
          '1230010' => 3,
          '1160000' => 1227,
          '700015' => 18,
          '230017' => 248,
          '810063' => 2,
          '1140040' => 8,
          '910022' => 1,
          '890072' => 40,
          '1610155' => 13,
          '840002' => 9,
          '220000' => 18918,
          '1620156' => 17,
          '1280057' => 1,
          '580012' => 4,
          '390005' => 5,
          '730012' => 8,
          '970005' => 3,
          '610038' => 3,
          '870010' => 2,
          '1150003' => 10,
          '150013' => 1565,
          '700048' => 20681,
          '630058' => 1,
          '430007' => 1,
          '900002' => 474,
          '250011' => 30,
          '130002' => 137,
          '760043' => 4,
          '530003' => 1,
          '660012' => 4,
          '1500052' => 1,
          '230000' => 6638,
          '70005' => 670,
          '570014' => 6,
          '1560010' => 1,
          '1380043' => 2,
          '1380132' => 33,
          '690012' => 3,
          '1410040' => 1,
          '1360043' => 11,
          '520048' => 207,
          '180000' => 5764,
          '530004' => 1,
          '1480037' => 1,
          '650026' => 3,
          '200005' => 1732,
          '1490051' => 13,
          '510038' => 1,
          '1010019' => 1,
          '1370008' => 2,
          '440021' => 1,
          '660001' => 13,
          '780024' => 40,
          '1450026' => 1,
          '840079' => 1,
          '290003' => 19,
          '580010' => 2,
          '1130018' => 1,
          '1620162' => 7,
          '1380011' => 241,
          '1050001' => 2,
          '150003' => 2493,
          '480001' => 6,
          '1410010' => 2,
          '270003' => 120,
          '1620023' => 1,
          '810006' => 1,
          '820006' => 13,
          '240003' => 136,
          '760058' => 2733,
          '490009' => 11,
          '550046' => 1,
          '680001' => 128,
          '210021' => 63972,
          '500016' => 1,
          '990099' => 83,
          '180017' => 9,
          '820007' => 1,
          '170010' => 104,
          '1590009' => 5,
          '1310010' => 2,
          '740046' => 60,
          '1230004' => 3,
          '1000008' => 312,
          '980098' => 60,
          '960090' => 2003,
          '1500029' => 724,
          '1130021' => 27,
          '770008' => 1,
          '1290004' => 30,
          '260008' => 5162,
          '930000' => 1360,
          '1230011' => 1,
          '660008' => 4,
          '790009' => 1,
          '670007' => 3,
          '920086' => 26,
          '1660158' => 6287,
          '1480000' => 115028,
          '1360000' => 20870,
          '520046' => 15,
          '730073' => 5,
          '320011' => 3,
          '90008' => 463,
          '860005' => 1,
          '1670167' => 3,
          '760015' => 1,
          '350014' => 4,
          '720036' => 1,
          '1430004' => 1,
          '1220114' => 10659,
          '170006' => 4,
          '890083' => 67,
          '790024' => 476,
          '1050014' => 3,
          '370008' => 3,
          '1270003' => 1389,
          '630024' => 337,
          '750016' => 4,
          '1170015' => 5,
          '1480021' => 260,
          '620038' => 1,
          '650002' => 1,
          '1270008' => 50,
          '490005' => 2,
          '1170017' => 7,
          '830012' => 5,
          '1600022' => 3,
          '1430043' => 1,
          '1250000' => 55648,
          '210011' => 9218,
          '1530010' => 11,
          '800005' => 2,
          '1620030' => 5,
          '1420029' => 1,
          '720039' => 8,
          '330006' => 9,
          '1310004' => 4,
          '240004' => 215,
          '890071' => 8,
          '1630008' => 3840,
          '900020' => 4,
          '980013' => 500,
          '1360006' => 1,
          '1220031' => 1,
          '640008' => 70,
          '320024' => 3649,
          '1110022' => 4,
          '1130002' => 162,
          '500009' => 2,
          '1460003' => 128,
          '880065' => 6,
          '1040022' => 2,
          '1200032' => 6,
          '990024' => 51,
          '830006' => 1,
          '600024' => 12,
          '1580005' => 13,
          '1580010' => 4,
          '1080004' => 5,
          '690011' => 2,
          '930017' => 31,
          '1160095' => 7,
          '1020024' => 35,
          '690007' => 6,
          '1410028' => 3,
          '1280004' => 16,
          '1220022' => 26728,
          '750018' => 1,
          '660026' => 1,
          '160005' => 14,
          '1200120' => 1,
          '1460034' => 2,
          '1350011' => 19,
          '30001' => 2507,
          '990013' => 1,
          '390002' => 5,
          '910010' => 70,
          '680010' => 67,
          '1490023' => 17669,
          '1330027' => 2,
          '1240014' => 27,
          '1040013' => 1,
          '1250014' => 1,
          '1660006' => 1,
          '70004' => 264,
          '1280027' => 2,
          '1290129' => 3,
          '680004' => 76,
          '670016' => 1,
          '260006' => 2669,
          '670000' => 245,
          '1480013' => 10,
          '220012' => 64,
          '700046' => 6,
          '1530009' => 4,
          '1400022' => 63,
          '1640158' => 3,
          '180016' => 78,
          '860010' => 9,
          '1640010' => 3,
          '760060' => 5,
          '1650165' => 1,
          '1620021' => 1,
          '1560150' => 6,
          '1390001' => 9104,
          '1130022' => 10,
          '130004' => 2303,
          '1420010' => 24,
          '1460123' => 22,
          '270002' => 45,
          '1660161' => 1,
          '1360009' => 16,
          '760034' => 8,
          '840012' => 1,
          '1440009' => 1,
          '550024' => 102,
          '540000' => 33,
          '1670143' => 7,
          '710013' => 7,
          '680007' => 11,
          '1150016' => 2,
          '950015' => 2,
          '220007' => 74,
          '1350006' => 5,
          '1610021' => 2,
          '440022' => 1,
          '580049' => 1,
          '1620014' => 3647,
          '380018' => 11,
          '1670016' => 28,
          '1000021' => 1,
          '790000' => 133,
          '600004' => 4,
          '1640140' => 5,
          '980096' => 3,
          '560026' => 92,
          '820048' => 4,
          '840006' => 1,
          '420009' => 59,
          '870063' => 30,
          '810005' => 25,
          '1670014' => 156,
          '80003' => 2980,
          '840013' => 4,
          '930085' => 28,
          '880010' => 2,
          '1320132' => 3,
          '680045' => 14,
          '1230118' => 17101,
          '1390121' => 5,
          '140003' => 4697,
          '640058' => 1,
          '690016' => 9,
          '860019' => 1,
          '1490005' => 11,
          '1210027' => 3,
          '330017' => 2,
          '1120017' => 4,
          '230010' => 108,
          '1580014' => 1,
          '200011' => 9391,
          '570047' => 45,
          '880000' => 11069,
          '1340015' => 1,
          '820016' => 7,
          '270006' => 429,
          '1500002' => 5738,
          '950004' => 912,
          '1160001' => 319,
          '490049' => 21,
          '1360014' => 1,
          '330001' => 16,
          '1210069' => 1,
          '1210023' => 4333,
          '1650158' => 66,
          '1550032' => 5417,
          '1210001' => 9,
          '810000' => 919,
          '620002' => 7,
          '1560017' => 7,
          '1330009' => 213,
          '1610004' => 12,
          '1630163' => 5,
          '820001' => 2,
          '1190004' => 769,
          '310023' => 42,
          '820082' => 2,
          '1580019' => 2,
          '530029' => 5,
          '1290016' => 1,
          '150002' => 1433,
          '250003' => 11,
          '1620153' => 22,
          '1420008' => 15,
          '990006' => 2,
          '1670160' => 34,
          '1230115' => 6916,
          '420000' => 290,
          '1590097' => 7,
          '1450024' => 4,
          '1220007' => 18,
          '1220024' => 57799,
          '630002' => 6,
          '910001' => 229,
          '940088' => 37,
          '500047' => 7,
          '770025' => 2,
          '890014' => 1,
          '1410004' => 20,
          '770005' => 16,
          '770001' => 22,
          '470031' => 1,
          '1600001' => 2,
          '710048' => 10483,
          '1610015' => 2,
          '230018' => 3,
          '1500001' => 5413,
          '650015' => 1,
          '780004' => 2,
          '1210113' => 3,
          '680024' => 72,
          '870044' => 1,
          '1440022' => 12,
          '560047' => 3,
          '1120105' => 1,
          '1230123' => 199878,
          '990003' => 7,
          '1100011' => 1,
          '980005' => 3503,
          '1000013' => 64,
          '1100048' => 1,
          '460018' => 2,
          '1440114' => 2,
          '630004' => 2,
          '1060026' => 1,
          '180011' => 41661,
          '720001' => 14,
          '1070004' => 4,
          '1580157' => 1,
          '1260001' => 49694,
          '300007' => 3,
          '850004' => 2,
          '1160018' => 3,
          '1350002' => 678,
          '350011' => 8,
          '1640017' => 7,
          '370017' => 1,
          '1340000' => 4767,
          '180002' => 3931,
          '920018' => 13,
          '1460052' => 141,
          '490024' => 69,
          '960005' => 40,
          '870007' => 2,
          '1000004' => 73,
          '1630017' => 10,
          '1300015' => 1,
          '1090013' => 1,
          '1200025' => 1,
          '400008' => 3,
          '170007' => 10,
          '1650005' => 276,
          '890002' => 36,
          '1370020' => 2,
          '360000' => 60,
          '160013' => 8,
          '940005' => 36,
          '40002' => 3672,
          '280009' => 131,
          '1060015' => 9,
          '1060001' => 1,
          '930024' => 11316,
          '1140105' => 16,
          '1430015' => 2,
          '1440031' => 3,
          '610012' => 4,
          '1440144' => 697,
          '750009' => 1,
          '420034' => 395,
          '720005' => 5,
          '1620035' => 25,
          '1250007' => 1,
          '730008' => 4,
          '1560008' => 1914,
          '1530017' => 1,
          '850024' => 6975,
          '1390133' => 32,
          '940017' => 1,
          '390001' => 6,
          '500010' => 6,
          '340001' => 4,
          '170014' => 9,
          '250024' => 89,
          '1440043' => 2,
          '460024' => 41,
          '20000' => 63473,
          '1370132' => 4,
          '300003' => 91,
          '1130104' => 19,
          '1530004' => 45,
          '400013' => 15,
          '550038' => 1,
          '400019' => 10,
          '900006' => 4,
          '1380016' => 584,
          '620022' => 1,
          '750004' => 5,
          '940007' => 1,
          '1180029' => 1,
          '220022' => 50526,
          '1110012' => 3,
          '1660000' => 427,
          '1510026' => 1,
          '1480007' => 464,
          '610009' => 3,
          '1380024' => 41702,
          '350003' => 1,
          '1130008' => 6,
          '1440012' => 3,
          '480042' => 6,
          '360015' => 1,
          '600011' => 3,
          '860085' => 1,
          '200006' => 952,
          '920004' => 187,
          '1380015' => 203,
          '1630001' => 16,
          '190011' => 11987,
          '1370013' => 87,
          '360024' => 16,
          '1160116' => 29,
          '1310014' => 4,
          '1220051' => 1,
          '240024' => 445044,
          '1140000' => 36901,
          '560001' => 5,
          '1130012' => 483,
          '1670021' => 68,
          '310031' => 9037,
          '200018' => 523,
          '1640013' => 13,
          '1650028' => 3,
          '120001' => 357,
          '390009' => 2,
          '1020020' => 1,
          '1510002' => 492,
          '80001' => 3024,
          '230005' => 20,
          '630011' => 51,
          '310008' => 3,
          '1440002' => 3,
          '300021' => 83,
          '930051' => 1,
          '750027' => 1,
          '590001' => 3,
          '1110007' => 5,
          '1220010' => 12,
          '450021' => 12,
          '1550007' => 4802,
          '880086' => 1,
          '250016' => 3,
          '1150022' => 76,
          '1030001' => 1,
          '1670004' => 34,
          '540054' => 20,
          '1510005' => 53,
          '1490002' => 156,
          '1460013' => 12,
          '980000' => 78250,
          '740031' => 354,
          '810009' => 8,
          '880081' => 3,
          '530007' => 19,
          '1460045' => 2405,
          '270018' => 19,
          '870057' => 1,
          '1220092' => 113,
          '1590013' => 39,
          '680063' => 2,
          '590037' => 1,
          '690003' => 2,
          '800048' => 16,
          '920024' => 24248,
          '1100005' => 2,
          '740010' => 1,
          '1300130' => 10,
          '210020' => 1073,
          '380007' => 2,
          '1650016' => 92,
          '1230001' => 255710,
          '280024' => 21886,
          '1590006' => 2,
          '790014' => 2,
          '1230008' => 3,
          '1100103' => 1,
          '970000' => 42926,
          '380008' => 2,
          '760005' => 5,
          '700000' => 1022,
          '740065' => 4,
          '940000' => 1202,
          '820052' => 1,
          '760047' => 80,
          '290014' => 1,
          '740050' => 140,
          '470002' => 3,
          '400002' => 6,
          '1140092' => 3,
          '1250024' => 36,
          '1410135' => 69,
          '290008' => 37,
          '920003' => 46,
          '710017' => 11,
          '410013' => 4,
          '500012' => 13,
          '1200009' => 1,
          '120005' => 132,
          '1200008' => 4,
          '290028' => 5,
          '150006' => 35,
          '460046' => 5479,
          '600048' => 5593,
          '1200020' => 26,
          '1010017' => 1,
          '720019' => 3,
          '370024' => 9,
          '740005' => 97,
          '1240002' => 29762,
          '1270015' => 2,
          '870047' => 16,
          '690048' => 11522,
          '1350024' => 64894,
          '1380129' => 17,
          '1630020' => 1,
          '660050' => 3,
          '920010' => 3,
          '210002' => 22,
          '660005' => 2,
          '1500028' => 31857,
          '1490011' => 2258,
          '1410000' => 442,
          '1550013' => 3,
          '210007' => 44,
          '1240001' => 156680,
          '1490019' => 1,
          '230020' => 442,
          '1290000' => 1867,
          '640027' => 3,
          '1540032' => 1,
          '730000' => 14,
          '1370009' => 4,
          '1230114' => 55,
          '760037' => 2,
          '210016' => 10,
          '840055' => 9,
          '190016' => 12,
          '260010' => 18651,
          '1340019' => 2,
          '1010007' => 4,
          '950008' => 2,
          '1600011' => 18677,
          '1050022' => 5,
          '140008' => 152,
          '670059' => 3,
          '550047' => 2,
          '470006' => 1,
          '1220122' => 145192,
          '300002' => 45,
          '1660162' => 20,
          '230006' => 24,
          '1210117' => 1,
          '760019' => 2,
          '610035' => 2,
          '970020' => 1,
          '1350020' => 14,
          '310003' => 34,
          '1490001' => 5074,
          '700016' => 2,
          '210003' => 1014,
          '1470024' => 8,
          '910067' => 2,
          '910023' => 9,
          '1120024' => 61006,
          '1390009' => 2,
          '1180015' => 1,
          '800001' => 1,
          '950000' => 2572,
          '1310008' => 2,
          '620062' => 65,
          '690013' => 15,
          '270013' => 16,
          '1250018' => 1,
          '880061' => 1,
          '980001' => 7870,
          '1420142' => 316,
          '1430000' => 905,
          '290020' => 2,
          '110005' => 212,
          '840001' => 4,
          '940022' => 35,
          '230022' => 315,
          '1220116' => 164069,
          '690047' => 2,
          '500033' => 1,
          '1450055' => 88,
          '460042' => 1,
          '1500047' => 1,
          '1000019' => 1,
          '1190023' => 2,
          '250012' => 4,
          '770023' => 1,
          '1540005' => 58,
          '960094' => 1,
          '1150024' => 12059,
          '1370002' => 18,
          '860002' => 4,
          '960073' => 31,
          '300008' => 1,
          '930013' => 3,
          '570013' => 2,
          '1270119' => 663,
          '860001' => 14,
          '1000003' => 4,
          '970001' => 7871,
          '820005' => 1,
          '1270020' => 4,
          '270008' => 2,
          '1480017' => 8,
          '1180025' => 8,
          '1330005' => 11577,
          '1370026' => 1,
          '330033' => 157,
          '1100016' => 1,
          '320009' => 11,
          '290004' => 4,
          '830083' => 1,
          '760044' => 16,
          '860014' => 18,
          '330024' => 226,
          '670026' => 1,
          '1240124' => 1,
          '110004' => 918,
          '1410009' => 1,
          '220003' => 96,
          '530050' => 1,
          '500019' => 1,
          '1150028' => 9,
          '1390139' => 1,
          '1240021' => 1,
          '1180022' => 8,
          '120006' => 1250,
          '1340006' => 12,
          '200008' => 71,
          '780008' => 6,
          '1020007' => 3,
          '870040' => 2,
          '1120021' => 4,
          '470028' => 2,
          '1360127' => 8,
          '210019' => 295,
          '1270127' => 2,
          '850015' => 3,
          '1270009' => 3,
          '1040008' => 3,
          '480003' => 8,
          '260026' => 14094,
          '1230016' => 2,
          '900003' => 22,
          '420021' => 2,
          '1230005' => 171,
          '1560034' => 6,
          '850072' => 24,
          '250006' => 3,
          '950080' => 4,
          '540003' => 2,
          '1510074' => 1,
          '1160107' => 4,
          '260002' => 1250,
          '800014' => 2,
          '1430049' => 1,
          '930023' => 7,
          '160010' => 218,
          '960011' => 1,
          '1110016' => 37,
          '1630010' => 12,
          '630009' => 182,
          '490025' => 1,
          '1210026' => 2,
          '750024' => 44,
          '1570011' => 25,
          '800008' => 15,
          '1500059' => 3,
          '470024' => 125,
          '160009' => 175,
          '300016' => 1,
          '630019' => 1,
          '920000' => 8175,
          '810081' => 31,
          '1650024' => 6,
          '1330017' => 1,
          '1210010' => 9,
          '410009' => 9,
          '880004' => 52,
          '1140108' => 5,
          '1550016' => 2,
          '490014' => 3,
          '710022' => 17,
          '1600005' => 6,
          '1240117' => 2,
          '500026' => 50,
          '220019' => 457,
          '1390109' => 2,
          '440012' => 1,
          '230014' => 76,
          '840000' => 1427,
          '1110002' => 12,
          '1560014' => 8,
          '1340004' => 2,
          '240020' => 844,
          '1670019' => 4619,
          '1150012' => 1,
          '1380017' => 196,
          '1000024' => 154943,
          '700003' => 9,
          '1660013' => 11,
          '130012' => 50693,
          '420010' => 7,
          '1090003' => 7,
          '930001' => 101,
          '900010' => 5,
          '1620010' => 1,
          '760027' => 2,
          '900001' => 124,
          '1560007' => 605,
          '1220002' => 65,
          '1230030' => 1,
          '930004' => 85,
          '960088' => 8,
          '130009' => 188,
          '1530000' => 672,
          '1200001' => 5,
          '390008' => 3,
          '100003' => 186,
          '280027' => 77,
          '230019' => 11,
          '980004' => 692,
          '580008' => 5,
          '1130004' => 1,
          '720044' => 7,
          '680048' => 24353,
          '1460057' => 1,
          '1510028' => 2048,
          '430012' => 8,
          '640016' => 11,
          '1220028' => 8,
          '890006' => 2,
          '920009' => 772,
          '1460126' => 1,
          '1100009' => 8,
          '860086' => 4,
          '1030000' => 147,
          '120010' => 2961,
          '680003' => 2,
          '1640137' => 16,
          '1200097' => 6,
          '490020' => 1,
          '1210004' => 1,
          '800020' => 1,
          '770013' => 1,
          '320016' => 1,
          '80006' => 993,
          '760004' => 215,
          '1670003' => 150,
          '950071' => 16,
          '440002' => 2,
          '100004' => 553,
          '1100002' => 7,
          '750019' => 3,
          '1670158' => 25,
          '1380042' => 29,
          '1360136' => 6,
          '90009' => 846335,
          '940001' => 107,
          '990000' => 42648,
          '1390018' => 1,
          '740026' => 1,
          '480014' => 4,
          '610023' => 3,
          '200014' => 119,
          '850001' => 3,
          '1000100' => 1385,
          '830016' => 1,
          '930084' => 20,
          '220015' => 4,
          '600000' => 414,
          '470001' => 12,
          '1670147' => 1,
          '440039' => 2,
          '710007' => 3,
          '390012' => 26,
          '1060005' => 1,
          '960081' => 6,
          '1300002' => 1,
          '730004' => 1,
          '520029' => 3,
          '640001' => 58,
          '1620154' => 4,
          '240000' => 139273,
          '1110019' => 1,
          '710014' => 108,
          '1200024' => 281,
          '280008' => 482,
          '620007' => 5,
          '1180058' => 1,
          '1460009' => 314,
          '1650003' => 6,
          '1140004' => 1,
          '240009' => 114,
          '450024' => 7,
          '660054' => 7,
          '910074' => 5259,
          '740070' => 1,
          '270025' => 1,
          '1410134' => 1,
          '1330024' => 6975,
          '910017' => 1,
          '1510001' => 712,
          '480013' => 1,
          '990020' => 13,
          '1380026' => 5,
          '1060022' => 1,
          '1140021' => 27,
          '640011' => 14,
          '1580008' => 1,
          '200002' => 124,
          '1240011' => 118,
          '640054' => 1,
          '1090014' => 5,
          '1160006' => 6,
          '410000' => 47,
          '990007' => 8,
          '1000007' => 61,
          '1440048' => 5,
          '270020' => 17,
          '1150106' => 12,
          '1610003' => 10,
          '1340044' => 2,
          '740000' => 33206,
          '1200018' => 5,
          '650005' => 5,
          '350007' => 2,
          '1630023' => 1,
          '710001' => 125,
          '990027' => 8,
          '280005' => 338,
          '380004' => 1,
          '450001' => 23,
          '1240018' => 5,
          '170001' => 122,
          '900083' => 558,
          '1370048' => 3,
          '770004' => 1,
          '1440136' => 9,
          '720055' => 2,
          '660048' => 42065,
          '930072' => 94,
          '1330010' => 6,
          '1000010' => 269,
          '1670071' => 3,
          '470017' => 7,
          '1490027' => 43544,
          '1620001' => 193,
          '510013' => 2,
          '1380002' => 1772,
          '930008' => 671,
          '320008' => 18,
          '840018' => 1,
          '1490059' => 363,
          '1320008' => 480,
          '1000000' => 27030,
          '1290007' => 594,
          '1230097' => 1,
          '870011' => 84,
          '1450002' => 1,
          '1660051' => 3,
          '1420022' => 1,
          '1550001' => 4,
          '350015' => 3,
          '370007' => 1,
          '260009' => 5516,
          '1020018' => 6,
          '460003' => 2,
          '1380135' => 1,
          '490001' => 21,
          '760067' => 11,
          '1430135' => 2,
          '600009' => 1,
          '280016' => 4,
          '910011' => 11,
          '930022' => 45,
          '150012' => 159,
          '1460061' => 24,
          '1180000' => 955,
          '1670008' => 1,
          '1060014' => 2,
          '1420001' => 13,
          '400016' => 11,
          '280013' => 27,
          '190003' => 96,
          '510014' => 3,
          '610026' => 1,
          '1250001' => 44048,
          '270015' => 1,
          '260014' => 4,
          '1280120' => 1,
          '1220096' => 424,
          '900067' => 62,
          '970024' => 14,
          '1030103' => 110,
          '1480003' => 10,
          '340034' => 87,
          '680014' => 3,
          '1460004' => 388,
          '1220054' => 1,
          '1320004' => 7559,
          '1610008' => 357,
          '1550146' => 8,
          '1480012' => 12,
          '400024' => 2,
          '610005' => 23,
          '320006' => 26,
          '1450014' => 3,
          '1150007' => 1,
          '1440001' => 2,
          '130008' => 234,
          '1140088' => 11,
          '1220034' => 1,
          '950010' => 2,
          '140002' => 354,
          '1220023' => 363,
          '1420019' => 99,
          '90004' => 775,
          '550008' => 3,
          '520001' => 11,
          '200015' => 24,
          '1370135' => 1,
          '1360010' => 5,
          '760008' => 8,
          '1400016' => 450,
          '240010' => 182,
          '110011' => 47820,
          '190007' => 54,
          '1550029' => 1889,
          '1400132' => 20,
          '760010' => 440,
          '50003' => 3650,
          '550044' => 1,
          '1480143' => 49651,
          '1270000' => 58067,
          '670003' => 1714,
          '670001' => 4,
          '1010000' => 131,
          '440027' => 1,
          '870000' => 421,
          '1610029' => 1,
          '1220014' => 9,
          '750012' => 2,
          '1500022' => 34767,
          '1630030' => 1,
          '290018' => 62,
          '1630044' => 6,
          '510027' => 24,
          '700024' => 42,
          '500000' => 76,
          '980009' => 5235,
          '1200003' => 43,
          '760014' => 4,
          '620027' => 8,
          '1280000' => 50555,
          '580048' => 314,
          '320017' => 1,
          '1070009' => 1,
          '1010080' => 847,
          '760001' => 7,
          '1490131' => 20,
          '590009' => 1,
          '790008' => 1,
          '1400007' => 1,
          '560007' => 15,
          '1150014' => 5,
          '1670027' => 1,
          '390018' => 1,
          '880080' => 20,
          '1320024' => 5566,
          '940085' => 27,
          '620009' => 9,
          '520024' => 48,
          '160002' => 45,
          '1150109' => 9,
          '1650162' => 1,
          '680006' => 44,
          '550010' => 1,
          '1310024' => 11289,
          '1040014' => 2,
          '1600000' => 10905,
          '740034' => 28,
          '1150015' => 464,
          '720009' => 15,
          '690017' => 4,
          '510022' => 1,
          '260000' => 46433,
          '740074' => 4,
          '960091' => 30,
          '1350014' => 2,
          '1640000' => 834,
          '980023' => 1,
          '1370003' => 7,
          '390024' => 342,
          '630010' => 8,
          '1610005' => 31,
          '1440006' => 7,
          '310007' => 7,
          '1360008' => 8,
          '560010' => 43,
          '770045' => 3,
          '420017' => 5,
          '470014' => 8,
          '490048' => 7,
          '660036' => 2,
          '950095' => 2,
          '1340014' => 2,
          '700047' => 2,
          '370010' => 16,
          '880011' => 27,
          '660002' => 2,
          '1150021' => 167,
          '270005' => 8,
          '1280026' => 5,
          '1550006' => 16,
          '1040004' => 6,
          '1420002' => 4,
          '1190005' => 4,
          '610015' => 9,
          '1000014' => 8,
          '1590002' => 5,
          '1120013' => 220,
          '1640018' => 294,
          '290001' => 155,
          '1470142' => 19,
          '1250031' => 1,
          '480010' => 41,
          '870087' => 4,
          '1650157' => 3,
          '1670161' => 98,
          '1450049' => 30,
          '1540003' => 5,
          '240014' => 15,
          '1380117' => 1,
          '840078' => 1,
          '880021' => 3,
          '820000' => 2950,
          '480004' => 41,
          '1070006' => 3,
          '430019' => 118,
          '430005' => 1,
          '1010061' => 13,
          '1390132' => 1,
          '960087' => 20,
          '1210019' => 1,
          '1190110' => 13,
          '330007' => 59,
          '1410003' => 229,
          '1350016' => 1,
          '1650136' => 11,
          '110009' => 5224,
          '1120106' => 13,
          '1230117' => 44040,
          '1220019' => 134,
          '110000' => 16308,
          '0' => 214313,
          '1270012' => 8,
          '760052' => 5,
          '1660024' => 13,
          '870045' => 1,
          '770006' => 1,
          '1100049' => 1,
          '1210024' => 11,
          '1230023' => 33,
          '740045' => 10,
          '980006' => 2634,
          '380013' => 14,
          '450004' => 7,
          '60003' => 1621,
          '410002' => 3,
          '1020006' => 3,
          '240022' => 505,
          '1550031' => 2,
          '670044' => 3,
          '990005' => 5,
          '1210114' => 1,
          '680011' => 33,
          '870005' => 2,
          '190015' => 32,
          '1430047' => 3,
          '1340003' => 1,
          '1480027' => 837,
          '260007' => 4829,
          '370000' => 9,
          '1480020' => 2,
          '1230012' => 2,
          '890070' => 1,
          '1640042' => 11,
          '710003' => 64,
          '1460020' => 11068,
          '190013' => 75,
          '1210015' => 23,
          '1130003' => 5,
          '760018' => 2,
          '1480014' => 1,
          '1670076' => 4,
          '720064' => 1,
          '1570009' => 3,
          '520047' => 68,
          '1090000' => 378,
          '1600009' => 49,
          '650048' => 55989,
          '230009' => 33,
          '700008' => 7,
          '580002' => 24,
          '570012' => 2,
          '1430017' => 1,
          '760048' => 155745,
          '600014' => 21,
          '1490056' => 94,
          '910072' => 133,
          '160014' => 19411,
          '670017' => 1,
          '170003' => 117,
          '1560004' => 1,
          '250021' => 3,
          '1560011' => 1,
          '1110021' => 1,
          '1300014' => 20,
          '320002' => 4,
          '470003' => 2,
          '440003' => 9,
          '240005' => 213,
          '660009' => 2,
          '210012' => 41,
          '620001' => 19,
          '1010024' => 43,
          '630048' => 64894,
          '750017' => 2,
          '490042' => 1,
          '170013' => 67,
          '1150002' => 46,
          '1470022' => 1,
          '800024' => 141,
          '1240024' => 126765,
          '1130107' => 9,
          '1130001' => 7927,
          '230011' => 9139,
          '760045' => 7,
          '210013' => 4147,
          '1500060' => 3,
          '1360026' => 5,
          '1010002' => 5,
          '1270024' => 443,
          '1350123' => 97,
          '1320002' => 4,
          '280010' => 667,
          '240001' => 165,
          '1630009' => 955,
          '500008' => 351,
          '690006' => 7,
          '1300006' => 3,
          '70003' => 3339,
          '1360017' => 1,
          '1360003' => 1056,
          '1460033' => 623,
          '400022' => 3,
          '1120003' => 1,
          '1630002' => 9,
          '700013' => 96,
          '1140085' => 62,
          '520031' => 3,
          '1530013' => 18,
          '1490024' => 2255,
          '180010' => 129,
          '880066' => 27,
          '1020023' => 2,
          '1670040' => 1,
          '560028' => 2,
          '890066' => 1,
          '1170016' => 1,
          '1250013' => 1,
          '320023' => 26,
          '970014' => 1,
          '1100022' => 4,
          '1640156' => 208,
          '430011' => 2,
          '1500054' => 34,
          '910020' => 2,
          '310002' => 3,
          '750056' => 1,
          '650021' => 1,
          '460023' => 1,
          '840024' => 5581,
          '1000006' => 378,
          '1640157' => 1,
          '430022' => 5,
          '1220093' => 14,
          '1420134' => 4,
          '1460024' => 2963,
          '1400025' => 1,
          '1390002' => 450,
          '1620012' => 10,
          '220006' => 92,
          '1390013' => 1,
          '440023' => 2,
          '430002' => 2,
          '260019' => 22,
          '270026' => 45,
          '130003' => 529,
          '1370131' => 6,
          '1670005' => 2450,
          '920012' => 1,
          '120000' => 12893,
          '1610093' => 2,
          '1610000' => 2671,
          '1600050' => 1,
          '680044' => 25,
          '810008' => 6,
          '350008' => 17,
          '270001' => 582,
          '480036' => 35,
          '500015' => 2,
          '870014' => 1,
          '520052' => 10,
          '1200000' => 95,
          '470011' => 1,
          '1660160' => 1,
          '1400131' => 8,
          '830013' => 2,
          '690002' => 5,
          '200010' => 174,
          '710024' => 138,
          '1300007' => 4,
          '500022' => 1,
          '510001' => 7,
          '1440003' => 2,
          '1320011' => 1,
          '1460122' => 37,
          '1240119' => 1,
          '1230002' => 35,
          '1110008' => 8,
          '210000' => 18905,
          '250014' => 8,
          '1510004' => 12,
          '260005' => 1996,
          '1550149' => 318,
          '590002' => 84,
          '710019' => 1,
          '310012' => 2,
          '620014' => 30,
          '1170001' => 8,
          '430043' => 560,
          '1460014' => 2,
          '140001' => 147,
          '1400021' => 340,
          '230004' => 148,
          '720017' => 26,
          '1350000' => 9084,
          '1440050' => 1,
          '1180016' => 5,
          '1190012' => 2,
          '840084' => 17,
          '810004' => 4,
          '720012' => 10,
          '1550015' => 62,
          '920021' => 2,
          '1180008' => 11,
          '1060089' => 1,
          '830001' => 3,
          '1160002' => 72,
          '1430020' => 2,
          '720002' => 12,
          '1500014' => 1,
          '1210109' => 1,
          '440006' => 1,
          '1610023' => 10,
          '1490075' => 6,
          '240019' => 2059,
          '320012' => 3,
          '1630049' => 1,
          '1490058' => 79,
          '540020' => 1,
          '1400140' => 3,
          '1220011' => 38,
          '1000022' => 2,
          '1620006' => 16,
          '1180020' => 410,
          '140013' => 101,
          '1420015' => 7,
          '100010' => 34671,
          '470018' => 5,
          '1220115' => 1670,
          '460000' => 2062,
          '630012' => 2,
          '620010' => 69,
          '740048' => 60572,
          '1450000' => 19,
          '260011' => 1432,
          '800004' => 18,
          '370037' => 5,
          '1100012' => 2,
          '1100006' => 1,
          '1420018' => 52,
          '880008' => 8,
          '900073' => 1,
          '910085' => 2,
          '360016' => 1,
          '510005' => 1,
          '910014' => 4,
          '1240003' => 1197,
          '640064' => 13,
          '470030' => 3,
          '1130015' => 272,
          '950021' => 4,
          '730022' => 1,
          '1500007' => 807,
          '1070005' => 2,
          '30002' => 1706,
          '1210008' => 478,
          '1520013' => 3,
          '1370011' => 12,
          '1160087' => 1,
          '960089' => 28,
          '790013' => 9,
          '1460051' => 1,
          '780029' => 1,
          '1060023' => 1,
          '1420005' => 33,
          '1080003' => 1,
          '870006' => 1,
          '660018' => 2,
          '620054' => 10,
          '60004' => 966,
          '1460049' => 1,
          '670008' => 9,
          '980010' => 19784,
          '1570010' => 1,
          '400009' => 3,
          '1040017' => 1,
          '270022' => 67,
          '530027' => 4,
          '220018' => 2,
          '90001' => 3418,
          '1620019' => 2,
          '170008' => 313,
          '940006' => 7,
          '1070001' => 1,
          '960006' => 68,
          '940012' => 2,
          '960077' => 2,
          '1290020' => 1,
          '1350001' => 12866,
          '890010' => 6,
          '1430024' => 10432,
          '540042' => 1,
          '1260000' => 229856,
          '460015' => 1,
          '1430008' => 3,
          '360001' => 3,
          '1220106' => 1,
          '1600017' => 11,
          '1530002' => 2,
          '640007' => 13,
          '1370014' => 3,
          '810079' => 1,
          '1000078' => 1,
          '1380012' => 3,
          '370003' => 2,
          '480024' => 959,
          '330025' => 19,
          '1600036' => 1,
          '950086' => 32,
          '1350005' => 1,
          '1250008' => 1,
          '960024' => 381,
          '880001' => 74,
          '1450145' => 29,
          '1530005' => 143,
          '1310027' => 1,
          '280012' => 1635,
          '1440011' => 3,
          '460017' => 6,
          '940018' => 134,
          '570046' => 32,
          '880048' => 2,
          '760070' => 2,
          '1480006' => 108,
          '1670050' => 1,
          '1390003' => 4,
          '1190022' => 2,
          '840014' => 5,
          '710004' => 16,
          '620023' => 1,
          '1570017' => 91,
          '990023' => 100,
          '1560009' => 1,
          '1380025' => 4,
          '730017' => 19,
          '600027' => 21,
          '580036' => 1,
          '760068' => 43,
          '870064' => 3,
          '730007' => 1,
          '750000' => 15,
          '560002' => 231,
          '290011' => 1,
          '1180005' => 41,
          '950075' => 1,
          '980092' => 1,
          '340008' => 12,
          '340024' => 563,
          '1040003' => 3,
          '200007' => 14,
          '1090005' => 5,
          '1290003' => 47,
          '340019' => 1,
          '180003' => 136,
          '1230024' => 50,
          '750013' => 1,
          '1630005' => 1,
          '620005' => 2,
          '830005' => 2,
          '910002' => 168,
          '990009' => 2,
          '1010078' => 231,
          '450000' => 788,
          '10001' => 131195,
          '1230103' => 1,
          '1470009' => 2,
          '600013' => 6,
          '130011' => 38917,
          '1070010' => 1,
          '910091' => 273,
          '420022' => 2,
          '900004' => 3,
          '730003' => 4,
          '930007' => 3,
          '940013' => 2,
          '810029' => 1,
          '1610009' => 4,
          '1160086' => 1,
          '490000' => 51,
          '1110096' => 42,
          '160006' => 22,
          '1230096' => 1613,
          '150001' => 99,
          '1130013' => 503,
          '960014' => 12,
          '1290012' => 1,
          '880058' => 15,
          '1210000' => 5581,
          '680062' => 8,
          '1350010' => 1,
          '750070' => 1,
          '940064' => 2,
          '430009' => 2,
          '1490004' => 157,
          '480043' => 22,
          '100000' => 16449,
          '1400018' => 70,
          '1660018' => 19485,
          '420012' => 5,
          '310011' => 2,
          '1580048' => 1,
          '1490053' => 115,
          '1100018' => 1,
          '80000' => 74760,
          '1570014' => 2,
          '1160012' => 3,
          '160011' => 62094,
          '570007' => 30,
          '1340010' => 6,
          '620006' => 52,
          '580041' => 1,
          '550048' => 530,
          '260001' => 143,
          '630063' => 6,
          '950014' => 1,
          '1500018' => 2,
          '960010' => 4,
          '1650025' => 12,
          '460027' => 1,
          '1020002' => 33,
          '440014' => 3,
          '590045' => 1,
          '1100102' => 2,
          '300011' => 1,
          '1310012' => 1,
          '470023' => 1,
          '1510000' => 8719,
          '920083' => 23,
          '730010' => 2,
          '1490149' => 5819504,
          '890080' => 2,
          '1670018' => 2959,
          '600001' => 7,
          '610011' => 5,
          '650047' => 1,
          '1220004' => 423,
          '490047' => 1,
          '220020' => 3222,
          '620026' => 7,
          '420016' => 40,
          '1040000' => 80,
          '1400065' => 1,
          '300030' => 119,
          '520009' => 5,
          '1360116' => 16,
          '480008' => 4,
          '890009' => 6,
          '650009' => 2,
          '750075' => 2,
          '1670077' => 13,
          '590003' => 1,
          '1070002' => 7,
          '1290125' => 1,
          '820012' => 21,
          '1220003' => 7766,
          '1400134' => 150,
          '1380131' => 1,
          '1610019' => 1,
          '540002' => 84,
          '240011' => 71,
          '700002' => 13,
          '880005' => 10,
          '1620011' => 64,
          '880014' => 20270,
          '290012' => 1,
          '580014' => 4,
          '1140024' => 41700,
          '680058' => 21,
          '230021' => 26,
          '220011' => 19112,
          '1460143' => 6,
          '950007' => 154,
          '990002' => 5,
          '1610010' => 2,
          '980022' => 28,
          '1640009' => 776,
          '770002' => 5,
          '1240023' => 1,
          '1550087' => 9,
          '140009' => 126,
          '360022' => 2,
          '850011' => 1197,
          '1400003' => 25,
          '290027' => 2,
          '1050010' => 1,
          '50005' => 9929869,
          '1160110' => 65,
          '140012' => 26625,
          '920050' => 1,
          '1150023' => 1,
          '730027' => 3,
          '1010011' => 2,
          '700052' => 3,
          '1220012' => 4,
          '1350017' => 1,
          '400000' => 36,
          '1490010' => 46,
          '460045' => 1,
          '180015' => 37,
          '850002' => 7,
          '950019' => 1601,
          '1170057' => 1,
          '960053' => 1,
          '250013' => 7,
          '1100003' => 1,
          '1400072' => 2,
          '1040010' => 2,
          '190017' => 36,
          '540047' => 151,
          '1220100' => 1,
          '610001' => 21,
          '810041' => 8,
          '760056' => 4,
          '1150006' => 7,
          '580001' => 2,
          '930012' => 2,
          '460041' => 1,
          '380017' => 25,
          '1140090' => 5,
          '230023' => 20647,
          '860003' => 2,
          '1220117' => 282,
          '840056' => 1,
          '360006' => 2,
          '860009' => 2,
          '740008' => 3,
          '1240009' => 28,
          '710015' => 19,
          '1430013' => 1,
          '210008' => 34,
          '1350126' => 98,
          '200003' => 72,
          '170017' => 1262,
          '1180024' => 19976,
          '450013' => 2,
          '110008' => 267,
          '1360005' => 1,
          '1480024' => 149521,
          '270014' => 186,
          '1380009' => 588,
          '1000002' => 406,
          '70007' => 5006970,
          '310006' => 19,
          '820004' => 1,
          '1460047' => 7,
          '1100084' => 1,
          '800000' => 88,
          '1280014' => 7,
          '210004' => 270,
          '1550009' => 5,
          '1150001' => 7817,
          '110001' => 206,
          '270012' => 2,
          '130000' => 8265,
          '780000' => 15,
          '170012' => 760,
          '890074' => 1,
          '500018' => 1,
          '1440135' => 44,
          '1650015' => 20,
          '660006' => 2,
          '900016' => 7,
          '370001' => 2,
          '1490061' => 42,
          '220002' => 68,
          '760036' => 166,
          '680012' => 3,
          '780022' => 1,
          '1540012' => 12,
          '660014' => 11,
          '1660003' => 2,
          '760042' => 1,
          '290021' => 2,
          '1450042' => 22,
          '550000' => 234,
          '810010' => 1,
          '1380003' => 2244,
          '190001' => 84,
          '1130023' => 2,
          '360033' => 1,
          '400017' => 12,
          '970007' => 1,
          '330008' => 27,
          '1490028' => 261,
          '710010' => 5,
          '380003' => 5,
          '920020' => 4,
          '100007' => 199,
          '1190016' => 15,
          '790003' => 3,
          '930088' => 2,
          '450005' => 17,
          '400038' => 10,
          '460020' => 1,
          '1590016' => 1,
          '1240017' => 3,
          '1160021' => 1,
          '1330011' => 2,
          '810014' => 6,
          '1180001' => 12,
          '930021' => 10,
          '1360013' => 12,
          '960009' => 1,
          '190006' => 29,
          '270021' => 4645,
          '440044' => 3976,
          '260023' => 64,
          '1660142' => 7,
          '1000011' => 29,
          '1620002' => 54,
          '1410123' => 15,
          '1150115' => 19,
          '460001' => 30,
          '190002' => 89,
          '670009' => 13,
          '610004' => 28,
          '830020' => 1,
          '460004' => 3,
          '600036' => 1,
          '840004' => 1,
          '420040' => 352,
          '490028' => 17,
          '300022' => 233,
          '410008' => 9,
          '590046' => 3,
          '950003' => 3024,
          '1110031' => 1,
          '470034' => 3,
          '250004' => 18,
          '50002' => 4244,
          '460012' => 4,
          '280015' => 2,
          '1200117' => 1,
          '1170024' => 11036,
          '510031' => 10,
          '1650019' => 7,
          '1090024' => 6975,
          '130007' => 112,
          '30003' => 208529,
          '1340134' => 4,
          '630005' => 3,
          '1440000' => 64,
          '230015' => 55,
          '1630013' => 1,
          '1320021' => 1,
          '560005' => 2,
          '1290006' => 119,
          '140005' => 15,
          '670002' => 3,
          '750006' => 1,
          '1470025' => 263,
          '1530001' => 2,
          '900066' => 8,
          '700022' => 13,
          '1340027' => 2,
          '810042' => 1,
          '1530012' => 10,
          '670004' => 608,
          '790007' => 4,
          '960034' => 1,
          '1140016' => 2,
          '760013' => 1,
          '1200004' => 1,
          '1300024' => 161,
          '1400015' => 5,
          '900011' => 3,
          '1320003' => 801,
          '960002' => 1328,
          '500003' => 2,
          '1600012' => 127,
          '440018' => 2,
          '870001' => 5,
          '1480002' => 110,
          '1140012' => 6,
          '1320007' => 1247,
          '620058' => 1,
          '1220097' => 14,
          '1010008' => 1,
          '1260004' => 38,
          '1170004' => 5,
          '1460000' => 19908,
          '1460056' => 6793,
          '560048' => 158,
          '1650010' => 1,
          '450017' => 1,
          '340025' => 4,
          '950018' => 1,
          '1120019' => 2,
          '1260006' => 10,
          '600017' => 2,
          '590026' => 1,
          '110010' => 611,
          '700010' => 4,
          '1200096' => 2,
          '1240118' => 11,
          '1210003' => 18,
          '240021' => 1362,
          '260015' => 2,
          '740001' => 7,
          '1390017' => 10,
          '1080024' => 5577,
          '1150011' => 1,
          '930003' => 386,
          '760002' => 129,
          '900050' => 1,
          '1290024' => 234,
          '240016' => 367,
          '1240010' => 551,
          '680002' => 1,
          '1010001' => 332,
          '220014' => 84,
          '400012' => 81,
          '900082' => 28,
          '370020' => 2,
          '720041' => 1,
          '1460125' => 238,
          '640000' => 1256,
          '1300001' => 5,
          '280006' => 43,
          '180007' => 36,
          '570000' => 277,
          '80005' => 288,
          '160003' => 92,
          '1220052' => 1,
          '670048' => 12074,
          '120011' => 5576,
          '1180118' => 40,
          '580027' => 76,
          '920008' => 1875,
          '620048' => 50369,
          '470047' => 2307,
          '400032' => 163,
          '320005' => 7,
          '1460027' => 66,
          '250010' => 1,
          '780007' => 2,
          '1550128' => 2,
          '1390012' => 26422,
          '1140005' => 1,
          '1060004' => 26,
          '850006' => 1,
          '830024' => 11370,
          '1400002' => 124,
          '410003' => 3,
          '560024' => 3480,
          '1370010' => 454,
          '1250002' => 11042,
          '950024' => 10472,
          '1130019' => 23,
          '280028' => 5238,
          '120009' => 130,
          '1280003' => 10,
          '1440007' => 21,
          '1410047' => 1,
          '280000' => 30306,
          '1380027' => 30,
          '1140020' => 1,
          '1410024' => 10794,
          '270004' => 375,
          '940002' => 4976,
          '370012' => 5,
          '720058' => 1,
          '660049' => 3,
          '1030004' => 75,
          '390013' => 3,
          '1160089' => 13,
          '710002' => 2,
          '260020' => 740,
          '340004' => 4,
          '170002' => 352,
          '250020' => 1364,
          '870019' => 3,
          '660024' => 7,
          '740071' => 1,
          '190012' => 36590,
          '440007' => 1,
          '1460146' => 8157888,
          '1080014' => 1,
          '960020' => 12,
          '670010' => 13
        };
880861531648
