write intervals: 
$VAR1 = {
          '11' => 1,
          '3' => 4,
          '9' => 1,
          '2' => 28,
          '20' => 1,
          '15' => 3,
          '4' => 3,
          '1' => 618,
          '18' => 2,
          '5' => 2
        };
retention times: 
$VAR1 = {
          '1240005' => 1,
          '160002' => 6,
          '960007' => 8,
          '1620000' => 2115,
          '210006' => 1,
          '160015' => 3,
          '740034' => 2,
          '1360000' => 6523,
          '1380001' => 944,
          '690017' => 2,
          '90008' => 2,
          '500002' => 27,
          '1670167' => 3,
          '260000' => 10372,
          '740074' => 3,
          '760007' => 2,
          '60005' => 2,
          '1370003' => 2,
          '1650004' => 3,
          '1270003' => 4815,
          '1280002' => 5684,
          '330027' => 14,
          '420017' => 1,
          '570048' => 3,
          '80004' => 3,
          '210011' => 1,
          '1250000' => 800962,
          '880011' => 6,
          '280003' => 1,
          '240008' => 3,
          '960000' => 2,
          '1070107' => 1,
          '130001' => 5,
          '250025' => 1,
          '290023' => 3,
          '1270002' => 2407,
          '1190119' => 1,
          '480048' => 7927,
          '540022' => 2,
          '1220031' => 9,
          '1120011' => 2,
          '360002' => 1,
          '1390015' => 13,
          '200004' => 1,
          '510024' => 1,
          '230002' => 13,
          '120008' => 2,
          '320000' => 4,
          '750018' => 3,
          '100005' => 2,
          '90000' => 22,
          '1200120' => 1,
          '480022' => 2,
          '770000' => 2,
          '720007' => 6,
          '920016' => 7,
          '110009' => 1,
          '1200022' => 4,
          '30001' => 50,
          '110000' => 6,
          '0' => 7565,
          '1230000' => 893001,
          '550005' => 1,
          '980006' => 11636,
          '890015' => 5,
          '60003' => 5,
          '240022' => 14,
          '1260003' => 1,
          '180016' => 96,
          '1120016' => 1,
          '190000' => 22,
          '1330000' => 2745,
          '1390001' => 1241,
          '130004' => 1,
          '960001' => 3,
          '370000' => 3,
          '1420000' => 2,
          '1360009' => 3,
          '1460020' => 1501,
          '1380004' => 24,
          '1260126' => 975144,
          '470000' => 1,
          '220007' => 13,
          '1260002' => 3025,
          '170016' => 1,
          '1380000' => 16097,
          '150011' => 2,
          '880088' => 1,
          '1350003' => 104,
          '210009' => 5,
          '1390000' => 28,
          '1360012' => 3,
          '60006' => 5018,
          '420042' => 3,
          '160014' => 6,
          '480006' => 2,
          '690016' => 1,
          '1380013' => 1429,
          '170003' => 2,
          '250021' => 1,
          '600060' => 2,
          '300028' => 1,
          '180001' => 10,
          '140000' => 129,
          '970050' => 2,
          '1010101' => 1,
          '1150002' => 2,
          '950004' => 564,
          '1330001' => 510,
          '1360014' => 1,
          '1050024' => 3,
          '330001' => 1,
          '1210023' => 4309,
          '280004' => 1,
          '1210001' => 1,
          '1130001' => 4,
          '240001' => 16,
          '450023' => 4,
          '300004' => 1,
          '150002' => 3,
          '1660166' => 5,
          '250003' => 1,
          '490003' => 3,
          '550022' => 1,
          '1220007' => 1,
          '270024' => 1,
          '1220024' => 7503,
          '40000' => 49,
          '1200021' => 1,
          '640009' => 1,
          '320023' => 1,
          '330032' => 1,
          '1240030' => 2,
          '710048' => 8,
          '1610015' => 2,
          '240023' => 88,
          '230018' => 1,
          '190018' => 1,
          '1440022' => 3,
          '1290005' => 2,
          '300023' => 1,
          '10000' => 249,
          '1230123' => 420593,
          '1190003' => 4,
          '230003' => 3,
          '300000' => 57,
          '1240101' => 4,
          '340006' => 1,
          '1460024' => 28,
          '1390002' => 1,
          '220006' => 36,
          '80002' => 3,
          '1260001' => 175063,
          '300007' => 1,
          '1160018' => 3,
          '1350002' => 96,
          '1670005' => 22,
          '1420048' => 2,
          '50001' => 5,
          '120000' => 17,
          '1340000' => 684,
          '920018' => 11541,
          '180002' => 1,
          '320027' => 1,
          '740044' => 2,
          '160004' => 1,
          '960005' => 5,
          '270001' => 45,
          '740043' => 5,
          '720008' => 1,
          '1200000' => 3,
          '160013' => 1,
          '1380006' => 70401,
          '940005' => 3,
          '140007' => 1,
          '40002' => 9,
          '1370001' => 82,
          '210000' => 1046,
          '220005' => 2,
          '920001' => 112,
          '50004' => 3,
          '240006' => 1,
          '250008' => 3,
          '140001' => 2,
          '120012' => 193,
          '250000' => 4,
          '1350000' => 2687,
          '350035' => 1,
          '160001' => 30,
          '340001' => 1,
          '170014' => 1,
          '910000' => 2136,
          '450045' => 2,
          '70002' => 1,
          '460024' => 2,
          '20000' => 11662,
          '300003' => 1,
          '100008' => 1,
          '720002' => 1,
          '250001' => 2,
          '340000' => 1,
          '530021' => 1,
          '180018' => 2301,
          '1090004' => 2,
          '330004' => 1,
          '220022' => 3907,
          '1290002' => 1,
          '1010003' => 4,
          '170000' => 2094,
          '300001' => 1,
          '1650017' => 1,
          '140013' => 3,
          '200006' => 5,
          '920004' => 1,
          '1250027' => 4741,
          '100010' => 34,
          '460000' => 4,
          '740048' => 20726,
          '570057' => 1,
          '1370013' => 893,
          '1240122' => 1,
          '60002' => 2,
          '1420018' => 1,
          '310001' => 1,
          '880016' => 1,
          '240024' => 8490,
          '1240003' => 618,
          '640064' => 5,
          '200020' => 378,
          '470030' => 6,
          '30002' => 57,
          '1370011' => 14,
          '310031' => 2,
          '270000' => 2177,
          '270010' => 1,
          '320032' => 1,
          '120001' => 3,
          '390016' => 1,
          '290022' => 1,
          '660018' => 21,
          '80001' => 1,
          '310008' => 2,
          '190019' => 130,
          '160012' => 4,
          '490027' => 16,
          '370016' => 20,
          '220018' => 1,
          '330026' => 1,
          '90001' => 2,
          '240007' => 1,
          '1340009' => 11,
          '270027' => 2140,
          '1030001' => 2,
          '1360001' => 507,
          '400014' => 2,
          '960006' => 19,
          '980000' => 7073,
          '1290020' => 2,
          '1340001' => 922,
          '180012' => 1,
          '1350001' => 487,
          '1260000' => 769933,
          '100001' => 1,
          '210014' => 1,
          '910003' => 9,
          '1220106' => 20,
          '450012' => 1,
          '210020' => 16,
          '160000' => 461,
          '1230001' => 61622,
          '1380012' => 3,
          '1460001' => 3,
          '1260028' => 690,
          '940000' => 2,
          '740050' => 1,
          '730017' => 1,
          '120005' => 1,
          '1220026' => 7,
          '140011' => 11,
          '720040' => 380,
          '460046' => 2,
          '620028' => 1,
          '1460008' => 2012,
          '1240002' => 18968,
          '560002' => 1,
          '910044' => 2,
          '200009' => 2,
          '1450007' => 1,
          '1320000' => 14608,
          '770003' => 5,
          '910002' => 3,
          '10001' => 1675,
          '450000' => 1,
          '210007' => 1,
          '1240001' => 475383,
          '910091' => 24,
          '280002' => 381,
          '720006' => 21,
          '480026' => 5,
          '1370009' => 3,
          '100009' => 8,
          '260016' => 1,
          '720048' => 37,
          '490000' => 19,
          '1250004' => 14827,
          '1620037' => 6248,
          '1320005' => 769,
          '70001' => 3,
          '980026' => 7,
          '150001' => 7,
          '80008' => 548,
          '1650000' => 6,
          '140008' => 2,
          '1220122' => 75356,
          '1210000' => 1705,
          '740019' => 1,
          '1020102' => 3,
          '200000' => 142,
          '230006' => 1,
          '910015' => 10,
          '1230027' => 8,
          '480043' => 2,
          '1370012' => 710,
          '100000' => 11,
          '1120014' => 3,
          '260003' => 3,
          '40001' => 10,
          '80000' => 78,
          '160011' => 1,
          '1340010' => 76,
          '950000' => 41,
          '890000' => 3,
          '260001' => 1,
          '980002' => 8,
          '1210020' => 2,
          '980001' => 2,
          '190004' => 3,
          '1610025' => 3,
          '1020002' => 1,
          '320004' => 380,
          '40004' => 239,
          '230022' => 3,
          '770077' => 1,
          '150014' => 1,
          '470023' => 1,
          '740002' => 1,
          '1490149' => 1,
          '1190023' => 2,
          '60000' => 1642,
          '380006' => 1,
          '1370002' => 104,
          '220020' => 47,
          '90003' => 4,
          '50000' => 5,
          '130013' => 130,
          '460010' => 1,
          '300030' => 61,
          '1460022' => 9231,
          '750075' => 1,
          '1640002' => 22,
          '1330005' => 509,
          '1070002' => 1,
          '1460019' => 2,
          '1220003' => 3,
          '330033' => 1,
          '1450008' => 2,
          '950023' => 1,
          '120004' => 1,
          '1240124' => 7788940,
          '110004' => 1,
          '220003' => 3,
          '1190000' => 1,
          '1250125' => 6900056,
          '720000' => 3,
          '350000' => 1,
          '880014' => 6,
          '960004' => 3,
          '1320006' => 1,
          '1650041' => 1,
          '200008' => 2,
          '1340006' => 1,
          '230021' => 4,
          '1290022' => 1,
          '820020' => 1,
          '980003' => 566,
          '210019' => 1,
          '300024' => 7,
          '730002' => 1,
          '150004' => 1,
          '260026' => 3380,
          '140009' => 1,
          '1250003' => 5765,
          '430008' => 1,
          '80007' => 2,
          '1230003' => 1,
          '30000' => 1287,
          '50005' => 50,
          '1360004' => 2909,
          '410019' => 1,
          '1240000' => 746947,
          '140012' => 6,
          '1500150' => 1,
          '260002' => 142,
          '240002' => 12,
          '700018' => 1,
          '190017' => 23,
          '190009' => 2,
          '920000' => 4847,
          '1210006' => 1,
          '1360021' => 1,
          '1240033' => 2,
          '1020000' => 3,
          '230023' => 1706,
          '1280001' => 3307,
          '1240009' => 4,
          '1380014' => 1295,
          '280018' => 1,
          '210008' => 4,
          '170017' => 3782,
          '220019' => 1,
          '770026' => 1,
          '1460021' => 6583,
          '1380009' => 2,
          '70007' => 2696,
          '240020' => 1,
          '210004' => 1,
          '760006' => 1,
          '970002' => 1,
          '40003' => 19,
          '110001' => 3,
          '1000024' => 3,
          '890089' => 2,
          '130000' => 14,
          '170012' => 1,
          '890018' => 2,
          '420010' => 1,
          '900001' => 5,
          '1220002' => 2,
          '130009' => 6,
          '220002' => 4,
          '1200001' => 1,
          '100003' => 2,
          '60001' => 3,
          '980004' => 1,
          '1380003' => 76,
          '170015' => 94,
          '330008' => 1,
          '1230025' => 1,
          '220008' => 133,
          '180008' => 1,
          '110002' => 2,
          '700014' => 1,
          '290029' => 3,
          '120010' => 1,
          '1220001' => 3693,
          '570011' => 1,
          '80006' => 1,
          '220001' => 1,
          '440044' => 3,
          '260023' => 11,
          '420008' => 1,
          '1380005' => 1,
          '90009' => 126,
          '990000' => 16,
          '900018' => 14,
          '460001' => 3,
          '200014' => 3,
          '1000100' => 1,
          '920092' => 2,
          '260024' => 20753,
          '990022' => 1,
          '550009' => 1,
          '90006' => 2,
          '240000' => 3615,
          '1480011' => 2,
          '770047' => 1,
          '230007' => 3,
          '1200024' => 5,
          '1460009' => 937,
          '1650003' => 16,
          '950003' => 5,
          '250004' => 1,
          '100002' => 8,
          '50002' => 383,
          '740017' => 1,
          '910017' => 9080,
          '790079' => 3,
          '260021' => 380,
          '330000' => 15,
          '1050000' => 2,
          '1650019' => 83,
          '200002' => 1,
          '320026' => 3,
          '1360002' => 486,
          '1270001' => 5915,
          '1240011' => 1,
          '1080108' => 1,
          '480000' => 3499,
          '30003' => 1601,
          '1010044' => 1,
          '20001' => 30,
          '480021' => 4,
          '310005' => 1,
          '700022' => 4,
          '1370005' => 3,
          '740000' => 7057,
          '1160020' => 1,
          '160016' => 1276,
          '990027' => 14,
          '210005' => 2,
          '1370000' => 670,
          '70000' => 1853,
          '450001' => 1,
          '170001' => 6,
          '1210121' => 14842,
          '70006' => 79,
          '1480002' => 6,
          '1320007' => 851,
          '470017' => 1,
          '1260004' => 93,
          '220009' => 3,
          '1240026' => 3417,
          '1380002' => 3393,
          '140014' => 560,
          '1460000' => 7035,
          '320008' => 1,
          '1220000' => 132086,
          '1320008' => 73514,
          '1000000' => 1,
          '110010' => 1,
          '150000' => 307,
          '940094' => 2,
          '240021' => 2,
          '1620016' => 2222,
          '980007' => 8417,
          '940020' => 1,
          '650017' => 9,
          '980024' => 54,
          '760002' => 22,
          '240016' => 2,
          '1150018' => 3,
          '260009' => 1,
          '130010' => 1,
          '220014' => 2,
          '330002' => 1,
          '80005' => 2,
          '220021' => 36,
          '160003' => 2,
          '120011' => 2,
          '220000' => 2189,
          '470047' => 10,
          '970005' => 2,
          '1250001' => 180872,
          '1150003' => 2,
          '150013' => 2,
          '900002' => 1,
          '130002' => 1,
          '340034' => 1,
          '230000' => 546,
          '1370010' => 189,
          '1610013' => 2,
          '1250002' => 6831,
          '210010' => 1,
          '280028' => 45,
          '120009' => 4,
          '1280003' => 2,
          '890017' => 15,
          '280000' => 37,
          '1260013' => 1,
          '520048' => 3,
          '140002' => 2,
          '180000' => 816,
          '90004' => 1,
          '560018' => 1,
          '200005' => 2,
          '200015' => 2,
          '270004' => 1,
          '1370008' => 1,
          '660001' => 1,
          '1360010' => 1,
          '110011' => 27,
          '190007' => 1,
          '20002' => 31286,
          '50003' => 3,
          '1460018' => 2,
          '1270000' => 12235,
          '150003' => 1,
          '1380011' => 5,
          '170002' => 1,
          '270003' => 117,
          '810006' => 3,
          '210021' => 3012,
          '990099' => 1,
          '1280000' => 9789,
          '150015' => 772,
          '1090109' => 1
        };
236706602496
